<head>
  <style>
    .log { font-family: "Courier New", Consolas, monospace; font-size: 80%; }
    .test-failed { background-color: #ffaaaa; }
    .test-passed { background-color: #aaffaa; }
  </style>
</head>
<body>
<h3><a href="https://github.com/MikePopoloski/slang" target="_blank">slang</a></h3>
<pre class="test-failed">
description: class member override test
rc: 1 (means success: 0)
tags: 8.14
incdirs: /tmpfs/src/github/sv-tests/tests/chapter-8
top_module: 
type: parsing
mode: parsing
files: <a href="../../../tests/chapter-8/8.14--override_member.sv.html" target="file-frame">tests/chapter-8/8.14--override_member.sv</a>
defines: 
time_elapsed: 0.002s
ram usage: 9240 KB
</pre>
<pre class="log">

slang-driver --single-unit -I /tmpfs/src/github/sv-tests/tests/chapter-8 <a href="../../../tests/chapter-8/8.14--override_member.sv.html" target="file-frame">tests/chapter-8/8.14--override_member.sv</a>
Top level design units:
    class_tb

../../src/github/sv-tests/tests/chapter-8/8.14--override_member.sv:21:4: error: use of undeclared identifier &#39;s&#39;
			s += 2;
			^
../../src/github/sv-tests/tests/chapter-8/8.14--override_member.sv:22:11: error: use of undeclared identifier &#39;s&#39;
			incs = s;
			       ^
../../src/github/sv-tests/tests/chapter-8/8.14--override_member.sv:25:4: error: language feature not yet supported
			super.new(def + 3);
			^~~~~~~~~~~~~~~~~~
../../src/github/sv-tests/tests/chapter-8/8.14--override_member.sv:34:14: error: language feature not yet supported
		test_obj = new(37);
		           ^~~~~~~
../../src/github/sv-tests/tests/chapter-8/8.14--override_member.sv:35:13: error: value of type &#39;test_cls&#39; cannot be assigned to type &#39;super_cls&#39;
		super_obj = test_obj;
		~~~~~~~~~ ^ ~~~~~~~~
../../src/github/sv-tests/tests/chapter-8/8.14--override_member.sv:37:20: error: invalid member access for type &#39;test_cls&#39;
		$display(test_obj.s);
		         ~~~~~~~~^~
../../src/github/sv-tests/tests/chapter-8/8.14--override_member.sv:38:20: error: invalid member access for type &#39;test_cls&#39;
		$display(test_obj.incs());
		         ~~~~~~~~^~~~~
../../src/github/sv-tests/tests/chapter-8/8.14--override_member.sv:39:20: error: invalid member access for type &#39;test_cls&#39;
		$display(test_obj.s);
		         ~~~~~~~~^~
../../src/github/sv-tests/tests/chapter-8/8.14--override_member.sv:40:21: error: invalid member access for type &#39;super_cls&#39;
		$display(super_obj.incs());
		         ~~~~~~~~~^~~~~

Build failed: 9 errors, 0 warnings

</pre>
</body>