<head>
  <style>
    .log { font-family: "Courier New", Consolas, monospace; font-size: 80%; }
    .test-failed { background-color: #ffaaaa; }
    .test-passed { background-color: #aaffaa; }
  </style>
</head>
<body>
<h3><a href="https://github.com/MikePopoloski/slang" target="_blank">slang</a></h3>
<pre class="test-failed">
description: out-of-body method declaration
rc: 1 (means success: 0)
tags: 8.24
incdirs: /tmpfs/src/github/sv-tests/tests/chapter-8
top_module: 
type: parsing
mode: parsing
files: <a href="../../../tests/chapter-8/8.24--out_of_block_methods.sv.html" target="file-frame">tests/chapter-8/8.24--out_of_block_methods.sv</a>
defines: 
time_elapsed: 0.003s
ram usage: 9180 KB
</pre>
<pre class="log">

slang-driver --single-unit -I /tmpfs/src/github/sv-tests/tests/chapter-8 <a href="../../../tests/chapter-8/8.24--out_of_block_methods.sv.html" target="file-frame">tests/chapter-8/8.24--out_of_block_methods.sv</a>
Top level design units:
    class_tb

../../src/github/sv-tests/tests/chapter-8/8.24--out_of_block_methods.sv:9:3: error: language feature not yet supported
		extern function void test_method(int val);
		^~~~~~~~~~~~~~~~~~~~~~~~~~~~~~~~~~~~~~~~~~
../../src/github/sv-tests/tests/chapter-8/8.24--out_of_block_methods.sv:12:16: error: redefinition of &#39;test_cls&#39; as different kind of symbol
	function void test_cls::test_method(int val);
	              ^
../../src/github/sv-tests/tests/chapter-8/8.24--out_of_block_methods.sv:7:8: note: previous definition here
	class test_cls;
	      ^
../../src/github/sv-tests/tests/chapter-8/8.24--out_of_block_methods.sv:14:3: error: use of undeclared identifier &#39;a&#39;
		a += val;
		^
../../src/github/sv-tests/tests/chapter-8/8.24--out_of_block_methods.sv:20:14: error: language feature not yet supported
		test_obj = new;
		           ^~~
../../src/github/sv-tests/tests/chapter-8/8.24--out_of_block_methods.sv:22:11: error: invalid member access for type &#39;test_cls&#39;
		test_obj.a = 12;
		~~~~~~~~^~
../../src/github/sv-tests/tests/chapter-8/8.24--out_of_block_methods.sv:24:20: error: invalid member access for type &#39;test_cls&#39;
		$display(test_obj.a);
		         ~~~~~~~~^~
../../src/github/sv-tests/tests/chapter-8/8.24--out_of_block_methods.sv:26:11: error: invalid member access for type &#39;test_cls&#39;
		test_obj.test_method(9);
		~~~~~~~~^~~~~~~~~~~~
../../src/github/sv-tests/tests/chapter-8/8.24--out_of_block_methods.sv:28:20: error: invalid member access for type &#39;test_cls&#39;
		$display(test_obj.a);
		         ~~~~~~~~^~

Build failed: 8 errors, 0 warnings

</pre>
</body>