<head>
  <style>
    .log { font-family: "Courier New", Consolas, monospace; font-size: 80%; }
    .test-failed { background-color: #ffaaaa; }
    .test-passed { background-color: #aaffaa; }
  </style>
</head>
<body>
<h3><a href="https://github.com/MikePopoloski/slang" target="_blank">slang</a></h3>
<pre class="test-failed">
description: class forward declaration test
rc: 1 (means success: 0)
tags: 8.27
incdirs: /tmpfs/src/github/sv-tests/tests/chapter-8
top_module: 
type: parsing
mode: parsing
files: <a href="../../../tests/chapter-8/8.27--forward_declaration.sv.html" target="file-frame">tests/chapter-8/8.27--forward_declaration.sv</a>
defines: 
time_elapsed: 0.003s
ram usage: 8908 KB
</pre>
<pre class="log">

slang-driver --single-unit -I /tmpfs/src/github/sv-tests/tests/chapter-8 <a href="../../../tests/chapter-8/8.27--forward_declaration.sv.html" target="file-frame">tests/chapter-8/8.27--forward_declaration.sv</a>
Top level design units:
    class_tb

../../src/github/sv-tests/tests/chapter-8/8.27--forward_declaration.sv:7:16: error: forward typedef &#39;C2&#39; does not resolve to a data type
	typedef class C2;
	              ^
../../src/github/sv-tests/tests/chapter-8/8.27--forward_declaration.sv:10:3: error: use of undeclared identifier &#39;C2&#39;
		C2 c;
		^~
../../src/github/sv-tests/tests/chapter-8/8.27--forward_declaration.sv:13:8: error: redefinition of &#39;C2&#39; as different kind of symbol
	class C2;
	      ^
../../src/github/sv-tests/tests/chapter-8/8.27--forward_declaration.sv:7:16: note: previous definition here
	typedef class C2;
	              ^

Build failed: 3 errors, 0 warnings

</pre>
</body>