<head>
  <style>
    .log { font-family: "Courier New", Consolas, monospace; font-size: 80%; }
    .test-failed { background-color: #ffaaaa; }
    .test-passed { background-color: #aaffaa; }
  </style>
</head>
<body>
<h3><a href="https://github.com/MikePopoloski/slang" target="_blank">slang</a></h3>
<pre class="test-failed">
description: Tests imported from hdlconv
rc: 1 (means success: 0)
tags: hdlconv
incdirs: /tmpfs/src/github/sv-tests/third_party/tests/hdlconvertor/tests/sv_test/std2017
top_module: 
type: parsing
mode: parsing
files: <a href="../../../../third_party/tests/hdlconvertor/tests/sv_test/std2017/p179.sv.html" target="file-frame">third_party/tests/hdlconvertor/tests/sv_test/std2017/p179.sv</a>
defines: 
time_elapsed: 0.003s
ram usage: 9008 KB
</pre>
<pre class="log">

slang-driver --single-unit -I /tmpfs/src/github/sv-tests/third_party/tests/hdlconvertor/tests/sv_test/std2017 <a href="../../../../third_party/tests/hdlconvertor/tests/sv_test/std2017/p179.sv.html" target="file-frame">third_party/tests/hdlconvertor/tests/sv_test/std2017/p179.sv</a>
../../src/github/sv-tests/third_party/tests/hdlconvertor/tests/sv_test/std2017/p179.sv:6:11: error: language feature not yet supported
baseA a = new;
          ^~~
../../src/github/sv-tests/third_party/tests/hdlconvertor/tests/sv_test/std2017/p179.sv:9:1: error: language feature not yet supported
rand int x;
^~~~
../../src/github/sv-tests/third_party/tests/hdlconvertor/tests/sv_test/std2017/p179.sv:10:1: error: language feature not yet supported
constraint cst1 { x &lt; 10; }
^~~~~~~~~~~~~~~~~~~~~~~~~~~
../../src/github/sv-tests/third_party/tests/hdlconvertor/tests/sv_test/std2017/p179.sv:15:3: warning: initializing a static variable in a procedural context requires an explicit &#39;static&#39; keyword [-Wexplicit-static]
B b1 = new;
  ^~
../../src/github/sv-tests/third_party/tests/hdlconvertor/tests/sv_test/std2017/p179.sv:15:8: error: language feature not yet supported
B b1 = new;
       ^~~
../../src/github/sv-tests/third_party/tests/hdlconvertor/tests/sv_test/std2017/p179.sv:16:3: warning: initializing a static variable in a procedural context requires an explicit &#39;static&#39; keyword [-Wexplicit-static]
B b2 = new b1;
  ^~
../../src/github/sv-tests/third_party/tests/hdlconvertor/tests/sv_test/std2017/p179.sv:16:8: error: language feature not yet supported
B b2 = new b1;
       ^~~~~~
../../src/github/sv-tests/third_party/tests/hdlconvertor/tests/sv_test/std2017/p179.sv:17:3: error: invalid member access for type &#39;B&#39;
b2.i = 10;
~~^~
../../src/github/sv-tests/third_party/tests/hdlconvertor/tests/sv_test/std2017/p179.sv:18:3: error: invalid member access for type &#39;B&#39;
b2.a.j = 50;
~~^~~~
../../src/github/sv-tests/third_party/tests/hdlconvertor/tests/sv_test/std2017/p179.sv:19:10: error: invalid member access for type &#39;B&#39;
test = b1.i;
       ~~^~
../../src/github/sv-tests/third_party/tests/hdlconvertor/tests/sv_test/std2017/p179.sv:20:10: error: invalid member access for type &#39;B&#39;
test = b1.a.j;
       ~~^~~~
../../src/github/sv-tests/third_party/tests/hdlconvertor/tests/sv_test/std2017/p179.sv:21:9: error: language feature not yet supported
xtnd1 = new;
        ^~~
../../src/github/sv-tests/third_party/tests/hdlconvertor/tests/sv_test/std2017/p179.sv:22:6: error: invalid member access for type &#39;xtndA&#39;
xtnd1.x = 3;
~~~~~^~
../../src/github/sv-tests/third_party/tests/hdlconvertor/tests/sv_test/std2017/p179.sv:23:7: error: value of type &#39;xtndA&#39; cannot be assigned to type &#39;baseA&#39;
base2 = xtnd1;
~~~~~ ^ ~~~~~
../../src/github/sv-tests/third_party/tests/hdlconvertor/tests/sv_test/std2017/p179.sv:24:9: error: language feature not yet supported
base3 = new base2;
        ^~~~~~~~~
warning: no top-level modules found in design [-Wno-top]

Build failed: 13 errors, 3 warnings

</pre>
</body>