<head>
  <style>
    .log { font-family: "Courier New", Consolas, monospace; font-size: 80%; }
    .test-failed { background-color: #ffaaaa; }
    .test-passed { background-color: #aaffaa; }
  </style>
</head>
<body>
<h3><a href="https://github.com/MikePopoloski/slang" target="_blank">slang</a></h3>
<pre class="test-failed">
description: Tests imported from hdlconv
rc: 1 (means success: 0)
tags: hdlconv
incdirs: /tmpfs/src/github/sv-tests/third_party/tests/hdlconvertor/tests/sv_test/std2017
top_module: 
type: parsing
mode: parsing
files: <a href="../../../../third_party/tests/hdlconvertor/tests/sv_test/std2017/p203.sv.html" target="file-frame">third_party/tests/hdlconvertor/tests/sv_test/std2017/p203.sv</a>
defines: 
time_elapsed: 0.003s
ram usage: 8984 KB
</pre>
<pre class="log">

slang-driver --single-unit -I /tmpfs/src/github/sv-tests/third_party/tests/hdlconvertor/tests/sv_test/std2017 <a href="../../../../third_party/tests/hdlconvertor/tests/sv_test/std2017/p203.sv.html" target="file-frame">third_party/tests/hdlconvertor/tests/sv_test/std2017/p203.sv</a>
Top level design units:
    top

../../src/github/sv-tests/third_party/tests/hdlconvertor/tests/sv_test/std2017/p203.sv:1:15: error: forward typedef &#39;C2&#39; does not resolve to a data type
typedef class C2;
              ^
../../src/github/sv-tests/third_party/tests/hdlconvertor/tests/sv_test/std2017/p203.sv:3:1: error: use of undeclared identifier &#39;C2&#39;
C2 c;
^~
../../src/github/sv-tests/third_party/tests/hdlconvertor/tests/sv_test/std2017/p203.sv:5:7: error: redefinition of &#39;C2&#39; as different kind of symbol
class C2;
      ^
../../src/github/sv-tests/third_party/tests/hdlconvertor/tests/sv_test/std2017/p203.sv:1:15: note: previous definition here
typedef class C2;
              ^
../../src/github/sv-tests/third_party/tests/hdlconvertor/tests/sv_test/std2017/p203.sv:10:15: error: forward typedef &#39;C&#39; does not resolve to a data type
typedef class C ;
              ^
../../src/github/sv-tests/third_party/tests/hdlconvertor/tests/sv_test/std2017/p203.sv:12:1: error: language feature not yet supported
C#(1, real) v2 ;
^~~~~~~~~~~
../../src/github/sv-tests/third_party/tests/hdlconvertor/tests/sv_test/std2017/p203.sv:13:1: error: language feature not yet supported
C#(.p(2), .T(real)) v3 ;
^~~~~~~~~~~~~~~~~~~
../../src/github/sv-tests/third_party/tests/hdlconvertor/tests/sv_test/std2017/p203.sv:17:7: error: redefinition of &#39;C&#39; as different kind of symbol
class C #(parameter p = 2, type T = int);
      ^
../../src/github/sv-tests/third_party/tests/hdlconvertor/tests/sv_test/std2017/p203.sv:10:15: note: previous definition here
typedef class C ;
              ^

Build failed: 7 errors, 0 warnings

</pre>
</body>