<head>
  <style>
    .log { font-family: "Courier New", Consolas, monospace; font-size: 80%; }
    .test-failed { background-color: #ffaaaa; }
    .test-passed { background-color: #aaffaa; }
  </style>
</head>
<body>
<h3><a href="https://github.com/MikePopoloski/slang" target="_blank">slang</a></h3>
<pre class="test-failed">
description: Tests imported from hdlconv
rc: 1 (means success: 0)
tags: hdlconv
incdirs: /tmpfs/src/github/sv-tests/third_party/tests/hdlconvertor/tests/sv_test/std2017
top_module: 
type: parsing
mode: parsing
files: <a href="../../../../third_party/tests/hdlconvertor/tests/sv_test/std2017/p198.sv.html" target="file-frame">third_party/tests/hdlconvertor/tests/sv_test/std2017/p198.sv</a>
defines: 
time_elapsed: 0.003s
ram usage: 8976 KB
</pre>
<pre class="log">

slang-driver --single-unit -I /tmpfs/src/github/sv-tests/third_party/tests/hdlconvertor/tests/sv_test/std2017 <a href="../../../../third_party/tests/hdlconvertor/tests/sv_test/std2017/p198.sv.html" target="file-frame">third_party/tests/hdlconvertor/tests/sv_test/std2017/p198.sv</a>
../../src/github/sv-tests/third_party/tests/hdlconvertor/tests/sv_test/std2017/p198.sv:1:1: error: language feature not yet supported
interface class IntfA #(type T1 = logic);
^~~~~~~~~
../../src/github/sv-tests/third_party/tests/hdlconvertor/tests/sv_test/std2017/p198.sv:6:1: error: language feature not yet supported
interface class IntfB #(type T = bit) extends IntfA #(T);
^~~~~~~~~
../../src/github/sv-tests/third_party/tests/hdlconvertor/tests/sv_test/std2017/p198.sv:10:1: error: language feature not yet supported
interface class IntfC;
^~~~~~~~~
../../src/github/sv-tests/third_party/tests/hdlconvertor/tests/sv_test/std2017/p198.sv:21:25: error: forward typedef &#39;IntfD&#39; does not resolve to a data type
typedef interface class IntfD;
                        ^
../../src/github/sv-tests/third_party/tests/hdlconvertor/tests/sv_test/std2017/p198.sv:30:1: error: language feature not yet supported
interface class IntfD #(type T1 = logic);
^~~~~~~~~
warning: no top-level modules found in design [-Wno-top]

Build failed: 5 errors, 1 warning

</pre>
</body>