<head>
  <style>
    .log { font-family: "Courier New", Consolas, monospace; font-size: 80%; }
    .test-failed { background-color: #ffaaaa; }
    .test-passed { background-color: #aaffaa; }
  </style>
</head>
<body>
<h3><a href="https://github.com/MikePopoloski/slang" target="_blank">slang</a></h3>
<pre class="test-failed">
description: Tests imported from hdlconv
rc: 1 (means success: 0)
tags: hdlconv
incdirs: /tmpfs/src/github/sv-tests/third_party/tests/hdlconvertor/tests/sv_test/std2017
top_module: 
type: parsing
mode: parsing
files: <a href="../../../../third_party/tests/hdlconvertor/tests/sv_test/std2017/p771.sv.html" target="file-frame">third_party/tests/hdlconvertor/tests/sv_test/std2017/p771.sv</a>
defines: 
time_elapsed: 0.000s
ram usage: 9856 KB
</pre>
<pre class="log">

slang-driver --single-unit -I/tmpfs/src/github/sv-tests/third_party/tests/hdlconvertor/tests/sv_test/std2017 <a href="../../../../third_party/tests/hdlconvertor/tests/sv_test/std2017/p771.sv.html" target="file-frame">third_party/tests/hdlconvertor/tests/sv_test/std2017/p771.sv</a>
../../src/github/sv-tests/third_party/tests/hdlconvertor/tests/sv_test/std2017/p771.sv:10:1: error: language feature not yet supported
virtual PBus v8;
^~~~~~~~~~~~~~~~
../../src/github/sv-tests/third_party/tests/hdlconvertor/tests/sv_test/std2017/p771.sv:14:1: error: unexpected qualifiers on class member
virtual PBus #(16).phy v16_phy;
^
../../src/github/sv-tests/third_party/tests/hdlconvertor/tests/sv_test/std2017/p771.sv:14:9: error: expected member
virtual PBus #(16).phy v16_phy;
        ^~~~
../../src/github/sv-tests/third_party/tests/hdlconvertor/tests/sv_test/std2017/p771.sv:16:1: error: unexpected qualifiers on class member
virtual PBus #(32).phy v32_phy;
^
../../src/github/sv-tests/third_party/tests/hdlconvertor/tests/sv_test/std2017/p771.sv:16:9: error: expected member
virtual PBus #(32).phy v32_phy;
        ^~~~
../../src/github/sv-tests/third_party/tests/hdlconvertor/tests/sv_test/std2017/p771.sv:17:1: error: expected member
initial begin
^~~~~~~
../../src/github/sv-tests/third_party/tests/hdlconvertor/tests/sv_test/std2017/p771.sv:49:8: error: expected &#39;endclass&#39;
endtask
       ^

</pre>
</body>