<head>
  <style>
    .log { font-family: "Courier New", Consolas, monospace; font-size: 80%; }
    .test-failed { background-color: #ffaaaa; }
    .test-passed { background-color: #aaffaa; }
  </style>
</head>
<body>
<h3><a href="https://github.com/MikePopoloski/slang" target="_blank">slang</a></h3>
<pre class="test-failed">
description: Tests imported from hdlconv
rc: 1 (means success: 0)
tags: hdlconv
incdirs: /tmpfs/src/github/sv-tests/third_party/tests/hdlconvertor/tests/sv_test/std2017
top_module: 
type: parsing
mode: parsing
files: <a href="../../../../third_party/tests/hdlconvertor/tests/sv_test/std2017/p94.sv.html" target="file-frame">third_party/tests/hdlconvertor/tests/sv_test/std2017/p94.sv</a>
defines: 
time_elapsed: 0.003s
ram usage: 9268 KB
</pre>
<pre class="log">

slang-driver --single-unit -I /tmpfs/src/github/sv-tests/third_party/tests/hdlconvertor/tests/sv_test/std2017 <a href="../../../../third_party/tests/hdlconvertor/tests/sv_test/std2017/p94.sv.html" target="file-frame">third_party/tests/hdlconvertor/tests/sv_test/std2017/p94.sv</a>
../../src/github/sv-tests/third_party/tests/hdlconvertor/tests/sv_test/std2017/p94.sv:4:5: error: use of undeclared identifier &#39;p&#39;
bit[p-1:0] data;
    ^
../../src/github/sv-tests/third_party/tests/hdlconvertor/tests/sv_test/std2017/p94.sv:14:9: error: language feature not yet supported
typedef Base#(32) MyBaseT;
        ^~~~~~~~~
../../src/github/sv-tests/third_party/tests/hdlconvertor/tests/sv_test/std2017/p94.sv:15:9: error: unknown class or package &#39;MyBaseT&#39;
nettype MyBaseT::T narrowTsum with MyBaseT::Tsum;
        ^~~~~~~
../../src/github/sv-tests/third_party/tests/hdlconvertor/tests/sv_test/std2017/p94.sv:16:9: error: language feature not yet supported
typedef Base#(64) MyBaseType;
        ^~~~~~~~~
../../src/github/sv-tests/third_party/tests/hdlconvertor/tests/sv_test/std2017/p94.sv:17:9: error: unknown class or package &#39;MyBaseType&#39;
nettype MyBaseType::T wideTsum with MyBaseType::Tsum;
        ^~~~~~~~~~
warning: no top-level modules found in design [-Wno-top]

Build failed: 5 errors, 1 warning

</pre>
</body>