<head>
  <style>
    .log { font-family: "Courier New", Consolas, monospace; font-size: 80%; }
    .test-failed { background-color: #ffaaaa; }
    .test-passed { background-color: #aaffaa; }
  </style>
</head>
<body>
<h3><a href="https://github.com/MikePopoloski/slang" target="_blank">slang</a></h3>
<pre class="test-failed">
description: Tests imported from hdlconv
rc: 1 (means success: 0)
tags: hdlconv
incdirs: /tmpfs/src/github/sv-tests/third_party/tests/hdlconvertor/tests/sv_test/std2017
top_module: 
type: parsing
mode: parsing
files: <a href="../../../../third_party/tests/hdlconvertor/tests/sv_test/std2017/p726.sv.html" target="file-frame">third_party/tests/hdlconvertor/tests/sv_test/std2017/p726.sv</a>
defines: 
time_elapsed: 0.000s
ram usage: 9792 KB
</pre>
<pre class="log">

slang-driver --single-unit -I/tmpfs/src/github/sv-tests/third_party/tests/hdlconvertor/tests/sv_test/std2017 <a href="../../../../third_party/tests/hdlconvertor/tests/sv_test/std2017/p726.sv.html" target="file-frame">third_party/tests/hdlconvertor/tests/sv_test/std2017/p726.sv</a>
../../src/github/sv-tests/third_party/tests/hdlconvertor/tests/sv_test/std2017/p726.sv:12:1: error: import of &#39;s1&#39; collides with an existing declaration
s1.x = 1;
^~
../../src/github/sv-tests/third_party/tests/hdlconvertor/tests/sv_test/std2017/p726.sv:10:8: note: declared here
if (1) begin : s1
       ^
../../src/github/sv-tests/third_party/tests/hdlconvertor/tests/sv_test/std2017/p726.sv:9:11: note: imported from here
import p::*;
          ^
../../src/github/sv-tests/third_party/tests/hdlconvertor/tests/sv_test/std2017/p726.sv:2:19: note: declared here
struct { int x; } s1;
                  ^
../../src/github/sv-tests/third_party/tests/hdlconvertor/tests/sv_test/std2017/p726.sv:12:6: error: value of type &#39;int&#39; cannot be assigned to type &#39;&lt;unnamed unpacked struct&gt;&#39;
s1.x = 1;
~~~~ ^ ~
../../src/github/sv-tests/third_party/tests/hdlconvertor/tests/sv_test/std2017/p726.sv:18:1: error: use of undeclared identifier &#39;f2&#39;
f2.x = 1;
^~
../../src/github/sv-tests/third_party/tests/hdlconvertor/tests/sv_test/std2017/p726.sv:22:1: error: unknown module &#39;some_module&#39;
some_module s2();
^~~~~~~~~~~

</pre>
</body>