<head>
  <style>
    .log { font-family: "Courier New", Consolas, monospace; font-size: 80%; }
    .test-failed { background-color: #ffaaaa; }
    .test-passed { background-color: #aaffaa; }
  </style>
</head>
<body>
<h3><a href="https://github.com/MikePopoloski/slang" target="_blank">slang</a></h3>
<pre class="test-failed">
description: Tests imported from hdlconv
rc: 1 (means success: 0)
tags: hdlconv
incdirs: /tmpfs/src/github/sv-tests/third_party/tests/hdlconvertor/tests/sv_test/std2017
top_module: 
type: parsing
mode: parsing
files: <a href="../../../../third_party/tests/hdlconvertor/tests/sv_test/std2017/p185_2.sv.html" target="file-frame">third_party/tests/hdlconvertor/tests/sv_test/std2017/p185_2.sv</a>
defines: 
time_elapsed: 0.002s
ram usage: 9000 KB
</pre>
<pre class="log">

slang-driver --single-unit -I /tmpfs/src/github/sv-tests/third_party/tests/hdlconvertor/tests/sv_test/std2017 <a href="../../../../third_party/tests/hdlconvertor/tests/sv_test/std2017/p185_2.sv.html" target="file-frame">third_party/tests/hdlconvertor/tests/sv_test/std2017/p185_2.sv</a>
../../src/github/sv-tests/third_party/tests/hdlconvertor/tests/sv_test/std2017/p185_2.sv:4:18: error: identifier &#39;C&#39; used before its declaration
virtual function C some_method(int a); endfunction
                 ^
../../src/github/sv-tests/third_party/tests/hdlconvertor/tests/sv_test/std2017/p185_2.sv:3:7: note: declared here
class C;
      ^
../../src/github/sv-tests/third_party/tests/hdlconvertor/tests/sv_test/std2017/p185_2.sv:7:18: error: identifier &#39;D&#39; used before its declaration
virtual function D some_method(T a); endfunction
                 ^
../../src/github/sv-tests/third_party/tests/hdlconvertor/tests/sv_test/std2017/p185_2.sv:6:7: note: declared here
class D extends C;
      ^
../../src/github/sv-tests/third_party/tests/hdlconvertor/tests/sv_test/std2017/p185_2.sv:10:32: error: use of undeclared identifier &#39;Y&#39;
virtual function D some_method(Y a); endfunction
                               ^
warning: no top-level modules found in design [-Wno-top]

Build failed: 3 errors, 1 warning

</pre>
</body>