<head>
  <style>
    .log { font-family: "Courier New", Consolas, monospace; font-size: 80%; }
    .test-failed { background-color: #ffaaaa; }
    .test-passed { background-color: #aaffaa; }
  </style>
</head>
<body>
<h3><a href="https://github.com/MikePopoloski/slang" target="_blank">slang</a></h3>
<pre class="test-failed">
description: Test support of associative arrays methods (delete)
rc: 1 (means success: 0)
tags: 7.9.2 7.9
incdirs: /tmpfs/src/github/sv-tests/tests/chapter-7/arrays/associative/methods
top_module: 
type: simulation parsing
mode: parsing
files: <a href="../../../../../../tests/chapter-7/arrays/associative/methods/delete.sv.html" target="file-frame">tests/chapter-7/arrays/associative/methods/delete.sv</a>
defines: 
time_elapsed: 0.000s
ram usage: 9176 KB
</pre>
<pre class="log">

slang-driver --single-unit -I/tmpfs/src/github/sv-tests/tests/chapter-7/arrays/associative/methods <a href="../../../../../../tests/chapter-7/arrays/associative/methods/delete.sv.html" target="file-frame">tests/chapter-7/arrays/associative/methods/delete.sv</a>
../../src/github/sv-tests/tests/chapter-7/arrays/associative/methods/delete.sv:15:39: error: invalid member access for type &#39;associative array [string] of int&#39;
    $display(&#34;:assert: (%d == 3)&#34;, map.size);
                                   ~~~^~~~~
../../src/github/sv-tests/tests/chapter-7/arrays/associative/methods/delete.sv:16:9: error: unknown built-in method &#39;delete&#39; on type &#39;associative array [string] of int&#39;
    map.delete( &#34;sad&#34; );
        ^~~~~~
../../src/github/sv-tests/tests/chapter-7/arrays/associative/methods/delete.sv:17:39: error: invalid member access for type &#39;associative array [string] of int&#39;
    $display(&#34;:assert: (%d == 2)&#34;, map.size);
                                   ~~~^~~~~
../../src/github/sv-tests/tests/chapter-7/arrays/associative/methods/delete.sv:18:8: error: invalid member access for type &#39;associative array [string] of int&#39;
    map.delete;
    ~~~^~~~~~~
../../src/github/sv-tests/tests/chapter-7/arrays/associative/methods/delete.sv:19:39: error: invalid member access for type &#39;associative array [string] of int&#39;
    $display(&#34;:assert: (%d == 0)&#34;, map.size);
                                   ~~~^~~~~

</pre>
</body>