<head>
  <style>
    .log { font-family: "Courier New", Consolas, monospace; font-size: 80%; }
    .test-failed { background-color: #ffaaaa; }
    .test-passed { background-color: #aaffaa; }
  </style>
</head>
<body>
<h3><a href="https://verilogtorouting.org/" target="_blank">odin</a></h3>
<pre class="test-failed">
description: Test imported from ivtest
rc: -6 (means success: 0)
tags: ivtest
incdirs: /tmpfs/src/github/sv-tests/third_party/tests/ivtest /tmpfs/src/github/sv-tests/third_party/tests/ivtest/ivltests
top_module: 
type: parsing
mode: parsing
files: <a href="../../../../third_party/tests/ivtest/ivltests/always3.1.6C.v.html" target="file-frame">third_party/tests/ivtest/ivltests/always3.1.6C.v</a>
defines: 
time_elapsed: 0.004s
ram usage: 9832 KB
</pre>
<pre class="log">

odin_II --permissive -o odin.blif -V <a href="../../../../third_party/tests/ivtest/ivltests/always3.1.6C.v.html" target="file-frame">third_party/tests/ivtest/ivltests/always3.1.6C.v</a>
--------------------------------------------------------------------
Welcome to ODIN II version 0.1 - the better High level synthesis tools++ targetting FPGAs (mainly VPR)
Email: jamieson.peter@gmail.com and ken@unb.ca for support issues

Warning::PARSE_ARGS Permissive flag is ON. Undefined behaviour may occur

Using Lut input width of: -1
Verilog: always3.1.6C.v
--------------------------------------------------------------------
High-level synthesis Begin
Parser starting - we&#39;ll create an abstract syntax tree. Note this tree can be viewed using Grap Viz (see documentation)
Adding file <a href="../../../../third_party/tests/ivtest/ivltests/always3.1.6C.v.html" target="file-frame">third_party/tests/ivtest/ivltests/always3.1.6C.v</a> to parse list
Warning::PARSE_TO_AST always3.1.6C.v:28 error in parsing: (syntax error, unexpected &#39;;&#39;, expecting vSYMBOL_ID or &#39;{&#39;)
28:            #0;
Warning::PARSE_TO_AST always3.1.6C.v:35 error in parsing: (syntax error, unexpected vCFUNC)
35:            $display(&#34;check == 0000:at time=%t value2=%h&#34;,$time,value2);
Warning::PARSE_TO_AST always3.1.6C.v:38 error in parsing: (syntax error, unexpected vCFUNC)
38:                 $display(&#34;FAILED - always3.1.6C - casez 0 at %t&#34;,$time);
Warning::PARSE_TO_AST always3.1.6C.v:45 error in parsing: (syntax error, unexpected vCFUNC)
45:            $display(&#34;check == 0001:at time=%t value2=%h&#34;,$time,value2);
Warning::PARSE_TO_AST always3.1.6C.v:48 error in parsing: (syntax error, unexpected vCFUNC)
48:                 $display(&#34;FAILED - always3.1.6C - casez z1 at %t&#34;,$time);
Warning::PARSE_TO_AST always3.1.6C.v:55 error in parsing: (syntax error, unexpected vCFUNC)
55:            $display(&#34;check == 0010:at time=%t value2=%h&#34;,$time,value2);
Warning::PARSE_TO_AST always3.1.6C.v:58 error in parsing: (syntax error, unexpected vCFUNC)
58:                 $display(&#34;FAILED - always3.1.6C - casez 4 at %t&#34;,$time);
Warning::PARSE_TO_AST always3.1.6C.v:65 error in parsing: (syntax error, unexpected &#39;;&#39;, expecting &#39;(&#39;)
65: 	   $finish;
Warning::PARSE_TO_AST always3.1.6C.v:71 Unsuported token
71:          casez (value1)
             ^~~~
Warning::PARSE_TO_AST always3.1.6C.v:75 error in parsing: (syntax error, unexpected vCFUNC)
75:                             $display(&#34;case0000: at time=%t&#34;,$time);
Warning::PARSE_TO_AST always3.1.6C.v:81 error in parsing: (syntax error, unexpected vCFUNC)
81:                             $display(&#34;case00z1: at time=%t&#34;,$time);
Warning::PARSE_TO_AST always3.1.6C.v:87 error in parsing: (syntax error, unexpected vCFUNC)
87:                             $display(&#34;case100: at time=%t&#34;,$time);
Warning::PARSE_TO_AST always3.1.6C.v:93 error in parsing: (syntax error, unexpected vCFUNC)
93:                           $display(&#34;default: %t&#34;,$time);
Error::PARSE_TO_AST Parser found (13) errors in your syntax, exiting
/tmp/really-really-really-really-really-really-really-really-really-really-really-really-really-long-path/conda/conda-bld/odin_ii_1594197711127/work/ODIN_II/SRC/odin_error.cpp:27: void verify_delayed_error(odin_error): Fatal error

</pre>
</body>