<head>
  <style>
    .log { font-family: "Courier New", Consolas, monospace; font-size: 80%; }
    .test-failed { background-color: #ffaaaa; }
    .test-passed { background-color: #aaffaa; }
  </style>
</head>
<body>
<h3><a href="https://github.com/MikePopoloski/slang" target="_blank">slang</a></h3>
<pre class="test-failed">
description: Test imported from ivtest
rc: 1 (means success: 0)
tags: ivtest
incdirs: /tmpfs/src/github/sv-tests/third_party/tests/ivtest /tmpfs/src/github/sv-tests/third_party/tests/ivtest/ivltests
top_module: 
type: parsing
mode: parsing
files: <a href="../../../../third_party/tests/ivtest/ivltests/array_unpacked_sysfunct.v.html" target="file-frame">third_party/tests/ivtest/ivltests/array_unpacked_sysfunct.v</a>
defines: 
time_elapsed: 0.000s
ram usage: 9836 KB
</pre>
<pre class="log">

slang-driver --single-unit -I/tmpfs/src/github/sv-tests/third_party/tests/ivtest -I/tmpfs/src/github/sv-tests/third_party/tests/ivtest/ivltests <a href="../../../../third_party/tests/ivtest/ivltests/array_unpacked_sysfunct.v.html" target="file-frame">third_party/tests/ivtest/ivltests/array_unpacked_sysfunct.v</a>
../../src/github/sv-tests/third_party/tests/ivtest/ivltests/array_unpacked_sysfunct.v:24:26: error: dimension requires a constant range
    bit [7:0] bit_darray [];
                         ^~
../../src/github/sv-tests/third_party/tests/ivtest/ivltests/array_unpacked_sysfunct.v:32:12: warning: initializing a static variable in a procedural context requires an explicit &#39;static&#39; keyword [-Wexplicit-static]
    string test_msg = &#34;13 characters&#34;;
           ^~~~~~~~
../../src/github/sv-tests/third_party/tests/ivtest/ivltests/array_unpacked_sysfunct.v:33:18: error: language feature not yet supported
    bit_darray = new[5];
                 ^~~~~~
../../src/github/sv-tests/third_party/tests/ivtest/ivltests/array_unpacked_sysfunct.v:50:14: error: invalid argument type &#39;string&#39; to system function
    if($left(test_msg) != 0 || $right(test_msg) != 12) begin
             ^~~~~~~~
../../src/github/sv-tests/third_party/tests/ivtest/ivltests/array_unpacked_sysfunct.v:50:39: error: invalid argument type &#39;string&#39; to system function
    if($left(test_msg) != 0 || $right(test_msg) != 12) begin
                                      ^~~~~~~~

</pre>
</body>