<head>
  <style>
    .log { font-family: "Courier New", Consolas, monospace; font-size: 80%; }
    .test-failed { background-color: #ffaaaa; }
    .test-passed { background-color: #aaffaa; }
  </style>
</head>
<body>
<h3><a href="https://github.com/MikePopoloski/slang" target="_blank">slang</a></h3>
<pre class="test-failed">
description: Test imported from ivtest
rc: 1 (means success: 0)
tags: ivtest
incdirs: /tmpfs/src/github/sv-tests/third_party/tests/ivtest /tmpfs/src/github/sv-tests/third_party/tests/ivtest/ivltests
top_module: 
type: parsing
mode: parsing
files: <a href="../../../../third_party/tests/ivtest/ivltests/br959.v.html" target="file-frame">third_party/tests/ivtest/ivltests/br959.v</a>
defines: 
time_elapsed: 0.002s
ram usage: 8940 KB
</pre>
<pre class="log">

slang-driver --single-unit -I /tmpfs/src/github/sv-tests/third_party/tests/ivtest -I /tmpfs/src/github/sv-tests/third_party/tests/ivtest/ivltests <a href="../../../../third_party/tests/ivtest/ivltests/br959.v.html" target="file-frame">third_party/tests/ivtest/ivltests/br959.v</a>
Top level design units:
    top

../../src/github/sv-tests/third_party/tests/ivtest/ivltests/br959.v:18:48: error: language feature not yet supported
      $display(&#34;Starting work with class %0d&#34;, this.get_id());
                                               ^~~~~~~~~~~
../../src/github/sv-tests/third_party/tests/ivtest/ivltests/br959.v:19:7: error: language feature not yet supported
      this.display(1);
      ^~~~~~~~~~~~
../../src/github/sv-tests/third_party/tests/ivtest/ivltests/br959.v:31:14: error: language feature not yet supported
      test = new(1);
             ^~~~~~
../../src/github/sv-tests/third_party/tests/ivtest/ivltests/br959.v:32:52: error: invalid member access for type &#39;example&#39;
      $display(&#34;Created a class with id: %0d&#34;, test.get_id());
                                               ~~~~^~~~~~~
../../src/github/sv-tests/third_party/tests/ivtest/ivltests/br959.v:33:11: error: invalid member access for type &#39;example&#39;
      test.work();
      ~~~~^~~~~

Build failed: 5 errors, 0 warnings

</pre>
</body>