<head>
  <style>
    .log { font-family: "Courier New", Consolas, monospace; font-size: 80%; }
    .test-failed { background-color: #ffaaaa; }
    .test-passed { background-color: #aaffaa; }
  </style>
</head>
<body>
<h3><a href="https://github.com/MikePopoloski/slang" target="_blank">slang</a></h3>
<pre class="test-failed">
description: Test imported from ivtest
rc: 1 (means success: 0)
tags: ivtest
incdirs: /tmpfs/src/github/sv-tests/third_party/tests/ivtest /tmpfs/src/github/sv-tests/third_party/tests/ivtest/ivltests
top_module: 
type: parsing
mode: parsing
files: <a href="../../../../third_party/tests/ivtest/ivltests/pr1701855b.v.html" target="file-frame">third_party/tests/ivtest/ivltests/pr1701855b.v</a>
defines: 
time_elapsed: 0.000s
ram usage: 9908 KB
</pre>
<pre class="log">

slang-driver --single-unit -I/tmpfs/src/github/sv-tests/third_party/tests/ivtest -I/tmpfs/src/github/sv-tests/third_party/tests/ivtest/ivltests <a href="../../../../third_party/tests/ivtest/ivltests/pr1701855b.v.html" target="file-frame">third_party/tests/ivtest/ivltests/pr1701855b.v</a>
../../src/github/sv-tests/third_party/tests/ivtest/ivltests/pr1701855b.v:23:5: error: unknown system name &#39;$printtimescale&#39;
    $printtimescale(dummy);
    ^~~~~~~~~~~~~~~
../../src/github/sv-tests/third_party/tests/ivtest/ivltests/pr1701855b.v:24:5: error: unknown system name &#39;$printtimescale&#39;
    $printtimescale(dummy.ipval);
    ^~~~~~~~~~~~~~~
../../src/github/sv-tests/third_party/tests/ivtest/ivltests/pr1701855b.v:26:5: error: unknown system name &#39;$printtimescale&#39;
    $printtimescale;
    ^~~~~~~~~~~~~~~
../../src/github/sv-tests/third_party/tests/ivtest/ivltests/pr1701855b.v:27:5: error: unknown system name &#39;$printtimescale&#39;
    $printtimescale(top.ipval);
    ^~~~~~~~~~~~~~~
../../src/github/sv-tests/third_party/tests/ivtest/ivltests/pr1701855b.v:33:5: error: unknown system name &#39;$printtimescale&#39;
    $printtimescale(top.spval);
    ^~~~~~~~~~~~~~~
../../src/github/sv-tests/third_party/tests/ivtest/ivltests/pr1701855b.v:36:5: error: unknown system name &#39;$printtimescale&#39;
    $printtimescale(top.rpval);
    ^~~~~~~~~~~~~~~
../../src/github/sv-tests/third_party/tests/ivtest/ivltests/pr1701855b.v:37:5: error: unknown system name &#39;$printtimescale&#39;
    $printtimescale(top.evt);
    ^~~~~~~~~~~~~~~
../../src/github/sv-tests/third_party/tests/ivtest/ivltests/pr1701855b.v:38:5: error: unknown system name &#39;$printtimescale&#39;
    $printtimescale(top.rgval);
    ^~~~~~~~~~~~~~~
../../src/github/sv-tests/third_party/tests/ivtest/ivltests/pr1701855b.v:39:5: error: unknown system name &#39;$printtimescale&#39;
    $printtimescale(top.rgval[0]);
    ^~~~~~~~~~~~~~~
../../src/github/sv-tests/third_party/tests/ivtest/ivltests/pr1701855b.v:40:5: error: unknown system name &#39;$printtimescale&#39;
    $printtimescale(top.rgarr);
    ^~~~~~~~~~~~~~~
../../src/github/sv-tests/third_party/tests/ivtest/ivltests/pr1701855b.v:41:5: error: unknown system name &#39;$printtimescale&#39;
    $printtimescale(top.rgarr[0]);
    ^~~~~~~~~~~~~~~
../../src/github/sv-tests/third_party/tests/ivtest/ivltests/pr1701855b.v:42:5: error: unknown system name &#39;$printtimescale&#39;
    $printtimescale(top.wval);
    ^~~~~~~~~~~~~~~
../../src/github/sv-tests/third_party/tests/ivtest/ivltests/pr1701855b.v:43:5: error: unknown system name &#39;$printtimescale&#39;
    $printtimescale(top.wval[0]);
    ^~~~~~~~~~~~~~~
../../src/github/sv-tests/third_party/tests/ivtest/ivltests/pr1701855b.v:44:5: error: unknown system name &#39;$printtimescale&#39;
    $printtimescale(top.warr);
    ^~~~~~~~~~~~~~~
../../src/github/sv-tests/third_party/tests/ivtest/ivltests/pr1701855b.v:45:5: error: unknown system name &#39;$printtimescale&#39;
    $printtimescale(top.warr[0]);
    ^~~~~~~~~~~~~~~
../../src/github/sv-tests/third_party/tests/ivtest/ivltests/pr1701855b.v:46:5: error: unknown system name &#39;$printtimescale&#39;
    $printtimescale(top.ival);
    ^~~~~~~~~~~~~~~
../../src/github/sv-tests/third_party/tests/ivtest/ivltests/pr1701855b.v:47:5: error: unknown system name &#39;$printtimescale&#39;
    $printtimescale(top.ival[1]);
    ^~~~~~~~~~~~~~~
../../src/github/sv-tests/third_party/tests/ivtest/ivltests/pr1701855b.v:48:5: error: unknown system name &#39;$printtimescale&#39;
    $printtimescale(top.rval);
    ^~~~~~~~~~~~~~~
../../src/github/sv-tests/third_party/tests/ivtest/ivltests/pr1701855b.v:49:5: error: unknown system name &#39;$printtimescale&#39;
    $printtimescale(top.rarr);
    ^~~~~~~~~~~~~~~
../../src/github/sv-tests/third_party/tests/ivtest/ivltests/pr1701855b.v:50:5: error: unknown system name &#39;$printtimescale&#39;
    $printtimescale(top.rarr[0]);
    ^~~~~~~~~~~~~~~
fatal error: too many errors emitted, stopping now [--error-limit=]

</pre>
</body>