<head>
  <style>
    .log { font-family: "Courier New", Consolas, monospace; font-size: 80%; }
    .test-failed { background-color: #ffaaaa; }
    .test-passed { background-color: #aaffaa; }
  </style>
</head>
<body>
<h3><a href="https://github.com/MikePopoloski/slang" target="_blank">slang</a></h3>
<pre class="test-failed">
description: Test imported from ivtest
rc: 1 (means success: 0)
tags: ivtest
incdirs: /tmpfs/src/github/sv-tests/third_party/tests/ivtest /tmpfs/src/github/sv-tests/third_party/tests/ivtest/ivltests
top_module: 
type: parsing
mode: parsing
files: <a href="../../../../third_party/tests/ivtest/ivltests/sv_class24.v.html" target="file-frame">third_party/tests/ivtest/ivltests/sv_class24.v</a>
defines: 
time_elapsed: 0.002s
ram usage: 9176 KB
</pre>
<pre class="log">

slang-driver --single-unit -I /tmpfs/src/github/sv-tests/third_party/tests/ivtest -I /tmpfs/src/github/sv-tests/third_party/tests/ivtest/ivltests <a href="../../../../third_party/tests/ivtest/ivltests/sv_class24.v.html" target="file-frame">third_party/tests/ivtest/ivltests/sv_class24.v</a>
../../src/github/sv-tests/third_party/tests/ivtest/ivltests/sv_class24.v:10:9: warning: program definition is unused [-Wunused-def]
program main;
        ^
../../src/github/sv-tests/third_party/tests/ivtest/ivltests/sv_class24.v:20:21: error: language feature not yet supported
      base_t base = new ( );
                    ^~~~~~~
../../src/github/sv-tests/third_party/tests/ivtest/ivltests/sv_class24.v:26:13: error: language feature not yet supported
      obj = new;
            ^~~
../../src/github/sv-tests/third_party/tests/ivtest/ivltests/sv_class24.v:34:10: error: invalid member access for type &#39;foo_t&#39;
      obj.a = 10;
      ~~~^~
../../src/github/sv-tests/third_party/tests/ivtest/ivltests/sv_class24.v:35:10: error: invalid member access for type &#39;foo_t&#39;
      obj.b = 11;
      ~~~^~
../../src/github/sv-tests/third_party/tests/ivtest/ivltests/sv_class24.v:36:10: error: invalid member access for type &#39;foo_t&#39;
      obj.base.x = 12;
      ~~~^~~~~~~
../../src/github/sv-tests/third_party/tests/ivtest/ivltests/sv_class24.v:37:10: error: invalid member access for type &#39;foo_t&#39;
      obj.base.y = 13;
      ~~~^~~~~~~
../../src/github/sv-tests/third_party/tests/ivtest/ivltests/sv_class24.v:39:14: error: invalid member access for type &#39;foo_t&#39;
      if (obj.a != 10 || obj.b != 11) begin
          ~~~^~
../../src/github/sv-tests/third_party/tests/ivtest/ivltests/sv_class24.v:39:29: error: invalid member access for type &#39;foo_t&#39;
      if (obj.a != 10 || obj.b != 11) begin
                         ~~~^~
../../src/github/sv-tests/third_party/tests/ivtest/ivltests/sv_class24.v:40:67: error: invalid member access for type &#39;foo_t&#39;
	 $display(&#34;FAILED -- assign to object: obj.a=%0d, obj.b=%0d&#34;, obj.a, obj.b);
	                                                              ~~~^~
../../src/github/sv-tests/third_party/tests/ivtest/ivltests/sv_class24.v:40:74: error: invalid member access for type &#39;foo_t&#39;
	 $display(&#34;FAILED -- assign to object: obj.a=%0d, obj.b=%0d&#34;, obj.a, obj.b);
	                                                                     ~~~^~
../../src/github/sv-tests/third_party/tests/ivtest/ivltests/sv_class24.v:48:15: error: invalid member access for type &#39;foo_t&#39;
      if (copy.a != 10 || copy.b != 11) begin
          ~~~~^~
../../src/github/sv-tests/third_party/tests/ivtest/ivltests/sv_class24.v:48:31: error: invalid member access for type &#39;foo_t&#39;
      if (copy.a != 10 || copy.b != 11) begin
                          ~~~~^~
../../src/github/sv-tests/third_party/tests/ivtest/ivltests/sv_class24.v:49:65: error: invalid member access for type &#39;foo_t&#39;
	 $display(&#34;FAILED -- copy object: copy.a=%0d, copy.b=%0d&#34;, copy.a, copy.b);
	                                                           ~~~~^~
../../src/github/sv-tests/third_party/tests/ivtest/ivltests/sv_class24.v:49:73: error: invalid member access for type &#39;foo_t&#39;
	 $display(&#34;FAILED -- copy object: copy.a=%0d, copy.b=%0d&#34;, copy.a, copy.b);
	                                                                   ~~~~^~
../../src/github/sv-tests/third_party/tests/ivtest/ivltests/sv_class24.v:53:11: error: invalid member access for type &#39;foo_t&#39;
      copy.a = 7;
      ~~~~^~
../../src/github/sv-tests/third_party/tests/ivtest/ivltests/sv_class24.v:54:11: error: invalid member access for type &#39;foo_t&#39;
      copy.b = 8;
      ~~~~^~
../../src/github/sv-tests/third_party/tests/ivtest/ivltests/sv_class24.v:56:14: error: invalid member access for type &#39;foo_t&#39;
      if (obj.a != 7 || obj.b != 8) begin
          ~~~^~
../../src/github/sv-tests/third_party/tests/ivtest/ivltests/sv_class24.v:56:28: error: invalid member access for type &#39;foo_t&#39;
      if (obj.a != 7 || obj.b != 8) begin
                        ~~~^~
../../src/github/sv-tests/third_party/tests/ivtest/ivltests/sv_class24.v:57:68: error: invalid member access for type &#39;foo_t&#39;
	 $display(&#34;FAILED -- check shared-ness: obj.a=%0d, obj.b=%0d&#34;, obj.a, obj.b);
	                                                               ~~~^~
../../src/github/sv-tests/third_party/tests/ivtest/ivltests/sv_class24.v:57:75: error: invalid member access for type &#39;foo_t&#39;
	 $display(&#34;FAILED -- check shared-ness: obj.a=%0d, obj.b=%0d&#34;, obj.a, obj.b);
	                                                                      ~~~^~
fatal error: too many errors emitted, stopping now [--error-limit=]

Build failed: 20 errors, 1 warning

</pre>
</body>