<head>
  <style>
    .log { font-family: "Courier New", Consolas, monospace; font-size: 80%; }
    .test-failed { background-color: #ffaaaa; }
    .test-passed { background-color: #aaffaa; }
  </style>
</head>
<body>
<h3><a href="https://github.com/MikePopoloski/slang" target="_blank">slang</a></h3>
<pre class="test-failed">
description: Test imported from ivtest
rc: 1 (means success: 0)
tags: ivtest
incdirs: /tmpfs/src/github/sv-tests/third_party/tests/ivtest /tmpfs/src/github/sv-tests/third_party/tests/ivtest/ivltests
top_module: 
type: parsing
mode: parsing
files: <a href="../../../../third_party/tests/ivtest/ivltests/sv_cast_darray-v10.v.html" target="file-frame">third_party/tests/ivtest/ivltests/sv_cast_darray-v10.v</a>
defines: 
time_elapsed: 0.000s
ram usage: 9924 KB
</pre>
<pre class="log">

slang-driver --single-unit -I/tmpfs/src/github/sv-tests/third_party/tests/ivtest -I/tmpfs/src/github/sv-tests/third_party/tests/ivtest/ivltests <a href="../../../../third_party/tests/ivtest/ivltests/sv_cast_darray-v10.v.html" target="file-frame">third_party/tests/ivtest/ivltests/sv_cast_darray-v10.v</a>
../../src/github/sv-tests/third_party/tests/ivtest/ivltests/sv_cast_darray-v10.v:24:20: error: dimension requires a constant range
    bit [7:0] darr [];
                   ^~
../../src/github/sv-tests/third_party/tests/ivtest/ivltests/sv_cast_darray-v10.v:25:24: error: dimension requires a constant range
    bit [63:0] darr_64 [];
                       ^~
../../src/github/sv-tests/third_party/tests/ivtest/ivltests/sv_cast_darray-v10.v:30:15: error: language feature not yet supported
    darr_64 = new[2];
              ^~~~~~
../../src/github/sv-tests/third_party/tests/ivtest/ivltests/sv_cast_darray-v10.v:34:12: error: language feature not yet supported
    darr = new[7];
           ^~~~~~
../../src/github/sv-tests/third_party/tests/ivtest/ivltests/sv_cast_darray-v10.v:40:5: error: unknown system name &#39;$ivl_darray_method$to_vec&#39;
    $ivl_darray_method$to_vec(darr, arr);
    ^~~~~~~~~~~~~~~~~~~~~~~~~
../../src/github/sv-tests/third_party/tests/ivtest/ivltests/sv_cast_darray-v10.v:46:5: error: unknown system name &#39;$ivl_darray_method$to_vec&#39;
    $ivl_darray_method$to_vec(darr_64, arr_128);
    ^~~~~~~~~~~~~~~~~~~~~~~~~
../../src/github/sv-tests/third_party/tests/ivtest/ivltests/sv_cast_darray-v10.v:57:5: error: unknown system name &#39;$ivl_darray_method$from_vec&#39;
    $ivl_darray_method$from_vec(darr, arr);
    ^~~~~~~~~~~~~~~~~~~~~~~~~~~
../../src/github/sv-tests/third_party/tests/ivtest/ivltests/sv_cast_darray-v10.v:65:5: error: unknown system name &#39;$ivl_darray_method$from_vec&#39;
    $ivl_darray_method$from_vec(darr_64, arr_128);
    ^~~~~~~~~~~~~~~~~~~~~~~~~~~

</pre>
</body>