<head>
  <style>
    .log { font-family: "Courier New", Consolas, monospace; font-size: 80%; }
    .test-failed { background-color: #ffaaaa; }
    .test-passed { background-color: #aaffaa; }
  </style>
</head>
<body>
<h3><a href="https://github.com/MikePopoloski/slang" target="_blank">slang</a></h3>
<pre class="test-failed">
description: Test imported from ivtest
rc: 1 (means success: 0)
tags: ivtest
incdirs: /tmpfs/src/github/sv-tests/third_party/tests/ivtest /tmpfs/src/github/sv-tests/third_party/tests/ivtest/ivltests
top_module: 
type: parsing
mode: parsing
files: <a href="../../../../third_party/tests/ivtest/ivltests/sv_class10.v.html" target="file-frame">third_party/tests/ivtest/ivltests/sv_class10.v</a>
defines: 
time_elapsed: 0.003s
ram usage: 9172 KB
</pre>
<pre class="log">

slang-driver --single-unit -I /tmpfs/src/github/sv-tests/third_party/tests/ivtest -I /tmpfs/src/github/sv-tests/third_party/tests/ivtest/ivltests <a href="../../../../third_party/tests/ivtest/ivltests/sv_class10.v.html" target="file-frame">third_party/tests/ivtest/ivltests/sv_class10.v</a>
../../src/github/sv-tests/third_party/tests/ivtest/ivltests/sv_class10.v:6:9: warning: program definition is unused [-Wunused-def]
program main;
        ^
../../src/github/sv-tests/third_party/tests/ivtest/ivltests/sv_class10.v:23:13: error: language feature not yet supported
      obj = new;
            ^~~
../../src/github/sv-tests/third_party/tests/ivtest/ivltests/sv_class10.v:26:10: error: invalid member access for type &#39;foo_t&#39;
      obj.a = &#39;hf_ff;
      ~~~^~
../../src/github/sv-tests/third_party/tests/ivtest/ivltests/sv_class10.v:27:10: error: invalid member access for type &#39;foo_t&#39;
      obj.b = new;
      ~~~^~
../../src/github/sv-tests/third_party/tests/ivtest/ivltests/sv_class10.v:27:15: error: language feature not yet supported
      obj.b = new;
              ^~~
../../src/github/sv-tests/third_party/tests/ivtest/ivltests/sv_class10.v:29:16: error: invalid member access for type &#39;foo_t&#39;
      tmp = obj.b;
            ~~~^~
../../src/github/sv-tests/third_party/tests/ivtest/ivltests/sv_class10.v:30:10: error: invalid member access for type &#39;bar_t&#39;
      tmp.a = 0;
      ~~~^~
../../src/github/sv-tests/third_party/tests/ivtest/ivltests/sv_class10.v:31:10: error: invalid member access for type &#39;bar_t&#39;
      tmp.b = 1;
      ~~~^~
../../src/github/sv-tests/third_party/tests/ivtest/ivltests/sv_class10.v:33:14: error: invalid member access for type &#39;foo_t&#39;
      if (obj.a != -1) begin
          ~~~^~
../../src/github/sv-tests/third_party/tests/ivtest/ivltests/sv_class10.v:34:56: error: invalid member access for type &#39;foo_t&#39;
	 $display(&#34;FAILED -- assign to object: obj.a=%0d&#34;, obj.a);
	                                                   ~~~^~
../../src/github/sv-tests/third_party/tests/ivtest/ivltests/sv_class10.v:38:14: error: invalid member access for type &#39;bar_t&#39;
      if (tmp.a != 0 || tmp.b != 1) begin
          ~~~^~
../../src/github/sv-tests/third_party/tests/ivtest/ivltests/sv_class10.v:38:28: error: invalid member access for type &#39;bar_t&#39;
      if (tmp.a != 0 || tmp.b != 1) begin
                        ~~~^~
../../src/github/sv-tests/third_party/tests/ivtest/ivltests/sv_class10.v:39:53: error: invalid member access for type &#39;bar_t&#39;
	 $display(&#34;FAILED -- obj.b.a=%0d, obj.b.b=%0d&#34;, tmp.a, tmp.b);
	                                                ~~~^~
../../src/github/sv-tests/third_party/tests/ivtest/ivltests/sv_class10.v:39:60: error: invalid member access for type &#39;bar_t&#39;
	 $display(&#34;FAILED -- obj.b.a=%0d, obj.b.b=%0d&#34;, tmp.a, tmp.b);
	                                                       ~~~^~
warning: no top-level modules found in design [-Wno-top]

Build failed: 13 errors, 2 warnings

</pre>
</body>