<head>
  <style>
    .log { font-family: "Courier New", Consolas, monospace; font-size: 80%; }
    .test-failed { background-color: #ffaaaa; }
    .test-passed { background-color: #aaffaa; }
  </style>
</head>
<body>
<h3><a href="https://github.com/MikePopoloski/slang" target="_blank">slang</a></h3>
<pre class="test-failed">
description: Test imported from ivtest
rc: 1 (means success: 0)
tags: ivtest
incdirs: /tmpfs/src/github/sv-tests/third_party/tests/ivtest /tmpfs/src/github/sv-tests/third_party/tests/ivtest/ivltests
top_module: 
type: parsing
mode: parsing
files: <a href="../../../../third_party/tests/ivtest/ivltests/sv_class12.v.html" target="file-frame">third_party/tests/ivtest/ivltests/sv_class12.v</a>
defines: 
time_elapsed: 0.003s
ram usage: 9068 KB
</pre>
<pre class="log">

slang-driver --single-unit -I /tmpfs/src/github/sv-tests/third_party/tests/ivtest -I /tmpfs/src/github/sv-tests/third_party/tests/ivtest/ivltests <a href="../../../../third_party/tests/ivtest/ivltests/sv_class12.v.html" target="file-frame">third_party/tests/ivtest/ivltests/sv_class12.v</a>
../../src/github/sv-tests/third_party/tests/ivtest/ivltests/sv_class12.v:6:9: warning: program definition is unused [-Wunused-def]
program main;
        ^
../../src/github/sv-tests/third_party/tests/ivtest/ivltests/sv_class12.v:31:14: error: language feature not yet supported
      obj1 = new;
             ^~~
../../src/github/sv-tests/third_party/tests/ivtest/ivltests/sv_class12.v:32:15: error: invalid member access for type &#39;foo_t&#39;
      if (obj1.value !== 42) begin
          ~~~~^~~~~~
../../src/github/sv-tests/third_party/tests/ivtest/ivltests/sv_class12.v:33:65: error: invalid member access for type &#39;foo_t&#39;
	 $display(&#34;FAILED -- Default constructor left value=%0d.&#34;, obj1.value);
	                                                           ~~~~^~~~~~
../../src/github/sv-tests/third_party/tests/ivtest/ivltests/sv_class12.v:37:14: error: language feature not yet supported
      obj2 = new(53);
             ^~~~~~~
../../src/github/sv-tests/third_party/tests/ivtest/ivltests/sv_class12.v:38:15: error: invalid member access for type &#39;bar_t&#39;
      if (obj2.value !== 53) begin
          ~~~~^~~~~~
../../src/github/sv-tests/third_party/tests/ivtest/ivltests/sv_class12.v:39:66: error: invalid member access for type &#39;bar_t&#39;
	 $display(&#34;FAILED -- new(53) constructure left value=%0d.&#34;, obj2.value);
	                                                            ~~~~^~~~~~
warning: no top-level modules found in design [-Wno-top]

Build failed: 6 errors, 2 warnings

</pre>
</body>