<head>
  <style>
    .log { font-family: "Courier New", Consolas, monospace; font-size: 80%; }
    .test-failed { background-color: #ffaaaa; }
    .test-passed { background-color: #aaffaa; }
  </style>
</head>
<body>
<h3><a href="https://github.com/MikePopoloski/slang" target="_blank">slang</a></h3>
<pre class="test-failed">
description: Test imported from ivtest
rc: 1 (means success: 0)
tags: ivtest
incdirs: /tmpfs/src/github/sv-tests/third_party/tests/ivtest /tmpfs/src/github/sv-tests/third_party/tests/ivtest/ivltests
top_module: 
type: parsing
mode: parsing
files: <a href="../../../../third_party/tests/ivtest/ivltests/sv_class17.v.html" target="file-frame">third_party/tests/ivtest/ivltests/sv_class17.v</a>
defines: 
time_elapsed: 0.002s
ram usage: 8996 KB
</pre>
<pre class="log">

slang-driver --single-unit -I /tmpfs/src/github/sv-tests/third_party/tests/ivtest -I /tmpfs/src/github/sv-tests/third_party/tests/ivtest/ivltests <a href="../../../../third_party/tests/ivtest/ivltests/sv_class17.v.html" target="file-frame">third_party/tests/ivtest/ivltests/sv_class17.v</a>
../../src/github/sv-tests/third_party/tests/ivtest/ivltests/sv_class17.v:6:9: warning: program definition is unused [-Wunused-def]
program main;
        ^
../../src/github/sv-tests/third_party/tests/ivtest/ivltests/sv_class17.v:19:14: error: language feature not yet supported
      obj1 = new;
             ^~~
../../src/github/sv-tests/third_party/tests/ivtest/ivltests/sv_class17.v:24:11: error: invalid member access for type &#39;foo_t&#39;
      obj1.int_value = 43;
      ~~~~^~~~~~~~~~
../../src/github/sv-tests/third_party/tests/ivtest/ivltests/sv_class17.v:25:11: error: invalid member access for type &#39;foo_t&#39;
      obj1.bit_value = 10;
      ~~~~^~~~~~~~~~
../../src/github/sv-tests/third_party/tests/ivtest/ivltests/sv_class17.v:26:11: error: invalid member access for type &#39;foo_t&#39;
      obj1.txt_value = &#34;fluf&#34;;
      ~~~~^~~~~~~~~~
../../src/github/sv-tests/third_party/tests/ivtest/ivltests/sv_class17.v:27:14: error: language feature not yet supported
      obj2 = new obj1;
             ^~~~~~~~
../../src/github/sv-tests/third_party/tests/ivtest/ivltests/sv_class17.v:29:15: error: invalid member access for type &#39;foo_t&#39;
      if (obj2.int_value !== 43) begin
          ~~~~^~~~~~~~~~
../../src/github/sv-tests/third_party/tests/ivtest/ivltests/sv_class17.v:30:49: error: invalid member access for type &#39;foo_t&#39;
	 $display(&#34;FAILED -- obj2.int_value=%0d.&#34;, obj2.int_value);
	                                           ~~~~^~~~~~~~~~
../../src/github/sv-tests/third_party/tests/ivtest/ivltests/sv_class17.v:34:15: error: invalid member access for type &#39;foo_t&#39;
      if (obj2.bit_value !== 4&#39;d10) begin
          ~~~~^~~~~~~~~~
../../src/github/sv-tests/third_party/tests/ivtest/ivltests/sv_class17.v:35:49: error: invalid member access for type &#39;foo_t&#39;
	 $display(&#34;FAILED -- obj2.bit_value=%0b.&#34;, obj2.bit_value);
	                                           ~~~~^~~~~~~~~~
../../src/github/sv-tests/third_party/tests/ivtest/ivltests/sv_class17.v:39:15: error: invalid member access for type &#39;foo_t&#39;
      if (obj2.txt_value != &#34;fluf&#34;) begin
          ~~~~^~~~~~~~~~
../../src/github/sv-tests/third_party/tests/ivtest/ivltests/sv_class17.v:40:47: error: invalid member access for type &#39;foo_t&#39;
	 $display(&#34;FAILED -- obj2.txt_value=%s&#34;, obj2.txt_value);
	                                         ~~~~^~~~~~~~~~
warning: no top-level modules found in design [-Wno-top]

Build failed: 11 errors, 2 warnings

</pre>
</body>