<head>
  <style>
    .log { font-family: "Courier New", Consolas, monospace; font-size: 80%; }
    .test-failed { background-color: #ffaaaa; }
    .test-passed { background-color: #aaffaa; }
  </style>
</head>
<body>
<h3><a href="https://github.com/MikePopoloski/slang" target="_blank">slang</a></h3>
<pre class="test-failed">
description: Test imported from ivtest
rc: 1 (means success: 0)
tags: ivtest
incdirs: /tmpfs/src/github/sv-tests/third_party/tests/ivtest /tmpfs/src/github/sv-tests/third_party/tests/ivtest/ivltests
top_module: 
type: parsing
mode: parsing
files: <a href="../../../../third_party/tests/ivtest/ivltests/sv_class14.v.html" target="file-frame">third_party/tests/ivtest/ivltests/sv_class14.v</a>
defines: 
time_elapsed: 0.003s
ram usage: 9192 KB
</pre>
<pre class="log">

slang-driver --single-unit -I /tmpfs/src/github/sv-tests/third_party/tests/ivtest -I /tmpfs/src/github/sv-tests/third_party/tests/ivtest/ivltests <a href="../../../../third_party/tests/ivtest/ivltests/sv_class14.v.html" target="file-frame">third_party/tests/ivtest/ivltests/sv_class14.v</a>
../../src/github/sv-tests/third_party/tests/ivtest/ivltests/sv_class14.v:6:9: warning: program definition is unused [-Wunused-def]
program main;
        ^
../../src/github/sv-tests/third_party/tests/ivtest/ivltests/sv_class14.v:24:14: error: language feature not yet supported
      obj1 = new;
             ^~~
../../src/github/sv-tests/third_party/tests/ivtest/ivltests/sv_class14.v:25:11: error: invalid member access for type &#39;foo_t&#39;
      obj1.common = new;
      ~~~~^~~~~~~
../../src/github/sv-tests/third_party/tests/ivtest/ivltests/sv_class14.v:25:21: error: language feature not yet supported
      obj1.common = new;
                    ^~~
../../src/github/sv-tests/third_party/tests/ivtest/ivltests/sv_class14.v:26:11: error: invalid member access for type &#39;foo_t&#39;
      obj1.value = 42;
      ~~~~^~~~~~
../../src/github/sv-tests/third_party/tests/ivtest/ivltests/sv_class14.v:27:11: error: invalid member access for type &#39;foo_t&#39;
      obj1.text = &#34;text&#34;;
      ~~~~^~~~~
../../src/github/sv-tests/third_party/tests/ivtest/ivltests/sv_class14.v:28:17: error: invalid member access for type &#39;foo_t&#39;
      tmp = obj1.common;
            ~~~~^~~~~~~
../../src/github/sv-tests/third_party/tests/ivtest/ivltests/sv_class14.v:29:10: error: invalid member access for type &#39;share_t&#39;
      tmp.value = 54;
      ~~~^~~~~~
../../src/github/sv-tests/third_party/tests/ivtest/ivltests/sv_class14.v:31:15: error: invalid member access for type &#39;foo_t&#39;
      if (obj1.value !== 42) begin
          ~~~~^~~~~~
../../src/github/sv-tests/third_party/tests/ivtest/ivltests/sv_class14.v:32:45: error: invalid member access for type &#39;foo_t&#39;
	 $display(&#34;FAILED -- obj1.value=%0d.&#34;, obj1.value);
	                                       ~~~~^~~~~~
../../src/github/sv-tests/third_party/tests/ivtest/ivltests/sv_class14.v:36:15: error: invalid member access for type &#39;foo_t&#39;
      if (obj1.text != &#34;text&#34;) begin
          ~~~~^~~~~
../../src/github/sv-tests/third_party/tests/ivtest/ivltests/sv_class14.v:37:42: error: invalid member access for type &#39;foo_t&#39;
	 $display(&#34;FAILED -- obj1.text=%s&#34;, obj1.text);
	                                    ~~~~^~~~~
../../src/github/sv-tests/third_party/tests/ivtest/ivltests/sv_class14.v:41:17: error: invalid member access for type &#39;foo_t&#39;
      tmp = obj1.common;
            ~~~~^~~~~~~
../../src/github/sv-tests/third_party/tests/ivtest/ivltests/sv_class14.v:42:14: error: invalid member access for type &#39;share_t&#39;
      if (tmp.value !== 54) begin
          ~~~^~~~~~
../../src/github/sv-tests/third_party/tests/ivtest/ivltests/sv_class14.v:43:51: error: invalid member access for type &#39;share_t&#39;
	 $display(&#34;FAILED -- obj1.common.value=%0d.&#34;, tmp.value);
	                                              ~~~^~~~~~
../../src/github/sv-tests/third_party/tests/ivtest/ivltests/sv_class14.v:47:14: error: language feature not yet supported
      obj2 = new obj1;
             ^~~~~~~~
../../src/github/sv-tests/third_party/tests/ivtest/ivltests/sv_class14.v:48:11: error: invalid member access for type &#39;foo_t&#39;
      obj1.value = 43;
      ~~~~^~~~~~
../../src/github/sv-tests/third_party/tests/ivtest/ivltests/sv_class14.v:49:11: error: invalid member access for type &#39;foo_t&#39;
      obj1.text = &#34;new text&#34;;
      ~~~~^~~~~
../../src/github/sv-tests/third_party/tests/ivtest/ivltests/sv_class14.v:50:17: error: invalid member access for type &#39;foo_t&#39;
      tmp = obj1.common;
            ~~~~^~~~~~~
../../src/github/sv-tests/third_party/tests/ivtest/ivltests/sv_class14.v:51:10: error: invalid member access for type &#39;share_t&#39;
      tmp.value = 53;
      ~~~^~~~~~
../../src/github/sv-tests/third_party/tests/ivtest/ivltests/sv_class14.v:53:15: error: invalid member access for type &#39;foo_t&#39;
      if (obj1.value !== 43) begin
          ~~~~^~~~~~
fatal error: too many errors emitted, stopping now [--error-limit=]

Build failed: 20 errors, 1 warning

</pre>
</body>