<head>
  <style>
    .log { font-family: "Courier New", Consolas, monospace; font-size: 80%; }
    .test-failed { background-color: #ffaaaa; }
    .test-passed { background-color: #aaffaa; }
  </style>
</head>
<body>
<h3><a href="https://github.com/MikePopoloski/slang" target="_blank">slang</a></h3>
<pre class="test-failed">
description: Test imported from ivtest
rc: 1 (means success: 0)
tags: ivtest
incdirs: /tmpfs/src/github/sv-tests/third_party/tests/ivtest /tmpfs/src/github/sv-tests/third_party/tests/ivtest/ivltests
top_module: 
type: parsing
mode: parsing
files: <a href="../../../../third_party/tests/ivtest/ivltests/sv_class22.v.html" target="file-frame">third_party/tests/ivtest/ivltests/sv_class22.v</a>
defines: 
time_elapsed: 0.003s
ram usage: 9200 KB
</pre>
<pre class="log">

slang-driver --single-unit -I /tmpfs/src/github/sv-tests/third_party/tests/ivtest -I /tmpfs/src/github/sv-tests/third_party/tests/ivtest/ivltests <a href="../../../../third_party/tests/ivtest/ivltests/sv_class22.v.html" target="file-frame">third_party/tests/ivtest/ivltests/sv_class22.v</a>
../../src/github/sv-tests/third_party/tests/ivtest/ivltests/sv_class22.v:2:9: warning: program definition is unused [-Wunused-def]
program main;
        ^
../../src/github/sv-tests/third_party/tests/ivtest/ivltests/sv_class22.v:21:14: error: language feature not yet supported
      obj1 = new;
             ^~~
../../src/github/sv-tests/third_party/tests/ivtest/ivltests/sv_class22.v:23:15: error: invalid member access for type &#39;foo_t&#39;
      if (obj1.int_value !== 42) begin
          ~~~~^~~~~~~~~~
../../src/github/sv-tests/third_party/tests/ivtest/ivltests/sv_class22.v:24:50: error: invalid member access for type &#39;foo_t&#39;
	 $display(&#34;FAILED -- obj1.int_value = %0d&#34;, obj1.int_value);
	                                            ~~~~^~~~~~~~~~
../../src/github/sv-tests/third_party/tests/ivtest/ivltests/sv_class22.v:28:15: error: invalid member access for type &#39;foo_t&#39;
      if (obj1.str_value != &#34;42&#34;) begin
          ~~~~^~~~~~~~~~
../../src/github/sv-tests/third_party/tests/ivtest/ivltests/sv_class22.v:29:50: error: invalid member access for type &#39;foo_t&#39;
	 $display(&#34;FAILED -- obj1.str_value = %0s&#34;, obj1.str_value);
	                                            ~~~~^~~~~~~~~~
warning: no top-level modules found in design [-Wno-top]

Build failed: 5 errors, 2 warnings

</pre>
</body>