<head>
  <style>
    .log { font-family: "Courier New", Consolas, monospace; font-size: 80%; }
    .test-failed { background-color: #ffaaaa; }
    .test-passed { background-color: #aaffaa; }
  </style>
</head>
<body>
<h3><a href="https://github.com/MikePopoloski/slang" target="_blank">slang</a></h3>
<pre class="test-failed">
description: Test imported from ivtest
rc: 1 (means success: 0)
tags: ivtest
incdirs: /tmpfs/src/github/sv-tests/third_party/tests/ivtest /tmpfs/src/github/sv-tests/third_party/tests/ivtest/ivltests
top_module: 
type: parsing
mode: parsing
files: <a href="../../../../third_party/tests/ivtest/ivltests/sv_class18.v.html" target="file-frame">third_party/tests/ivtest/ivltests/sv_class18.v</a>
defines: 
time_elapsed: 0.003s
ram usage: 9004 KB
</pre>
<pre class="log">

slang-driver --single-unit -I /tmpfs/src/github/sv-tests/third_party/tests/ivtest -I /tmpfs/src/github/sv-tests/third_party/tests/ivtest/ivltests <a href="../../../../third_party/tests/ivtest/ivltests/sv_class18.v.html" target="file-frame">third_party/tests/ivtest/ivltests/sv_class18.v</a>
../../src/github/sv-tests/third_party/tests/ivtest/ivltests/sv_class18.v:7:9: warning: program definition is unused [-Wunused-def]
program main;
        ^
../../src/github/sv-tests/third_party/tests/ivtest/ivltests/sv_class18.v:25:14: error: language feature not yet supported
      obj1 = new;
             ^~~
../../src/github/sv-tests/third_party/tests/ivtest/ivltests/sv_class18.v:27:15: error: invalid member access for type &#39;foo_t&#39;
      if (obj1.int_incr !== 1) begin
          ~~~~^~~~~~~~~
../../src/github/sv-tests/third_party/tests/ivtest/ivltests/sv_class18.v:28:48: error: invalid member access for type &#39;foo_t&#39;
	 $display(&#34;FAILED == obj1.int_incr=%0d.&#34;, obj1.int_incr);
	                                          ~~~~^~~~~~~~~
../../src/github/sv-tests/third_party/tests/ivtest/ivltests/sv_class18.v:32:15: error: invalid member access for type &#39;foo_t&#39;
      if (obj1.int_value !== 43) begin
          ~~~~^~~~~~~~~~
../../src/github/sv-tests/third_party/tests/ivtest/ivltests/sv_class18.v:33:49: error: invalid member access for type &#39;foo_t&#39;
	 $display(&#34;FAILED -- obj1.int_value=%0d.&#34;, obj1.int_value);
	                                           ~~~~^~~~~~~~~~
../../src/github/sv-tests/third_party/tests/ivtest/ivltests/sv_class18.v:38:14: error: language feature not yet supported
      obj2 = new obj1;
             ^~~~~~~~
../../src/github/sv-tests/third_party/tests/ivtest/ivltests/sv_class18.v:39:15: error: invalid member access for type &#39;foo_t&#39;
      if (obj2.int_incr !== 1) begin
          ~~~~^~~~~~~~~
../../src/github/sv-tests/third_party/tests/ivtest/ivltests/sv_class18.v:40:48: error: invalid member access for type &#39;foo_t&#39;
	 $display(&#34;FAILED == obj2.int_incr=%0d.&#34;, obj2.int_incr);
	                                          ~~~~^~~~~~~~~
../../src/github/sv-tests/third_party/tests/ivtest/ivltests/sv_class18.v:44:15: error: invalid member access for type &#39;foo_t&#39;
      if (obj2.int_value !== 43) begin
          ~~~~^~~~~~~~~~
../../src/github/sv-tests/third_party/tests/ivtest/ivltests/sv_class18.v:45:49: error: invalid member access for type &#39;foo_t&#39;
	 $display(&#34;FAILED -- obj2.int_value=%0d.&#34;, obj2.int_value);
	                                           ~~~~^~~~~~~~~~
warning: no top-level modules found in design [-Wno-top]

Build failed: 10 errors, 2 warnings

</pre>
</body>