<head>
  <style>
    .log { font-family: "Courier New", Consolas, monospace; font-size: 80%; }
    .test-failed { background-color: #ffaaaa; }
    .test-passed { background-color: #aaffaa; }
  </style>
</head>
<body>
<h3><a href="https://github.com/MikePopoloski/slang" target="_blank">slang</a></h3>
<pre class="test-failed">
description: Test imported from ivtest
rc: 1 (means success: 0)
tags: ivtest
incdirs: /tmpfs/src/github/sv-tests/third_party/tests/ivtest /tmpfs/src/github/sv-tests/third_party/tests/ivtest/ivltests
top_module: 
type: parsing
mode: parsing
files: <a href="../../../../third_party/tests/ivtest/ivltests/sv_class13.v.html" target="file-frame">third_party/tests/ivtest/ivltests/sv_class13.v</a>
defines: 
time_elapsed: 0.003s
ram usage: 9132 KB
</pre>
<pre class="log">

slang-driver --single-unit -I /tmpfs/src/github/sv-tests/third_party/tests/ivtest -I /tmpfs/src/github/sv-tests/third_party/tests/ivtest/ivltests <a href="../../../../third_party/tests/ivtest/ivltests/sv_class13.v.html" target="file-frame">third_party/tests/ivtest/ivltests/sv_class13.v</a>
../../src/github/sv-tests/third_party/tests/ivtest/ivltests/sv_class13.v:6:9: warning: program definition is unused [-Wunused-def]
program main;
        ^
../../src/github/sv-tests/third_party/tests/ivtest/ivltests/sv_class13.v:32:14: error: language feature not yet supported
      obj1 = new;
             ^~~
../../src/github/sv-tests/third_party/tests/ivtest/ivltests/sv_class13.v:33:15: error: invalid member access for type &#39;foo_t&#39;
      if (obj1.value !== 42) begin
          ~~~~^~~~~~
../../src/github/sv-tests/third_party/tests/ivtest/ivltests/sv_class13.v:34:65: error: invalid member access for type &#39;foo_t&#39;
	 $display(&#34;FAILED -- Default constructor left value=%0d.&#34;, obj1.value);
	                                                           ~~~~^~~~~~
../../src/github/sv-tests/third_party/tests/ivtest/ivltests/sv_class13.v:38:14: error: language feature not yet supported
      obj2 = new(53);
             ^~~~~~~
../../src/github/sv-tests/third_party/tests/ivtest/ivltests/sv_class13.v:39:15: error: invalid member access for type &#39;bar_t&#39;
      if (obj2.value !== 53) begin
          ~~~~^~~~~~
../../src/github/sv-tests/third_party/tests/ivtest/ivltests/sv_class13.v:40:66: error: invalid member access for type &#39;bar_t&#39;
	 $display(&#34;FAILED -- new(53) constructure left value=%0d.&#34;, obj2.value);
	                                                            ~~~~^~~~~~
../../src/github/sv-tests/third_party/tests/ivtest/ivltests/sv_class13.v:45:15: error: language feature not yet supported
      obj1b = new obj1;
              ^~~~~~~~
../../src/github/sv-tests/third_party/tests/ivtest/ivltests/sv_class13.v:46:16: error: invalid member access for type &#39;foo_t&#39;
      if (obj1b.value !== 42) begin
          ~~~~~^~~~~~
../../src/github/sv-tests/third_party/tests/ivtest/ivltests/sv_class13.v:47:71: error: invalid member access for type &#39;foo_t&#39;
	 $display(&#34;FAILED -- Shallow copy constructor left value=%0d.&#34;, obj1b.value);
	                                                                ~~~~~^~~~~~
../../src/github/sv-tests/third_party/tests/ivtest/ivltests/sv_class13.v:51:11: error: invalid member access for type &#39;foo_t&#39;
      obj1.value = 85;
      ~~~~^~~~~~
../../src/github/sv-tests/third_party/tests/ivtest/ivltests/sv_class13.v:52:16: error: invalid member access for type &#39;foo_t&#39;
      if (obj1b.value !== 42) begin
          ~~~~~^~~~~~
../../src/github/sv-tests/third_party/tests/ivtest/ivltests/sv_class13.v:53:67: error: invalid member access for type &#39;foo_t&#39;
	 $display(&#34;FAILED -- Shallow copied value changed to %0d.&#34;, obj1b.value);
	                                                            ~~~~~^~~~~~
warning: no top-level modules found in design [-Wno-top]

Build failed: 12 errors, 2 warnings

</pre>
</body>