<head>
  <style>
    .log { font-family: "Courier New", Consolas, monospace; font-size: 80%; }
    .test-failed { background-color: #ffaaaa; }
    .test-passed { background-color: #aaffaa; }
  </style>
</head>
<body>
<h3><a href="https://github.com/MikePopoloski/slang" target="_blank">slang</a></h3>
<pre class="test-failed">
description: Test imported from ivtest
rc: 1 (means success: 0)
tags: ivtest
incdirs: /tmpfs/src/github/sv-tests/third_party/tests/ivtest /tmpfs/src/github/sv-tests/third_party/tests/ivtest/ivltests
top_module: 
type: parsing
mode: parsing
files: <a href="../../../../third_party/tests/ivtest/ivltests/sv_class11.v.html" target="file-frame">third_party/tests/ivtest/ivltests/sv_class11.v</a>
defines: 
time_elapsed: 0.003s
ram usage: 9016 KB
</pre>
<pre class="log">

slang-driver --single-unit -I /tmpfs/src/github/sv-tests/third_party/tests/ivtest -I /tmpfs/src/github/sv-tests/third_party/tests/ivtest/ivltests <a href="../../../../third_party/tests/ivtest/ivltests/sv_class11.v.html" target="file-frame">third_party/tests/ivtest/ivltests/sv_class11.v</a>
../../src/github/sv-tests/third_party/tests/ivtest/ivltests/sv_class11.v:6:9: warning: program definition is unused [-Wunused-def]
program main;
        ^
../../src/github/sv-tests/third_party/tests/ivtest/ivltests/sv_class11.v:17:3: error: language feature not yet supported
	 this.value_ = this.value_ + x;
	 ^~~~~~~~~~~
../../src/github/sv-tests/third_party/tests/ivtest/ivltests/sv_class11.v:17:17: error: language feature not yet supported
	 this.value_ = this.value_ + x;
	               ^~~~~~~~~~~
../../src/github/sv-tests/third_party/tests/ivtest/ivltests/sv_class11.v:36:13: error: language feature not yet supported
      obj = new;
            ^~~
../../src/github/sv-tests/third_party/tests/ivtest/ivltests/sv_class11.v:38:10: error: invalid member access for type &#39;foo_t&#39;
      obj.clear();
      ~~~^~~~~~
../../src/github/sv-tests/third_party/tests/ivtest/ivltests/sv_class11.v:39:14: error: invalid member access for type &#39;foo_t&#39;
      if (obj.peek() != 0) begin
          ~~~^~~~~
../../src/github/sv-tests/third_party/tests/ivtest/ivltests/sv_class11.v:40:56: error: invalid member access for type &#39;foo_t&#39;
	 $display(&#34;FAILED -- obj.value_=%0d after clear.&#34;, obj.value_);
	                                                   ~~~^~~~~~~
../../src/github/sv-tests/third_party/tests/ivtest/ivltests/sv_class11.v:44:10: error: invalid member access for type &#39;foo_t&#39;
      obj.add(5);
      ~~~^~~~
../../src/github/sv-tests/third_party/tests/ivtest/ivltests/sv_class11.v:45:14: error: invalid member access for type &#39;foo_t&#39;
      if (obj.peek() != 5) begin
          ~~~^~~~~
../../src/github/sv-tests/third_party/tests/ivtest/ivltests/sv_class11.v:46:57: error: invalid member access for type &#39;foo_t&#39;
	 $display(&#34;FAILED -- obj.value_=%0d after add(5).&#34;, obj.value_);
	                                                    ~~~^~~~~~~
../../src/github/sv-tests/third_party/tests/ivtest/ivltests/sv_class11.v:50:14: error: invalid member access for type &#39;foo_t&#39;
      if (obj.is_multiple(2) != 0) begin
          ~~~^~~~~~~~~~~~
../../src/github/sv-tests/third_party/tests/ivtest/ivltests/sv_class11.v:55:10: error: invalid member access for type &#39;foo_t&#39;
      obj.add(3);
      ~~~^~~~
../../src/github/sv-tests/third_party/tests/ivtest/ivltests/sv_class11.v:56:14: error: invalid member access for type &#39;foo_t&#39;
      if (obj.peek() != 8) begin
          ~~~^~~~~
../../src/github/sv-tests/third_party/tests/ivtest/ivltests/sv_class11.v:57:57: error: invalid member access for type &#39;foo_t&#39;
	 $display(&#34;FAILED -- obj.value_=%0d after add(3).&#34;, obj.value_);
	                                                    ~~~^~~~~~~
../../src/github/sv-tests/third_party/tests/ivtest/ivltests/sv_class11.v:61:14: error: invalid member access for type &#39;foo_t&#39;
      if (obj.is_multiple(2) == 0) begin
          ~~~^~~~~~~~~~~~
../../src/github/sv-tests/third_party/tests/ivtest/ivltests/sv_class11.v:66:10: error: invalid member access for type &#39;foo_t&#39;
      obj.clear();
      ~~~^~~~~~
../../src/github/sv-tests/third_party/tests/ivtest/ivltests/sv_class11.v:67:14: error: invalid member access for type &#39;foo_t&#39;
      if (obj.peek() != 0) begin
          ~~~^~~~~
../../src/github/sv-tests/third_party/tests/ivtest/ivltests/sv_class11.v:68:63: error: invalid member access for type &#39;foo_t&#39;
	 $display(&#34;FAILED -- obj.value_=%0d after second clear.&#34;, obj.value_);
	                                                          ~~~^~~~~~~
warning: no top-level modules found in design [-Wno-top]

Build failed: 17 errors, 2 warnings

</pre>
</body>