<head>
  <style>
    .log { font-family: "Courier New", Consolas, monospace; font-size: 80%; }
    .test-failed { background-color: #ffaaaa; }
    .test-passed { background-color: #aaffaa; }
  </style>
</head>
<body>
<h3><a href="https://github.com/MikePopoloski/slang" target="_blank">slang</a></h3>
<pre class="test-failed">
description: Test imported from ivtest
rc: 1 (means success: 0)
tags: ivtest
incdirs: /tmpfs/src/github/sv-tests/third_party/tests/ivtest /tmpfs/src/github/sv-tests/third_party/tests/ivtest/ivltests
top_module: 
type: parsing
mode: parsing
files: <a href="../../../../third_party/tests/ivtest/ivltests/sv_class4.v.html" target="file-frame">third_party/tests/ivtest/ivltests/sv_class4.v</a>
defines: 
time_elapsed: 0.003s
ram usage: 9044 KB
</pre>
<pre class="log">

slang-driver --single-unit -I /tmpfs/src/github/sv-tests/third_party/tests/ivtest -I /tmpfs/src/github/sv-tests/third_party/tests/ivtest/ivltests <a href="../../../../third_party/tests/ivtest/ivltests/sv_class4.v.html" target="file-frame">third_party/tests/ivtest/ivltests/sv_class4.v</a>
../../src/github/sv-tests/third_party/tests/ivtest/ivltests/sv_class4.v:6:9: warning: program definition is unused [-Wunused-def]
program main;
        ^
../../src/github/sv-tests/third_party/tests/ivtest/ivltests/sv_class4.v:17:13: error: language feature not yet supported
      obj = new;
            ^~~
../../src/github/sv-tests/third_party/tests/ivtest/ivltests/sv_class4.v:20:10: error: invalid member access for type &#39;foo_t&#39;
      obj.a = &#39;hf_ffffffff;
      ~~~^~
../../src/github/sv-tests/third_party/tests/ivtest/ivltests/sv_class4.v:21:10: error: invalid member access for type &#39;foo_t&#39;
      obj.b = &#39;hf_ffffffff;
      ~~~^~
../../src/github/sv-tests/third_party/tests/ivtest/ivltests/sv_class4.v:23:14: error: invalid member access for type &#39;foo_t&#39;
      if (obj.a != -1 || obj.b != &#39;d4_294_967_295) begin
          ~~~^~
../../src/github/sv-tests/third_party/tests/ivtest/ivltests/sv_class4.v:23:29: error: invalid member access for type &#39;foo_t&#39;
      if (obj.a != -1 || obj.b != &#39;d4_294_967_295) begin
                         ~~~^~
../../src/github/sv-tests/third_party/tests/ivtest/ivltests/sv_class4.v:24:67: error: invalid member access for type &#39;foo_t&#39;
	 $display(&#34;FAILED -- assign to object: obj.a=%0d, obj.b=%0d&#34;, obj.a, obj.b);
	                                                              ~~~^~
../../src/github/sv-tests/third_party/tests/ivtest/ivltests/sv_class4.v:24:74: error: invalid member access for type &#39;foo_t&#39;
	 $display(&#34;FAILED -- assign to object: obj.a=%0d, obj.b=%0d&#34;, obj.a, obj.b);
	                                                                     ~~~^~
../../src/github/sv-tests/third_party/tests/ivtest/ivltests/sv_class4.v:28:10: error: invalid member access for type &#39;foo_t&#39;
      obj.a = obj.a + 1;
      ~~~^~
../../src/github/sv-tests/third_party/tests/ivtest/ivltests/sv_class4.v:28:18: error: invalid member access for type &#39;foo_t&#39;
      obj.a = obj.a + 1;
              ~~~^~
../../src/github/sv-tests/third_party/tests/ivtest/ivltests/sv_class4.v:29:10: error: invalid member access for type &#39;foo_t&#39;
      obj.b = obj.b + 1;
      ~~~^~
../../src/github/sv-tests/third_party/tests/ivtest/ivltests/sv_class4.v:29:18: error: invalid member access for type &#39;foo_t&#39;
      obj.b = obj.b + 1;
              ~~~^~
../../src/github/sv-tests/third_party/tests/ivtest/ivltests/sv_class4.v:30:14: error: invalid member access for type &#39;foo_t&#39;
      if (obj.a != 0 || obj.b != 0) begin
          ~~~^~
../../src/github/sv-tests/third_party/tests/ivtest/ivltests/sv_class4.v:30:28: error: invalid member access for type &#39;foo_t&#39;
      if (obj.a != 0 || obj.b != 0) begin
                        ~~~^~
../../src/github/sv-tests/third_party/tests/ivtest/ivltests/sv_class4.v:31:71: error: invalid member access for type &#39;foo_t&#39;
	 $display(&#34;FAILED -- increment properties: obj.a=%0d, obj.b=%0d&#34;, obj.a, obj.b);
	                                                                  ~~~^~
../../src/github/sv-tests/third_party/tests/ivtest/ivltests/sv_class4.v:31:78: error: invalid member access for type &#39;foo_t&#39;
	 $display(&#34;FAILED -- increment properties: obj.a=%0d, obj.b=%0d&#34;, obj.a, obj.b);
	                                                                         ~~~^~
warning: no top-level modules found in design [-Wno-top]

Build failed: 15 errors, 2 warnings

</pre>
</body>