<head>
  <style>
    .log { font-family: "Courier New", Consolas, monospace; font-size: 80%; }
    .test-failed { background-color: #ffaaaa; }
    .test-passed { background-color: #aaffaa; }
  </style>
</head>
<body>
<h3><a href="https://github.com/MikePopoloski/slang" target="_blank">slang</a></h3>
<pre class="test-failed">
description: Test imported from ivtest
rc: 1 (means success: 0)
tags: ivtest
incdirs: /tmpfs/src/github/sv-tests/third_party/tests/ivtest /tmpfs/src/github/sv-tests/third_party/tests/ivtest/ivltests
top_module: 
type: parsing
mode: parsing
files: <a href="../../../../third_party/tests/ivtest/ivltests/sv_foreach4.v.html" target="file-frame">third_party/tests/ivtest/ivltests/sv_foreach4.v</a>
defines: 
time_elapsed: 0.002s
ram usage: 8928 KB
</pre>
<pre class="log">

slang-driver --single-unit -I /tmpfs/src/github/sv-tests/third_party/tests/ivtest -I /tmpfs/src/github/sv-tests/third_party/tests/ivtest/ivltests <a href="../../../../third_party/tests/ivtest/ivltests/sv_foreach4.v.html" target="file-frame">third_party/tests/ivtest/ivltests/sv_foreach4.v</a>
Top level design units:
    main

../../src/github/sv-tests/third_party/tests/ivtest/ivltests/sv_foreach4.v:45:22: error: language feature not yet supported
		 foo[idx1][idx2] = new(idx1,idx2);
		                   ^~~~~~~~~~~~~~
../../src/github/sv-tests/third_party/tests/ivtest/ivltests/sv_foreach4.v:60:13: error: invalid member access for type &#39;test_t&#39;
	    if (tmp.a !== ia[1:0] || tmp.b !== ib[2:0]) begin
	        ~~~^~
../../src/github/sv-tests/third_party/tests/ivtest/ivltests/sv_foreach4.v:60:34: error: invalid member access for type &#39;test_t&#39;
	    if (tmp.a !== ia[1:0] || tmp.b !== ib[2:0]) begin
	                             ~~~^~
../../src/github/sv-tests/third_party/tests/ivtest/ivltests/sv_foreach4.v:61:63: error: invalid member access for type &#39;test_t&#39;
	       $display(&#34;FAILED -- foo[%0d][%0d] == %b&#34;, ia, ib, {tmp.a, tmp.b});
	                                                          ~~~^~
../../src/github/sv-tests/third_party/tests/ivtest/ivltests/sv_foreach4.v:81:13: error: language feature not yet supported
      dut = new;
            ^~~
../../src/github/sv-tests/third_party/tests/ivtest/ivltests/sv_foreach4.v:82:10: error: invalid member access for type &#39;container_t&#39;
      dut.run;
      ~~~^~~~

Build failed: 6 errors, 0 warnings

</pre>
</body>