<head>
  <style>
    .log { font-family: "Courier New", Consolas, monospace; font-size: 80%; }
    .test-failed { background-color: #ffaaaa; }
    .test-passed { background-color: #aaffaa; }
  </style>
</head>
<body>
<h3><a href="https://github.com/MikePopoloski/slang" target="_blank">slang</a></h3>
<pre class="test-failed">
description: Test imported from ivtest
rc: 1 (means success: 0)
tags: ivtest
incdirs: /tmpfs/src/github/sv-tests/third_party/tests/ivtest /tmpfs/src/github/sv-tests/third_party/tests/ivtest/ivltests
top_module: 
type: parsing
mode: parsing
files: <a href="../../../../third_party/tests/ivtest/ivltests/sv_port_default2.v.html" target="file-frame">third_party/tests/ivtest/ivltests/sv_port_default2.v</a>
defines: 
time_elapsed: 0.003s
ram usage: 9040 KB
</pre>
<pre class="log">

slang-driver --single-unit -I /tmpfs/src/github/sv-tests/third_party/tests/ivtest -I /tmpfs/src/github/sv-tests/third_party/tests/ivtest/ivltests <a href="../../../../third_party/tests/ivtest/ivltests/sv_port_default2.v.html" target="file-frame">third_party/tests/ivtest/ivltests/sv_port_default2.v</a>
../../src/github/sv-tests/third_party/tests/ivtest/ivltests/sv_port_default2.v:6:9: warning: program definition is unused [-Wunused-def]
program main;
        ^
../../src/github/sv-tests/third_party/tests/ivtest/ivltests/sv_port_default2.v:23:14: error: language feature not yet supported
      obj1 = new;
             ^~~
../../src/github/sv-tests/third_party/tests/ivtest/ivltests/sv_port_default2.v:24:11: error: invalid member access for type &#39;foo_t&#39;
      obj1.init(5, &#34;new text&#34;);
      ~~~~^~~~~
../../src/github/sv-tests/third_party/tests/ivtest/ivltests/sv_port_default2.v:25:15: error: invalid member access for type &#39;foo_t&#39;
      if (obj1.int_val != 5 || obj1.text_val != &#34;new text&#34;) begin
          ~~~~^~~~~~~~
../../src/github/sv-tests/third_party/tests/ivtest/ivltests/sv_port_default2.v:25:36: error: invalid member access for type &#39;foo_t&#39;
      if (obj1.int_val != 5 || obj1.text_val != &#34;new text&#34;) begin
                               ~~~~^~~~~~~~~
../../src/github/sv-tests/third_party/tests/ivtest/ivltests/sv_port_default2.v:26:65: error: invalid member access for type &#39;foo_t&#39;
	 $display(&#34;FAILED -- obj1.int_val=%0d, obj1.text_val=%0s&#34;, obj1.int_val, obj1.text_val);
	                                                           ~~~~^~~~~~~~
../../src/github/sv-tests/third_party/tests/ivtest/ivltests/sv_port_default2.v:26:79: error: invalid member access for type &#39;foo_t&#39;
	 $display(&#34;FAILED -- obj1.int_val=%0d, obj1.text_val=%0s&#34;, obj1.int_val, obj1.text_val);
	                                                                         ~~~~^~~~~~~~~
../../src/github/sv-tests/third_party/tests/ivtest/ivltests/sv_port_default2.v:30:14: error: language feature not yet supported
      obj1 = new;
             ^~~
../../src/github/sv-tests/third_party/tests/ivtest/ivltests/sv_port_default2.v:31:11: error: invalid member access for type &#39;foo_t&#39;
      obj1.init(7);
      ~~~~^~~~~
../../src/github/sv-tests/third_party/tests/ivtest/ivltests/sv_port_default2.v:32:15: error: invalid member access for type &#39;foo_t&#39;
      if (obj1.int_val != 7 || obj1.text_val != &#34;default text&#34;) begin
          ~~~~^~~~~~~~
../../src/github/sv-tests/third_party/tests/ivtest/ivltests/sv_port_default2.v:32:36: error: invalid member access for type &#39;foo_t&#39;
      if (obj1.int_val != 7 || obj1.text_val != &#34;default text&#34;) begin
                               ~~~~^~~~~~~~~
../../src/github/sv-tests/third_party/tests/ivtest/ivltests/sv_port_default2.v:33:65: error: invalid member access for type &#39;foo_t&#39;
	 $display(&#34;FAILED -- obj1.int_val=%0d, obj1.text_val=%0s&#34;, obj1.int_val, obj1.text_val);
	                                                           ~~~~^~~~~~~~
../../src/github/sv-tests/third_party/tests/ivtest/ivltests/sv_port_default2.v:33:79: error: invalid member access for type &#39;foo_t&#39;
	 $display(&#34;FAILED -- obj1.int_val=%0d, obj1.text_val=%0s&#34;, obj1.int_val, obj1.text_val);
	                                                                         ~~~~^~~~~~~~~
warning: no top-level modules found in design [-Wno-top]

Build failed: 12 errors, 2 warnings

</pre>
</body>