<head>
  <style>
    .log { font-family: "Courier New", Consolas, monospace; font-size: 80%; }
    .test-failed { background-color: #ffaaaa; }
    .test-passed { background-color: #aaffaa; }
  </style>
</head>
<body>
<h3><a href="http://iverilog.icarus.com/" target="_blank">icarus</a></h3>
<pre class="test-failed">
description: A module testing return statement
rc: 2 (means success: 0)
tags: 12.8 uvm-req
incdirs: /tmpfs/src/github/sv-tests/tests/chapter-12
top_module: 
type: parsing
mode: parsing
files: <a href="../../../tests/chapter-12/12.8--return.sv.html" target="file-frame">tests/chapter-12/12.8--return.sv</a>
defines: 
time_elapsed: 0.000s
ram usage: 9872 KB
</pre>
<pre class="log">

iverilog -g2012 -o iverilog.out -I/tmpfs/src/github/sv-tests/tests/chapter-12 <a href="../../../tests/chapter-12/12.8--return.sv.html" target="file-frame">tests/chapter-12/12.8--return.sv</a>
<a href="../../../tests/chapter-12/12.8--return.sv.html#l-10" target="file-frame">tests/chapter-12/12.8--return.sv:10</a>: error: Return from jump_tb.fun requires a return value expression.
<a href="../../../tests/chapter-12/12.8--return.sv.html#l-12" target="file-frame">tests/chapter-12/12.8--return.sv:12</a>: error: Return from jump_tb.fun requires a return value expression.
2 error(s) during elaboration.

</pre>
</body>