<head>
  <style>
    .log { font-family: "Courier New", Consolas, monospace; font-size: 80%; }
    .test-failed { background-color: #ffaaaa; }
    .test-passed { background-color: #aaffaa; }
  </style>
</head>
<body>
<h3><a href="https://github.com/MikePopoloski/slang" target="_blank">slang</a></h3>
<pre class="test-failed">
description: multi-dimensional array query function tests
rc: 1 (means success: 0)
tags: 20.7 uvm-req
incdirs: /tmpfs/src/github/sv-tests/tests/chapter-20
top_module: 
type: simulation parsing
mode: parsing
files: <a href="../../../tests/chapter-20/20.7--array-queries-multi-dim.sv.html" target="file-frame">tests/chapter-20/20.7--array-queries-multi-dim.sv</a>
defines: 
time_elapsed: 0.000s
ram usage: 9800 KB
</pre>
<pre class="log">

slang-driver --single-unit -I/tmpfs/src/github/sv-tests/tests/chapter-20 <a href="../../../tests/chapter-20/20.7--array-queries-multi-dim.sv.html" target="file-frame">tests/chapter-20/20.7--array-queries-multi-dim.sv</a>
../../src/github/sv-tests/tests/chapter-20/20.7--array-queries-multi-dim.sv:13:33: error: unknown system name &#39;$dimensions&#39;
	$display(&#34;:assert: (%d == 2)&#34;, $dimensions(arr));
	                               ^~~~~~~~~~~
../../src/github/sv-tests/tests/chapter-20/20.7--array-queries-multi-dim.sv:14:49: error: too many arguments to subroutine call; expected 1 but 2 were provided
	$display(&#34;:assert: (%d == 1)&#34;, $increment(arr, 2));
	                                               ^
../../src/github/sv-tests/tests/chapter-20/20.7--array-queries-multi-dim.sv:15:45: error: too many arguments to subroutine call; expected 1 but 2 were provided
	$display(&#34;:assert: (%d == 0)&#34;, $right(arr, 2));
	                                           ^
../../src/github/sv-tests/tests/chapter-20/20.7--array-queries-multi-dim.sv:16:45: error: too many arguments to subroutine call; expected 1 but 2 were provided
	$display(&#34;:assert: (%d == 31)&#34;, $left(arr, 2));
	                                           ^
../../src/github/sv-tests/tests/chapter-20/20.7--array-queries-multi-dim.sv:17:45: error: too many arguments to subroutine call; expected 1 but 2 were provided
	$display(&#34;:assert: (%d == 0)&#34;, $right(arr, 1));
	                                           ^
../../src/github/sv-tests/tests/chapter-20/20.7--array-queries-multi-dim.sv:18:45: error: too many arguments to subroutine call; expected 1 but 2 were provided
	$display(&#34;:assert: (%d == 15)&#34;, $left(arr, 1));
	                                           ^
../../src/github/sv-tests/tests/chapter-20/20.7--array-queries-multi-dim.sv:19:43: error: too many arguments to subroutine call; expected 1 but 2 were provided
	$display(&#34;:assert: (%d == 0)&#34;, $low(arr, 2));
	                                         ^
../../src/github/sv-tests/tests/chapter-20/20.7--array-queries-multi-dim.sv:20:45: error: too many arguments to subroutine call; expected 1 but 2 were provided
	$display(&#34;:assert: (%d == 31)&#34;, $high(arr, 2));
	                                           ^
../../src/github/sv-tests/tests/chapter-20/20.7--array-queries-multi-dim.sv:21:45: error: too many arguments to subroutine call; expected 1 but 2 were provided
	$display(&#34;:assert: (%d == 32)&#34;, $size(arr, 2));
	                                           ^

</pre>
</body>