<head>
  <style>
    .log { font-family: "Courier New", Consolas, monospace; font-size: 80%; }
    .test-failed { background-color: #ffaaaa; }
    .test-passed { background-color: #aaffaa; }
  </style>
</head>
<body>
<h3><a href="https://github.com/MikePopoloski/slang" target="_blank">slang</a></h3>
<pre class="test-failed">
description: Tests imported from basejump
rc: 1 (means success: 0)
tags: basejump
incdirs: /tmpfs/src/github/sv-tests/third_party/cores/basejump_stl/bsg_noc /tmpfs/src/github/sv-tests/third_party/cores/basejump_stl/bsg_misc /tmpfs/src/github/sv-tests/third_party/cores/basejump_stl/bsg_dataflow
top_module: 
type: parsing
mode: parsing
files: <a href="../../../../third_party/cores/basejump_stl/bsg_cache/bsg_cache_non_blocking_pkg.v.html" target="file-frame">third_party/cores/basejump_stl/bsg_cache/bsg_cache_non_blocking_pkg.v</a> <a href="../../../../third_party/cores/basejump_stl/bsg_cache/bsg_cache_pkg.v.html" target="file-frame">third_party/cores/basejump_stl/bsg_cache/bsg_cache_pkg.v</a> <a href="../../../../third_party/cores/basejump_stl/bsg_misc/bsg_defines.v.html" target="file-frame">third_party/cores/basejump_stl/bsg_misc/bsg_defines.v</a> <a href="../../../../third_party/cores/basejump_stl/bsg_dataflow/bsg_1_to_n_tagged_fifo_shared.v.html" target="file-frame">third_party/cores/basejump_stl/bsg_dataflow/bsg_1_to_n_tagged_fifo_shared.v</a>
defines: 
time_elapsed: 0.284s
ram usage: 136080 KB
</pre>
<pre class="log">

slang-driver --single-unit -I/tmpfs/src/github/sv-tests/third_party/cores/basejump_stl/bsg_noc -I/tmpfs/src/github/sv-tests/third_party/cores/basejump_stl/bsg_misc -I/tmpfs/src/github/sv-tests/third_party/cores/basejump_stl/bsg_dataflow <a href="../../../../third_party/cores/basejump_stl/bsg_cache/bsg_cache_non_blocking_pkg.v.html" target="file-frame">third_party/cores/basejump_stl/bsg_cache/bsg_cache_non_blocking_pkg.v</a> <a href="../../../../third_party/cores/basejump_stl/bsg_cache/bsg_cache_pkg.v.html" target="file-frame">third_party/cores/basejump_stl/bsg_cache/bsg_cache_pkg.v</a> <a href="../../../../third_party/cores/basejump_stl/bsg_misc/bsg_defines.v.html" target="file-frame">third_party/cores/basejump_stl/bsg_misc/bsg_defines.v</a> <a href="../../../../third_party/cores/basejump_stl/bsg_dataflow/bsg_1_to_n_tagged_fifo_shared.v.html" target="file-frame">third_party/cores/basejump_stl/bsg_dataflow/bsg_1_to_n_tagged_fifo_shared.v</a>
../../src/github/sv-tests/third_party/cores/basejump_stl/bsg_dataflow/bsg_1_to_n_tagged_fifo_shared.v:79:4: error: unknown module &#39;bsg_1_to_n_tagged&#39;
   bsg_1_to_n_tagged #(.num_out_p(num_out_p)) b1nt
   ^~~~~~~~~~~~~~~~~
../../src/github/sv-tests/third_party/cores/basejump_stl/bsg_dataflow/bsg_1_to_n_tagged_fifo_shared.v:96:4: error: generate loop hit maximum step limit; possible infinite loop?
   for (i = 0; i &lt; num_out_p; i=i+1)
   ^~~
../../src/github/sv-tests/third_party/cores/basejump_stl/bsg_dataflow/bsg_1_to_n_tagged_fifo_shared.v:140:4: error: unknown module &#39;bsg_round_robin_arb&#39;
   bsg_round_robin_arb #(.inputs_p(num_out_p))  rdr_arb
   ^~~~~~~~~~~~~~~~~~~
../../src/github/sv-tests/third_party/cores/basejump_stl/bsg_dataflow/bsg_1_to_n_tagged_fifo_shared.v:166:9: error: unknown module &#39;bsg_mem_1rw_sync&#39;
        bsg_mem_1rw_sync #(.width_p(width_p)
        ^~~~~~~~~~~~~~~~
../../src/github/sv-tests/third_party/cores/basejump_stl/bsg_dataflow/bsg_1_to_n_tagged_fifo_shared.v:203:4: error: unknown module &#39;bsg_dff_reset&#39;
   bsg_dff_reset #(.width_p($size(big_ram_re)+$size(read_req_tag)), .init_val_p(0)) dff
   ^~~~~~~~~~~~~
../../src/github/sv-tests/third_party/cores/basejump_stl/bsg_dataflow/bsg_1_to_n_tagged_fifo_shared.v:217:4: error: unknown module &#39;bsg_1_to_n_tagged_fifo&#39;
   bsg_1_to_n_tagged_fifo #(.width_p           (width_p)
   ^~~~~~~~~~~~~~~~~~~~~~
../../src/github/sv-tests/third_party/cores/basejump_stl/bsg_dataflow/bsg_1_to_n_tagged_fifo_shared.v:236:54: error: &#39;i&#39; does not refer to a value
   assign valid_o = valid_o_tmp | (unbuffered_mask_p[i] &amp; tag_one_hot_or_not[i]);
                                                     ^
../../src/github/sv-tests/third_party/cores/basejump_stl/bsg_dataflow/bsg_1_to_n_tagged_fifo_shared.v:236:78: error: &#39;i&#39; does not refer to a value
   assign valid_o = valid_o_tmp | (unbuffered_mask_p[i] &amp; tag_one_hot_or_not[i]);
                                                                             ^
../../src/github/sv-tests/third_party/cores/basejump_stl/bsg_dataflow/bsg_1_to_n_tagged_fifo_shared.v:239:4: error: generate loop hit maximum step limit; possible infinite loop?
   for (i = 0; i &lt; num_out_p; i=i+1)
   ^~~
../../src/github/sv-tests/third_party/cores/basejump_stl/bsg_dataflow/bsg_1_to_n_tagged_fifo_shared.v:240:6: error: redefinition of &#39;rof&#39;
     begin: rof
     ^
../../src/github/sv-tests/third_party/cores/basejump_stl/bsg_dataflow/bsg_1_to_n_tagged_fifo_shared.v:97:6: note: previous definition here
     begin: rof
     ^
../../src/github/sv-tests/third_party/cores/basejump_stl/bsg_dataflow/bsg_1_to_n_tagged_fifo_shared.v:245:24: error: use of undeclared identifier &#39;big_ram_re_r&#39;; did you mean &#39;big_ram_re&#39;?
     assert(yumi_lo == big_ram_re_r)
                       ^~~~~~~~~~~~
../../src/github/sv-tests/third_party/cores/basejump_stl/bsg_dataflow/bsg_1_to_n_tagged_fifo_shared.v:75:40: note: declared here
   wire                    big_ram_we, big_ram_re, read_ram_re_r;
                                       ^

</pre>
</body>