<head>
  <style>
    .log { font-family: "Courier New", Consolas, monospace; font-size: 80%; }
    .test-failed { background-color: #ffaaaa; }
    .test-passed { background-color: #aaffaa; }
  </style>
</head>
<body>
<h3><a href="https://github.com/MikePopoloski/slang" target="_blank">slang</a></h3>
<pre class="test-failed">
description: Tests imported from basejump
rc: 1 (means success: 0)
tags: basejump
incdirs: /tmpfs/src/github/sv-tests/third_party/cores/basejump_stl/bsg_noc /tmpfs/src/github/sv-tests/third_party/cores/basejump_stl/bsg_misc /tmpfs/src/github/sv-tests/third_party/cores/basejump_stl/bsg_cache
top_module: 
type: parsing
mode: parsing
files: <a href="../../../../third_party/cores/basejump_stl/bsg_cache/bsg_cache_non_blocking_pkg.v.html" target="file-frame">third_party/cores/basejump_stl/bsg_cache/bsg_cache_non_blocking_pkg.v</a> <a href="../../../../third_party/cores/basejump_stl/bsg_cache/bsg_cache_pkg.v.html" target="file-frame">third_party/cores/basejump_stl/bsg_cache/bsg_cache_pkg.v</a> <a href="../../../../third_party/cores/basejump_stl/bsg_misc/bsg_defines.v.html" target="file-frame">third_party/cores/basejump_stl/bsg_misc/bsg_defines.v</a> <a href="../../../../third_party/cores/basejump_stl/bsg_cache/bsg_cache.v.html" target="file-frame">third_party/cores/basejump_stl/bsg_cache/bsg_cache.v</a>
defines: 
time_elapsed: 0.376s
ram usage: 190392 KB
</pre>
<pre class="log">

slang-driver --single-unit -I/tmpfs/src/github/sv-tests/third_party/cores/basejump_stl/bsg_noc -I/tmpfs/src/github/sv-tests/third_party/cores/basejump_stl/bsg_misc -I/tmpfs/src/github/sv-tests/third_party/cores/basejump_stl/bsg_cache <a href="../../../../third_party/cores/basejump_stl/bsg_cache/bsg_cache_non_blocking_pkg.v.html" target="file-frame">third_party/cores/basejump_stl/bsg_cache/bsg_cache_non_blocking_pkg.v</a> <a href="../../../../third_party/cores/basejump_stl/bsg_cache/bsg_cache_pkg.v.html" target="file-frame">third_party/cores/basejump_stl/bsg_cache/bsg_cache_pkg.v</a> <a href="../../../../third_party/cores/basejump_stl/bsg_misc/bsg_defines.v.html" target="file-frame">third_party/cores/basejump_stl/bsg_misc/bsg_defines.v</a> <a href="../../../../third_party/cores/basejump_stl/bsg_cache/bsg_cache.v.html" target="file-frame">third_party/cores/basejump_stl/bsg_cache/bsg_cache.v</a>
../../src/github/sv-tests/third_party/cores/basejump_stl/bsg_cache/bsg_cache.v:101:3: error: unknown module &#39;bsg_cache_decode&#39;
  bsg_cache_decode decode0 (
  ^~~~~~~~~~~~~~~~
../../src/github/sv-tests/third_party/cores/basejump_stl/bsg_cache/bsg_cache.v:193:3: error: unknown module &#39;bsg_mem_1rw_sync_mask_write_bit&#39;
  bsg_mem_1rw_sync_mask_write_bit #(
  ^~~~~~~~~~~~~~~~~~~~~~~~~~~~~~~
../../src/github/sv-tests/third_party/cores/basejump_stl/bsg_cache/bsg_cache.v:212:3: error: generate loop hit maximum step limit; possible infinite loop?
  for (genvar i = 0; i &lt; ways_p; i++) begin
  ^~~
../../src/github/sv-tests/third_party/cores/basejump_stl/bsg_cache/bsg_cache.v:228:3: error: unknown module &#39;bsg_mem_1rw_sync_mask_write_byte&#39;
  bsg_mem_1rw_sync_mask_write_byte #(
  ^~~~~~~~~~~~~~~~~~~~~~~~~~~~~~~~
../../src/github/sv-tests/third_party/cores/basejump_stl/bsg_cache/bsg_cache.v:260:7: error: value exceeds maximum vector width (16777215 bits)
      {mask_v_r
      ^~~~~~~~~
../../src/github/sv-tests/third_party/cores/basejump_stl/bsg_cache/bsg_cache.v:299:3: error: generate loop hit maximum step limit; possible infinite loop?
  for (genvar i = 0; i &lt; ways_p; i++) begin
  ^~~
../../src/github/sv-tests/third_party/cores/basejump_stl/bsg_cache/bsg_cache.v:307:3: error: unknown module &#39;bsg_priority_encode&#39;
  bsg_priority_encode #(
  ^~~~~~~~~~~~~~~~~~~
../../src/github/sv-tests/third_party/cores/basejump_stl/bsg_cache/bsg_cache.v:343:3: error: unknown module &#39;bsg_mem_1rw_sync_mask_write_bit&#39;
  bsg_mem_1rw_sync_mask_write_bit #(
  ^~~~~~~~~~~~~~~~~~~~~~~~~~~~~~~
../../src/github/sv-tests/third_party/cores/basejump_stl/bsg_cache/bsg_cache.v:384:3: error: unknown module &#39;bsg_cache_miss&#39;
  bsg_cache_miss #(
  ^~~~~~~~~~~~~~
../../src/github/sv-tests/third_party/cores/basejump_stl/bsg_cache/bsg_cache.v:445:3: error: unknown module &#39;bsg_cache_dma&#39;
  bsg_cache_dma #(
  ^~~~~~~~~~~~~
../../src/github/sv-tests/third_party/cores/basejump_stl/bsg_cache/bsg_cache.v:503:3: error: unknown module &#39;bsg_cache_sbuf&#39;
  bsg_cache_sbuf #(
  ^~~~~~~~~~~~~~
../../src/github/sv-tests/third_party/cores/basejump_stl/bsg_cache/bsg_cache.v:529:3: error: unknown module &#39;bsg_decode&#39;
  bsg_decode #(
  ^~~~~~~~~~
../../src/github/sv-tests/third_party/cores/basejump_stl/bsg_cache/bsg_cache.v:537:3: error: unknown module &#39;bsg_decode&#39;
  bsg_decode #(
  ^~~~~~~~~~
../../src/github/sv-tests/third_party/cores/basejump_stl/bsg_cache/bsg_cache.v:545:3: error: unknown module &#39;bsg_expand_bitmask&#39;
  bsg_expand_bitmask #(
  ^~~~~~~~~~~~~~~~~~
../../src/github/sv-tests/third_party/cores/basejump_stl/bsg_cache/bsg_cache.v:557:3: error: generate loop hit maximum step limit; possible infinite loop?
  for (genvar i = 0 ; i &lt; ways_p; i++) begin
  ^~~
../../src/github/sv-tests/third_party/cores/basejump_stl/bsg_cache/bsg_cache.v:584:3: error: unknown module &#39;bsg_mux&#39;
  bsg_mux #(
  ^~~~~~~
../../src/github/sv-tests/third_party/cores/basejump_stl/bsg_cache/bsg_cache.v:593:3: error: unknown module &#39;bsg_mux&#39;
  bsg_mux #(
  ^~~~~~~
../../src/github/sv-tests/third_party/cores/basejump_stl/bsg_cache/bsg_cache.v:689:7: error: unknown module &#39;bsg_decode&#39;
      bsg_decode #(
      ^~~~~~~~~~
../../src/github/sv-tests/third_party/cores/basejump_stl/bsg_cache/bsg_cache.v:696:7: error: unknown module &#39;bsg_expand_bitmask&#39;
      bsg_expand_bitmask #(
      ^~~~~~~~~~~~~~~~~~
../../src/github/sv-tests/third_party/cores/basejump_stl/bsg_cache/bsg_cache.v:727:3: error: unknown module &#39;bsg_mux&#39;
  bsg_mux #(
  ^~~~~~~
fatal error: too many errors emitted, stopping now [--error-limit=]

</pre>
</body>