<head>
  <style>
    .log { font-family: "Courier New", Consolas, monospace; font-size: 80%; }
    .test-failed { background-color: #ffaaaa; }
    .test-passed { background-color: #aaffaa; }
  </style>
</head>
<body>
<h3><a href="https://github.com/alainmarcel/uhdm-integration" target="_blank">yosys-uhdm</a></h3>
<pre class="test-failed">
description: Test imported from ivtest
rc: 1 (means success: 0)
tags: ivtest
incdirs: /tmpfs/src/github/sv-tests/third_party/tests/ivtest /tmpfs/src/github/sv-tests/third_party/tests/ivtest/ivltests
top_module: 
type: parsing
mode: parsing
files: <a href="../../../../third_party/tests/ivtest/ivltests/br1004.v.html" target="file-frame">third_party/tests/ivtest/ivltests/br1004.v</a>
defines: 
time_elapsed: 0.940s
ram usage: 38072 KB
</pre>
<pre class="log">

sh /tmpfs/tmp/tmpuow0tmte/scr.sh
+ surelog-uhdm -nopython -nobuiltin -parse -sverilog -I/tmpfs/src/github/sv-tests/third_party/tests/ivtest -I/tmpfs/src/github/sv-tests/third_party/tests/ivtest/ivltests <a href="../../../../third_party/tests/ivtest/ivltests/br1004.v.html" target="file-frame">third_party/tests/ivtest/ivltests/br1004.v</a>
[INF:CM0023] Creating log file ./slpp_all/surelog.log.

[WRN:PA0205] <a href="../../../../third_party/tests/ivtest/ivltests/br1004.v.html#l-1" target="file-frame">third_party/tests/ivtest/ivltests/br1004.v:1</a>: No timescale set for &#34;foobar&#34;.

[WRN:PA0205] <a href="../../../../third_party/tests/ivtest/ivltests/br1004.v.html#l-16" target="file-frame">third_party/tests/ivtest/ivltests/br1004.v:16</a>: No timescale set for &#34;test&#34;.

[INF:CP0300] Compilation...

[INF:CP0301] <a href="../../../../third_party/tests/ivtest/ivltests/br1004.v.html#l-1" target="file-frame">third_party/tests/ivtest/ivltests/br1004.v:1</a>: Compile package &#34;foobar&#34;.

[INF:CP0303] <a href="../../../../third_party/tests/ivtest/ivltests/br1004.v.html#l-16" target="file-frame">third_party/tests/ivtest/ivltests/br1004.v:16</a>: Compile module &#34;work@test&#34;.

[INF:CP0302] <a href="../../../../third_party/tests/ivtest/ivltests/br1004.v.html#l-3" target="file-frame">third_party/tests/ivtest/ivltests/br1004.v:3</a>: Compile class &#34;foobar::aclass&#34;.

[INF:EL0526] Design Elaboration...

[NTE:EL0503] <a href="../../../../third_party/tests/ivtest/ivltests/br1004.v.html#l-16" target="file-frame">third_party/tests/ivtest/ivltests/br1004.v:16</a>: Top level module &#34;work@test&#34;.

[NTE:EL0508] Nb Top level modules: 1.

[NTE:EL0509] Max instance depth: 1.

[NTE:EL0510] Nb instances: 1.

[NTE:EL0511] Nb leaf instances: 0.

[  FATAL] : 0
[ SYNTAX] : 0
[  ERROR] : 0
[WARNING] : 2
[   NOTE] : 5
+ cat /tmpfs/tmp/tmpuow0tmte/yosys-script
read_uhdm slpp_all/surelog.uhdm
hierarchy -check -top \work_test
proc
check
memory_dff
memory_collect
stat
check
write_json
write_verilog
+ yosys-uhdm -s /tmpfs/tmp/tmpuow0tmte/yosys-script

 /----------------------------------------------------------------------------\
 |                                                                            |
 |  yosys -- Yosys Open SYnthesis Suite                                       |
 |                                                                            |
 |  Copyright (C) 2012 - 2020  Claire Wolf &lt;claire@symbioticeda.com&gt;          |
 |                                                                            |
 |  Permission to use, copy, modify, and/or distribute this software for any  |
 |  purpose with or without fee is hereby granted, provided that the above    |
 |  copyright notice and this permission notice appear in all copies.         |
 |                                                                            |
 |  THE SOFTWARE IS PROVIDED &#34;AS IS&#34; AND THE AUTHOR DISCLAIMS ALL WARRANTIES  |
 |  WITH REGARD TO THIS SOFTWARE INCLUDING ALL IMPLIED WARRANTIES OF          |
 |  MERCHANTABILITY AND FITNESS. IN NO EVENT SHALL THE AUTHOR BE LIABLE FOR   |
 |  ANY SPECIAL, DIRECT, INDIRECT, OR CONSEQUENTIAL DAMAGES OR ANY DAMAGES    |
 |  WHATSOEVER RESULTING FROM LOSS OF USE, DATA OR PROFITS, WHETHER IN AN     |
 |  ACTION OF CONTRACT, NEGLIGENCE OR OTHER TORTIOUS ACTION, ARISING OUT OF   |
 |  OR IN CONNECTION WITH THE USE OR PERFORMANCE OF THIS SOFTWARE.            |
 |                                                                            |
 \----------------------------------------------------------------------------/

 Yosys 0.9+2406 (git sha1 410a291f, clang 7.0.0 -fvisibility-inlines-hidden -fmessage-length=0 -march=nocona -mtune=haswell -ftree-vectorize -fPIC -fstack-protector-strong -fno-plt -O2 -ffunction-sections -fdebug-prefix-map=/tmp/really-really-really-really-really-really-really-really-really-really-really-really-really-long-path/conda/conda-bld/uhdm-integration_1594060930077/work=/usr/local/src/conda/uhdm-integration-0.0_0090_g40649a7 -fdebug-prefix-map=/home/kbuilder/miniconda/envs/sv-test-env=/usr/local/src/conda-prefix -fPIC -Os)


-- Executing script file `/tmpfs/tmp/tmpuow0tmte/yosys-script&#39; --

1. Executing UHDM frontend.
design: (work@test)
 |vpiName:work@test
 |uhdmallPackages:
 \_package: builtin, parent:work@test
   |vpiDefName:builtin
   |vpiFullName:builtin
 |uhdmallPackages:
 \_package: foobar, file:<a href="../../../../third_party/tests/ivtest/ivltests/br1004.v.html" target="file-frame">third_party/tests/ivtest/ivltests/br1004.v</a>, line:1, parent:work@test
   |vpiDefName:foobar
   |vpiFullName:foobar
 |uhdmallClasses:
 \_class_defn: (builtin::array)
   |vpiName:builtin::array
   |vpiFullName:builtin.builtin::array
 |uhdmallClasses:
 \_class_defn: (builtin::queue)
   |vpiName:builtin::queue
   |vpiFullName:builtin.builtin::queue
 |uhdmallClasses:
 \_class_defn: (builtin::string)
   |vpiName:builtin::string
   |vpiFullName:builtin.builtin::string
 |uhdmallClasses:
 \_class_defn: (builtin::system)
   |vpiName:builtin::system
   |vpiFullName:builtin.builtin::system
 |uhdmallClasses:
 \_class_defn: (foobar::aclass), file:<a href="../../../../third_party/tests/ivtest/ivltests/br1004.v.html" target="file-frame">third_party/tests/ivtest/ivltests/br1004.v</a>, line:3
   |vpiName:foobar::aclass
   |vpiFullName:foobar.foobar::aclass
 |uhdmallModules:
 \_module: work@test, file:<a href="../../../../third_party/tests/ivtest/ivltests/br1004.v.html" target="file-frame">third_party/tests/ivtest/ivltests/br1004.v</a>, line:16, parent:work@test
   |vpiDefName:work@test
   |vpiFullName:work@test
   |vpiProcess:
   \_initial: 
     |vpiStmt:
     \_begin: , line:18
       |vpiFullName:work@test
       |vpiStmt:
       \_func_call: (bar.test), line:19
         |vpiName:bar.test
       |vpiStmt:
       \_if_else: , line:20
         |vpiCondition:
         \_ref_obj: (bar.tested), line:20
           |vpiName:bar.tested
           |vpiFullName:work@test.bar.tested
         |vpiStmt:
         \_sys_func_call: ($display), line:21
           |vpiName:$display
           |vpiArgument:
           \_constant: , line:21
             |vpiConstType:6
             |vpiDecompile:&#34;PASSED&#34;
             |vpiSize:8
             |STRING:&#34;PASSED&#34;
         |vpiElseStmt:
         \_sys_func_call: ($display), line:23
           |vpiName:$display
           |vpiArgument:
           \_constant: , line:23
             |vpiConstType:6
             |vpiDecompile:&#34;FAILED&#34;
             |vpiSize:8
             |STRING:&#34;FAILED&#34;
 |uhdmtopModules:
 \_module: work@test (work@test), file:<a href="../../../../third_party/tests/ivtest/ivltests/br1004.v.html" target="file-frame">third_party/tests/ivtest/ivltests/br1004.v</a>, line:16
   |vpiDefName:work@test
   |vpiName:work@test
Object: \work_test of type 3000
Object: \work_test of type 32
Object: \work_test of type 32
Object:  of type 24
Object:  of type 4
Object: \bar.test of type 19
Object:  of type 23
Object: \bar.tested of type 608
Object: \$display of type 56
Object:  of type 7
Object: \$display of type 56
Object:  of type 7
Object: \builtin of type 600
Object: \foobar of type 600
Generating RTLIL representation for module `\work_test&#39;.
Dumping AST before simplification:
    AST_MODULE &lt;slpp_all/surelog.uhdm:0.0-0.0&gt; [0x1ecc650] str=&#39;\work_test&#39;
      AST_INITIAL &lt;slpp_all/surelog.uhdm:0.0-0.0&gt; [0x1ece4a0]
        AST_BLOCK &lt;<a href="../../../../third_party/tests/ivtest/ivltests/br1004.v.html#l-18" target="file-frame">third_party/tests/ivtest/ivltests/br1004.v:18</a>.0-18.0&gt; [0x1ec8360]
          AST_FCALL &lt;<a href="../../../../third_party/tests/ivtest/ivltests/br1004.v.html#l-19" target="file-frame">third_party/tests/ivtest/ivltests/br1004.v:19</a>.0-19.0&gt; [0x1ecdce0] str=&#39;\bar.test&#39;
          AST_BLOCK &lt;<a href="../../../../third_party/tests/ivtest/ivltests/br1004.v.html#l-20" target="file-frame">third_party/tests/ivtest/ivltests/br1004.v:20</a>.0-20.0&gt; [0x1ece910]
            AST_CASE &lt;slpp_all/surelog.uhdm:0.0-0.0&gt; [0x1ebd2d0]
              AST_IDENTIFIER &lt;<a href="../../../../third_party/tests/ivtest/ivltests/br1004.v.html#l-20" target="file-frame">third_party/tests/ivtest/ivltests/br1004.v:20</a>.0-20.0&gt; [0x1ecb230] str=&#39;\bar.tested&#39;
              AST_COND &lt;slpp_all/surelog.uhdm:0.0-0.0&gt; [0x1ebd540]
                AST_CONSTANT &lt;slpp_all/surelog.uhdm:0.0-0.0&gt; [0x1ebd660] bits=&#39;1&#39;(1) range=[0:0] int=1
                AST_BLOCK &lt;slpp_all/surelog.uhdm:0.0-0.0&gt; [0x1ec9570]
                  AST_TCALL &lt;<a href="../../../../third_party/tests/ivtest/ivltests/br1004.v.html#l-21" target="file-frame">third_party/tests/ivtest/ivltests/br1004.v:21</a>.0-21.0&gt; [0x1ed5e00] str=&#39;$display&#39;
                    AST_CONSTANT &lt;<a href="../../../../third_party/tests/ivtest/ivltests/br1004.v.html#l-21" target="file-frame">third_party/tests/ivtest/ivltests/br1004.v:21</a>.0-21.0&gt; [0x1ec9450] str=&#39;&#34;PASSED&#34;&#39; bits=&#39;0010001001010000010000010101001101010011010001010100010000100010&#39;(64) range=[63:0] int=1397048354
              AST_COND &lt;slpp_all/surelog.uhdm:0.0-0.0&gt; [0x1ec9690]
                AST_DEFAULT &lt;slpp_all/surelog.uhdm:0.0-0.0&gt; [0x1ec97b0]
                AST_BLOCK &lt;slpp_all/surelog.uhdm:0.0-0.0&gt; [0x1ec9a30]
                  AST_TCALL &lt;<a href="../../../../third_party/tests/ivtest/ivltests/br1004.v.html#l-23" target="file-frame">third_party/tests/ivtest/ivltests/br1004.v:23</a>.0-23.0&gt; [0x1ec98d0] str=&#39;$display&#39;
                    AST_CONSTANT &lt;<a href="../../../../third_party/tests/ivtest/ivltests/br1004.v.html#l-23" target="file-frame">third_party/tests/ivtest/ivltests/br1004.v:23</a>.0-23.0&gt; [0x1ec9c60] str=&#39;&#34;FAILED&#34;&#39; bits=&#39;0010001001000110010000010100100101001100010001010100010000100010&#39;(64) range=[63:0] int=1279607842
<a href="../../../../third_party/tests/ivtest/ivltests/br1004.v.html#l-19" target="file-frame">third_party/tests/ivtest/ivltests/br1004.v:19</a>: ERROR: Can&#39;t resolve function name `\bar.test&#39;.

</pre>
</body>