<head>
  <style>
    .log { font-family: "Courier New", Consolas, monospace; font-size: 80%; }
    .test-failed { background-color: #ffaaaa; }
    .test-passed { background-color: #aaffaa; }
  </style>
</head>
<body>
<h3><a href="https://github.com/alainmarcel/uhdm-integration" target="_blank">yosys-uhdm</a></h3>
<pre class="test-failed">
description: Test imported from ivtest
rc: 1 (means success: 0)
tags: ivtest
incdirs: /tmpfs/src/github/sv-tests/third_party/tests/ivtest /tmpfs/src/github/sv-tests/third_party/tests/ivtest/ivltests
top_module: 
type: parsing
mode: parsing
files: <a href="../../../../third_party/tests/ivtest/ivltests/constadd3.v.html" target="file-frame">third_party/tests/ivtest/ivltests/constadd3.v</a>
defines: 
time_elapsed: 1.124s
ram usage: 40128 KB
</pre>
<pre class="log">

sh /tmpfs/tmp/tmpg3oaucsq/scr.sh
+ surelog-uhdm -nopython -nobuiltin -parse -sverilog -I/tmpfs/src/github/sv-tests/third_party/tests/ivtest -I/tmpfs/src/github/sv-tests/third_party/tests/ivtest/ivltests <a href="../../../../third_party/tests/ivtest/ivltests/constadd3.v.html" target="file-frame">third_party/tests/ivtest/ivltests/constadd3.v</a>
[INF:CM0023] Creating log file ./slpp_all/surelog.log.

[WRN:PA0205] <a href="../../../../third_party/tests/ivtest/ivltests/constadd3.v.html#l-1" target="file-frame">third_party/tests/ivtest/ivltests/constadd3.v:1</a>: No timescale set for &#34;test&#34;.

[INF:CP0300] Compilation...

[INF:CP0303] <a href="../../../../third_party/tests/ivtest/ivltests/constadd3.v.html#l-1" target="file-frame">third_party/tests/ivtest/ivltests/constadd3.v:1</a>: Compile module &#34;work@test&#34;.

[INF:EL0526] Design Elaboration...

[NTE:EL0503] <a href="../../../../third_party/tests/ivtest/ivltests/constadd3.v.html#l-1" target="file-frame">third_party/tests/ivtest/ivltests/constadd3.v:1</a>: Top level module &#34;work@test&#34;.

[NTE:EL0508] Nb Top level modules: 1.

[NTE:EL0509] Max instance depth: 1.

[NTE:EL0510] Nb instances: 1.

[NTE:EL0511] Nb leaf instances: 0.

[  FATAL] : 0
[ SYNTAX] : 0
[  ERROR] : 0
[WARNING] : 1
[   NOTE] : 5
+ cat /tmpfs/tmp/tmpg3oaucsq/yosys-script
read_uhdm slpp_all/surelog.uhdm
hierarchy -check -top \work_test
proc
check
memory_dff
memory_collect
stat
check
write_json
write_verilog
+ yosys-uhdm -s /tmpfs/tmp/tmpg3oaucsq/yosys-script

 /----------------------------------------------------------------------------\
 |                                                                            |
 |  yosys -- Yosys Open SYnthesis Suite                                       |
 |                                                                            |
 |  Copyright (C) 2012 - 2020  Claire Wolf &lt;claire@symbioticeda.com&gt;          |
 |                                                                            |
 |  Permission to use, copy, modify, and/or distribute this software for any  |
 |  purpose with or without fee is hereby granted, provided that the above    |
 |  copyright notice and this permission notice appear in all copies.         |
 |                                                                            |
 |  THE SOFTWARE IS PROVIDED &#34;AS IS&#34; AND THE AUTHOR DISCLAIMS ALL WARRANTIES  |
 |  WITH REGARD TO THIS SOFTWARE INCLUDING ALL IMPLIED WARRANTIES OF          |
 |  MERCHANTABILITY AND FITNESS. IN NO EVENT SHALL THE AUTHOR BE LIABLE FOR   |
 |  ANY SPECIAL, DIRECT, INDIRECT, OR CONSEQUENTIAL DAMAGES OR ANY DAMAGES    |
 |  WHATSOEVER RESULTING FROM LOSS OF USE, DATA OR PROFITS, WHETHER IN AN     |
 |  ACTION OF CONTRACT, NEGLIGENCE OR OTHER TORTIOUS ACTION, ARISING OUT OF   |
 |  OR IN CONNECTION WITH THE USE OR PERFORMANCE OF THIS SOFTWARE.            |
 |                                                                            |
 \----------------------------------------------------------------------------/

 Yosys 0.9+2406 (git sha1 897adb4e, clang 7.0.0 -fvisibility-inlines-hidden -fmessage-length=0 -march=nocona -mtune=haswell -ftree-vectorize -fPIC -fstack-protector-strong -fno-plt -O2 -ffunction-sections -fdebug-prefix-map=/tmp/really-really-really-really-really-really-really-really-really-really-really-really-really-long-path/conda/conda-bld/uhdm-integration_1594645251277/work=/usr/local/src/conda/uhdm-integration-0.0_0097_gfa6ade0 -fdebug-prefix-map=/home/kbuilder/miniconda/envs/sv-test-env=/usr/local/src/conda-prefix -fPIC -Os)


-- Executing script file `/tmpfs/tmp/tmpg3oaucsq/yosys-script&#39; --

1. Executing UHDM frontend.
design: (work@test)
 |vpiName:work@test
 |uhdmallPackages:
 \_package: builtin, parent:work@test
   |vpiDefName:builtin
   |vpiFullName:builtin
 |uhdmallClasses:
 \_class_defn: (builtin::array)
   |vpiName:builtin::array
   |vpiFullName:builtin::builtin::array
 |uhdmallClasses:
 \_class_defn: (builtin::queue)
   |vpiName:builtin::queue
   |vpiFullName:builtin::builtin::queue
 |uhdmallClasses:
 \_class_defn: (builtin::string)
   |vpiName:builtin::string
   |vpiFullName:builtin::builtin::string
 |uhdmallClasses:
 \_class_defn: (builtin::system)
   |vpiName:builtin::system
   |vpiFullName:builtin::builtin::system
 |uhdmallModules:
 \_module: work@test, file:<a href="../../../../third_party/tests/ivtest/ivltests/constadd3.v.html" target="file-frame">third_party/tests/ivtest/ivltests/constadd3.v</a>, line:1, parent:work@test
   |vpiDefName:work@test
   |vpiFullName:work@test
   |vpiProcess:
   \_initial: 
     |vpiStmt:
     \_begin: , line:3
       |vpiFullName:work@test
       |vpiStmt:
       \_assignment: , line:4
         |vpiOpType:82
         |vpiBlocking:1
         |vpiLhs:
         \_ref_obj: (i), line:4
           |vpiName:i
           |vpiFullName:work@test.i
         |vpiRhs:
         \_operation: , line:4
           |vpiOpType:24
           |vpiOperand:
           \_constant: , line:4
             |vpiConstType:7
             |vpiDecompile:7
             |vpiSize:32
             |INT:7
           |vpiOperand:
           \_constant: , line:4
             |vpiConstType:7
             |vpiDecompile:1
             |vpiSize:32
             |INT:1
       |vpiStmt:
       \_if_else: , line:5
         |vpiCondition:
         \_operation: , line:5
           |vpiOpType:15
           |vpiOperand:
           \_ref_obj: (i), line:5
             |vpiName:i
             |vpiFullName:work@test.i
           |vpiOperand:
           \_constant: , line:5
             |vpiConstType:7
             |vpiDecompile:8
             |vpiSize:32
             |INT:8
         |vpiStmt:
         \_sys_func_call: ($display), line:6
           |vpiName:$display
           |vpiArgument:
           \_constant: , line:6
             |vpiConstType:6
             |vpiDecompile:&#34;FAILED -- i = %0d != 8&#34;
             |vpiSize:24
             |STRING:&#34;FAILED -- i = %0d != 8&#34;
           |vpiArgument:
           \_ref_obj: (i), line:6
             |vpiName:i
         |vpiElseStmt:
         \_sys_func_call: ($display), line:8
           |vpiName:$display
           |vpiArgument:
           \_constant: , line:8
             |vpiConstType:6
             |vpiDecompile:&#34;PASSED&#34;
             |vpiSize:8
             |STRING:&#34;PASSED&#34;
   |vpiNet:
   \_logic_net: (i), line:2
     |vpiName:i
     |vpiFullName:work@test.i
 |uhdmtopModules:
 \_module: work@test (work@test), file:<a href="../../../../third_party/tests/ivtest/ivltests/constadd3.v.html" target="file-frame">third_party/tests/ivtest/ivltests/constadd3.v</a>, line:1
   |vpiDefName:work@test
   |vpiName:work@test
   |vpiNet:
   \_logic_net: (i), line:2, parent:work@test
     |vpiName:i
     |vpiFullName:work@test.i
Object: \work_test of type 3000
Object: \work_test of type 32
Object: \i of type 36
Object: \work_test of type 32
Object:  of type 24
Object:  of type 4
Object:  of type 3
Object: \i of type 608
Object:  of type 39
Object:  of type 7
Object:  of type 7
Object:  of type 23
Object:  of type 39
Object: \i of type 608
Object:  of type 7
Object: \$display of type 56
Object:  of type 7
Object: \i of type 608
Object: \$display of type 56
Object:  of type 7
Object: \i of type 36
Object: \builtin of type 600
Generating RTLIL representation for module `\work_test&#39;.
Dumping AST before simplification:
    AST_MODULE &lt;slpp_all/surelog.uhdm:0.0-0.0&gt; [0x1e662d0] str=&#39;\work_test&#39;
      AST_WIRE &lt;<a href="../../../../third_party/tests/ivtest/ivltests/constadd3.v.html#l-2" target="file-frame">third_party/tests/ivtest/ivltests/constadd3.v:2</a>.0-2.0&gt; [0x1e66520] str=&#39;\i&#39;
      AST_INITIAL &lt;slpp_all/surelog.uhdm:0.0-0.0&gt; [0x1e73fb0]
        AST_BLOCK &lt;<a href="../../../../third_party/tests/ivtest/ivltests/constadd3.v.html#l-3" target="file-frame">third_party/tests/ivtest/ivltests/constadd3.v:3</a>.0-3.0&gt; [0x1e7e280]
          AST_ASSIGN_EQ &lt;<a href="../../../../third_party/tests/ivtest/ivltests/constadd3.v.html#l-4" target="file-frame">third_party/tests/ivtest/ivltests/constadd3.v:4</a>.0-4.0&gt; [0x1e7e5f0]
            AST_IDENTIFIER &lt;<a href="../../../../third_party/tests/ivtest/ivltests/constadd3.v.html#l-4" target="file-frame">third_party/tests/ivtest/ivltests/constadd3.v:4</a>.0-4.0&gt; [0x1e7ea20] str=&#39;\i&#39;
            AST_ADD &lt;<a href="../../../../third_party/tests/ivtest/ivltests/constadd3.v.html#l-4" target="file-frame">third_party/tests/ivtest/ivltests/constadd3.v:4</a>.0-4.0&gt; [0x1e7ed80]
              AST_CONSTANT &lt;<a href="../../../../third_party/tests/ivtest/ivltests/constadd3.v.html#l-4" target="file-frame">third_party/tests/ivtest/ivltests/constadd3.v:4</a>.0-4.0&gt; [0x1e7f1f0] bits=&#39;00000000000000000000000000000111&#39;(32) range=[31:0] int=7
              AST_CONSTANT &lt;<a href="../../../../third_party/tests/ivtest/ivltests/constadd3.v.html#l-4" target="file-frame">third_party/tests/ivtest/ivltests/constadd3.v:4</a>.0-4.0&gt; [0x1e79e00] bits=&#39;00000000000000000000000000000001&#39;(32) range=[31:0] int=1
          AST_BLOCK &lt;<a href="../../../../third_party/tests/ivtest/ivltests/constadd3.v.html#l-5" target="file-frame">third_party/tests/ivtest/ivltests/constadd3.v:5</a>.0-5.0&gt; [0x1e7f020]
            AST_CASE &lt;slpp_all/surelog.uhdm:0.0-0.0&gt; [0x1e79fc0]
              AST_REDUCE_BOOL &lt;<a href="../../../../third_party/tests/ivtest/ivltests/constadd3.v.html#l-5" target="file-frame">third_party/tests/ivtest/ivltests/constadd3.v:5</a>.0-5.0&gt; [0x1e7a0e0]
                AST_LOGIC_NOT &lt;slpp_all/surelog.uhdm:0.0-0.0&gt; [0x1e7a260]
                  AST_EQ &lt;slpp_all/surelog.uhdm:0.0-0.0&gt; [0x1e7a380]
                    AST_IDENTIFIER &lt;<a href="../../../../third_party/tests/ivtest/ivltests/constadd3.v.html#l-5" target="file-frame">third_party/tests/ivtest/ivltests/constadd3.v:5</a>.0-5.0&gt; [0x1e7a4a0] str=&#39;\i&#39;
                    AST_CONSTANT &lt;<a href="../../../../third_party/tests/ivtest/ivltests/constadd3.v.html#l-5" target="file-frame">third_party/tests/ivtest/ivltests/constadd3.v:5</a>.0-5.0&gt; [0x1e7a900] bits=&#39;00000000000000000000000000001000&#39;(32) range=[31:0] int=8
              AST_COND &lt;slpp_all/surelog.uhdm:0.0-0.0&gt; [0x1e7a7c0]
                AST_CONSTANT &lt;slpp_all/surelog.uhdm:0.0-0.0&gt; [0x1e7aac0] bits=&#39;1&#39;(1) range=[0:0] int=1
                AST_BLOCK &lt;slpp_all/surelog.uhdm:0.0-0.0&gt; [0x1e7b1e0]
                  AST_TCALL &lt;<a href="../../../../third_party/tests/ivtest/ivltests/constadd3.v.html#l-6" target="file-frame">third_party/tests/ivtest/ivltests/constadd3.v:6</a>.0-6.0&gt; [0x1e7abe0] str=&#39;$display&#39;
                    AST_CONSTANT &lt;<a href="../../../../third_party/tests/ivtest/ivltests/constadd3.v.html#l-6" target="file-frame">third_party/tests/ivtest/ivltests/constadd3.v:6</a>.0-6.0&gt; [0x1e7af90] str=&#39;&#34;FAILED -- i = %0d != 8&#34;&#39; bits=&#39;001000100100011001000001010010010100110001000101010001000010000000101101001011010010000001101001001000000011110100100000001001010011000001100100001000000010000100111101001000000011100000100010&#39;(192) range=[191:0] int=1025521698
                    AST_IDENTIFIER &lt;<a href="../../../../third_party/tests/ivtest/ivltests/constadd3.v.html#l-6" target="file-frame">third_party/tests/ivtest/ivltests/constadd3.v:6</a>.0-6.0&gt; [0x1e7ad20] str=&#39;\i&#39;
              AST_COND &lt;slpp_all/surelog.uhdm:0.0-0.0&gt; [0x1e7b300]
                AST_DEFAULT &lt;slpp_all/surelog.uhdm:0.0-0.0&gt; [0x1e7b420]
                AST_BLOCK &lt;slpp_all/surelog.uhdm:0.0-0.0&gt; [0x1e7ba10]
                  AST_TCALL &lt;<a href="../../../../third_party/tests/ivtest/ivltests/constadd3.v.html#l-8" target="file-frame">third_party/tests/ivtest/ivltests/constadd3.v:8</a>.0-8.0&gt; [0x1e7b540] str=&#39;$display&#39;
                    AST_CONSTANT &lt;<a href="../../../../third_party/tests/ivtest/ivltests/constadd3.v.html#l-8" target="file-frame">third_party/tests/ivtest/ivltests/constadd3.v:8</a>.0-8.0&gt; [0x1e7b840] str=&#39;&#34;PASSED&#34;&#39; bits=&#39;0010001001010000010000010101001101010011010001010100010000100010&#39;(64) range=[63:0] int=1397048354
--- END OF AST DUMP ---
Warning: wire &#39;\i&#39; is assigned in a block at <a href="../../../../third_party/tests/ivtest/ivltests/constadd3.v.html#l-4" target="file-frame">third_party/tests/ivtest/ivltests/constadd3.v:4</a>.0-4.0.
<a href="../../../../third_party/tests/ivtest/ivltests/constadd3.v.html#l-6" target="file-frame">third_party/tests/ivtest/ivltests/constadd3.v:6</a>: ERROR: System task `$display&#39; called with invalid/unsupported format specifier.

</pre>
</body>