<head>
  <style>
    .log { font-family: "Courier New", Consolas, monospace; font-size: 80%; }
    .test-failed { background-color: #ffaaaa; }
    .test-passed { background-color: #aaffaa; }
  </style>
</head>
<body>
<h3><a href="https://github.com/alainmarcel/uhdm-integration" target="_blank">yosys-uhdm</a></h3>
<pre class="test-failed">
description: Test imported from ivtest
rc: 1 (means success: 0)
tags: ivtest
incdirs: /tmpfs/src/github/sv-tests/third_party/tests/ivtest /tmpfs/src/github/sv-tests/third_party/tests/ivtest/ivltests
top_module: 
type: parsing
mode: parsing
files: <a href="../../../../third_party/tests/ivtest/ivltests/constadd2.v.html" target="file-frame">third_party/tests/ivtest/ivltests/constadd2.v</a>
defines: 
time_elapsed: 1.160s
ram usage: 38056 KB
</pre>
<pre class="log">

sh /tmpfs/tmp/tmp60zr3cmo/scr.sh
+ surelog-uhdm -nopython -nobuiltin -parse -sverilog -I/tmpfs/src/github/sv-tests/third_party/tests/ivtest -I/tmpfs/src/github/sv-tests/third_party/tests/ivtest/ivltests <a href="../../../../third_party/tests/ivtest/ivltests/constadd2.v.html" target="file-frame">third_party/tests/ivtest/ivltests/constadd2.v</a>
[INF:CM0023] Creating log file ./slpp_all/surelog.log.

[WRN:PA0205] <a href="../../../../third_party/tests/ivtest/ivltests/constadd2.v.html#l-21" target="file-frame">third_party/tests/ivtest/ivltests/constadd2.v:21</a>: No timescale set for &#34;test&#34;.

[INF:CP0300] Compilation...

[INF:CP0303] <a href="../../../../third_party/tests/ivtest/ivltests/constadd2.v.html#l-21" target="file-frame">third_party/tests/ivtest/ivltests/constadd2.v:21</a>: Compile module &#34;work@test&#34;.

[INF:EL0526] Design Elaboration...

[NTE:EL0503] <a href="../../../../third_party/tests/ivtest/ivltests/constadd2.v.html#l-21" target="file-frame">third_party/tests/ivtest/ivltests/constadd2.v:21</a>: Top level module &#34;work@test&#34;.

[NTE:EL0508] Nb Top level modules: 1.

[NTE:EL0509] Max instance depth: 1.

[NTE:EL0510] Nb instances: 1.

[NTE:EL0511] Nb leaf instances: 0.

[  FATAL] : 0
[ SYNTAX] : 0
[  ERROR] : 0
[WARNING] : 1
[   NOTE] : 5
+ cat /tmpfs/tmp/tmp60zr3cmo/yosys-script
read_uhdm slpp_all/surelog.uhdm
hierarchy -check -top \work_test
proc
check
memory_dff
memory_collect
stat
check
write_json
write_verilog
+ yosys-uhdm -s /tmpfs/tmp/tmp60zr3cmo/yosys-script

 /----------------------------------------------------------------------------\
 |                                                                            |
 |  yosys -- Yosys Open SYnthesis Suite                                       |
 |                                                                            |
 |  Copyright (C) 2012 - 2020  Claire Wolf &lt;claire@symbioticeda.com&gt;          |
 |                                                                            |
 |  Permission to use, copy, modify, and/or distribute this software for any  |
 |  purpose with or without fee is hereby granted, provided that the above    |
 |  copyright notice and this permission notice appear in all copies.         |
 |                                                                            |
 |  THE SOFTWARE IS PROVIDED &#34;AS IS&#34; AND THE AUTHOR DISCLAIMS ALL WARRANTIES  |
 |  WITH REGARD TO THIS SOFTWARE INCLUDING ALL IMPLIED WARRANTIES OF          |
 |  MERCHANTABILITY AND FITNESS. IN NO EVENT SHALL THE AUTHOR BE LIABLE FOR   |
 |  ANY SPECIAL, DIRECT, INDIRECT, OR CONSEQUENTIAL DAMAGES OR ANY DAMAGES    |
 |  WHATSOEVER RESULTING FROM LOSS OF USE, DATA OR PROFITS, WHETHER IN AN     |
 |  ACTION OF CONTRACT, NEGLIGENCE OR OTHER TORTIOUS ACTION, ARISING OUT OF   |
 |  OR IN CONNECTION WITH THE USE OR PERFORMANCE OF THIS SOFTWARE.            |
 |                                                                            |
 \----------------------------------------------------------------------------/

 Yosys 0.9+2406 (git sha1 897adb4e, clang 7.0.0 -fvisibility-inlines-hidden -fmessage-length=0 -march=nocona -mtune=haswell -ftree-vectorize -fPIC -fstack-protector-strong -fno-plt -O2 -ffunction-sections -fdebug-prefix-map=/tmp/really-really-really-really-really-really-really-really-really-really-really-really-really-long-path/conda/conda-bld/uhdm-integration_1594645251277/work=/usr/local/src/conda/uhdm-integration-0.0_0097_gfa6ade0 -fdebug-prefix-map=/home/kbuilder/miniconda/envs/sv-test-env=/usr/local/src/conda-prefix -fPIC -Os)


-- Executing script file `/tmpfs/tmp/tmp60zr3cmo/yosys-script&#39; --

1. Executing UHDM frontend.
design: (work@test)
 |vpiName:work@test
 |uhdmallPackages:
 \_package: builtin, parent:work@test
   |vpiDefName:builtin
   |vpiFullName:builtin
 |uhdmallClasses:
 \_class_defn: (builtin::array)
   |vpiName:builtin::array
   |vpiFullName:builtin::builtin::array
 |uhdmallClasses:
 \_class_defn: (builtin::queue)
   |vpiName:builtin::queue
   |vpiFullName:builtin::builtin::queue
 |uhdmallClasses:
 \_class_defn: (builtin::string)
   |vpiName:builtin::string
   |vpiFullName:builtin::builtin::string
 |uhdmallClasses:
 \_class_defn: (builtin::system)
   |vpiName:builtin::system
   |vpiFullName:builtin::builtin::system
 |uhdmallModules:
 \_module: work@test, file:<a href="../../../../third_party/tests/ivtest/ivltests/constadd2.v.html" target="file-frame">third_party/tests/ivtest/ivltests/constadd2.v</a>, line:21, parent:work@test
   |vpiDefName:work@test
   |vpiFullName:work@test
   |vpiProcess:
   \_initial: 
     |vpiStmt:
     \_begin: , line:23
       |vpiFullName:work@test
       |vpiStmt:
       \_assignment: , line:24
         |vpiOpType:82
         |vpiBlocking:1
         |vpiLhs:
         \_ref_obj: (x), line:24
           |vpiName:x
           |vpiFullName:work@test.x
         |vpiRhs:
         \_operation: , line:24
           |vpiOpType:24
           |vpiOperand:
           \_constant: , line:24
             |vpiConstType:5
             |vpiDecompile:&#39;h4000
             |HEX:&#39;h4000
           |vpiOperand:
           \_constant: , line:24
             |vpiConstType:5
             |vpiDecompile:&#39;hzz
             |HEX:&#39;hzz
       |vpiStmt:
       \_if_stmt: , line:25
         |vpiCondition:
         \_operation: , line:25
           |vpiOpType:17
           |vpiOperand:
           \_ref_obj: (x), line:25
             |vpiName:x
             |vpiFullName:work@test.x
           |vpiOperand:
           \_constant: , line:25
             |vpiConstType:5
             |vpiDecompile:8&#39;hxx
             |vpiSize:8
             |HEX:8&#39;hxx
         |vpiStmt:
         \_begin: , line:25
           |vpiFullName:work@test
           |vpiStmt:
           \_sys_func_call: ($display), line:26
             |vpiName:$display
             |vpiArgument:
             \_constant: , line:26
               |vpiConstType:6
               |vpiDecompile:&#34;FAILED -- x = %b&#34;
               |vpiSize:18
               |STRING:&#34;FAILED -- x = %b&#34;
             |vpiArgument:
             \_ref_obj: (x), line:26
               |vpiName:x
           |vpiStmt:
           \_sys_func_call: ($finish), line:27
             |vpiName:$finish
       |vpiStmt:
       \_sys_func_call: ($display), line:29
         |vpiName:$display
         |vpiArgument:
         \_constant: , line:29
           |vpiConstType:6
           |vpiDecompile:&#34;PASSED&#34;
           |vpiSize:8
           |STRING:&#34;PASSED&#34;
   |vpiNet:
   \_logic_net: (x), line:22
     |vpiName:x
     |vpiFullName:work@test.x
     |vpiNetType:48
 |uhdmtopModules:
 \_module: work@test (work@test), file:<a href="../../../../third_party/tests/ivtest/ivltests/constadd2.v.html" target="file-frame">third_party/tests/ivtest/ivltests/constadd2.v</a>, line:21
   |vpiDefName:work@test
   |vpiName:work@test
   |vpiNet:
   \_logic_net: (x), line:22, parent:work@test
     |vpiName:x
     |vpiFullName:work@test.x
     |vpiNetType:48
     |vpiRange:
     \_range: , line:22
       |vpiLeftRange:
       \_constant: , line:22
         |vpiConstType:7
         |vpiDecompile:7
         |vpiSize:32
         |INT:7
       |vpiRightRange:
       \_constant: , line:22
         |vpiConstType:7
         |vpiDecompile:0
         |vpiSize:32
         |INT:0
Object: \work_test of type 3000
Object: \work_test of type 32
Object: \x of type 36
Object:  of type 115
Object:  of type 7
Object:  of type 7
Object: \work_test of type 32
Object:  of type 24
Object:  of type 4
Object:  of type 3
Object: \x of type 608
Object:  of type 39
Object:  of type 7
Object:  of type 7
ERROR: Failed to parse hexadecimal string: &#39;hzz

</pre>
</body>