<head>
  <style>
    .log { font-family: "Courier New", Consolas, monospace; font-size: 80%; }
    .test-failed { background-color: #ffaaaa; }
    .test-passed { background-color: #aaffaa; }
  </style>
</head>
<body>
<h3><a href="https://github.com/alainmarcel/uhdm-integration" target="_blank">yosys-uhdm</a></h3>
<pre class="test-failed">
description: Test imported from ivtest
rc: 1 (means success: 0)
tags: ivtest
incdirs: /tmpfs/src/github/sv-tests/third_party/tests/ivtest /tmpfs/src/github/sv-tests/third_party/tests/ivtest/ivltests
top_module: 
type: parsing
mode: parsing
files: <a href="../../../../third_party/tests/ivtest/ivltests/deposit_wire.v.html" target="file-frame">third_party/tests/ivtest/ivltests/deposit_wire.v</a>
defines: 
time_elapsed: 1.444s
ram usage: 38416 KB
</pre>
<pre class="log">

sh /tmpfs/tmp/tmphuzwnp4_/scr.sh
+ surelog-uhdm -nopython -nobuiltin -parse -sverilog -I/tmpfs/src/github/sv-tests/third_party/tests/ivtest -I/tmpfs/src/github/sv-tests/third_party/tests/ivtest/ivltests <a href="../../../../third_party/tests/ivtest/ivltests/deposit_wire.v.html" target="file-frame">third_party/tests/ivtest/ivltests/deposit_wire.v</a>
[INF:CM0023] Creating log file ./slpp_all/surelog.log.

[WRN:PA0205] <a href="../../../../third_party/tests/ivtest/ivltests/deposit_wire.v.html#l-29" target="file-frame">third_party/tests/ivtest/ivltests/deposit_wire.v:29</a>: No timescale set for &#34;main&#34;.

[INF:CP0300] Compilation...

[INF:CP0303] <a href="../../../../third_party/tests/ivtest/ivltests/deposit_wire.v.html#l-29" target="file-frame">third_party/tests/ivtest/ivltests/deposit_wire.v:29</a>: Compile module &#34;work@main&#34;.

[INF:EL0526] Design Elaboration...

[NTE:EL0503] <a href="../../../../third_party/tests/ivtest/ivltests/deposit_wire.v.html#l-29" target="file-frame">third_party/tests/ivtest/ivltests/deposit_wire.v:29</a>: Top level module &#34;work@main&#34;.

[NTE:EL0508] Nb Top level modules: 1.

[NTE:EL0509] Max instance depth: 1.

[NTE:EL0510] Nb instances: 1.

[NTE:EL0511] Nb leaf instances: 0.

[  FATAL] : 0
[ SYNTAX] : 0
[  ERROR] : 0
[WARNING] : 1
[   NOTE] : 5
+ cat /tmpfs/tmp/tmphuzwnp4_/yosys-script
read_uhdm slpp_all/surelog.uhdm
hierarchy -check -top \work_main
proc
check
memory_dff
memory_collect
stat
check
write_json
write_verilog
+ yosys-uhdm -s /tmpfs/tmp/tmphuzwnp4_/yosys-script

 /----------------------------------------------------------------------------\
 |                                                                            |
 |  yosys -- Yosys Open SYnthesis Suite                                       |
 |                                                                            |
 |  Copyright (C) 2012 - 2020  Claire Wolf &lt;claire@symbioticeda.com&gt;          |
 |                                                                            |
 |  Permission to use, copy, modify, and/or distribute this software for any  |
 |  purpose with or without fee is hereby granted, provided that the above    |
 |  copyright notice and this permission notice appear in all copies.         |
 |                                                                            |
 |  THE SOFTWARE IS PROVIDED &#34;AS IS&#34; AND THE AUTHOR DISCLAIMS ALL WARRANTIES  |
 |  WITH REGARD TO THIS SOFTWARE INCLUDING ALL IMPLIED WARRANTIES OF          |
 |  MERCHANTABILITY AND FITNESS. IN NO EVENT SHALL THE AUTHOR BE LIABLE FOR   |
 |  ANY SPECIAL, DIRECT, INDIRECT, OR CONSEQUENTIAL DAMAGES OR ANY DAMAGES    |
 |  WHATSOEVER RESULTING FROM LOSS OF USE, DATA OR PROFITS, WHETHER IN AN     |
 |  ACTION OF CONTRACT, NEGLIGENCE OR OTHER TORTIOUS ACTION, ARISING OUT OF   |
 |  OR IN CONNECTION WITH THE USE OR PERFORMANCE OF THIS SOFTWARE.            |
 |                                                                            |
 \----------------------------------------------------------------------------/

 Yosys 0.9+2406 (git sha1 897adb4e, clang 7.0.0 -fvisibility-inlines-hidden -fmessage-length=0 -march=nocona -mtune=haswell -ftree-vectorize -fPIC -fstack-protector-strong -fno-plt -O2 -ffunction-sections -fdebug-prefix-map=/tmp/really-really-really-really-really-really-really-really-really-really-really-really-really-long-path/conda/conda-bld/uhdm-integration_1594645251277/work=/usr/local/src/conda/uhdm-integration-0.0_0097_gfa6ade0 -fdebug-prefix-map=/home/kbuilder/miniconda/envs/sv-test-env=/usr/local/src/conda-prefix -fPIC -Os)


-- Executing script file `/tmpfs/tmp/tmphuzwnp4_/yosys-script&#39; --

1. Executing UHDM frontend.
design: (work@main)
 |vpiName:work@main
 |uhdmallPackages:
 \_package: builtin, parent:work@main
   |vpiDefName:builtin
   |vpiFullName:builtin
 |uhdmallClasses:
 \_class_defn: (builtin::array)
   |vpiName:builtin::array
   |vpiFullName:builtin::builtin::array
 |uhdmallClasses:
 \_class_defn: (builtin::queue)
   |vpiName:builtin::queue
   |vpiFullName:builtin::builtin::queue
 |uhdmallClasses:
 \_class_defn: (builtin::string)
   |vpiName:builtin::string
   |vpiFullName:builtin::builtin::string
 |uhdmallClasses:
 \_class_defn: (builtin::system)
   |vpiName:builtin::system
   |vpiFullName:builtin::builtin::system
 |uhdmallModules:
 \_module: work@main, file:<a href="../../../../third_party/tests/ivtest/ivltests/deposit_wire.v.html" target="file-frame">third_party/tests/ivtest/ivltests/deposit_wire.v</a>, line:29, parent:work@main
   |vpiDefName:work@main
   |vpiFullName:work@main
   |vpiProcess:
   \_initial: 
     |vpiStmt:
     \_begin: , line:34
       |vpiFullName:work@main
       |vpiStmt:
       \_assignment: , line:35
         |vpiOpType:82
         |vpiBlocking:1
         |vpiLhs:
         \_ref_obj: (in), line:35
           |vpiName:in
           |vpiFullName:work@main.in
         |vpiRhs:
         \_constant: , line:35
           |vpiConstType:3
           |vpiDecompile:&#39;b0
           |vpiSize:1
           |BIN:0
       |vpiStmt:
       \_delay_control: , line:36
         |#1
         |vpiStmt:
         \_if_stmt: , line:36
           |vpiCondition:
           \_operation: , line:36
             |vpiOpType:17
             |vpiOperand:
             \_ref_obj: (test), line:36
               |vpiName:test
               |vpiFullName:work@main.test
             |vpiOperand:
             \_constant: , line:36
               |vpiConstType:3
               |vpiDecompile:&#39;b0
               |vpiSize:1
               |BIN:0
           |vpiStmt:
           \_begin: , line:36
             |vpiFullName:work@main
             |vpiStmt:
             \_sys_func_call: ($display), line:37
               |vpiName:$display
               |vpiArgument:
               \_constant: , line:37
                 |vpiConstType:6
                 |vpiDecompile:&#34;FAILED -- test starts out as %b&#34;
                 |vpiSize:33
                 |STRING:&#34;FAILED -- test starts out as %b&#34;
               |vpiArgument:
               \_ref_obj: (test), line:37
                 |vpiName:test
       |vpiStmt:
       \_sys_func_call: ($deposit), line:41
         |vpiName:$deposit
         |vpiArgument:
         \_ref_obj: (test), line:41
           |vpiName:test
         |vpiArgument:
         \_constant: , line:41
           |vpiConstType:3
           |vpiDecompile:&#39;b1
           |vpiSize:1
           |BIN:1
       |vpiStmt:
       \_delay_control: , line:43
         |#1
         |vpiStmt:
         \_if_stmt: , line:43
           |vpiCondition:
           \_operation: , line:43
             |vpiOpType:17
             |vpiOperand:
             \_ref_obj: (test), line:43
               |vpiName:test
               |vpiFullName:work@main.test
             |vpiOperand:
             \_constant: , line:43
               |vpiConstType:3
               |vpiDecompile:&#39;b1
               |vpiSize:1
               |BIN:1
           |vpiStmt:
           \_begin: , line:43
             |vpiFullName:work@main
             |vpiStmt:
             \_sys_func_call: ($display), line:44
               |vpiName:$display
               |vpiArgument:
               \_constant: , line:44
                 |vpiConstType:6
                 |vpiDecompile:&#34;FAILED -- test after deposit is %b&#34;
                 |vpiSize:36
                 |STRING:&#34;FAILED -- test after deposit is %b&#34;
               |vpiArgument:
               \_ref_obj: (test), line:44
                 |vpiName:test
             |vpiStmt:
             \_sys_func_call: ($finish), line:45
               |vpiName:$finish
       |vpiStmt:
       \_assignment: , line:48
         |vpiOpType:82
         |vpiBlocking:1
         |vpiLhs:
         \_ref_obj: (in), line:48
           |vpiName:in
           |vpiFullName:work@main.in
         |vpiRhs:
         \_constant: , line:48
           |vpiConstType:3
           |vpiDecompile:1&#39;bz
           |vpiSize:1
           |BIN:1&#39;bz
       |vpiStmt:
       \_delay_control: , line:50
         |#1
         |vpiStmt:
         \_if_stmt: , line:50
           |vpiCondition:
           \_operation: , line:50
             |vpiOpType:17
             |vpiOperand:
             \_ref_obj: (test), line:50
               |vpiName:test
               |vpiFullName:work@main.test
             |vpiOperand:
             \_constant: , line:50
               |vpiConstType:3
               |vpiDecompile:1&#39;bz
               |vpiSize:1
               |BIN:1&#39;bz
           |vpiStmt:
           \_begin: , line:50
             |vpiFullName:work@main
             |vpiStmt:
             \_sys_func_call: ($display), line:51
               |vpiName:$display
               |vpiArgument:
               \_constant: , line:51
                 |vpiConstType:6
                 |vpiDecompile:&#34;FAILED -- test after input is %b&#34;
                 |vpiSize:34
                 |STRING:&#34;FAILED -- test after input is %b&#34;
               |vpiArgument:
               \_ref_obj: (test), line:51
                 |vpiName:test
             |vpiStmt:
             \_sys_func_call: ($finish), line:52
               |vpiName:$finish
       |vpiStmt:
       \_sys_func_call: ($display), line:55
         |vpiName:$display
         |vpiArgument:
         \_constant: , line:55
           |vpiConstType:6
           |vpiDecompile:&#34;PASSED&#34;
           |vpiSize:8
           |STRING:&#34;PASSED&#34;
   |vpiContAssign:
   \_cont_assign: , line:32
     |vpiRhs:
     \_ref_obj: (in), line:32
       |vpiName:in
       |vpiFullName:work@main.in
     |vpiLhs:
     \_ref_obj: (test), line:32
       |vpiName:test
       |vpiFullName:work@main.test
   |vpiNet:
   \_logic_net: (in), line:31
     |vpiName:in
     |vpiFullName:work@main.in
     |vpiNetType:48
   |vpiNet:
   \_logic_net: (test), line:32
     |vpiName:test
     |vpiFullName:work@main.test
     |vpiNetType:1
 |uhdmtopModules:
 \_module: work@main (work@main), file:<a href="../../../../third_party/tests/ivtest/ivltests/deposit_wire.v.html" target="file-frame">third_party/tests/ivtest/ivltests/deposit_wire.v</a>, line:29
   |vpiDefName:work@main
   |vpiName:work@main
   |vpiNet:
   \_logic_net: (in), line:31, parent:work@main
     |vpiName:in
     |vpiFullName:work@main.in
     |vpiNetType:48
   |vpiNet:
   \_logic_net: (test), line:32, parent:work@main
     |vpiName:test
     |vpiFullName:work@main.test
     |vpiNetType:1
Object: \work_main of type 3000
Object: \work_main of type 32
Object: \in of type 36
Object: \test of type 36
Object: \work_main of type 32
Object:  of type 8
Object: \test of type 608
Object: \in of type 608
Object:  of type 24
Object:  of type 4
Object:  of type 3
Object: \in of type 608
Object:  of type 7
Object:  of type 11
ERROR: Encountered unhandled object type: 11

</pre>
</body>