<head>
  <style>
    .log { font-family: "Courier New", Consolas, monospace; font-size: 80%; }
    .test-failed { background-color: #ffaaaa; }
    .test-passed { background-color: #aaffaa; }
  </style>
</head>
<body>
<h3><a href="https://github.com/alainmarcel/uhdm-integration" target="_blank">yosys-uhdm</a></h3>
<pre class="test-failed">
description: Test imported from ivtest
rc: 1 (means success: 0)
tags: ivtest
incdirs: /tmpfs/src/github/sv-tests/third_party/tests/ivtest /tmpfs/src/github/sv-tests/third_party/tests/ivtest/ivltests
top_module: 
type: parsing
mode: parsing
files: <a href="../../../../third_party/tests/ivtest/ivltests/function6.v.html" target="file-frame">third_party/tests/ivtest/ivltests/function6.v</a>
defines: 
time_elapsed: 1.248s
ram usage: 36348 KB
</pre>
<pre class="log">

sh /tmpfs/tmp/tmphw5um014/scr.sh
+ surelog-uhdm -nopython -nobuiltin -parse -sverilog -I/tmpfs/src/github/sv-tests/third_party/tests/ivtest -I/tmpfs/src/github/sv-tests/third_party/tests/ivtest/ivltests <a href="../../../../third_party/tests/ivtest/ivltests/function6.v.html" target="file-frame">third_party/tests/ivtest/ivltests/function6.v</a>
[INF:CM0023] Creating log file ./slpp_all/surelog.log.

[WRN:PA0205] <a href="../../../../third_party/tests/ivtest/ivltests/function6.v.html#l-1" target="file-frame">third_party/tests/ivtest/ivltests/function6.v:1</a>: No timescale set for &#34;test&#34;.

[INF:CP0300] Compilation...

[INF:CP0303] <a href="../../../../third_party/tests/ivtest/ivltests/function6.v.html#l-1" target="file-frame">third_party/tests/ivtest/ivltests/function6.v:1</a>: Compile module &#34;work@test&#34;.

[INF:EL0526] Design Elaboration...

[NTE:EL0503] <a href="../../../../third_party/tests/ivtest/ivltests/function6.v.html#l-1" target="file-frame">third_party/tests/ivtest/ivltests/function6.v:1</a>: Top level module &#34;work@test&#34;.

[NTE:EL0508] Nb Top level modules: 1.

[NTE:EL0509] Max instance depth: 1.

[NTE:EL0510] Nb instances: 1.

[NTE:EL0511] Nb leaf instances: 0.

[  FATAL] : 0
[ SYNTAX] : 0
[  ERROR] : 0
[WARNING] : 1
[   NOTE] : 5
+ cat /tmpfs/tmp/tmphw5um014/yosys-script
read_uhdm slpp_all/surelog.uhdm
hierarchy -check -top \work_test
proc
check
memory_dff
memory_collect
stat
check
write_json
write_verilog
+ yosys-uhdm -s /tmpfs/tmp/tmphw5um014/yosys-script

 /----------------------------------------------------------------------------\
 |                                                                            |
 |  yosys -- Yosys Open SYnthesis Suite                                       |
 |                                                                            |
 |  Copyright (C) 2012 - 2020  Claire Wolf &lt;claire@symbioticeda.com&gt;          |
 |                                                                            |
 |  Permission to use, copy, modify, and/or distribute this software for any  |
 |  purpose with or without fee is hereby granted, provided that the above    |
 |  copyright notice and this permission notice appear in all copies.         |
 |                                                                            |
 |  THE SOFTWARE IS PROVIDED &#34;AS IS&#34; AND THE AUTHOR DISCLAIMS ALL WARRANTIES  |
 |  WITH REGARD TO THIS SOFTWARE INCLUDING ALL IMPLIED WARRANTIES OF          |
 |  MERCHANTABILITY AND FITNESS. IN NO EVENT SHALL THE AUTHOR BE LIABLE FOR   |
 |  ANY SPECIAL, DIRECT, INDIRECT, OR CONSEQUENTIAL DAMAGES OR ANY DAMAGES    |
 |  WHATSOEVER RESULTING FROM LOSS OF USE, DATA OR PROFITS, WHETHER IN AN     |
 |  ACTION OF CONTRACT, NEGLIGENCE OR OTHER TORTIOUS ACTION, ARISING OUT OF   |
 |  OR IN CONNECTION WITH THE USE OR PERFORMANCE OF THIS SOFTWARE.            |
 |                                                                            |
 \----------------------------------------------------------------------------/

 Yosys 0.9+2406 (git sha1 897adb4e, clang 7.0.0 -fvisibility-inlines-hidden -fmessage-length=0 -march=nocona -mtune=haswell -ftree-vectorize -fPIC -fstack-protector-strong -fno-plt -O2 -ffunction-sections -fdebug-prefix-map=/tmp/really-really-really-really-really-really-really-really-really-really-really-really-really-long-path/conda/conda-bld/uhdm-integration_1595257298458/work=/usr/local/src/conda/uhdm-integration-0.0_0099_g33391fc -fdebug-prefix-map=/home/kbuilder/miniconda/envs/sv-test-env=/usr/local/src/conda-prefix -fPIC -Os)


-- Executing script file `/tmpfs/tmp/tmphw5um014/yosys-script&#39; --

1. Executing UHDM frontend.
design: (work@test)
 |vpiName:work@test
 |uhdmallPackages:
 \_package: builtin, parent:work@test
   |vpiDefName:builtin
   |vpiFullName:builtin
 |uhdmallClasses:
 \_class_defn: (builtin::array)
   |vpiName:builtin::array
   |vpiFullName:builtin::builtin::array
 |uhdmallClasses:
 \_class_defn: (builtin::queue)
   |vpiName:builtin::queue
   |vpiFullName:builtin::builtin::queue
 |uhdmallClasses:
 \_class_defn: (builtin::string)
   |vpiName:builtin::string
   |vpiFullName:builtin::builtin::string
 |uhdmallClasses:
 \_class_defn: (builtin::system)
   |vpiName:builtin::system
   |vpiFullName:builtin::builtin::system
 |uhdmallModules:
 \_module: work@test, file:<a href="../../../../third_party/tests/ivtest/ivltests/function6.v.html" target="file-frame">third_party/tests/ivtest/ivltests/function6.v</a>, line:1, parent:work@test
   |vpiDefName:work@test
   |vpiFullName:work@test
   |vpiProcess:
   \_initial: 
     |vpiStmt:
     \_begin: , line:19
       |vpiFullName:work@test
       |vpiStmt:
       \_delay_control: , line:20
         |#1
       |vpiStmt:
       \_if_else: , line:21
         |vpiCondition:
         \_operation: , line:21
           |vpiOpType:17
           |vpiOperand:
           \_ref_obj: (w), line:21
             |vpiName:w
             |vpiFullName:work@test.w
           |vpiOperand:
           \_constant: , line:21
             |vpiConstType:3
             |vpiDecompile:&#39;b1
             |vpiSize:1
             |BIN:1
         |vpiStmt:
         \_sys_func_call: ($display), line:22
           |vpiName:$display
           |vpiArgument:
           \_constant: , line:22
             |vpiConstType:6
             |vpiDecompile:&#34;FAILED w (%b) !== 1&#39;b1&#34;
             |vpiSize:24
             |STRING:&#34;FAILED w (%b) !== 1&#39;b1&#34;
           |vpiArgument:
           \_ref_obj: (w), line:22
             |vpiName:w
         |vpiElseStmt:
         \_sys_func_call: ($display), line:24
           |vpiName:$display
           |vpiArgument:
           \_constant: , line:24
             |vpiConstType:6
             |vpiDecompile:&#34;PASSED&#34;
             |vpiSize:8
             |STRING:&#34;PASSED&#34;
   |vpiContAssign:
   \_cont_assign: , line:17
     |vpiRhs:
     \_func_call: (f_0), line:17
       |vpiName:f_0
       |vpiFunction:
       \_function: (f_0), line:3
         |vpiName:f_0
         |vpiFullName:work@test.f_0
         |vpiIODecl:
         \_io_decl: (i), line:4, parent:f_0
           |vpiName:i
           |vpiDirection:1
         |vpiStmt:
         \_begin: , line:5, parent:f_0
           |vpiFullName:work@test.f_0
           |vpiStmt:
           \_assignment: , line:6
             |vpiOpType:82
             |vpiBlocking:1
             |vpiLhs:
             \_ref_obj: (f_0), line:6
               |vpiName:f_0
               |vpiFullName:work@test.f_0.f_0
             |vpiRhs:
             \_func_call: (f_1), line:6
               |vpiName:f_1
               |vpiArgument:
               \_ref_obj: (i), line:6
                 |vpiName:i
       |vpiArgument:
       \_constant: , line:17
         |vpiConstType:3
         |vpiDecompile:&#39;b0
         |vpiSize:1
         |BIN:0
     |vpiLhs:
     \_ref_obj: (w), line:17
       |vpiName:w
       |vpiFullName:work@test.w
   |vpiTaskFunc:
   \_function: (f_0), line:3
   |vpiTaskFunc:
   \_function: (f_1), line:10
     |vpiName:f_1
     |vpiFullName:work@test.f_1
     |vpiIODecl:
     \_io_decl: (i), line:11, parent:f_1
       |vpiName:i
       |vpiDirection:1
     |vpiStmt:
     \_begin: , line:12, parent:f_1
       |vpiFullName:work@test.f_1
       |vpiStmt:
       \_assignment: , line:13
         |vpiOpType:82
         |vpiBlocking:1
         |vpiLhs:
         \_ref_obj: (f_1), line:13
           |vpiName:f_1
           |vpiFullName:work@test.f_1.f_1
         |vpiRhs:
         \_operation: , line:13
           |vpiOpType:3
           |vpiOperand:
           \_ref_obj: (i), line:13
             |vpiName:i
             |vpiFullName:work@test.f_1.i
   |vpiNet:
   \_logic_net: (w), line:17
     |vpiName:w
     |vpiFullName:work@test.w
     |vpiNetType:1
 |uhdmtopModules:
 \_module: work@test (work@test), file:<a href="../../../../third_party/tests/ivtest/ivltests/function6.v.html" target="file-frame">third_party/tests/ivtest/ivltests/function6.v</a>, line:1
   |vpiDefName:work@test
   |vpiName:work@test
   |vpiNet:
   \_logic_net: (w), line:17, parent:work@test
     |vpiName:w
     |vpiFullName:work@test.w
     |vpiNetType:1
Object: \work_test of type 3000
Object: \work_test of type 32
Object: \w of type 36
Object: \work_test of type 32
Object:  of type 8
Object: \w of type 608
Object: \f_0 of type 19
Object:  of type 7
Object:  of type 24
Object:  of type 4
Object:  of type 11
ERROR: Encountered unhandled object type: 11

</pre>
</body>