<head>
  <style>
    .log { font-family: "Courier New", Consolas, monospace; font-size: 80%; }
    .test-failed { background-color: #ffaaaa; }
    .test-passed { background-color: #aaffaa; }
  </style>
</head>
<body>
<h3><a href="https://github.com/alainmarcel/uhdm-integration" target="_blank">yosys-uhdm</a></h3>
<pre class="test-failed">
description: Test imported from ivtest
rc: 1 (means success: 0)
tags: ivtest
incdirs: /tmpfs/src/github/sv-tests/third_party/tests/ivtest /tmpfs/src/github/sv-tests/third_party/tests/ivtest/ivltests
top_module: 
type: parsing
mode: parsing
files: <a href="../../../../third_party/tests/ivtest/ivltests/ifdef2.v.html" target="file-frame">third_party/tests/ivtest/ivltests/ifdef2.v</a>
defines: 
time_elapsed: 0.756s
ram usage: 31628 KB
</pre>
<pre class="log">

sh /tmpfs/tmp/tmppr60b459/scr.sh
+ surelog-uhdm -nopython -nobuiltin -parse -sverilog -I/tmpfs/src/github/sv-tests/third_party/tests/ivtest -I/tmpfs/src/github/sv-tests/third_party/tests/ivtest/ivltests <a href="../../../../third_party/tests/ivtest/ivltests/ifdef2.v.html" target="file-frame">third_party/tests/ivtest/ivltests/ifdef2.v</a>
[INF:CM0023] Creating log file ./slpp_all/surelog.log.

[WRN:PA0205] <a href="../../../../third_party/tests/ivtest/ivltests/ifdef2.v.html#l-24" target="file-frame">third_party/tests/ivtest/ivltests/ifdef2.v:24</a>: No timescale set for &#34;ifdef2&#34;.

[INF:CP0300] Compilation...

[INF:CP0303] <a href="../../../../third_party/tests/ivtest/ivltests/ifdef2.v.html#l-24" target="file-frame">third_party/tests/ivtest/ivltests/ifdef2.v:24</a>: Compile module &#34;work@ifdef2&#34;.

[INF:EL0526] Design Elaboration...

[NTE:EL0503] <a href="../../../../third_party/tests/ivtest/ivltests/ifdef2.v.html#l-24" target="file-frame">third_party/tests/ivtest/ivltests/ifdef2.v:24</a>: Top level module &#34;work@ifdef2&#34;.

[NTE:EL0508] Nb Top level modules: 1.

[NTE:EL0509] Max instance depth: 1.

[NTE:EL0510] Nb instances: 1.

[NTE:EL0511] Nb leaf instances: 0.

[  FATAL] : 0
[ SYNTAX] : 0
[  ERROR] : 0
[WARNING] : 1
[   NOTE] : 5
+ cat /tmpfs/tmp/tmppr60b459/yosys-script
read_uhdm slpp_all/surelog.uhdm
hierarchy -check -top \work_ifdef2
proc
check
memory_dff
memory_collect
stat
check
write_json
write_verilog
+ yosys-uhdm -s /tmpfs/tmp/tmppr60b459/yosys-script

 /----------------------------------------------------------------------------\
 |                                                                            |
 |  yosys -- Yosys Open SYnthesis Suite                                       |
 |                                                                            |
 |  Copyright (C) 2012 - 2020  Claire Wolf &lt;claire@symbioticeda.com&gt;          |
 |                                                                            |
 |  Permission to use, copy, modify, and/or distribute this software for any  |
 |  purpose with or without fee is hereby granted, provided that the above    |
 |  copyright notice and this permission notice appear in all copies.         |
 |                                                                            |
 |  THE SOFTWARE IS PROVIDED &#34;AS IS&#34; AND THE AUTHOR DISCLAIMS ALL WARRANTIES  |
 |  WITH REGARD TO THIS SOFTWARE INCLUDING ALL IMPLIED WARRANTIES OF          |
 |  MERCHANTABILITY AND FITNESS. IN NO EVENT SHALL THE AUTHOR BE LIABLE FOR   |
 |  ANY SPECIAL, DIRECT, INDIRECT, OR CONSEQUENTIAL DAMAGES OR ANY DAMAGES    |
 |  WHATSOEVER RESULTING FROM LOSS OF USE, DATA OR PROFITS, WHETHER IN AN     |
 |  ACTION OF CONTRACT, NEGLIGENCE OR OTHER TORTIOUS ACTION, ARISING OUT OF   |
 |  OR IN CONNECTION WITH THE USE OR PERFORMANCE OF THIS SOFTWARE.            |
 |                                                                            |
 \----------------------------------------------------------------------------/

 Yosys 0.9+2406 (git sha1 897adb4e, clang 7.0.0 -fvisibility-inlines-hidden -fmessage-length=0 -march=nocona -mtune=haswell -ftree-vectorize -fPIC -fstack-protector-strong -fno-plt -O2 -ffunction-sections -fdebug-prefix-map=/tmp/really-really-really-really-really-really-really-really-really-really-really-really-really-long-path/conda/conda-bld/uhdm-integration_1594645251277/work=/usr/local/src/conda/uhdm-integration-0.0_0097_gfa6ade0 -fdebug-prefix-map=/home/kbuilder/miniconda/envs/sv-test-env=/usr/local/src/conda-prefix -fPIC -Os)


-- Executing script file `/tmpfs/tmp/tmppr60b459/yosys-script&#39; --

1. Executing UHDM frontend.
design: (work@ifdef2)
 |vpiName:work@ifdef2
 |uhdmallPackages:
 \_package: builtin, parent:work@ifdef2
   |vpiDefName:builtin
   |vpiFullName:builtin
 |uhdmallClasses:
 \_class_defn: (builtin::array)
   |vpiName:builtin::array
   |vpiFullName:builtin::builtin::array
 |uhdmallClasses:
 \_class_defn: (builtin::queue)
   |vpiName:builtin::queue
   |vpiFullName:builtin::builtin::queue
 |uhdmallClasses:
 \_class_defn: (builtin::string)
   |vpiName:builtin::string
   |vpiFullName:builtin::builtin::string
 |uhdmallClasses:
 \_class_defn: (builtin::system)
   |vpiName:builtin::system
   |vpiFullName:builtin::builtin::system
 |uhdmallModules:
 \_module: work@ifdef2, file:<a href="../../../../third_party/tests/ivtest/ivltests/ifdef2.v.html" target="file-frame">third_party/tests/ivtest/ivltests/ifdef2.v</a>, line:24, parent:work@ifdef2
   |vpiDefName:work@ifdef2
   |vpiFullName:work@ifdef2
   |vpiProcess:
   \_initial: 
     |vpiStmt:
     \_begin: , line:31
       |vpiFullName:work@ifdef2
       |vpiStmt:
       \_delay_control: , line:32
         |#20
       |vpiStmt:
       \_assignment: , line:33
         |vpiOpType:82
         |vpiBlocking:1
         |vpiLhs:
         \_ref_obj: (error), line:33
           |vpiName:error
           |vpiFullName:work@ifdef2.error
         |vpiRhs:
         \_constant: , line:33
           |vpiConstType:7
           |vpiDecompile:0
           |vpiSize:32
           |INT:0
       |vpiStmt:
       \_delay_control: , line:34
         |#20
   |vpiProcess:
   \_initial: 
     |vpiStmt:
     \_begin: , line:39
       |vpiFullName:work@ifdef2
       |vpiStmt:
       \_delay_control: , line:40
         |#1
       |vpiStmt:
       \_assignment: , line:41
         |vpiOpType:82
         |vpiBlocking:1
         |vpiLhs:
         \_ref_obj: (error), line:41
           |vpiName:error
           |vpiFullName:work@ifdef2.error
         |vpiRhs:
         \_constant: , line:41
           |vpiConstType:7
           |vpiDecompile:1
           |vpiSize:32
           |INT:1
       |vpiStmt:
       \_delay_control: , line:42
         |#40
       |vpiStmt:
       \_if_else: , line:43
         |vpiCondition:
         \_operation: , line:43
           |vpiOpType:14
           |vpiOperand:
           \_ref_obj: (error), line:43
             |vpiName:error
             |vpiFullName:work@ifdef2.error
           |vpiOperand:
           \_constant: , line:43
             |vpiConstType:7
             |vpiDecompile:0
             |vpiSize:32
             |INT:0
         |vpiStmt:
         \_sys_func_call: ($display), line:44
           |vpiName:$display
           |vpiArgument:
           \_constant: , line:44
             |vpiConstType:6
             |vpiDecompile:&#34;PASSED&#34;
             |vpiSize:8
             |STRING:&#34;PASSED&#34;
         |vpiElseStmt:
         \_sys_func_call: ($display), line:46
           |vpiName:$display
           |vpiArgument:
           \_constant: , line:46
             |vpiConstType:6
             |vpiDecompile:&#34;FAILED&#34;
             |vpiSize:8
             |STRING:&#34;FAILED&#34;
   |vpiNet:
   \_logic_net: (error), line:26
     |vpiName:error
     |vpiFullName:work@ifdef2.error
     |vpiNetType:48
 |uhdmtopModules:
 \_module: work@ifdef2 (work@ifdef2), file:<a href="../../../../third_party/tests/ivtest/ivltests/ifdef2.v.html" target="file-frame">third_party/tests/ivtest/ivltests/ifdef2.v</a>, line:24
   |vpiDefName:work@ifdef2
   |vpiName:work@ifdef2
   |vpiNet:
   \_logic_net: (error), line:26, parent:work@ifdef2
     |vpiName:error
     |vpiFullName:work@ifdef2.error
     |vpiNetType:48
Object: \work_ifdef2 of type 3000
Object: \work_ifdef2 of type 32
Object: \error of type 36
Object: \work_ifdef2 of type 32
Object:  of type 24
Object:  of type 4
Object:  of type 11
ERROR: Encountered unhandled object type: 11

</pre>
</body>