<head>
  <style>
    .log { font-family: "Courier New", Consolas, monospace; font-size: 80%; }
    .test-failed { background-color: #ffaaaa; }
    .test-passed { background-color: #aaffaa; }
  </style>
</head>
<body>
<h3><a href="https://github.com/alainmarcel/uhdm-integration" target="_blank">yosys-uhdm</a></h3>
<pre class="test-passed">
description: Test imported from ivtest
rc: 0 (means success: 1)
tags: ivtest
incdirs: /tmpfs/src/github/sv-tests/third_party/tests/ivtest /tmpfs/src/github/sv-tests/third_party/tests/ivtest/ivltests
top_module: 
type: parsing
mode: parsing
files: <a href="../../../../third_party/tests/ivtest/ivltests/param_test4.v.html" target="file-frame">third_party/tests/ivtest/ivltests/param_test4.v</a>
defines: 
time_elapsed: 0.792s
ram usage: 36328 KB
</pre>
<pre class="log">

sh /tmpfs/tmp/tmpoplcak6x/scr.sh
+ surelog-uhdm -nopython -nobuiltin -parse -sverilog -I/tmpfs/src/github/sv-tests/third_party/tests/ivtest -I/tmpfs/src/github/sv-tests/third_party/tests/ivtest/ivltests <a href="../../../../third_party/tests/ivtest/ivltests/param_test4.v.html" target="file-frame">third_party/tests/ivtest/ivltests/param_test4.v</a>
[INF:CM0023] Creating log file ./slpp_all/surelog.log.

[WRN:PA0205] <a href="../../../../third_party/tests/ivtest/ivltests/param_test4.v.html#l-1" target="file-frame">third_party/tests/ivtest/ivltests/param_test4.v:1</a>: No timescale set for &#34;test&#34;.

[INF:CP0300] Compilation...

[INF:CP0303] <a href="../../../../third_party/tests/ivtest/ivltests/param_test4.v.html#l-1" target="file-frame">third_party/tests/ivtest/ivltests/param_test4.v:1</a>: Compile module &#34;work@test&#34;.

[INF:EL0526] Design Elaboration...

[NTE:EL0503] <a href="../../../../third_party/tests/ivtest/ivltests/param_test4.v.html#l-1" target="file-frame">third_party/tests/ivtest/ivltests/param_test4.v:1</a>: Top level module &#34;work@test&#34;.

[NTE:EL0508] Nb Top level modules: 1.

[NTE:EL0509] Max instance depth: 1.

[NTE:EL0510] Nb instances: 1.

[NTE:EL0511] Nb leaf instances: 0.

[  FATAL] : 0
[ SYNTAX] : 0
[  ERROR] : 0
[WARNING] : 1
[   NOTE] : 5
+ cat /tmpfs/tmp/tmpoplcak6x/yosys-script
read_uhdm slpp_all/surelog.uhdm
hierarchy -check -top \work_test
proc
check
memory_dff
memory_collect
stat
check
write_json
write_verilog
+ yosys-uhdm -s /tmpfs/tmp/tmpoplcak6x/yosys-script

 /----------------------------------------------------------------------------\
 |                                                                            |
 |  yosys -- Yosys Open SYnthesis Suite                                       |
 |                                                                            |
 |  Copyright (C) 2012 - 2020  Claire Wolf &lt;claire@symbioticeda.com&gt;          |
 |                                                                            |
 |  Permission to use, copy, modify, and/or distribute this software for any  |
 |  purpose with or without fee is hereby granted, provided that the above    |
 |  copyright notice and this permission notice appear in all copies.         |
 |                                                                            |
 |  THE SOFTWARE IS PROVIDED &#34;AS IS&#34; AND THE AUTHOR DISCLAIMS ALL WARRANTIES  |
 |  WITH REGARD TO THIS SOFTWARE INCLUDING ALL IMPLIED WARRANTIES OF          |
 |  MERCHANTABILITY AND FITNESS. IN NO EVENT SHALL THE AUTHOR BE LIABLE FOR   |
 |  ANY SPECIAL, DIRECT, INDIRECT, OR CONSEQUENTIAL DAMAGES OR ANY DAMAGES    |
 |  WHATSOEVER RESULTING FROM LOSS OF USE, DATA OR PROFITS, WHETHER IN AN     |
 |  ACTION OF CONTRACT, NEGLIGENCE OR OTHER TORTIOUS ACTION, ARISING OUT OF   |
 |  OR IN CONNECTION WITH THE USE OR PERFORMANCE OF THIS SOFTWARE.            |
 |                                                                            |
 \----------------------------------------------------------------------------/

 Yosys 0.9+2406 (git sha1 410a291f, clang 7.0.0 -fvisibility-inlines-hidden -fmessage-length=0 -march=nocona -mtune=haswell -ftree-vectorize -fPIC -fstack-protector-strong -fno-plt -O2 -ffunction-sections -fdebug-prefix-map=/tmp/really-really-really-really-really-really-really-really-really-really-really-really-really-long-path/conda/conda-bld/uhdm-integration_1594060930077/work=/usr/local/src/conda/uhdm-integration-0.0_0090_g40649a7 -fdebug-prefix-map=/home/kbuilder/miniconda/envs/sv-test-env=/usr/local/src/conda-prefix -fPIC -Os)


-- Executing script file `/tmpfs/tmp/tmpoplcak6x/yosys-script&#39; --

1. Executing UHDM frontend.
design: (work@test)
 |vpiName:work@test
 |uhdmallPackages:
 \_package: builtin, parent:work@test
   |vpiDefName:builtin
   |vpiFullName:builtin
 |uhdmallClasses:
 \_class_defn: (builtin::array)
   |vpiName:builtin::array
   |vpiFullName:builtin.builtin::array
 |uhdmallClasses:
 \_class_defn: (builtin::queue)
   |vpiName:builtin::queue
   |vpiFullName:builtin.builtin::queue
 |uhdmallClasses:
 \_class_defn: (builtin::string)
   |vpiName:builtin::string
   |vpiFullName:builtin.builtin::string
 |uhdmallClasses:
 \_class_defn: (builtin::system)
   |vpiName:builtin::system
   |vpiFullName:builtin.builtin::system
 |uhdmallModules:
 \_module: work@test, file:<a href="../../../../third_party/tests/ivtest/ivltests/param_test4.v.html" target="file-frame">third_party/tests/ivtest/ivltests/param_test4.v</a>, line:1, parent:work@test
   |vpiDefName:work@test
   |vpiFullName:work@test
   |vpiProcess:
   \_initial: 
     |vpiStmt:
     \_begin: , line:6
       |vpiFullName:work@test
       |vpiStmt:
       \_if_else: , line:8
         |vpiCondition:
         \_ref_obj: (parm2), line:8
           |vpiName:parm2
           |vpiFullName:work@test.parm2
         |vpiStmt:
         \_sys_func_call: ($display), line:9
           |vpiName:$display
           |vpiArgument:
           \_constant: , line:9
             |vpiConstType:6
             |vpiDecompile:&#34;PASSED&#34;
             |vpiSize:8
             |STRING:&#34;PASSED&#34;
         |vpiElseStmt:
         \_sys_func_call: ($display), line:11
           |vpiName:$display
           |vpiArgument:
           \_constant: , line:11
             |vpiConstType:6
             |vpiDecompile:&#34;FAILED&#34;
             |vpiSize:8
             |STRING:&#34;FAILED&#34;
   |vpiParamAssign:
   \_param_assign: , line:3
     |vpiRhs:
     \_constant: , line:3
       |vpiConstType:7
       |vpiDecompile:0
       |vpiSize:32
       |INT:0
     |vpiLhs:
     \_parameter: (parm1), line:3
       |vpiName:parm1
   |vpiParamAssign:
   \_param_assign: , line:4
     |vpiRhs:
     \_operation: , line:4
       |vpiOpType:14
       |vpiOperand:
       \_constant: , line:4
         |vpiConstType:7
         |vpiDecompile:0
         |vpiSize:32
         |INT:0
       |vpiOperand:
       \_constant: , line:4
         |vpiConstType:7
         |vpiDecompile:0
         |vpiSize:32
         |INT:0
     |vpiLhs:
     \_parameter: (parm2), line:4
       |vpiName:parm2
   |vpiParameter:
   \_parameter: (parm1), line:3
   |vpiParameter:
   \_parameter: (parm2), line:4
 |uhdmtopModules:
 \_module: work@test (work@test), file:<a href="../../../../third_party/tests/ivtest/ivltests/param_test4.v.html" target="file-frame">third_party/tests/ivtest/ivltests/param_test4.v</a>, line:1
   |vpiDefName:work@test
   |vpiName:work@test
   |vpiParameter:
   \_parameter: (parm1), line:3
     |vpiName:parm1
     |INT:0
   |vpiParameter:
   \_parameter: (parm2), line:4
     |vpiName:parm2
     |INT:1
Object: \work_test of type 3000
Object: \work_test of type 32
Object: \parm1 of type 41
Object: \parm2 of type 41
Object: \work_test of type 32
Object:  of type 24
Object:  of type 4
Object:  of type 23
Object: \parm2 of type 608
Object: \$display of type 56
Object:  of type 7
Object: \$display of type 56
Object:  of type 7
Object: \parm1 of type 41
Object: \parm2 of type 41
Object:  of type 40
Object: \parm1 of type 41
Object:  of type 7
Object:  of type 40
Object: \parm2 of type 41
Object:  of type 39
Object:  of type 7
Object:  of type 7
Object: \builtin of type 600
Generating RTLIL representation for module `\work_test&#39;.
Dumping AST before simplification:
    AST_MODULE &lt;slpp_all/surelog.uhdm:0.0-0.0&gt; [0x218e920] str=&#39;\work_test&#39;
      AST_PARAMETER &lt;<a href="../../../../third_party/tests/ivtest/ivltests/param_test4.v.html#l-3" target="file-frame">third_party/tests/ivtest/ivltests/param_test4.v:3</a>.0-3.0&gt; [0x219fd10] str=&#39;\parm1&#39;
        AST_CONSTANT &lt;<a href="../../../../third_party/tests/ivtest/ivltests/param_test4.v.html#l-3" target="file-frame">third_party/tests/ivtest/ivltests/param_test4.v:3</a>.0-3.0&gt; [0x219d230] bits=&#39;00000000000000000000000000000000&#39;(32) range=[31:0]
      AST_PARAMETER &lt;<a href="../../../../third_party/tests/ivtest/ivltests/param_test4.v.html#l-4" target="file-frame">third_party/tests/ivtest/ivltests/param_test4.v:4</a>.0-4.0&gt; [0x218f370] str=&#39;\parm2&#39;
        AST_REDUCE_BOOL &lt;<a href="../../../../third_party/tests/ivtest/ivltests/param_test4.v.html#l-4" target="file-frame">third_party/tests/ivtest/ivltests/param_test4.v:4</a>.0-4.0&gt; [0x21a4d40]
          AST_EQ &lt;slpp_all/surelog.uhdm:0.0-0.0&gt; [0x21a4f20]
            AST_CONSTANT &lt;<a href="../../../../third_party/tests/ivtest/ivltests/param_test4.v.html#l-4" target="file-frame">third_party/tests/ivtest/ivltests/param_test4.v:4</a>.0-4.0&gt; [0x21a51c0] bits=&#39;00000000000000000000000000000000&#39;(32) range=[31:0]
            AST_CONSTANT &lt;<a href="../../../../third_party/tests/ivtest/ivltests/param_test4.v.html#l-4" target="file-frame">third_party/tests/ivtest/ivltests/param_test4.v:4</a>.0-4.0&gt; [0x21a5380] bits=&#39;00000000000000000000000000000000&#39;(32) range=[31:0]
      AST_INITIAL &lt;slpp_all/surelog.uhdm:0.0-0.0&gt; [0x218f610]
        AST_BLOCK &lt;<a href="../../../../third_party/tests/ivtest/ivltests/param_test4.v.html#l-6" target="file-frame">third_party/tests/ivtest/ivltests/param_test4.v:6</a>.0-6.0&gt; [0x21a8030]
          AST_BLOCK &lt;<a href="../../../../third_party/tests/ivtest/ivltests/param_test4.v.html#l-8" target="file-frame">third_party/tests/ivtest/ivltests/param_test4.v:8</a>.0-8.0&gt; [0x219b4b0]
            AST_CASE &lt;slpp_all/surelog.uhdm:0.0-0.0&gt; [0x219b660]
              AST_IDENTIFIER &lt;<a href="../../../../third_party/tests/ivtest/ivltests/param_test4.v.html#l-8" target="file-frame">third_party/tests/ivtest/ivltests/param_test4.v:8</a>.0-8.0&gt; [0x219b9b0] str=&#39;\parm2&#39;
              AST_COND &lt;slpp_all/surelog.uhdm:0.0-0.0&gt; [0x219bcd0]
                AST_CONSTANT &lt;slpp_all/surelog.uhdm:0.0-0.0&gt; [0x21a3d70] bits=&#39;1&#39;(1) range=[0:0] int=1
                AST_BLOCK &lt;slpp_all/surelog.uhdm:0.0-0.0&gt; [0x21a41d0]
                  AST_TCALL &lt;<a href="../../../../third_party/tests/ivtest/ivltests/param_test4.v.html#l-9" target="file-frame">third_party/tests/ivtest/ivltests/param_test4.v:9</a>.0-9.0&gt; [0x21a3ed0] str=&#39;$display&#39;
                    AST_CONSTANT &lt;<a href="../../../../third_party/tests/ivtest/ivltests/param_test4.v.html#l-9" target="file-frame">third_party/tests/ivtest/ivltests/param_test4.v:9</a>.0-9.0&gt; [0x21a4410] str=&#39;&#34;PASSED&#34;&#39; bits=&#39;0010001001010000010000010101001101010011010001010100010000100010&#39;(64) range=[63:0] int=1397048354
              AST_COND &lt;slpp_all/surelog.uhdm:0.0-0.0&gt; [0x21a45e0]
                AST_DEFAULT &lt;slpp_all/surelog.uhdm:0.0-0.0&gt; [0x21a4700]
                AST_BLOCK &lt;slpp_all/surelog.uhdm:0.0-0.0&gt; [0x21a4980]
                  AST_TCALL &lt;<a href="../../../../third_party/tests/ivtest/ivltests/param_test4.v.html#l-11" target="file-frame">third_party/tests/ivtest/ivltests/param_test4.v:11</a>.0-11.0&gt; [0x21a4820] str=&#39;$display&#39;
                    AST_CONSTANT &lt;<a href="../../../../third_party/tests/ivtest/ivltests/param_test4.v.html#l-11" target="file-frame">third_party/tests/ivtest/ivltests/param_test4.v:11</a>.0-11.0&gt; [0x21a4b70] str=&#39;&#34;FAILED&#34;&#39; bits=&#39;0010001001000110010000010100100101001100010001010100010000100010&#39;(64) range=[63:0] int=1279607842
--- END OF AST DUMP ---
&#34;PASSED&#34;
Dumping AST after simplification:
    AST_MODULE &lt;slpp_all/surelog.uhdm:0.0-0.0&gt; [0x218e920] str=&#39;\work_test&#39; basic_prep
      AST_PARAMETER &lt;<a href="../../../../third_party/tests/ivtest/ivltests/param_test4.v.html#l-3" target="file-frame">third_party/tests/ivtest/ivltests/param_test4.v:3</a>.0-3.0&gt; [0x219fd10] str=&#39;\parm1&#39; basic_prep
        AST_CONSTANT &lt;<a href="../../../../third_party/tests/ivtest/ivltests/param_test4.v.html#l-3" target="file-frame">third_party/tests/ivtest/ivltests/param_test4.v:3</a>.0-3.0&gt; [0x219d230] bits=&#39;00000000000000000000000000000000&#39;(32) basic_prep range=[31:0]
      AST_PARAMETER &lt;<a href="../../../../third_party/tests/ivtest/ivltests/param_test4.v.html#l-4" target="file-frame">third_party/tests/ivtest/ivltests/param_test4.v:4</a>.0-4.0&gt; [0x218f370] str=&#39;\parm2&#39; basic_prep
        AST_CONSTANT &lt;<a href="../../../../third_party/tests/ivtest/ivltests/param_test4.v.html#l-4" target="file-frame">third_party/tests/ivtest/ivltests/param_test4.v:4</a>.0-4.0&gt; [0x21a4d40] bits=&#39;1&#39;(1) basic_prep range=[0:0] int=1
      AST_INITIAL &lt;slpp_all/surelog.uhdm:0.0-0.0&gt; [0x218f610] basic_prep
        AST_BLOCK &lt;<a href="../../../../third_party/tests/ivtest/ivltests/param_test4.v.html#l-6" target="file-frame">third_party/tests/ivtest/ivltests/param_test4.v:6</a>.0-6.0&gt; [0x21a8030] basic_prep
          AST_BLOCK &lt;<a href="../../../../third_party/tests/ivtest/ivltests/param_test4.v.html#l-8" target="file-frame">third_party/tests/ivtest/ivltests/param_test4.v:8</a>.0-8.0&gt; [0x219b4b0] basic_prep
            AST_CASE &lt;slpp_all/surelog.uhdm:0.0-0.0&gt; [0x219b660] basic_prep
              AST_CONSTANT &lt;<a href="../../../../third_party/tests/ivtest/ivltests/param_test4.v.html#l-8" target="file-frame">third_party/tests/ivtest/ivltests/param_test4.v:8</a>.0-8.0&gt; [0x219b9b0] bits=&#39;1&#39;(1) basic_prep range=[0:0] int=1
              AST_COND &lt;slpp_all/surelog.uhdm:0.0-0.0&gt; [0x219bcd0] basic_prep
                AST_CONSTANT &lt;slpp_all/surelog.uhdm:0.0-0.0&gt; [0x21a3d70] bits=&#39;1&#39;(1) basic_prep range=[0:0] int=1
                AST_BLOCK &lt;slpp_all/surelog.uhdm:0.0-0.0&gt; [0x21a41d0] basic_prep
                  AST_TCALL &lt;<a href="../../../../third_party/tests/ivtest/ivltests/param_test4.v.html#l-9" target="file-frame">third_party/tests/ivtest/ivltests/param_test4.v:9</a>.0-9.0&gt; [0x21a3ed0] basic_prep
--- END OF AST DUMP ---

2. Executing HIERARCHY pass (managing design hierarchy).

2.1. Analyzing design hierarchy..
Top module:  \work_test

2.2. Analyzing design hierarchy..
Top module:  \work_test
Removed 0 unused modules.

3. Executing PROC pass (convert processes to netlists).

3.1. Executing PROC_CLEAN pass (remove empty switches from decision trees).
Found and cleaned up 1 empty switch in `\work_test.$proc$slpp_all/surelog.uhdm:0$1&#39;.
Removing empty process `work_test.$proc$slpp_all/surelog.uhdm:0$1&#39;.
Cleaned up 1 empty switch.

3.2. Executing PROC_RMDEAD pass (remove dead branches from decision trees).
Removed a total of 0 dead cases.

3.3. Executing PROC_PRUNE pass (remove redundant assignments in processes).
Removed 0 redundant assignments.
Promoted 0 assignments to connections.

3.4. Executing PROC_INIT pass (extract init attributes).

3.5. Executing PROC_ARST pass (detect async resets in processes).

3.6. Executing PROC_MUX pass (convert decision trees to multiplexers).

3.7. Executing PROC_DLATCH pass (convert process syncs to latches).

3.8. Executing PROC_DFF pass (convert process syncs to FFs).

3.9. Executing PROC_CLEAN pass (remove empty switches from decision trees).
Cleaned up 0 empty switches.

4. Executing CHECK pass (checking for obvious problems).
checking module work_test..
found and reported 0 problems.

5. Executing MEMORY_DFF pass (merging $dff cells to $memrd and $memwr).

6. Executing MEMORY_COLLECT pass (generating $mem cells).

7. Printing statistics.

=== work_test ===

   Number of wires:                  0
   Number of wire bits:              0
   Number of public wires:           0
   Number of public wire bits:       0
   Number of memories:               0
   Number of memory bits:            0
   Number of processes:              0
   Number of cells:                  0

8. Executing CHECK pass (checking for obvious problems).
checking module work_test..
found and reported 0 problems.

9. Executing JSON backend.
{
  &#34;creator&#34;: &#34;Yosys 0.9+2406 (git sha1 410a291f, clang 7.0.0 -fvisibility-inlines-hidden -fmessage-length=0 -march=nocona -mtune=haswell -ftree-vectorize -fPIC -fstack-protector-strong -fno-plt -O2 -ffunction-sections -fdebug-prefix-map=/tmp/really-really-really-really-really-really-really-really-really-really-really-really-really-long-path/conda/conda-bld/uhdm-integration_1594060930077/work=/usr/local/src/conda/uhdm-integration-0.0_0090_g40649a7 -fdebug-prefix-map=/home/kbuilder/miniconda/envs/sv-test-env=/usr/local/src/conda-prefix -fPIC -Os)&#34;,
  &#34;modules&#34;: {
    &#34;work_test&#34;: {
      &#34;attributes&#34;: {
        &#34;top&#34;: &#34;00000000000000000000000000000001&#34;,
        &#34;src&#34;: &#34;slpp_all/surelog.uhdm:0.0-0.0&#34;
      },
      &#34;parameter_default_values&#34;: {
        &#34;parm1&#34;: &#34;00000000000000000000000000000000&#34;,
        &#34;parm2&#34;: &#34;1&#34;
      },
      &#34;ports&#34;: {
      },
      &#34;cells&#34;: {
      },
      &#34;netnames&#34;: {
      }
    }
  }
}

10. Executing Verilog backend.
/* Generated by Yosys 0.9+2406 (git sha1 410a291f, clang 7.0.0 -fvisibility-inlines-hidden -fmessage-length=0 -march=nocona -mtune=haswell -ftree-vectorize -fPIC -fstack-protector-strong -fno-plt -O2 -ffunction-sections -fdebug-prefix-map=/tmp/really-really-really-really-really-really-really-really-really-really-really-really-really-long-path/conda/conda-bld/uhdm-integration_1594060930077/work=/usr/local/src/conda/uhdm-integration-0.0_0090_g40649a7 -fdebug-prefix-map=/home/kbuilder/miniconda/envs/sv-test-env=/usr/local/src/conda-prefix -fPIC -Os) */
Dumping module `\work_test&#39;.

(* top =  1  *)
(* src = &#34;slpp_all/surelog.uhdm:0.0-0.0&#34; *)
module work_test();
endmodule

End of script. Logfile hash: 7f98c1cfaf, CPU: user 0.01s system 0.00s, MEM: 12.68 MB peak
Yosys 0.9+2406 (git sha1 410a291f, clang 7.0.0 -fvisibility-inlines-hidden -fmessage-length=0 -march=nocona -mtune=haswell -ftree-vectorize -fPIC -fstack-protector-strong -fno-plt -O2 -ffunction-sections -fdebug-prefix-map=/tmp/really-really-really-really-really-really-really-really-really-really-really-really-really-long-path/conda/conda-bld/uhdm-integration_1594060930077/work=/usr/local/src/conda/uhdm-integration-0.0_0090_g40649a7 -fdebug-prefix-map=/home/kbuilder/miniconda/envs/sv-test-env=/usr/local/src/conda-prefix -fPIC -Os)
Time spent: 99% 1x hierarchy (0 sec), 0% 2x write_verilog (0 sec), ...

</pre>
</body>