<head>
  <style>
    .log { font-family: "Courier New", Consolas, monospace; font-size: 80%; }
    .test-failed { background-color: #ffaaaa; }
    .test-passed { background-color: #aaffaa; }
  </style>
</head>
<body>
<h3><a href="https://github.com/alainmarcel/uhdm-integration" target="_blank">yosys-uhdm</a></h3>
<pre class="test-failed">
description: Test imported from ivtest
rc: 1 (means success: 0)
tags: ivtest
incdirs: /tmpfs/src/github/sv-tests/third_party/tests/ivtest /tmpfs/src/github/sv-tests/third_party/tests/ivtest/ivltests
top_module: 
type: parsing
mode: parsing
files: <a href="../../../../third_party/tests/ivtest/ivltests/param_times.v.html" target="file-frame">third_party/tests/ivtest/ivltests/param_times.v</a>
defines: 
time_elapsed: 1.248s
ram usage: 40864 KB
</pre>
<pre class="log">

sh /tmpfs/tmp/tmpz9txxlrl/scr.sh
+ surelog-uhdm -nopython -nobuiltin -parse -sverilog -I/tmpfs/src/github/sv-tests/third_party/tests/ivtest -I/tmpfs/src/github/sv-tests/third_party/tests/ivtest/ivltests <a href="../../../../third_party/tests/ivtest/ivltests/param_times.v.html" target="file-frame">third_party/tests/ivtest/ivltests/param_times.v</a>
[INF:CM0023] Creating log file ./slpp_all/surelog.log.

[WRN:PA0205] <a href="../../../../third_party/tests/ivtest/ivltests/param_times.v.html#l-27" target="file-frame">third_party/tests/ivtest/ivltests/param_times.v:27</a>: No timescale set for &#34;foo&#34;.

[WRN:PA0205] <a href="../../../../third_party/tests/ivtest/ivltests/param_times.v.html#l-44" target="file-frame">third_party/tests/ivtest/ivltests/param_times.v:44</a>: No timescale set for &#34;bar&#34;.

[INF:CP0300] Compilation...

[INF:CP0303] <a href="../../../../third_party/tests/ivtest/ivltests/param_times.v.html#l-44" target="file-frame">third_party/tests/ivtest/ivltests/param_times.v:44</a>: Compile module &#34;work@bar&#34;.

[INF:CP0303] <a href="../../../../third_party/tests/ivtest/ivltests/param_times.v.html#l-27" target="file-frame">third_party/tests/ivtest/ivltests/param_times.v:27</a>: Compile module &#34;work@foo&#34;.

[NTE:CP0309] <a href="../../../../third_party/tests/ivtest/ivltests/param_times.v.html#l-27" target="file-frame">third_party/tests/ivtest/ivltests/param_times.v:27</a>: Implicit port type (wire) for &#34;out&#34;.

[INF:EL0526] Design Elaboration...

[NTE:EL0503] <a href="../../../../third_party/tests/ivtest/ivltests/param_times.v.html#l-44" target="file-frame">third_party/tests/ivtest/ivltests/param_times.v:44</a>: Top level module &#34;work@bar&#34;.

[NTE:EL0508] Nb Top level modules: 1.

[NTE:EL0509] Max instance depth: 2.

[NTE:EL0510] Nb instances: 2.

[NTE:EL0511] Nb leaf instances: 0.

[  FATAL] : 0
[ SYNTAX] : 0
[  ERROR] : 0
[WARNING] : 2
[   NOTE] : 6
+ cat /tmpfs/tmp/tmpz9txxlrl/yosys-script
read_uhdm slpp_all/surelog.uhdm
hierarchy -check -top \work_foo
proc
check
memory_dff
memory_collect
stat
check
write_json
write_verilog
+ yosys-uhdm -s /tmpfs/tmp/tmpz9txxlrl/yosys-script

 /----------------------------------------------------------------------------\
 |                                                                            |
 |  yosys -- Yosys Open SYnthesis Suite                                       |
 |                                                                            |
 |  Copyright (C) 2012 - 2020  Claire Wolf &lt;claire@symbioticeda.com&gt;          |
 |                                                                            |
 |  Permission to use, copy, modify, and/or distribute this software for any  |
 |  purpose with or without fee is hereby granted, provided that the above    |
 |  copyright notice and this permission notice appear in all copies.         |
 |                                                                            |
 |  THE SOFTWARE IS PROVIDED &#34;AS IS&#34; AND THE AUTHOR DISCLAIMS ALL WARRANTIES  |
 |  WITH REGARD TO THIS SOFTWARE INCLUDING ALL IMPLIED WARRANTIES OF          |
 |  MERCHANTABILITY AND FITNESS. IN NO EVENT SHALL THE AUTHOR BE LIABLE FOR   |
 |  ANY SPECIAL, DIRECT, INDIRECT, OR CONSEQUENTIAL DAMAGES OR ANY DAMAGES    |
 |  WHATSOEVER RESULTING FROM LOSS OF USE, DATA OR PROFITS, WHETHER IN AN     |
 |  ACTION OF CONTRACT, NEGLIGENCE OR OTHER TORTIOUS ACTION, ARISING OUT OF   |
 |  OR IN CONNECTION WITH THE USE OR PERFORMANCE OF THIS SOFTWARE.            |
 |                                                                            |
 \----------------------------------------------------------------------------/

 Yosys 0.9+2406 (git sha1 897adb4e, clang 7.0.0 -fvisibility-inlines-hidden -fmessage-length=0 -march=nocona -mtune=haswell -ftree-vectorize -fPIC -fstack-protector-strong -fno-plt -O2 -ffunction-sections -fdebug-prefix-map=/tmp/really-really-really-really-really-really-really-really-really-really-really-really-really-long-path/conda/conda-bld/uhdm-integration_1594645251277/work=/usr/local/src/conda/uhdm-integration-0.0_0097_gfa6ade0 -fdebug-prefix-map=/home/kbuilder/miniconda/envs/sv-test-env=/usr/local/src/conda-prefix -fPIC -Os)


-- Executing script file `/tmpfs/tmp/tmpz9txxlrl/yosys-script&#39; --

1. Executing UHDM frontend.
design: (work@bar)
 |vpiName:work@bar
 |uhdmallPackages:
 \_package: builtin, parent:work@bar
   |vpiDefName:builtin
   |vpiFullName:builtin
 |uhdmallClasses:
 \_class_defn: (builtin::array)
   |vpiName:builtin::array
   |vpiFullName:builtin::builtin::array
 |uhdmallClasses:
 \_class_defn: (builtin::queue)
   |vpiName:builtin::queue
   |vpiFullName:builtin::builtin::queue
 |uhdmallClasses:
 \_class_defn: (builtin::string)
   |vpiName:builtin::string
   |vpiFullName:builtin::builtin::string
 |uhdmallClasses:
 \_class_defn: (builtin::system)
   |vpiName:builtin::system
   |vpiFullName:builtin::builtin::system
 |uhdmallModules:
 \_module: work@bar, file:<a href="../../../../third_party/tests/ivtest/ivltests/param_times.v.html" target="file-frame">third_party/tests/ivtest/ivltests/param_times.v</a>, line:44, parent:work@bar
   |vpiDefName:work@bar
   |vpiFullName:work@bar
 |uhdmallModules:
 \_module: work@foo, file:<a href="../../../../third_party/tests/ivtest/ivltests/param_times.v.html" target="file-frame">third_party/tests/ivtest/ivltests/param_times.v</a>, line:27, parent:work@bar
   |vpiDefName:work@foo
   |vpiFullName:work@foo
   |vpiProcess:
   \_initial: 
     |vpiStmt:
     \_begin: , line:33
       |vpiFullName:work@foo
       |vpiStmt:
       \_if_stmt: , line:34
         |vpiCondition:
         \_operation: , line:34
           |vpiOpType:15
           |vpiOperand:
           \_ref_obj: (blah), line:34
             |vpiName:blah
             |vpiFullName:work@foo.blah
           |vpiOperand:
           \_constant: , line:34
             |vpiConstType:7
             |vpiDecompile:4
             |vpiSize:32
             |INT:4
         |vpiStmt:
         \_begin: , line:34
           |vpiFullName:work@foo
           |vpiStmt:
           \_sys_func_call: ($display), line:35
             |vpiName:$display
             |vpiArgument:
             \_constant: , line:35
               |vpiConstType:6
               |vpiDecompile:&#34;FAILED -- parameter override of blah failed: %d&#34;
               |vpiSize:49
               |STRING:&#34;FAILED -- parameter override of blah failed: %d&#34;
             |vpiArgument:
             \_ref_obj: (blah), line:35
               |vpiName:blah
           |vpiStmt:
           \_sys_func_call: ($finish), line:36
             |vpiName:$finish
       |vpiStmt:
       \_sys_func_call: ($display), line:39
         |vpiName:$display
         |vpiArgument:
         \_constant: , line:39
           |vpiConstType:6
           |vpiDecompile:&#34;PASSED&#34;
           |vpiSize:8
           |STRING:&#34;PASSED&#34;
   |vpiPort:
   \_port: (in), line:27
     |vpiName:in
     |vpiDirection:1
     |vpiLowConn:
     \_ref_obj: 
       |vpiActual:
       \_logic_net: (in), line:27
         |vpiName:in
         |vpiFullName:work@foo.in
   |vpiPort:
   \_port: (out), line:27
     |vpiName:out
     |vpiDirection:2
     |vpiLowConn:
     \_ref_obj: 
       |vpiActual:
       \_logic_net: (out), line:27
         |vpiName:out
         |vpiFullName:work@foo.out
   |vpiNet:
   \_logic_net: (in), line:27
   |vpiNet:
   \_logic_net: (out), line:27
   |vpiParamAssign:
   \_param_assign: , line:28
     |vpiRhs:
     \_constant: , line:28
       |vpiConstType:7
       |vpiDecompile:2
       |vpiSize:32
       |INT:2
     |vpiLhs:
     \_parameter: (blah), line:28
       |vpiName:blah
   |vpiParameter:
   \_parameter: (blah), line:28
 |uhdmtopModules:
 \_module: work@bar (work@bar), file:<a href="../../../../third_party/tests/ivtest/ivltests/param_times.v.html" target="file-frame">third_party/tests/ivtest/ivltests/param_times.v</a>, line:44
   |vpiDefName:work@bar
   |vpiName:work@bar
   |vpiModule:
   \_module: work@foo (yak), file:<a href="../../../../third_party/tests/ivtest/ivltests/param_times.v.html" target="file-frame">third_party/tests/ivtest/ivltests/param_times.v</a>, line:46, parent:work@bar
     |vpiDefName:work@foo
     |vpiName:yak
     |vpiFullName:work@bar.yak
     |vpiPort:
     \_port: (in), line:27, parent:yak
       |vpiName:in
       |vpiDirection:1
       |vpiLowConn:
       \_ref_obj: 
         |vpiActual:
         \_logic_net: (in), line:27, parent:yak
           |vpiName:in
           |vpiFullName:work@bar.yak.in
     |vpiPort:
     \_port: (out), line:27, parent:yak
       |vpiName:out
       |vpiDirection:2
       |vpiLowConn:
       \_ref_obj: 
         |vpiActual:
         \_logic_net: (out), line:27, parent:yak
           |vpiName:out
           |vpiFullName:work@bar.yak.out
     |vpiNet:
     \_logic_net: (in), line:27, parent:yak
     |vpiNet:
     \_logic_net: (out), line:27, parent:yak
     |vpiInstance:
     \_module: work@bar (work@bar), file:<a href="../../../../third_party/tests/ivtest/ivltests/param_times.v.html" target="file-frame">third_party/tests/ivtest/ivltests/param_times.v</a>, line:44
     |vpiParameter:
     \_parameter: (blah), line:46
       |vpiName:blah
       |INT:1
Object: \work_bar of type 3000
Object: \work_bar of type 32
Object: \yak of type 32
Object: \in of type 44
Object: \out of type 44
Object: \blah of type 41
Object: \in of type 36
Object: \out of type 36
Object: \work_bar of type 32
Object: \work_foo of type 32
Object: \in of type 44
Object: \out of type 44
Object:  of type 24
Object:  of type 4
Object:  of type 22
Object:  of type 39
Object: \blah of type 608
Object:  of type 7
Object:  of type 4
Object: \$display of type 56
Object:  of type 7
Object: \blah of type 608
Object: \$finish of type 56
Object: \$display of type 56
Object:  of type 7
Object: \blah of type 41
Object:  of type 40
Object: \blah of type 41
Object:  of type 7
Object: \in of type 36
Object: \out of type 36
Object: \builtin of type 600
Generating RTLIL representation for module `\work_foo&#39;.
Dumping AST before simplification:
    AST_MODULE &lt;slpp_all/surelog.uhdm:0.0-0.0&gt; [0x26f6450] str=&#39;\work_foo&#39;
      AST_WIRE &lt;<a href="../../../../third_party/tests/ivtest/ivltests/param_times.v.html#l-27" target="file-frame">third_party/tests/ivtest/ivltests/param_times.v:27</a>.0-27.0&gt; [0x26f66f0] str=&#39;\in&#39; input port=1
      AST_WIRE &lt;<a href="../../../../third_party/tests/ivtest/ivltests/param_times.v.html#l-27" target="file-frame">third_party/tests/ivtest/ivltests/param_times.v:27</a>.0-27.0&gt; [0x26f6af0] str=&#39;\out&#39; output reg port=2
      AST_PARAMETER &lt;<a href="../../../../third_party/tests/ivtest/ivltests/param_times.v.html#l-28" target="file-frame">third_party/tests/ivtest/ivltests/param_times.v:28</a>.0-28.0&gt; [0x26f6fb0] str=&#39;\blah&#39;
        AST_CONSTANT &lt;<a href="../../../../third_party/tests/ivtest/ivltests/param_times.v.html#l-28" target="file-frame">third_party/tests/ivtest/ivltests/param_times.v:28</a>.0-28.0&gt; [0x26f9cf0] bits=&#39;00000000000000000000000000000010&#39;(32) range=[31:0] int=2
      AST_INITIAL &lt;slpp_all/surelog.uhdm:0.0-0.0&gt; [0x26f7470]
        AST_BLOCK &lt;<a href="../../../../third_party/tests/ivtest/ivltests/param_times.v.html#l-33" target="file-frame">third_party/tests/ivtest/ivltests/param_times.v:33</a>.0-33.0&gt; [0x26f7630]
          AST_BLOCK &lt;<a href="../../../../third_party/tests/ivtest/ivltests/param_times.v.html#l-34" target="file-frame">third_party/tests/ivtest/ivltests/param_times.v:34</a>.0-34.0&gt; [0x26f77b0]
            AST_CASE &lt;slpp_all/surelog.uhdm:0.0-0.0&gt; [0x26f78d0]
              AST_REDUCE_BOOL &lt;<a href="../../../../third_party/tests/ivtest/ivltests/param_times.v.html#l-34" target="file-frame">third_party/tests/ivtest/ivltests/param_times.v:34</a>.0-34.0&gt; [0x26f7af0]
                AST_LOGIC_NOT &lt;slpp_all/surelog.uhdm:0.0-0.0&gt; [0x26f7ca0]
                  AST_EQ &lt;slpp_all/surelog.uhdm:0.0-0.0&gt; [0x26f7de0]
                    AST_IDENTIFIER &lt;<a href="../../../../third_party/tests/ivtest/ivltests/param_times.v.html#l-34" target="file-frame">third_party/tests/ivtest/ivltests/param_times.v:34</a>.0-34.0&gt; [0x26f8220] str=&#39;\blah&#39;
                    AST_CONSTANT &lt;<a href="../../../../third_party/tests/ivtest/ivltests/param_times.v.html#l-34" target="file-frame">third_party/tests/ivtest/ivltests/param_times.v:34</a>.0-34.0&gt; [0x26f86b0] bits=&#39;00000000000000000000000000000100&#39;(32) range=[31:0] int=4
              AST_COND &lt;slpp_all/surelog.uhdm:0.0-0.0&gt; [0x26f8570]
                AST_CONSTANT &lt;slpp_all/surelog.uhdm:0.0-0.0&gt; [0x26f8870] bits=&#39;1&#39;(1) range=[0:0] int=1
                AST_BLOCK &lt;slpp_all/surelog.uhdm:0.0-0.0&gt; [0x26f9700]
                  AST_BLOCK &lt;<a href="../../../../third_party/tests/ivtest/ivltests/param_times.v.html#l-34" target="file-frame">third_party/tests/ivtest/ivltests/param_times.v:34</a>.0-34.0&gt; [0x26f8990]
                    AST_TCALL &lt;<a href="../../../../third_party/tests/ivtest/ivltests/param_times.v.html#l-35" target="file-frame">third_party/tests/ivtest/ivltests/param_times.v:35</a>.0-35.0&gt; [0x26f8ad0] str=&#39;$display&#39;
                      AST_CONSTANT &lt;<a href="../../../../third_party/tests/ivtest/ivltests/param_times.v.html#l-35" target="file-frame">third_party/tests/ivtest/ivltests/param_times.v:35</a>.0-35.0&gt; [0x26f91d0] str=&#39;&#34;FAILED -- parameter override of blah failed: %d&#34;&#39; bits=&#39;00100010010001100100000101001001010011000100010101000100001000000010110100101101001000000111000001100001011100100110000101101101011001010111010001100101011100100010000001101111011101100110010101110010011100100110100101100100011001010010000001101111011001100010000001100010011011000110000101101000001000000110011001100001011010010110110001100101011001000011101000100000001001010110010000100010&#39;(392) range=[391:0] int=539321378
                      AST_IDENTIFIER &lt;<a href="../../../../third_party/tests/ivtest/ivltests/param_times.v.html#l-35" target="file-frame">third_party/tests/ivtest/ivltests/param_times.v:35</a>.0-35.0&gt; [0x26f90a0] str=&#39;\blah&#39;
                    AST_FCALL &lt;<a href="../../../../third_party/tests/ivtest/ivltests/param_times.v.html#l-36" target="file-frame">third_party/tests/ivtest/ivltests/param_times.v:36</a>.0-36.0&gt; [0x26f9580] str=&#39;\$finish&#39;
          AST_TCALL &lt;<a href="../../../../third_party/tests/ivtest/ivltests/param_times.v.html#l-39" target="file-frame">third_party/tests/ivtest/ivltests/param_times.v:39</a>.0-39.0&gt; [0x26f9820] str=&#39;$display&#39;
            AST_CONSTANT &lt;<a href="../../../../third_party/tests/ivtest/ivltests/param_times.v.html#l-39" target="file-frame">third_party/tests/ivtest/ivltests/param_times.v:39</a>.0-39.0&gt; [0x26f9ac0] str=&#39;&#34;PASSED&#34;&#39; bits=&#39;0010001001010000010000010101001101010011010001010100010000100010&#39;(64) range=[63:0] int=1397048354
<a href="../../../../third_party/tests/ivtest/ivltests/param_times.v.html#l-36" target="file-frame">third_party/tests/ivtest/ivltests/param_times.v:36</a>: ERROR: Can&#39;t resolve function name `\$finish&#39;.

</pre>
</body>