<head>
  <style>
    .log { font-family: "Courier New", Consolas, monospace; font-size: 80%; }
    .test-failed { background-color: #ffaaaa; }
    .test-passed { background-color: #aaffaa; }
  </style>
</head>
<body>
<h3><a href="https://github.com/alainmarcel/uhdm-integration" target="_blank">yosys-uhdm</a></h3>
<pre class="test-failed">
description: Test imported from ivtest
rc: 1 (means success: 0)
tags: ivtest
incdirs: /tmpfs/src/github/sv-tests/third_party/tests/ivtest /tmpfs/src/github/sv-tests/third_party/tests/ivtest/ivltests
top_module: 
type: parsing
mode: parsing
files: <a href="../../../../third_party/tests/ivtest/ivltests/parpkg_test3.v.html" target="file-frame">third_party/tests/ivtest/ivltests/parpkg_test3.v</a>
defines: 
time_elapsed: 1.268s
ram usage: 38776 KB
</pre>
<pre class="log">

sh /tmpfs/tmp/tmplb4ubcqs/scr.sh
+ surelog-uhdm -nopython -nobuiltin -parse -sverilog -I/tmpfs/src/github/sv-tests/third_party/tests/ivtest -I/tmpfs/src/github/sv-tests/third_party/tests/ivtest/ivltests <a href="../../../../third_party/tests/ivtest/ivltests/parpkg_test3.v.html" target="file-frame">third_party/tests/ivtest/ivltests/parpkg_test3.v</a>
[INF:CM0023] Creating log file ./slpp_all/surelog.log.

[WRN:PA0205] <a href="../../../../third_party/tests/ivtest/ivltests/parpkg_test3.v.html#l-12" target="file-frame">third_party/tests/ivtest/ivltests/parpkg_test3.v:12</a>: No timescale set for &#34;pkg&#34;.

[WRN:PA0205] <a href="../../../../third_party/tests/ivtest/ivltests/parpkg_test3.v.html#l-17" target="file-frame">third_party/tests/ivtest/ivltests/parpkg_test3.v:17</a>: No timescale set for &#34;test&#34;.

[INF:CP0300] Compilation...

[INF:CP0301] <a href="../../../../third_party/tests/ivtest/ivltests/parpkg_test3.v.html#l-12" target="file-frame">third_party/tests/ivtest/ivltests/parpkg_test3.v:12</a>: Compile package &#34;pkg&#34;.

[INF:CP0303] <a href="../../../../third_party/tests/ivtest/ivltests/parpkg_test3.v.html#l-17" target="file-frame">third_party/tests/ivtest/ivltests/parpkg_test3.v:17</a>: Compile module &#34;work@test&#34;.

[INF:EL0526] Design Elaboration...

[NTE:EL0503] <a href="../../../../third_party/tests/ivtest/ivltests/parpkg_test3.v.html#l-17" target="file-frame">third_party/tests/ivtest/ivltests/parpkg_test3.v:17</a>: Top level module &#34;work@test&#34;.

[NTE:EL0508] Nb Top level modules: 1.

[NTE:EL0509] Max instance depth: 1.

[NTE:EL0510] Nb instances: 1.

[NTE:EL0511] Nb leaf instances: 0.

[  FATAL] : 0
[ SYNTAX] : 0
[  ERROR] : 0
[WARNING] : 2
[   NOTE] : 5
+ cat /tmpfs/tmp/tmplb4ubcqs/yosys-script
read_uhdm slpp_all/surelog.uhdm
hierarchy -check -top \work_test
proc
check
memory_dff
memory_collect
stat
check
write_json
write_verilog
+ yosys-uhdm -s /tmpfs/tmp/tmplb4ubcqs/yosys-script

 /----------------------------------------------------------------------------\
 |                                                                            |
 |  yosys -- Yosys Open SYnthesis Suite                                       |
 |                                                                            |
 |  Copyright (C) 2012 - 2020  Claire Wolf &lt;claire@symbioticeda.com&gt;          |
 |                                                                            |
 |  Permission to use, copy, modify, and/or distribute this software for any  |
 |  purpose with or without fee is hereby granted, provided that the above    |
 |  copyright notice and this permission notice appear in all copies.         |
 |                                                                            |
 |  THE SOFTWARE IS PROVIDED &#34;AS IS&#34; AND THE AUTHOR DISCLAIMS ALL WARRANTIES  |
 |  WITH REGARD TO THIS SOFTWARE INCLUDING ALL IMPLIED WARRANTIES OF          |
 |  MERCHANTABILITY AND FITNESS. IN NO EVENT SHALL THE AUTHOR BE LIABLE FOR   |
 |  ANY SPECIAL, DIRECT, INDIRECT, OR CONSEQUENTIAL DAMAGES OR ANY DAMAGES    |
 |  WHATSOEVER RESULTING FROM LOSS OF USE, DATA OR PROFITS, WHETHER IN AN     |
 |  ACTION OF CONTRACT, NEGLIGENCE OR OTHER TORTIOUS ACTION, ARISING OUT OF   |
 |  OR IN CONNECTION WITH THE USE OR PERFORMANCE OF THIS SOFTWARE.            |
 |                                                                            |
 \----------------------------------------------------------------------------/

 Yosys 0.9+2406 (git sha1 410a291f, clang 7.0.0 -fvisibility-inlines-hidden -fmessage-length=0 -march=nocona -mtune=haswell -ftree-vectorize -fPIC -fstack-protector-strong -fno-plt -O2 -ffunction-sections -fdebug-prefix-map=/tmp/really-really-really-really-really-really-really-really-really-really-really-really-really-long-path/conda/conda-bld/uhdm-integration_1594060930077/work=/usr/local/src/conda/uhdm-integration-0.0_0090_g40649a7 -fdebug-prefix-map=/home/kbuilder/miniconda/envs/sv-test-env=/usr/local/src/conda-prefix -fPIC -Os)


-- Executing script file `/tmpfs/tmp/tmplb4ubcqs/yosys-script&#39; --

1. Executing UHDM frontend.
design: (work@test)
 |vpiName:work@test
 |uhdmallPackages:
 \_package: builtin, parent:work@test
   |vpiDefName:builtin
   |vpiFullName:builtin
 |uhdmallPackages:
 \_package: pkg, file:<a href="../../../../third_party/tests/ivtest/ivltests/parpkg_test3.v.html" target="file-frame">third_party/tests/ivtest/ivltests/parpkg_test3.v</a>, line:12, parent:work@test
   |vpiDefName:pkg
   |vpiFullName:pkg
   |vpiParamAssign:
   \_param_assign: , line:13
     |vpiRhs:
     \_constant: , line:13
       |vpiConstType:7
       |vpiDecompile:1
       |vpiSize:32
       |INT:1
     |vpiLhs:
     \_parameter: (foo), line:13
       |vpiName:foo
       |vpiTypespec:
       \_int_typespec: , line:13
   |vpiParameter:
   \_parameter: (foo), line:13
 |uhdmallClasses:
 \_class_defn: (builtin::array)
   |vpiName:builtin::array
   |vpiFullName:builtin.builtin::array
 |uhdmallClasses:
 \_class_defn: (builtin::queue)
   |vpiName:builtin::queue
   |vpiFullName:builtin.builtin::queue
 |uhdmallClasses:
 \_class_defn: (builtin::string)
   |vpiName:builtin::string
   |vpiFullName:builtin.builtin::string
 |uhdmallClasses:
 \_class_defn: (builtin::system)
   |vpiName:builtin::system
   |vpiFullName:builtin.builtin::system
 |uhdmallModules:
 \_module: work@test, file:<a href="../../../../third_party/tests/ivtest/ivltests/parpkg_test3.v.html" target="file-frame">third_party/tests/ivtest/ivltests/parpkg_test3.v</a>, line:17, parent:work@test
   |vpiDefName:work@test
   |vpiFullName:work@test
   |vpiProcess:
   \_initial: 
     |vpiStmt:
     \_begin: , line:22
       |vpiFullName:work@test
       |vpiStmt:
       \_sys_func_call: ($display), line:23
         |vpiName:$display
         |vpiArgument:
         \_constant: , line:23
           |vpiConstType:6
           |vpiDecompile:&#34;pkg::foo = %0d&#34;
           |vpiSize:16
           |STRING:&#34;pkg::foo = %0d&#34;
         |vpiArgument:
         \_constant: , line:23
           |vpiConstType:7
           |vpiDecompile:1
           |vpiSize:32
           |INT:1
       |vpiStmt:
       \_if_stmt: , line:24
         |vpiCondition:
         \_operation: , line:24
           |vpiOpType:15
           |vpiOperand:
           \_constant: , line:24
             |vpiConstType:7
             |vpiDecompile:1
             |vpiSize:32
             |INT:1
           |vpiOperand:
           \_constant: , line:24
             |vpiConstType:7
             |vpiDecompile:1
             |vpiSize:32
             |INT:1
         |vpiStmt:
         \_begin: , line:24
           |vpiFullName:work@test
           |vpiStmt:
           \_sys_func_call: ($display), line:25
             |vpiName:$display
             |vpiArgument:
             \_constant: , line:25
               |vpiConstType:6
               |vpiDecompile:&#34;FAILED&#34;
               |vpiSize:8
               |STRING:&#34;FAILED&#34;
           |vpiStmt:
           \_sys_func_call: ($finish), line:26
             |vpiName:$finish
       |vpiStmt:
       \_sys_func_call: ($display), line:28
         |vpiName:$display
         |vpiArgument:
         \_constant: , line:28
           |vpiConstType:6
           |vpiDecompile:&#34;PASSED&#34;
           |vpiSize:8
           |STRING:&#34;PASSED&#34;
 |uhdmtopModules:
 \_module: work@test (work@test), file:<a href="../../../../third_party/tests/ivtest/ivltests/parpkg_test3.v.html" target="file-frame">third_party/tests/ivtest/ivltests/parpkg_test3.v</a>, line:17
   |vpiDefName:work@test
   |vpiName:work@test
Object: \work_test of type 3000
Object: \work_test of type 32
Object: \work_test of type 32
Object:  of type 24
Object:  of type 4
Object: \$display of type 56
Object:  of type 7
Object:  of type 7
Object:  of type 22
Object:  of type 39
Object:  of type 7
Object:  of type 7
Object:  of type 4
Object: \$display of type 56
Object:  of type 7
Object: \$finish of type 56
Object: \$display of type 56
Object:  of type 7
Object: \builtin of type 600
Object: \pkg of type 600
Object: \foo of type 41
Object:  of type 40
Object: \foo of type 41
Object:  of type 7
Generating RTLIL representation for module `\work_test&#39;.
Dumping AST before simplification:
    AST_MODULE &lt;slpp_all/surelog.uhdm:0.0-0.0&gt; [0x29eb890] str=&#39;\work_test&#39;
      AST_INITIAL &lt;slpp_all/surelog.uhdm:0.0-0.0&gt; [0x29e8230]
        AST_BLOCK &lt;<a href="../../../../third_party/tests/ivtest/ivltests/parpkg_test3.v.html#l-22" target="file-frame">third_party/tests/ivtest/ivltests/parpkg_test3.v:22</a>.0-22.0&gt; [0x29da4f0]
          AST_TCALL &lt;<a href="../../../../third_party/tests/ivtest/ivltests/parpkg_test3.v.html#l-23" target="file-frame">third_party/tests/ivtest/ivltests/parpkg_test3.v:23</a>.0-23.0&gt; [0x29e64e0] str=&#39;$display&#39;
            AST_CONSTANT &lt;<a href="../../../../third_party/tests/ivtest/ivltests/parpkg_test3.v.html#l-23" target="file-frame">third_party/tests/ivtest/ivltests/parpkg_test3.v:23</a>.0-23.0&gt; [0x29e6b70] str=&#39;&#34;pkg::foo = %0d&#34;&#39; bits=&#39;00100010011100000110101101100111001110100011101001100110011011110110111100100000001111010010000000100101001100000110010000100010&#39;(128) range=[127:0] int=623928354
            AST_CONSTANT &lt;<a href="../../../../third_party/tests/ivtest/ivltests/parpkg_test3.v.html#l-23" target="file-frame">third_party/tests/ivtest/ivltests/parpkg_test3.v:23</a>.0-23.0&gt; [0x29eed70] bits=&#39;00000000000000000000000000000001&#39;(32) range=[31:0] int=1
          AST_BLOCK &lt;<a href="../../../../third_party/tests/ivtest/ivltests/parpkg_test3.v.html#l-24" target="file-frame">third_party/tests/ivtest/ivltests/parpkg_test3.v:24</a>.0-24.0&gt; [0x29e6d50]
            AST_CASE &lt;slpp_all/surelog.uhdm:0.0-0.0&gt; [0x29eef30]
              AST_REDUCE_BOOL &lt;<a href="../../../../third_party/tests/ivtest/ivltests/parpkg_test3.v.html#l-24" target="file-frame">third_party/tests/ivtest/ivltests/parpkg_test3.v:24</a>.0-24.0&gt; [0x29ef050]
                AST_LOGIC_NOT &lt;slpp_all/surelog.uhdm:0.0-0.0&gt; [0x29ef1d0]
                  AST_EQ &lt;slpp_all/surelog.uhdm:0.0-0.0&gt; [0x29ef2f0]
                    AST_CONSTANT &lt;<a href="../../../../third_party/tests/ivtest/ivltests/parpkg_test3.v.html#l-24" target="file-frame">third_party/tests/ivtest/ivltests/parpkg_test3.v:24</a>.0-24.0&gt; [0x29ef8e0] bits=&#39;00000000000000000000000000000001&#39;(32) range=[31:0] int=1
                    AST_CONSTANT &lt;<a href="../../../../third_party/tests/ivtest/ivltests/parpkg_test3.v.html#l-24" target="file-frame">third_party/tests/ivtest/ivltests/parpkg_test3.v:24</a>.0-24.0&gt; [0x29efad0] bits=&#39;00000000000000000000000000000001&#39;(32) range=[31:0] int=1
              AST_COND &lt;slpp_all/surelog.uhdm:0.0-0.0&gt; [0x29ef710]
                AST_CONSTANT &lt;slpp_all/surelog.uhdm:0.0-0.0&gt; [0x29efc90] bits=&#39;1&#39;(1) range=[0:0] int=1
                AST_BLOCK &lt;slpp_all/surelog.uhdm:0.0-0.0&gt; [0x29f07b0]
                  AST_BLOCK &lt;<a href="../../../../third_party/tests/ivtest/ivltests/parpkg_test3.v.html#l-24" target="file-frame">third_party/tests/ivtest/ivltests/parpkg_test3.v:24</a>.0-24.0&gt; [0x29efdb0]
                    AST_TCALL &lt;<a href="../../../../third_party/tests/ivtest/ivltests/parpkg_test3.v.html#l-25" target="file-frame">third_party/tests/ivtest/ivltests/parpkg_test3.v:25</a>.0-25.0&gt; [0x29efef0] str=&#39;$display&#39;
                      AST_CONSTANT &lt;<a href="../../../../third_party/tests/ivtest/ivltests/parpkg_test3.v.html#l-25" target="file-frame">third_party/tests/ivtest/ivltests/parpkg_test3.v:25</a>.0-25.0&gt; [0x29f05e0] str=&#39;&#34;FAILED&#34;&#39; bits=&#39;0010001001000110010000010100100101001100010001010100010000100010&#39;(64) range=[63:0] int=1279607842
                    AST_FCALL &lt;<a href="../../../../third_party/tests/ivtest/ivltests/parpkg_test3.v.html#l-26" target="file-frame">third_party/tests/ivtest/ivltests/parpkg_test3.v:26</a>.0-26.0&gt; [0x29f03a0] str=&#39;\$finish&#39;
          AST_TCALL &lt;<a href="../../../../third_party/tests/ivtest/ivltests/parpkg_test3.v.html#l-28" target="file-frame">third_party/tests/ivtest/ivltests/parpkg_test3.v:28</a>.0-28.0&gt; [0x29f08d0] str=&#39;$display&#39;
            AST_CONSTANT &lt;<a href="../../../../third_party/tests/ivtest/ivltests/parpkg_test3.v.html#l-28" target="file-frame">third_party/tests/ivtest/ivltests/parpkg_test3.v:28</a>.0-28.0&gt; [0x29f0b10] str=&#39;&#34;PASSED&#34;&#39; bits=&#39;0010001001010000010000010101001101010011010001010100010000100010&#39;(64) range=[63:0] int=1397048354
      AST_PARAMETER &lt;<a href="../../../../third_party/tests/ivtest/ivltests/parpkg_test3.v.html#l-13" target="file-frame">third_party/tests/ivtest/ivltests/parpkg_test3.v:13</a>.0-13.0&gt; [0x29f1860] str=&#39;\pkg::foo&#39; basic_prep
        AST_CONSTANT &lt;<a href="../../../../third_party/tests/ivtest/ivltests/parpkg_test3.v.html#l-13" target="file-frame">third_party/tests/ivtest/ivltests/parpkg_test3.v:13</a>.0-13.0&gt; [0x29f19e0] bits=&#39;00000000000000000000000000000001&#39;(32) basic_prep range=[31:0] int=1
<a href="../../../../third_party/tests/ivtest/ivltests/parpkg_test3.v.html#l-23" target="file-frame">third_party/tests/ivtest/ivltests/parpkg_test3.v:23</a>: ERROR: System task `$display&#39; called with invalid/unsupported format specifier.

</pre>
</body>