<head>
  <style>
    .log { font-family: "Courier New", Consolas, monospace; font-size: 80%; }
    .test-failed { background-color: #ffaaaa; }
    .test-passed { background-color: #aaffaa; }
  </style>
</head>
<body>
<h3><a href="https://github.com/alainmarcel/uhdm-integration" target="_blank">yosys-uhdm</a></h3>
<pre class="test-failed">
description: Test imported from ivtest
rc: 1 (means success: 0)
tags: ivtest
incdirs: /tmpfs/src/github/sv-tests/third_party/tests/ivtest /tmpfs/src/github/sv-tests/third_party/tests/ivtest/ivltests
top_module: 
type: parsing
mode: parsing
files: <a href="../../../../third_party/tests/ivtest/ivltests/pr136.v.html" target="file-frame">third_party/tests/ivtest/ivltests/pr136.v</a>
defines: 
time_elapsed: 1.320s
ram usage: 41740 KB
</pre>
<pre class="log">

sh /tmpfs/tmp/tmp1sxrzzmy/scr.sh
+ surelog-uhdm -nopython -nobuiltin -parse -sverilog -I/tmpfs/src/github/sv-tests/third_party/tests/ivtest -I/tmpfs/src/github/sv-tests/third_party/tests/ivtest/ivltests <a href="../../../../third_party/tests/ivtest/ivltests/pr136.v.html" target="file-frame">third_party/tests/ivtest/ivltests/pr136.v</a>
[INF:CM0023] Creating log file ./slpp_all/surelog.log.

[WRN:PA0205] <a href="../../../../third_party/tests/ivtest/ivltests/pr136.v.html#l-35" target="file-frame">third_party/tests/ivtest/ivltests/pr136.v:35</a>: No timescale set for &#34;parameter_multiply_test&#34;.

[INF:CP0300] Compilation...

[INF:CP0303] <a href="../../../../third_party/tests/ivtest/ivltests/pr136.v.html#l-35" target="file-frame">third_party/tests/ivtest/ivltests/pr136.v:35</a>: Compile module &#34;work@parameter_multiply_test&#34;.

[INF:EL0526] Design Elaboration...

[NTE:EL0503] <a href="../../../../third_party/tests/ivtest/ivltests/pr136.v.html#l-35" target="file-frame">third_party/tests/ivtest/ivltests/pr136.v:35</a>: Top level module &#34;work@parameter_multiply_test&#34;.

[NTE:EL0508] Nb Top level modules: 1.

[NTE:EL0509] Max instance depth: 1.

[NTE:EL0510] Nb instances: 1.

[NTE:EL0511] Nb leaf instances: 0.

[  FATAL] : 0
[ SYNTAX] : 0
[  ERROR] : 0
[WARNING] : 1
[   NOTE] : 5
+ cat /tmpfs/tmp/tmp1sxrzzmy/yosys-script
read_uhdm slpp_all/surelog.uhdm
hierarchy -check -top \work_parameter_multiply_test
proc
check
memory_dff
memory_collect
stat
check
write_json
write_verilog
+ yosys-uhdm -s /tmpfs/tmp/tmp1sxrzzmy/yosys-script

 /----------------------------------------------------------------------------\
 |                                                                            |
 |  yosys -- Yosys Open SYnthesis Suite                                       |
 |                                                                            |
 |  Copyright (C) 2012 - 2020  Claire Wolf &lt;claire@symbioticeda.com&gt;          |
 |                                                                            |
 |  Permission to use, copy, modify, and/or distribute this software for any  |
 |  purpose with or without fee is hereby granted, provided that the above    |
 |  copyright notice and this permission notice appear in all copies.         |
 |                                                                            |
 |  THE SOFTWARE IS PROVIDED &#34;AS IS&#34; AND THE AUTHOR DISCLAIMS ALL WARRANTIES  |
 |  WITH REGARD TO THIS SOFTWARE INCLUDING ALL IMPLIED WARRANTIES OF          |
 |  MERCHANTABILITY AND FITNESS. IN NO EVENT SHALL THE AUTHOR BE LIABLE FOR   |
 |  ANY SPECIAL, DIRECT, INDIRECT, OR CONSEQUENTIAL DAMAGES OR ANY DAMAGES    |
 |  WHATSOEVER RESULTING FROM LOSS OF USE, DATA OR PROFITS, WHETHER IN AN     |
 |  ACTION OF CONTRACT, NEGLIGENCE OR OTHER TORTIOUS ACTION, ARISING OUT OF   |
 |  OR IN CONNECTION WITH THE USE OR PERFORMANCE OF THIS SOFTWARE.            |
 |                                                                            |
 \----------------------------------------------------------------------------/

 Yosys 0.9+2406 (git sha1 897adb4e, clang 7.0.0 -fvisibility-inlines-hidden -fmessage-length=0 -march=nocona -mtune=haswell -ftree-vectorize -fPIC -fstack-protector-strong -fno-plt -O2 -ffunction-sections -fdebug-prefix-map=/tmp/really-really-really-really-really-really-really-really-really-really-really-really-really-long-path/conda/conda-bld/uhdm-integration_1594645251277/work=/usr/local/src/conda/uhdm-integration-0.0_0097_gfa6ade0 -fdebug-prefix-map=/home/kbuilder/miniconda/envs/sv-test-env=/usr/local/src/conda-prefix -fPIC -Os)


-- Executing script file `/tmpfs/tmp/tmp1sxrzzmy/yosys-script&#39; --

1. Executing UHDM frontend.
design: (work@parameter_multiply_test)
 |vpiName:work@parameter_multiply_test
 |uhdmallPackages:
 \_package: builtin, parent:work@parameter_multiply_test
   |vpiDefName:builtin
   |vpiFullName:builtin
 |uhdmallClasses:
 \_class_defn: (builtin::array)
   |vpiName:builtin::array
   |vpiFullName:builtin::builtin::array
 |uhdmallClasses:
 \_class_defn: (builtin::queue)
   |vpiName:builtin::queue
   |vpiFullName:builtin::builtin::queue
 |uhdmallClasses:
 \_class_defn: (builtin::string)
   |vpiName:builtin::string
   |vpiFullName:builtin::builtin::string
 |uhdmallClasses:
 \_class_defn: (builtin::system)
   |vpiName:builtin::system
   |vpiFullName:builtin::builtin::system
 |uhdmallModules:
 \_module: work@parameter_multiply_test, file:<a href="../../../../third_party/tests/ivtest/ivltests/pr136.v.html" target="file-frame">third_party/tests/ivtest/ivltests/pr136.v</a>, line:35, parent:work@parameter_multiply_test
   |vpiDefName:work@parameter_multiply_test
   |vpiFullName:work@parameter_multiply_test
   |vpiProcess:
   \_initial: 
     |vpiStmt:
     \_begin: , line:40
       |vpiFullName:work@parameter_multiply_test
       |vpiStmt:
       \_assignment: , line:41
         |vpiOpType:82
         |vpiBlocking:1
         |vpiLhs:
         \_ref_obj: (testv), line:41
           |vpiName:testv
           |vpiFullName:work@parameter_multiply_test.testv
         |vpiRhs:
         \_ref_obj: (foo_size), line:41
           |vpiName:foo_size
           |vpiFullName:work@parameter_multiply_test.foo_size
       |vpiStmt:
       \_if_else: , line:42
         |vpiCondition:
         \_operation: , line:42
           |vpiOpType:17
           |vpiOperand:
           \_ref_obj: (testv), line:42
             |vpiName:testv
             |vpiFullName:work@parameter_multiply_test.testv
           |vpiOperand:
           \_constant: , line:42
             |vpiConstType:7
             |vpiDecompile:32
             |vpiSize:32
             |INT:32
         |vpiStmt:
         \_begin: , line:43
           |vpiFullName:work@parameter_multiply_test
           |vpiStmt:
           \_sys_func_call: ($write), line:44
             |vpiName:$write
             |vpiArgument:
             \_constant: , line:44
               |vpiConstType:6
               |vpiDecompile:&#34;foo_size = %d\n&#34;
               |vpiSize:17
               |STRING:&#34;foo_size = %d\n&#34;
             |vpiArgument:
             \_ref_obj: (testv), line:44
               |vpiName:testv
           |vpiStmt:
           \_sys_func_call: ($display), line:45
             |vpiName:$display
             |vpiArgument:
             \_constant: , line:45
               |vpiConstType:6
               |vpiDecompile:&#34;FAILED&#34;
               |vpiSize:8
               |STRING:&#34;FAILED&#34;
         |vpiElseStmt:
         \_begin: , line:48
           |vpiFullName:work@parameter_multiply_test
           |vpiStmt:
           \_sys_func_call: ($write), line:49
             |vpiName:$write
             |vpiArgument:
             \_constant: , line:49
               |vpiConstType:6
               |vpiDecompile:&#34;foo_size = %d\n&#34;
               |vpiSize:17
               |STRING:&#34;foo_size = %d\n&#34;
             |vpiArgument:
             \_ref_obj: (testv), line:49
               |vpiName:testv
           |vpiStmt:
           \_sys_func_call: ($display), line:50
             |vpiName:$display
             |vpiArgument:
             \_constant: , line:50
               |vpiConstType:6
               |vpiDecompile:&#34;PASSED&#34;
               |vpiSize:8
               |STRING:&#34;PASSED&#34;
       |vpiStmt:
       \_sys_func_call: ($finish), line:52
         |vpiName:$finish
   |vpiNet:
   \_logic_net: (testv), line:39
     |vpiName:testv
     |vpiFullName:work@parameter_multiply_test.testv
     |vpiNetType:48
   |vpiParamAssign:
   \_param_assign: , line:37
     |vpiRhs:
     \_constant: , line:37
       |vpiDecompile:32
       |INT:32
     |vpiLhs:
     \_parameter: (foo_size), line:37
       |vpiName:foo_size
   |vpiParameter:
   \_parameter: (foo_size), line:37
 |uhdmtopModules:
 \_module: work@parameter_multiply_test (work@parameter_multiply_test), file:<a href="../../../../third_party/tests/ivtest/ivltests/pr136.v.html" target="file-frame">third_party/tests/ivtest/ivltests/pr136.v</a>, line:35
   |vpiDefName:work@parameter_multiply_test
   |vpiName:work@parameter_multiply_test
   |vpiNet:
   \_logic_net: (testv), line:39, parent:work@parameter_multiply_test
     |vpiName:testv
     |vpiFullName:work@parameter_multiply_test.testv
     |vpiNetType:48
     |vpiRange:
     \_range: , line:39
       |vpiLeftRange:
       \_constant: , line:39
         |vpiConstType:7
         |vpiDecompile:31
         |vpiSize:32
         |INT:31
       |vpiRightRange:
       \_constant: , line:39
         |vpiConstType:7
         |vpiDecompile:0
         |vpiSize:32
         |INT:0
   |vpiParameter:
   \_parameter: (foo_size), line:37
     |vpiName:foo_size
     |INT:32
Object: \work_parameter_multiply_test of type 3000
Object: \work_parameter_multiply_test of type 32
Object: \foo_size of type 41
Object: \testv of type 36
Object:  of type 115
Object:  of type 7
Object:  of type 7
Object: \work_parameter_multiply_test of type 32
Object:  of type 24
Object:  of type 4
Object:  of type 3
Object: \testv of type 608
Object: \foo_size of type 608
Object:  of type 23
Object:  of type 39
Object: \testv of type 608
Object:  of type 7
ERROR: Encountered unhandled operation: 17

</pre>
</body>