<head>
  <style>
    .log { font-family: "Courier New", Consolas, monospace; font-size: 80%; }
    .test-failed { background-color: #ffaaaa; }
    .test-passed { background-color: #aaffaa; }
  </style>
</head>
<body>
<h3><a href="https://github.com/alainmarcel/uhdm-integration" target="_blank">yosys-uhdm</a></h3>
<pre class="test-failed">
description: Test imported from ivtest
rc: 1 (means success: 0)
tags: ivtest
incdirs: /tmpfs/src/github/sv-tests/third_party/tests/ivtest /tmpfs/src/github/sv-tests/third_party/tests/ivtest/ivltests
top_module: 
type: parsing
mode: parsing
files: <a href="../../../../third_party/tests/ivtest/ivltests/pr1561597.v.html" target="file-frame">third_party/tests/ivtest/ivltests/pr1561597.v</a>
defines: 
time_elapsed: 1.116s
ram usage: 32096 KB
</pre>
<pre class="log">

sh /tmpfs/tmp/tmpc14mj3xx/scr.sh
+ surelog-uhdm -nopython -nobuiltin -parse -sverilog -I/tmpfs/src/github/sv-tests/third_party/tests/ivtest -I/tmpfs/src/github/sv-tests/third_party/tests/ivtest/ivltests <a href="../../../../third_party/tests/ivtest/ivltests/pr1561597.v.html" target="file-frame">third_party/tests/ivtest/ivltests/pr1561597.v</a>
[INF:CM0023] Creating log file ./slpp_all/surelog.log.

[WRN:PA0205] <a href="../../../../third_party/tests/ivtest/ivltests/pr1561597.v.html#l-1" target="file-frame">third_party/tests/ivtest/ivltests/pr1561597.v:1</a>: No timescale set for &#34;evidence&#34;.

[INF:CP0300] Compilation...

[INF:CP0303] <a href="../../../../third_party/tests/ivtest/ivltests/pr1561597.v.html#l-1" target="file-frame">third_party/tests/ivtest/ivltests/pr1561597.v:1</a>: Compile module &#34;work@evidence&#34;.

[INF:EL0526] Design Elaboration...

[NTE:EL0503] <a href="../../../../third_party/tests/ivtest/ivltests/pr1561597.v.html#l-1" target="file-frame">third_party/tests/ivtest/ivltests/pr1561597.v:1</a>: Top level module &#34;work@evidence&#34;.

[NTE:EL0508] Nb Top level modules: 1.

[NTE:EL0509] Max instance depth: 1.

[NTE:EL0510] Nb instances: 1.

[NTE:EL0511] Nb leaf instances: 0.

[  FATAL] : 0
[ SYNTAX] : 0
[  ERROR] : 0
[WARNING] : 1
[   NOTE] : 5
+ cat /tmpfs/tmp/tmpc14mj3xx/yosys-script
read_uhdm slpp_all/surelog.uhdm
hierarchy -check -top \work_evidence
proc
check
memory_dff
memory_collect
stat
check
write_json
write_verilog
+ yosys-uhdm -s /tmpfs/tmp/tmpc14mj3xx/yosys-script

 /----------------------------------------------------------------------------\
 |                                                                            |
 |  yosys -- Yosys Open SYnthesis Suite                                       |
 |                                                                            |
 |  Copyright (C) 2012 - 2020  Claire Wolf &lt;claire@symbioticeda.com&gt;          |
 |                                                                            |
 |  Permission to use, copy, modify, and/or distribute this software for any  |
 |  purpose with or without fee is hereby granted, provided that the above    |
 |  copyright notice and this permission notice appear in all copies.         |
 |                                                                            |
 |  THE SOFTWARE IS PROVIDED &#34;AS IS&#34; AND THE AUTHOR DISCLAIMS ALL WARRANTIES  |
 |  WITH REGARD TO THIS SOFTWARE INCLUDING ALL IMPLIED WARRANTIES OF          |
 |  MERCHANTABILITY AND FITNESS. IN NO EVENT SHALL THE AUTHOR BE LIABLE FOR   |
 |  ANY SPECIAL, DIRECT, INDIRECT, OR CONSEQUENTIAL DAMAGES OR ANY DAMAGES    |
 |  WHATSOEVER RESULTING FROM LOSS OF USE, DATA OR PROFITS, WHETHER IN AN     |
 |  ACTION OF CONTRACT, NEGLIGENCE OR OTHER TORTIOUS ACTION, ARISING OUT OF   |
 |  OR IN CONNECTION WITH THE USE OR PERFORMANCE OF THIS SOFTWARE.            |
 |                                                                            |
 \----------------------------------------------------------------------------/

 Yosys 0.9+2406 (git sha1 897adb4e, clang 7.0.0 -fvisibility-inlines-hidden -fmessage-length=0 -march=nocona -mtune=haswell -ftree-vectorize -fPIC -fstack-protector-strong -fno-plt -O2 -ffunction-sections -fdebug-prefix-map=/tmp/really-really-really-really-really-really-really-really-really-really-really-really-really-long-path/conda/conda-bld/uhdm-integration_1594645251277/work=/usr/local/src/conda/uhdm-integration-0.0_0097_gfa6ade0 -fdebug-prefix-map=/home/kbuilder/miniconda/envs/sv-test-env=/usr/local/src/conda-prefix -fPIC -Os)


-- Executing script file `/tmpfs/tmp/tmpc14mj3xx/yosys-script&#39; --

1. Executing UHDM frontend.
design: (work@evidence)
 |vpiName:work@evidence
 |uhdmallPackages:
 \_package: builtin, parent:work@evidence
   |vpiDefName:builtin
   |vpiFullName:builtin
 |uhdmallClasses:
 \_class_defn: (builtin::array)
   |vpiName:builtin::array
   |vpiFullName:builtin::builtin::array
 |uhdmallClasses:
 \_class_defn: (builtin::queue)
   |vpiName:builtin::queue
   |vpiFullName:builtin::builtin::queue
 |uhdmallClasses:
 \_class_defn: (builtin::string)
   |vpiName:builtin::string
   |vpiFullName:builtin::builtin::string
 |uhdmallClasses:
 \_class_defn: (builtin::system)
   |vpiName:builtin::system
   |vpiFullName:builtin::builtin::system
 |uhdmallModules:
 \_module: work@evidence, file:<a href="../../../../third_party/tests/ivtest/ivltests/pr1561597.v.html" target="file-frame">third_party/tests/ivtest/ivltests/pr1561597.v</a>, line:1, parent:work@evidence
   |vpiDefName:work@evidence
   |vpiFullName:work@evidence
   |vpiProcess:
   \_initial: 
     |vpiStmt:
     \_begin: , line:3
       |vpiFullName:work@evidence
       |vpiStmt:
       \_sys_func_call: ($display), line:4
         |vpiName:$display
         |vpiArgument:
         \_bit_select: (y), line:4
           |vpiName:y
           |vpiIndex:
           \_constant: , line:4
             |vpiConstType:7
             |vpiDecompile:4
             |vpiSize:32
             |INT:4
         |vpiArgument:
         \_bit_select: (y), line:4
           |vpiName:y
           |vpiIndex:
           \_operation: , line:4
             |vpiOpType:22
             |vpiOperand:
             \_constant: , line:4
               |vpiConstType:7
               |vpiDecompile:1
               |vpiSize:32
               |INT:1
             |vpiOperand:
             \_constant: , line:4
               |vpiConstType:7
               |vpiDecompile:2
               |vpiSize:32
               |INT:2
       |vpiStmt:
       \_if_stmt: , line:5
         |vpiCondition:
         \_operation: , line:5
           |vpiOpType:17
           |vpiOperand:
           \_bit_select: (y), line:5
             |vpiName:y
             |vpiFullName:work@evidence.y
             |vpiIndex:
             \_operation: , line:5
               |vpiOpType:22
               |vpiOperand:
               \_constant: , line:5
                 |vpiConstType:7
                 |vpiDecompile:1
                 |vpiSize:32
                 |INT:1
               |vpiOperand:
               \_constant: , line:5
                 |vpiConstType:7
                 |vpiDecompile:2
                 |vpiSize:32
                 |INT:2
           |vpiOperand:
           \_constant: , line:5
             |vpiConstType:3
             |vpiDecompile:&#39;b1
             |vpiSize:1
             |BIN:1
         |vpiStmt:
         \_begin: , line:5
           |vpiFullName:work@evidence
           |vpiStmt:
           \_sys_func_call: ($display), line:6
             |vpiName:$display
             |vpiArgument:
             \_constant: , line:6
               |vpiConstType:6
               |vpiDecompile:&#34;FAILED&#34;
               |vpiSize:8
               |STRING:&#34;FAILED&#34;
           |vpiStmt:
           \_sys_func_call: ($finish), line:7
             |vpiName:$finish
       |vpiStmt:
       \_sys_func_call: ($display), line:9
         |vpiName:$display
         |vpiArgument:
         \_constant: , line:9
           |vpiConstType:6
           |vpiDecompile:&#34;PASSED&#34;
           |vpiSize:8
           |STRING:&#34;PASSED&#34;
   |vpiNet:
   \_logic_net: (y), line:2
     |vpiName:y
     |vpiFullName:work@evidence.y
     |vpiNetType:48
 |uhdmtopModules:
 \_module: work@evidence (work@evidence), file:<a href="../../../../third_party/tests/ivtest/ivltests/pr1561597.v.html" target="file-frame">third_party/tests/ivtest/ivltests/pr1561597.v</a>, line:1
   |vpiDefName:work@evidence
   |vpiName:work@evidence
   |vpiNet:
   \_logic_net: (y), line:2, parent:work@evidence
     |vpiName:y
     |vpiFullName:work@evidence.y
     |vpiNetType:48
     |vpiRange:
     \_range: , line:2
       |vpiLeftRange:
       \_constant: , line:2
         |vpiConstType:7
         |vpiDecompile:4
         |vpiSize:32
         |INT:4
       |vpiRightRange:
       \_constant: , line:2
         |vpiConstType:7
         |vpiDecompile:0
         |vpiSize:32
         |INT:0
Object: \work_evidence of type 3000
Object: \work_evidence of type 32
Object: \y of type 36
Object:  of type 115
Object:  of type 7
Object:  of type 7
Object: \work_evidence of type 32
Object:  of type 24
Object:  of type 4
Object: \$display of type 56
Object: \y of type 106
Object:  of type 7
Object: \y of type 106
Object:  of type 39
Object:  of type 7
Object:  of type 7
Object:  of type 22
Object:  of type 39
Object: \y of type 106
Object:  of type 39
Object:  of type 7
Object:  of type 7
Object:  of type 7
ERROR: Encountered unhandled operation: 17

</pre>
</body>