<head>
  <style>
    .log { font-family: "Courier New", Consolas, monospace; font-size: 80%; }
    .test-failed { background-color: #ffaaaa; }
    .test-passed { background-color: #aaffaa; }
  </style>
</head>
<body>
<h3><a href="https://github.com/alainmarcel/uhdm-integration" target="_blank">yosys-uhdm</a></h3>
<pre class="test-failed">
description: Test imported from ivtest
rc: 1 (means success: 0)
tags: ivtest
incdirs: /tmpfs/src/github/sv-tests/third_party/tests/ivtest /tmpfs/src/github/sv-tests/third_party/tests/ivtest/ivltests
top_module: 
type: parsing
mode: parsing
files: <a href="../../../../third_party/tests/ivtest/ivltests/pr1697250.v.html" target="file-frame">third_party/tests/ivtest/ivltests/pr1697250.v</a>
defines: 
time_elapsed: 1.760s
ram usage: 42784 KB
</pre>
<pre class="log">

sh /tmpfs/tmp/tmpcterr9s1/scr.sh
+ surelog-uhdm -nopython -nobuiltin -parse -sverilog -I/tmpfs/src/github/sv-tests/third_party/tests/ivtest -I/tmpfs/src/github/sv-tests/third_party/tests/ivtest/ivltests <a href="../../../../third_party/tests/ivtest/ivltests/pr1697250.v.html" target="file-frame">third_party/tests/ivtest/ivltests/pr1697250.v</a>
[INF:CM0023] Creating log file ./slpp_all/surelog.log.

[WRN:PA0205] <a href="../../../../third_party/tests/ivtest/ivltests/pr1697250.v.html#l-3" target="file-frame">third_party/tests/ivtest/ivltests/pr1697250.v:3</a>: No timescale set for &#34;test&#34;.

[INF:CP0300] Compilation...

[INF:CP0303] <a href="../../../../third_party/tests/ivtest/ivltests/pr1697250.v.html#l-3" target="file-frame">third_party/tests/ivtest/ivltests/pr1697250.v:3</a>: Compile module &#34;work@test&#34;.

[INF:EL0526] Design Elaboration...

[NTE:EL0503] <a href="../../../../third_party/tests/ivtest/ivltests/pr1697250.v.html#l-3" target="file-frame">third_party/tests/ivtest/ivltests/pr1697250.v:3</a>: Top level module &#34;work@test&#34;.

[NTE:EL0508] Nb Top level modules: 1.

[NTE:EL0509] Max instance depth: 1.

[NTE:EL0510] Nb instances: 1.

[NTE:EL0511] Nb leaf instances: 0.

[  FATAL] : 0
[ SYNTAX] : 0
[  ERROR] : 0
[WARNING] : 1
[   NOTE] : 5
+ cat /tmpfs/tmp/tmpcterr9s1/yosys-script
read_uhdm slpp_all/surelog.uhdm
hierarchy -check -top \work_test
proc
check
memory_dff
memory_collect
stat
check
write_json
write_verilog
+ yosys-uhdm -s /tmpfs/tmp/tmpcterr9s1/yosys-script

 /----------------------------------------------------------------------------\
 |                                                                            |
 |  yosys -- Yosys Open SYnthesis Suite                                       |
 |                                                                            |
 |  Copyright (C) 2012 - 2020  Claire Wolf &lt;claire@symbioticeda.com&gt;          |
 |                                                                            |
 |  Permission to use, copy, modify, and/or distribute this software for any  |
 |  purpose with or without fee is hereby granted, provided that the above    |
 |  copyright notice and this permission notice appear in all copies.         |
 |                                                                            |
 |  THE SOFTWARE IS PROVIDED &#34;AS IS&#34; AND THE AUTHOR DISCLAIMS ALL WARRANTIES  |
 |  WITH REGARD TO THIS SOFTWARE INCLUDING ALL IMPLIED WARRANTIES OF          |
 |  MERCHANTABILITY AND FITNESS. IN NO EVENT SHALL THE AUTHOR BE LIABLE FOR   |
 |  ANY SPECIAL, DIRECT, INDIRECT, OR CONSEQUENTIAL DAMAGES OR ANY DAMAGES    |
 |  WHATSOEVER RESULTING FROM LOSS OF USE, DATA OR PROFITS, WHETHER IN AN     |
 |  ACTION OF CONTRACT, NEGLIGENCE OR OTHER TORTIOUS ACTION, ARISING OUT OF   |
 |  OR IN CONNECTION WITH THE USE OR PERFORMANCE OF THIS SOFTWARE.            |
 |                                                                            |
 \----------------------------------------------------------------------------/

 Yosys 0.9+2406 (git sha1 897adb4e, clang 7.0.0 -fvisibility-inlines-hidden -fmessage-length=0 -march=nocona -mtune=haswell -ftree-vectorize -fPIC -fstack-protector-strong -fno-plt -O2 -ffunction-sections -fdebug-prefix-map=/tmp/really-really-really-really-really-really-really-really-really-really-really-really-really-long-path/conda/conda-bld/uhdm-integration_1595257298458/work=/usr/local/src/conda/uhdm-integration-0.0_0099_g33391fc -fdebug-prefix-map=/home/kbuilder/miniconda/envs/sv-test-env=/usr/local/src/conda-prefix -fPIC -Os)


-- Executing script file `/tmpfs/tmp/tmpcterr9s1/yosys-script&#39; --

1. Executing UHDM frontend.
design: (work@test)
 |vpiName:work@test
 |uhdmallPackages:
 \_package: builtin, parent:work@test
   |vpiDefName:builtin
   |vpiFullName:builtin
 |uhdmallClasses:
 \_class_defn: (builtin::array)
   |vpiName:builtin::array
   |vpiFullName:builtin::builtin::array
 |uhdmallClasses:
 \_class_defn: (builtin::queue)
   |vpiName:builtin::queue
   |vpiFullName:builtin::builtin::queue
 |uhdmallClasses:
 \_class_defn: (builtin::string)
   |vpiName:builtin::string
   |vpiFullName:builtin::builtin::string
 |uhdmallClasses:
 \_class_defn: (builtin::system)
   |vpiName:builtin::system
   |vpiFullName:builtin::builtin::system
 |uhdmallModules:
 \_module: work@test, file:<a href="../../../../third_party/tests/ivtest/ivltests/pr1697250.v.html" target="file-frame">third_party/tests/ivtest/ivltests/pr1697250.v</a>, line:3, parent:work@test
   |vpiDefName:work@test
   |vpiFullName:work@test
   |vpiProcess:
   \_initial: 
     |vpiStmt:
     \_begin: , line:10
       |vpiFullName:work@test
       |vpiStmt:
       \_assignment: , line:11
         |vpiOpType:82
         |vpiBlocking:1
         |vpiLhs:
         \_ref_obj: (bus), line:11
           |vpiName:bus
           |vpiFullName:work@test.bus
         |vpiRhs:
         \_constant: , line:11
           |vpiConstType:5
           |vpiDecompile:&#39;haaaa
           |HEX:&#39;haaaa
       |vpiStmt:
       \_delay_control: , line:12
         |#1
         |vpiStmt:
         \_if_stmt: , line:12
           |vpiCondition:
           \_operation: , line:12
             |vpiOpType:17
             |vpiOperand:
             \_ref_obj: (active), line:12
               |vpiName:active
               |vpiFullName:work@test.active
             |vpiOperand:
             \_constant: , line:12
               |vpiConstType:7
               |vpiDecompile:1
               |vpiSize:32
               |INT:1
           |vpiStmt:
           \_begin: , line:12
             |vpiFullName:work@test
             |vpiStmt:
             \_sys_func_call: ($display), line:13
               |vpiName:$display
               |vpiArgument:
               \_constant: , line:13
                 |vpiConstType:6
                 |vpiDecompile:&#34;FAILED -- bus=%h, active=%b&#34;
                 |vpiSize:29
                 |STRING:&#34;FAILED -- bus=%h, active=%b&#34;
               |vpiArgument:
               \_ref_obj: (bus), line:13
                 |vpiName:bus
               |vpiArgument:
               \_ref_obj: (active), line:13
                 |vpiName:active
             |vpiStmt:
             \_sys_func_call: ($finish), line:14
               |vpiName:$finish
       |vpiStmt:
       \_assignment: , line:17
         |vpiOpType:82
         |vpiBlocking:1
         |vpiLhs:
         \_ref_obj: (bus), line:17
           |vpiName:bus
           |vpiFullName:work@test.bus
         |vpiRhs:
         \_constant: , line:17
           |vpiConstType:7
           |vpiDecompile:0
           |vpiSize:32
           |INT:0
       |vpiStmt:
       \_delay_control: , line:18
         |#1
         |vpiStmt:
         \_if_stmt: , line:18
           |vpiCondition:
           \_operation: , line:18
             |vpiOpType:17
             |vpiOperand:
             \_ref_obj: (active), line:18
               |vpiName:active
               |vpiFullName:work@test.active
             |vpiOperand:
             \_constant: , line:18
               |vpiConstType:7
               |vpiDecompile:0
               |vpiSize:32
               |INT:0
           |vpiStmt:
           \_begin: , line:18
             |vpiFullName:work@test
             |vpiStmt:
             \_sys_func_call: ($display), line:19
               |vpiName:$display
               |vpiArgument:
               \_constant: , line:19
                 |vpiConstType:6
                 |vpiDecompile:&#34;FAILED == bus=%h, active=%b&#34;
                 |vpiSize:29
                 |STRING:&#34;FAILED == bus=%h, active=%b&#34;
               |vpiArgument:
               \_ref_obj: (bus), line:19
                 |vpiName:bus
               |vpiArgument:
               \_ref_obj: (active), line:19
                 |vpiName:active
             |vpiStmt:
             \_sys_func_call: ($finish), line:20
               |vpiName:$finish
       |vpiStmt:
       \_sys_func_call: ($display), line:23
         |vpiName:$display
         |vpiArgument:
         \_constant: , line:23
           |vpiConstType:6
           |vpiDecompile:&#34;PASSED&#34;
           |vpiSize:8
           |STRING:&#34;PASSED&#34;
   |vpiContAssign:
   \_cont_assign: , line:8
     |vpiRhs:
     \_operation: , line:8
       |vpiOpType:32
       |vpiOperand:
       \_operation: , line:8
         |vpiOpType:16
         |vpiOperand:
         \_operation: , line:8
           |vpiOpType:7
           |vpiOperand:
           \_ref_obj: (bus), line:8
             |vpiName:bus
             |vpiFullName:work@test.bus
         |vpiOperand:
         \_constant: , line:8
           |vpiConstType:7
           |vpiDecompile:0
           |vpiSize:32
           |INT:0
       |vpiOperand:
       \_constant: , line:8
         |vpiConstType:7
         |vpiDecompile:0
         |vpiSize:32
         |INT:0
       |vpiOperand:
       \_constant: , line:8
         |vpiConstType:7
         |vpiDecompile:1
         |vpiSize:32
         |INT:1
     |vpiLhs:
     \_ref_obj: (active), line:8
       |vpiName:active
       |vpiFullName:work@test.active
   |vpiNet:
   \_logic_net: (active), line:5
     |vpiName:active
     |vpiFullName:work@test.active
     |vpiNetType:1
   |vpiNet:
   \_logic_net: (bus), line:6
     |vpiName:bus
     |vpiFullName:work@test.bus
     |vpiNetType:48
 |uhdmtopModules:
 \_module: work@test (work@test), file:<a href="../../../../third_party/tests/ivtest/ivltests/pr1697250.v.html" target="file-frame">third_party/tests/ivtest/ivltests/pr1697250.v</a>, line:3
   |vpiDefName:work@test
   |vpiName:work@test
   |vpiNet:
   \_logic_net: (active), line:5, parent:work@test
     |vpiName:active
     |vpiFullName:work@test.active
     |vpiNetType:1
   |vpiNet:
   \_logic_net: (bus), line:6, parent:work@test
     |vpiName:bus
     |vpiFullName:work@test.bus
     |vpiNetType:48
     |vpiRange:
     \_range: , line:6
       |vpiLeftRange:
       \_constant: , line:6
         |vpiConstType:7
         |vpiDecompile:63
         |vpiSize:32
         |INT:63
       |vpiRightRange:
       \_constant: , line:6
         |vpiConstType:7
         |vpiDecompile:0
         |vpiSize:32
         |INT:0
Object: \work_test of type 3000
Object: \work_test of type 32
Object: \active of type 36
Object: \bus of type 36
Object:  of type 115
Object:  of type 7
Object:  of type 7
Object: \work_test of type 32
Object:  of type 8
Object: \active of type 608
Object:  of type 39
Object:  of type 39
Object:  of type 39
Object: \bus of type 608
Object:  of type 7
ERROR: Encountered unhandled operation: 16

</pre>
</body>