<head>
  <style>
    .log { font-family: "Courier New", Consolas, monospace; font-size: 80%; }
    .test-failed { background-color: #ffaaaa; }
    .test-passed { background-color: #aaffaa; }
  </style>
</head>
<body>
<h3><a href="https://github.com/alainmarcel/uhdm-integration" target="_blank">yosys-uhdm</a></h3>
<pre class="test-failed">
description: Test imported from ivtest
rc: 1 (means success: 0)
tags: ivtest
incdirs: /tmpfs/src/github/sv-tests/third_party/tests/ivtest /tmpfs/src/github/sv-tests/third_party/tests/ivtest/ivltests
top_module: 
type: parsing
mode: parsing
files: <a href="../../../../third_party/tests/ivtest/ivltests/pr2355304.v.html" target="file-frame">third_party/tests/ivtest/ivltests/pr2355304.v</a>
defines: 
time_elapsed: 1.180s
ram usage: 43628 KB
</pre>
<pre class="log">

sh /tmpfs/tmp/tmp4z_whz8g/scr.sh
+ surelog-uhdm -nopython -nobuiltin -parse -sverilog -I/tmpfs/src/github/sv-tests/third_party/tests/ivtest -I/tmpfs/src/github/sv-tests/third_party/tests/ivtest/ivltests <a href="../../../../third_party/tests/ivtest/ivltests/pr2355304.v.html" target="file-frame">third_party/tests/ivtest/ivltests/pr2355304.v</a>
[INF:CM0023] Creating log file ./slpp_all/surelog.log.

[WRN:PA0205] <a href="../../../../third_party/tests/ivtest/ivltests/pr2355304.v.html#l-1" target="file-frame">third_party/tests/ivtest/ivltests/pr2355304.v:1</a>: No timescale set for &#34;test&#34;.

[INF:CP0300] Compilation...

[INF:CP0303] <a href="../../../../third_party/tests/ivtest/ivltests/pr2355304.v.html#l-1" target="file-frame">third_party/tests/ivtest/ivltests/pr2355304.v:1</a>: Compile module &#34;work@test&#34;.

[INF:EL0526] Design Elaboration...

[INF:CP0335] <a href="../../../../third_party/tests/ivtest/ivltests/pr2355304.v.html#l-6" target="file-frame">third_party/tests/ivtest/ivltests/pr2355304.v:6</a>: Compile generate block &#34;work@test.genblk1&#34;.

[INF:CP0335] <a href="../../../../third_party/tests/ivtest/ivltests/pr2355304.v.html#l-12" target="file-frame">third_party/tests/ivtest/ivltests/pr2355304.v:12</a>: Compile generate block &#34;work@test.genblk2&#34;.

[NTE:EL0503] <a href="../../../../third_party/tests/ivtest/ivltests/pr2355304.v.html#l-1" target="file-frame">third_party/tests/ivtest/ivltests/pr2355304.v:1</a>: Top level module &#34;work@test&#34;.

[NTE:EL0508] Nb Top level modules: 1.

[NTE:EL0509] Max instance depth: 1.

[NTE:EL0510] Nb instances: 1.

[NTE:EL0511] Nb leaf instances: 0.

[  FATAL] : 0
[ SYNTAX] : 0
[  ERROR] : 0
[WARNING] : 1
[   NOTE] : 5
+ cat /tmpfs/tmp/tmp4z_whz8g/yosys-script
read_uhdm slpp_all/surelog.uhdm
hierarchy -check -top \work_test
proc
check
memory_dff
memory_collect
stat
check
write_json
write_verilog
+ yosys-uhdm -s /tmpfs/tmp/tmp4z_whz8g/yosys-script

 /----------------------------------------------------------------------------\
 |                                                                            |
 |  yosys -- Yosys Open SYnthesis Suite                                       |
 |                                                                            |
 |  Copyright (C) 2012 - 2020  Claire Wolf &lt;claire@symbioticeda.com&gt;          |
 |                                                                            |
 |  Permission to use, copy, modify, and/or distribute this software for any  |
 |  purpose with or without fee is hereby granted, provided that the above    |
 |  copyright notice and this permission notice appear in all copies.         |
 |                                                                            |
 |  THE SOFTWARE IS PROVIDED &#34;AS IS&#34; AND THE AUTHOR DISCLAIMS ALL WARRANTIES  |
 |  WITH REGARD TO THIS SOFTWARE INCLUDING ALL IMPLIED WARRANTIES OF          |
 |  MERCHANTABILITY AND FITNESS. IN NO EVENT SHALL THE AUTHOR BE LIABLE FOR   |
 |  ANY SPECIAL, DIRECT, INDIRECT, OR CONSEQUENTIAL DAMAGES OR ANY DAMAGES    |
 |  WHATSOEVER RESULTING FROM LOSS OF USE, DATA OR PROFITS, WHETHER IN AN     |
 |  ACTION OF CONTRACT, NEGLIGENCE OR OTHER TORTIOUS ACTION, ARISING OUT OF   |
 |  OR IN CONNECTION WITH THE USE OR PERFORMANCE OF THIS SOFTWARE.            |
 |                                                                            |
 \----------------------------------------------------------------------------/

 Yosys 0.9+2406 (git sha1 410a291f, clang 7.0.0 -fvisibility-inlines-hidden -fmessage-length=0 -march=nocona -mtune=haswell -ftree-vectorize -fPIC -fstack-protector-strong -fno-plt -O2 -ffunction-sections -fdebug-prefix-map=/tmp/really-really-really-really-really-really-really-really-really-really-really-really-really-long-path/conda/conda-bld/uhdm-integration_1594060930077/work=/usr/local/src/conda/uhdm-integration-0.0_0090_g40649a7 -fdebug-prefix-map=/home/kbuilder/miniconda/envs/sv-test-env=/usr/local/src/conda-prefix -fPIC -Os)


-- Executing script file `/tmpfs/tmp/tmp4z_whz8g/yosys-script&#39; --

1. Executing UHDM frontend.
design: (work@test)
 |vpiName:work@test
 |uhdmallPackages:
 \_package: builtin, parent:work@test
   |vpiDefName:builtin
   |vpiFullName:builtin
 |uhdmallClasses:
 \_class_defn: (builtin::array)
   |vpiName:builtin::array
   |vpiFullName:builtin.builtin::array
 |uhdmallClasses:
 \_class_defn: (builtin::queue)
   |vpiName:builtin::queue
   |vpiFullName:builtin.builtin::queue
 |uhdmallClasses:
 \_class_defn: (builtin::string)
   |vpiName:builtin::string
   |vpiFullName:builtin.builtin::string
 |uhdmallClasses:
 \_class_defn: (builtin::system)
   |vpiName:builtin::system
   |vpiFullName:builtin.builtin::system
 |uhdmallModules:
 \_module: work@test, file:<a href="../../../../third_party/tests/ivtest/ivltests/pr2355304.v.html" target="file-frame">third_party/tests/ivtest/ivltests/pr2355304.v</a>, line:1, parent:work@test
   |vpiDefName:work@test
   |vpiFullName:work@test
   |vpiProcess:
   \_initial: 
     |vpiStmt:
     \_begin: , line:17
       |vpiFullName:work@test
       |vpiStmt:
       \_delay_control: , line:18
         |#1
         |vpiStmt:
         \_if_stmt: , line:18
           |vpiCondition:
           \_operation: , line:18
             |vpiOpType:17
             |vpiOperand:
             \_ref_obj: (t_not), line:18
               |vpiName:t_not
               |vpiFullName:work@test.t_not
             |vpiOperand:
             \_constant: , line:18
               |vpiConstType:7
               |vpiDecompile:1
               |vpiSize:32
               |INT:1
           |vpiStmt:
           \_begin: , line:18
             |vpiFullName:work@test
             |vpiStmt:
             \_sys_func_call: ($display), line:19
               |vpiName:$display
               |vpiArgument:
               \_constant: , line:19
                 |vpiConstType:6
                 |vpiDecompile:&#34;FAILED -- t_not=%b&#34;
                 |vpiSize:20
                 |STRING:&#34;FAILED -- t_not=%b&#34;
               |vpiArgument:
               \_ref_obj: (t_not), line:19
                 |vpiName:t_not
             |vpiStmt:
             \_sys_func_call: ($finish), line:20
               |vpiName:$finish
       |vpiStmt:
       \_if_stmt: , line:22
         |vpiCondition:
         \_operation: , line:22
           |vpiOpType:17
           |vpiOperand:
           \_ref_obj: (t_zero), line:22
             |vpiName:t_zero
             |vpiFullName:work@test.t_zero
           |vpiOperand:
           \_constant: , line:22
             |vpiConstType:7
             |vpiDecompile:1
             |vpiSize:32
             |INT:1
         |vpiStmt:
         \_begin: , line:22
           |vpiFullName:work@test
           |vpiStmt:
           \_sys_func_call: ($display), line:23
             |vpiName:$display
             |vpiArgument:
             \_constant: , line:23
               |vpiConstType:6
               |vpiDecompile:&#34;FAILED -- t_zero=%b&#34;
               |vpiSize:21
               |STRING:&#34;FAILED -- t_zero=%b&#34;
             |vpiArgument:
             \_ref_obj: (t_zero), line:23
               |vpiName:t_zero
           |vpiStmt:
           \_sys_func_call: ($finish), line:24
             |vpiName:$finish
       |vpiStmt:
       \_sys_func_call: ($display), line:26
         |vpiName:$display
         |vpiArgument:
         \_constant: , line:26
           |vpiConstType:6
           |vpiDecompile:&#34;PASSED&#34;
           |vpiSize:8
           |STRING:&#34;PASSED&#34;
   |vpiNet:
   \_logic_net: (t_not), line:3
     |vpiName:t_not
     |vpiFullName:work@test.t_not
     |vpiNetType:48
   |vpiNet:
   \_logic_net: (t_zero), line:3
     |vpiName:t_zero
     |vpiFullName:work@test.t_zero
     |vpiNetType:48
   |vpiParamAssign:
   \_param_assign: , line:2
     |vpiRhs:
     \_constant: , line:2
       |vpiConstType:7
       |vpiDecompile:0
       |vpiSize:32
       |INT:0
     |vpiLhs:
     \_parameter: (t), line:2
       |vpiName:t
   |vpiParameter:
   \_parameter: (t), line:2
 |uhdmtopModules:
 \_module: work@test (work@test), file:<a href="../../../../third_party/tests/ivtest/ivltests/pr2355304.v.html" target="file-frame">third_party/tests/ivtest/ivltests/pr2355304.v</a>, line:1
   |vpiDefName:work@test
   |vpiName:work@test
   |vpiGenScopeArray:
   \_gen_scope_array: (genblk1), line:6, parent:work@test
     |vpiName:genblk1
     |vpiFullName:work@test.genblk1
     |vpiGenScope:
     \_gen_scope: , parent:genblk1
       |vpiFullName:work@test.genblk1
       |vpiProcess:
       \_initial: 
         |vpiStmt:
         \_assignment: , line:7
           |vpiBlocking:1
           |vpiLhs:
           \_ref_obj: (t_not), line:7
             |vpiName:t_not
             |vpiFullName:work@test.genblk1.t_not
           |vpiRhs:
           \_constant: , line:7
             |vpiConstType:7
             |vpiDecompile:1
             |vpiSize:32
             |INT:1
   |vpiGenScopeArray:
   \_gen_scope_array: (genblk2), line:12, parent:work@test
     |vpiName:genblk2
     |vpiFullName:work@test.genblk2
     |vpiGenScope:
     \_gen_scope: , parent:genblk2
       |vpiFullName:work@test.genblk2
       |vpiProcess:
       \_initial: 
         |vpiStmt:
         \_assignment: , line:13
           |vpiBlocking:1
           |vpiLhs:
           \_ref_obj: (t_zero), line:13
             |vpiName:t_zero
             |vpiFullName:work@test.genblk2.t_zero
           |vpiRhs:
           \_constant: , line:13
             |vpiConstType:7
             |vpiDecompile:1
             |vpiSize:32
             |INT:1
   |vpiNet:
   \_logic_net: (t_not), line:3, parent:work@test
     |vpiName:t_not
     |vpiFullName:work@test.t_not
     |vpiNetType:48
   |vpiNet:
   \_logic_net: (t_zero), line:3, parent:work@test
     |vpiName:t_zero
     |vpiFullName:work@test.t_zero
     |vpiNetType:48
   |vpiParameter:
   \_parameter: (t), line:2
     |vpiName:t
     |INT:0
Object: \work_test of type 3000
Object: \work_test of type 32
Object: \genblk1 of type 133
Object:  of type 134
Object: \genblk2 of type 133
Object:  of type 134
Object: \t of type 41
Object: \t_not of type 36
Object: \t_zero of type 36
Object: \work_test of type 32
Object:  of type 24
Object:  of type 4
Object:  of type 11
ERROR: Encountered unhandled object type: 11

</pre>
</body>