<head>
  <style>
    .log { font-family: "Courier New", Consolas, monospace; font-size: 80%; }
    .test-failed { background-color: #ffaaaa; }
    .test-passed { background-color: #aaffaa; }
  </style>
</head>
<body>
<h3><a href="https://github.com/alainmarcel/uhdm-integration" target="_blank">yosys-uhdm</a></h3>
<pre class="test-failed">
description: Test imported from ivtest
rc: 1 (means success: 0)
tags: ivtest
incdirs: /tmpfs/src/github/sv-tests/third_party/tests/ivtest /tmpfs/src/github/sv-tests/third_party/tests/ivtest/ivltests
top_module: 
type: parsing
mode: parsing
files: <a href="../../../../third_party/tests/ivtest/ivltests/scope2.v.html" target="file-frame">third_party/tests/ivtest/ivltests/scope2.v</a>
defines: 
time_elapsed: 1.488s
ram usage: 36092 KB
</pre>
<pre class="log">

sh /tmpfs/tmp/tmpvpvwpotn/scr.sh
+ surelog-uhdm -nopython -nobuiltin -parse -sverilog -I/tmpfs/src/github/sv-tests/third_party/tests/ivtest -I/tmpfs/src/github/sv-tests/third_party/tests/ivtest/ivltests <a href="../../../../third_party/tests/ivtest/ivltests/scope2.v.html" target="file-frame">third_party/tests/ivtest/ivltests/scope2.v</a>
[INF:CM0023] Creating log file ./slpp_all/surelog.log.

[WRN:PA0205] <a href="../../../../third_party/tests/ivtest/ivltests/scope2.v.html#l-27" target="file-frame">third_party/tests/ivtest/ivltests/scope2.v:27</a>: No timescale set for &#34;test&#34;.

[WRN:PA0205] <a href="../../../../third_party/tests/ivtest/ivltests/scope2.v.html#l-35" target="file-frame">third_party/tests/ivtest/ivltests/scope2.v:35</a>: No timescale set for &#34;main&#34;.

[INF:CP0300] Compilation...

[INF:CP0303] <a href="../../../../third_party/tests/ivtest/ivltests/scope2.v.html#l-35" target="file-frame">third_party/tests/ivtest/ivltests/scope2.v:35</a>: Compile module &#34;work@main&#34;.

[INF:CP0303] <a href="../../../../third_party/tests/ivtest/ivltests/scope2.v.html#l-27" target="file-frame">third_party/tests/ivtest/ivltests/scope2.v:27</a>: Compile module &#34;work@test&#34;.

[NTE:CP0309] <a href="../../../../third_party/tests/ivtest/ivltests/scope2.v.html#l-27" target="file-frame">third_party/tests/ivtest/ivltests/scope2.v:27</a>: Implicit port type (wire) for &#34;p&#34;.

[INF:EL0526] Design Elaboration...

[NTE:EL0503] <a href="../../../../third_party/tests/ivtest/ivltests/scope2.v.html#l-35" target="file-frame">third_party/tests/ivtest/ivltests/scope2.v:35</a>: Top level module &#34;work@main&#34;.

[NTE:EL0508] Nb Top level modules: 1.

[NTE:EL0509] Max instance depth: 2.

[NTE:EL0510] Nb instances: 2.

[NTE:EL0511] Nb leaf instances: 1.

[  FATAL] : 0
[ SYNTAX] : 0
[  ERROR] : 0
[WARNING] : 2
[   NOTE] : 6
+ cat /tmpfs/tmp/tmpvpvwpotn/yosys-script
read_uhdm slpp_all/surelog.uhdm
hierarchy -check -top \work_test
proc
check
memory_dff
memory_collect
stat
check
write_json
write_verilog
+ yosys-uhdm -s /tmpfs/tmp/tmpvpvwpotn/yosys-script

 /----------------------------------------------------------------------------\
 |                                                                            |
 |  yosys -- Yosys Open SYnthesis Suite                                       |
 |                                                                            |
 |  Copyright (C) 2012 - 2020  Claire Wolf &lt;claire@symbioticeda.com&gt;          |
 |                                                                            |
 |  Permission to use, copy, modify, and/or distribute this software for any  |
 |  purpose with or without fee is hereby granted, provided that the above    |
 |  copyright notice and this permission notice appear in all copies.         |
 |                                                                            |
 |  THE SOFTWARE IS PROVIDED &#34;AS IS&#34; AND THE AUTHOR DISCLAIMS ALL WARRANTIES  |
 |  WITH REGARD TO THIS SOFTWARE INCLUDING ALL IMPLIED WARRANTIES OF          |
 |  MERCHANTABILITY AND FITNESS. IN NO EVENT SHALL THE AUTHOR BE LIABLE FOR   |
 |  ANY SPECIAL, DIRECT, INDIRECT, OR CONSEQUENTIAL DAMAGES OR ANY DAMAGES    |
 |  WHATSOEVER RESULTING FROM LOSS OF USE, DATA OR PROFITS, WHETHER IN AN     |
 |  ACTION OF CONTRACT, NEGLIGENCE OR OTHER TORTIOUS ACTION, ARISING OUT OF   |
 |  OR IN CONNECTION WITH THE USE OR PERFORMANCE OF THIS SOFTWARE.            |
 |                                                                            |
 \----------------------------------------------------------------------------/

 Yosys 0.9+2406 (git sha1 897adb4e, clang 7.0.0 -fvisibility-inlines-hidden -fmessage-length=0 -march=nocona -mtune=haswell -ftree-vectorize -fPIC -fstack-protector-strong -fno-plt -O2 -ffunction-sections -fdebug-prefix-map=/tmp/really-really-really-really-really-really-really-really-really-really-really-really-really-long-path/conda/conda-bld/uhdm-integration_1595257298458/work=/usr/local/src/conda/uhdm-integration-0.0_0099_g33391fc -fdebug-prefix-map=/home/kbuilder/miniconda/envs/sv-test-env=/usr/local/src/conda-prefix -fPIC -Os)


-- Executing script file `/tmpfs/tmp/tmpvpvwpotn/yosys-script&#39; --

1. Executing UHDM frontend.
design: (work@main)
 |vpiName:work@main
 |uhdmallPackages:
 \_package: builtin, parent:work@main
   |vpiDefName:builtin
   |vpiFullName:builtin
 |uhdmallClasses:
 \_class_defn: (builtin::array)
   |vpiName:builtin::array
   |vpiFullName:builtin::builtin::array
 |uhdmallClasses:
 \_class_defn: (builtin::queue)
   |vpiName:builtin::queue
   |vpiFullName:builtin::builtin::queue
 |uhdmallClasses:
 \_class_defn: (builtin::string)
   |vpiName:builtin::string
   |vpiFullName:builtin::builtin::string
 |uhdmallClasses:
 \_class_defn: (builtin::system)
   |vpiName:builtin::system
   |vpiFullName:builtin::builtin::system
 |uhdmallModules:
 \_module: work@main, file:<a href="../../../../third_party/tests/ivtest/ivltests/scope2.v.html" target="file-frame">third_party/tests/ivtest/ivltests/scope2.v</a>, line:35, parent:work@main
   |vpiDefName:work@main
   |vpiFullName:work@main
   |vpiProcess:
   \_initial: 
     |vpiStmt:
     \_begin: , line:41
       |vpiFullName:work@main
       |vpiStmt:
       \_delay_control: , line:42
         |#1
         |vpiStmt:
         \_if_stmt: , line:42
           |vpiCondition:
           \_operation: , line:42
             |vpiOpType:17
             |vpiOperand:
             \_ref_obj: (q), line:42
               |vpiName:q
               |vpiFullName:work@main.q
             |vpiOperand:
             \_constant: , line:42
               |vpiConstType:3
               |vpiDecompile:&#39;b0
               |vpiSize:1
               |BIN:0
           |vpiStmt:
           \_begin: , line:42
             |vpiFullName:work@main
             |vpiStmt:
             \_sys_func_call: ($display), line:43
               |vpiName:$display
               |vpiArgument:
               \_constant: , line:43
                 |vpiConstType:6
                 |vpiDecompile:&#34;FAILED -- main.q == %b&#34;
                 |vpiSize:24
                 |STRING:&#34;FAILED -- main.q == %b&#34;
               |vpiArgument:
               \_ref_obj: (q), line:43
                 |vpiName:q
             |vpiStmt:
             \_sys_func_call: ($finish), line:44
               |vpiName:$finish
       |vpiStmt:
       \_if_stmt: , line:47
         |vpiCondition:
         \_operation: , line:47
           |vpiOpType:17
           |vpiOperand:
           \_ref_obj: (sig), line:47
             |vpiName:sig
             |vpiFullName:work@main.sig
           |vpiOperand:
           \_constant: , line:47
             |vpiConstType:3
             |vpiDecompile:&#39;b1
             |vpiSize:1
             |BIN:1
         |vpiStmt:
         \_begin: , line:47
           |vpiFullName:work@main
           |vpiStmt:
           \_sys_func_call: ($display), line:48
             |vpiName:$display
             |vpiArgument:
             \_constant: , line:48
               |vpiConstType:6
               |vpiDecompile:&#34;FAILED -- main.test.q == %b&#34;
               |vpiSize:29
               |STRING:&#34;FAILED -- main.test.q == %b&#34;
             |vpiArgument:
             \_ref_obj: (sig), line:48
               |vpiName:sig
           |vpiStmt:
           \_sys_func_call: ($finish), line:49
             |vpiName:$finish
       |vpiStmt:
       \_sys_func_call: ($display), line:52
         |vpiName:$display
         |vpiArgument:
         \_constant: , line:52
           |vpiConstType:6
           |vpiDecompile:&#34;PASSED&#34;
           |vpiSize:8
           |STRING:&#34;PASSED&#34;
   |vpiContAssign:
   \_cont_assign: , line:37
     |vpiRhs:
     \_constant: , line:37
       |vpiConstType:7
       |vpiDecompile:0
       |vpiSize:32
       |INT:0
     |vpiLhs:
     \_ref_obj: (q), line:37
       |vpiName:q
       |vpiFullName:work@main.q
   |vpiNet:
   \_logic_net: (q), line:37
     |vpiName:q
     |vpiFullName:work@main.q
     |vpiNetType:1
   |vpiNet:
   \_logic_net: (sig), line:38
     |vpiName:sig
     |vpiFullName:work@main.sig
     |vpiNetType:1
 |uhdmallModules:
 \_module: work@test, file:<a href="../../../../third_party/tests/ivtest/ivltests/scope2.v.html" target="file-frame">third_party/tests/ivtest/ivltests/scope2.v</a>, line:27, parent:work@main
   |vpiDefName:work@test
   |vpiFullName:work@test
   |vpiPort:
   \_port: (p), line:27
     |vpiName:p
     |vpiDirection:2
     |vpiLowConn:
     \_ref_obj: 
       |vpiActual:
       \_logic_net: (p), line:27
         |vpiName:p
         |vpiFullName:work@test.p
   |vpiContAssign:
   \_cont_assign: , line:30
     |vpiRhs:
     \_constant: , line:30
       |vpiConstType:7
       |vpiDecompile:1
       |vpiSize:32
       |INT:1
     |vpiLhs:
     \_ref_obj: (q), line:30
       |vpiName:q
       |vpiFullName:work@test.q
   |vpiContAssign:
   \_cont_assign: , line:31
     |vpiRhs:
     \_ref_obj: (q), line:31
       |vpiName:q
       |vpiFullName:work@test.q
     |vpiLhs:
     \_ref_obj: (p), line:31
       |vpiName:p
       |vpiFullName:work@test.p
   |vpiNet:
   \_logic_net: (q), line:30
     |vpiName:q
     |vpiFullName:work@test.q
     |vpiNetType:1
   |vpiNet:
   \_logic_net: (p), line:27
 |uhdmtopModules:
 \_module: work@main (work@main), file:<a href="../../../../third_party/tests/ivtest/ivltests/scope2.v.html" target="file-frame">third_party/tests/ivtest/ivltests/scope2.v</a>, line:35
   |vpiDefName:work@main
   |vpiName:work@main
   |vpiModule:
   \_module: work@test (inst), file:<a href="../../../../third_party/tests/ivtest/ivltests/scope2.v.html" target="file-frame">third_party/tests/ivtest/ivltests/scope2.v</a>, line:39, parent:work@main
     |vpiDefName:work@test
     |vpiName:inst
     |vpiFullName:work@main.inst
     |vpiPort:
     \_port: (p), line:27, parent:inst
       |vpiName:p
       |vpiDirection:2
       |vpiHighConn:
       \_ref_obj: (sig), line:39
         |vpiName:sig
         |vpiActual:
         \_logic_net: (sig), line:38, parent:work@main
           |vpiName:sig
           |vpiFullName:work@main.sig
           |vpiNetType:1
       |vpiLowConn:
       \_ref_obj: 
         |vpiActual:
         \_logic_net: (p), line:27, parent:inst
           |vpiName:p
           |vpiFullName:work@main.inst.p
     |vpiNet:
     \_logic_net: (q), line:30, parent:inst
       |vpiName:q
       |vpiFullName:work@main.inst.q
       |vpiNetType:1
     |vpiNet:
     \_logic_net: (p), line:27, parent:inst
     |vpiInstance:
     \_module: work@main (work@main), file:<a href="../../../../third_party/tests/ivtest/ivltests/scope2.v.html" target="file-frame">third_party/tests/ivtest/ivltests/scope2.v</a>, line:35
   |vpiNet:
   \_logic_net: (q), line:37, parent:work@main
     |vpiName:q
     |vpiFullName:work@main.q
     |vpiNetType:1
   |vpiNet:
   \_logic_net: (sig), line:38, parent:work@main
Object: \work_main of type 3000
Object: \work_main of type 32
Object: \inst of type 32
Object: \p of type 44
Object: \q of type 36
Object: \p of type 36
Object: \q of type 36
Object: \sig of type 36
Object: \work_main of type 32
Object:  of type 8
Object: \q of type 608
Object:  of type 7
Object:  of type 24
Object:  of type 4
Object:  of type 11
ERROR: Encountered unhandled object type: 11

</pre>
</body>