<head>
  <style>
    .log { font-family: "Courier New", Consolas, monospace; font-size: 80%; }
    .test-failed { background-color: #ffaaaa; }
    .test-passed { background-color: #aaffaa; }
  </style>
</head>
<body>
<h3><a href="https://github.com/alainmarcel/uhdm-integration" target="_blank">yosys-uhdm</a></h3>
<pre class="test-failed">
description: Test imported from ivtest
rc: 1 (means success: 0)
tags: ivtest
incdirs: /tmpfs/src/github/sv-tests/third_party/tests/ivtest /tmpfs/src/github/sv-tests/third_party/tests/ivtest/ivltests
top_module: 
type: parsing
mode: parsing
files: <a href="../../../../third_party/tests/ivtest/ivltests/scope1.v.html" target="file-frame">third_party/tests/ivtest/ivltests/scope1.v</a>
defines: 
time_elapsed: 1.388s
ram usage: 41340 KB
</pre>
<pre class="log">

sh /tmpfs/tmp/tmpfrzm_5ru/scr.sh
+ surelog-uhdm -nopython -nobuiltin -parse -sverilog -I/tmpfs/src/github/sv-tests/third_party/tests/ivtest -I/tmpfs/src/github/sv-tests/third_party/tests/ivtest/ivltests <a href="../../../../third_party/tests/ivtest/ivltests/scope1.v.html" target="file-frame">third_party/tests/ivtest/ivltests/scope1.v</a>
[INF:CM0023] Creating log file ./slpp_all/surelog.log.

[WRN:PA0205] <a href="../../../../third_party/tests/ivtest/ivltests/scope1.v.html#l-25" target="file-frame">third_party/tests/ivtest/ivltests/scope1.v:25</a>: No timescale set for &#34;glob&#34;.

[WRN:PA0205] <a href="../../../../third_party/tests/ivtest/ivltests/scope1.v.html#l-32" target="file-frame">third_party/tests/ivtest/ivltests/scope1.v:32</a>: No timescale set for &#34;main&#34;.

[INF:CP0300] Compilation...

[INF:CP0303] <a href="../../../../third_party/tests/ivtest/ivltests/scope1.v.html#l-25" target="file-frame">third_party/tests/ivtest/ivltests/scope1.v:25</a>: Compile module &#34;work@glob&#34;.

[INF:CP0303] <a href="../../../../third_party/tests/ivtest/ivltests/scope1.v.html#l-32" target="file-frame">third_party/tests/ivtest/ivltests/scope1.v:32</a>: Compile module &#34;work@main&#34;.

[INF:EL0526] Design Elaboration...

[NTE:EL0503] <a href="../../../../third_party/tests/ivtest/ivltests/scope1.v.html#l-32" target="file-frame">third_party/tests/ivtest/ivltests/scope1.v:32</a>: Top level module &#34;work@main&#34;.

[NTE:EL0508] Nb Top level modules: 1.

[NTE:EL0509] Max instance depth: 2.

[NTE:EL0510] Nb instances: 2.

[NTE:EL0511] Nb leaf instances: 1.

[  FATAL] : 0
[ SYNTAX] : 0
[  ERROR] : 0
[WARNING] : 2
[   NOTE] : 5
+ cat /tmpfs/tmp/tmpfrzm_5ru/yosys-script
read_uhdm slpp_all/surelog.uhdm
hierarchy -check -top \work_glob
proc
check
memory_dff
memory_collect
stat
check
write_json
write_verilog
+ yosys-uhdm -s /tmpfs/tmp/tmpfrzm_5ru/yosys-script

 /----------------------------------------------------------------------------\
 |                                                                            |
 |  yosys -- Yosys Open SYnthesis Suite                                       |
 |                                                                            |
 |  Copyright (C) 2012 - 2020  Claire Wolf &lt;claire@symbioticeda.com&gt;          |
 |                                                                            |
 |  Permission to use, copy, modify, and/or distribute this software for any  |
 |  purpose with or without fee is hereby granted, provided that the above    |
 |  copyright notice and this permission notice appear in all copies.         |
 |                                                                            |
 |  THE SOFTWARE IS PROVIDED &#34;AS IS&#34; AND THE AUTHOR DISCLAIMS ALL WARRANTIES  |
 |  WITH REGARD TO THIS SOFTWARE INCLUDING ALL IMPLIED WARRANTIES OF          |
 |  MERCHANTABILITY AND FITNESS. IN NO EVENT SHALL THE AUTHOR BE LIABLE FOR   |
 |  ANY SPECIAL, DIRECT, INDIRECT, OR CONSEQUENTIAL DAMAGES OR ANY DAMAGES    |
 |  WHATSOEVER RESULTING FROM LOSS OF USE, DATA OR PROFITS, WHETHER IN AN     |
 |  ACTION OF CONTRACT, NEGLIGENCE OR OTHER TORTIOUS ACTION, ARISING OUT OF   |
 |  OR IN CONNECTION WITH THE USE OR PERFORMANCE OF THIS SOFTWARE.            |
 |                                                                            |
 \----------------------------------------------------------------------------/

 Yosys 0.9+2406 (git sha1 410a291f, clang 7.0.0 -fvisibility-inlines-hidden -fmessage-length=0 -march=nocona -mtune=haswell -ftree-vectorize -fPIC -fstack-protector-strong -fno-plt -O2 -ffunction-sections -fdebug-prefix-map=/tmp/really-really-really-really-really-really-really-really-really-really-really-really-really-long-path/conda/conda-bld/uhdm-integration_1594060930077/work=/usr/local/src/conda/uhdm-integration-0.0_0090_g40649a7 -fdebug-prefix-map=/home/kbuilder/miniconda/envs/sv-test-env=/usr/local/src/conda-prefix -fPIC -Os)


-- Executing script file `/tmpfs/tmp/tmpfrzm_5ru/yosys-script&#39; --

1. Executing UHDM frontend.
design: (work@main)
 |vpiName:work@main
 |uhdmallPackages:
 \_package: builtin, parent:work@main
   |vpiDefName:builtin
   |vpiFullName:builtin
 |uhdmallClasses:
 \_class_defn: (builtin::array)
   |vpiName:builtin::array
   |vpiFullName:builtin.builtin::array
 |uhdmallClasses:
 \_class_defn: (builtin::queue)
   |vpiName:builtin::queue
   |vpiFullName:builtin.builtin::queue
 |uhdmallClasses:
 \_class_defn: (builtin::string)
   |vpiName:builtin::string
   |vpiFullName:builtin.builtin::string
 |uhdmallClasses:
 \_class_defn: (builtin::system)
   |vpiName:builtin::system
   |vpiFullName:builtin.builtin::system
 |uhdmallModules:
 \_module: work@glob, file:<a href="../../../../third_party/tests/ivtest/ivltests/scope1.v.html" target="file-frame">third_party/tests/ivtest/ivltests/scope1.v</a>, line:25, parent:work@main
   |vpiDefName:work@glob
   |vpiFullName:work@glob
   |vpiPort:
   \_port: (fake), line:25
     |vpiName:fake
     |vpiDirection:1
     |vpiLowConn:
     \_ref_obj: 
       |vpiActual:
       \_logic_net: (fake), line:25
         |vpiName:fake
         |vpiFullName:work@glob.fake
   |vpiNet:
   \_logic_net: (var1), line:28
     |vpiName:var1
     |vpiFullName:work@glob.var1
     |vpiNetType:48
   |vpiNet:
   \_logic_net: (var2), line:29
     |vpiName:var2
     |vpiFullName:work@glob.var2
     |vpiNetType:48
   |vpiNet:
   \_logic_net: (fake), line:25
 |uhdmallModules:
 \_module: work@main, file:<a href="../../../../third_party/tests/ivtest/ivltests/scope1.v.html" target="file-frame">third_party/tests/ivtest/ivltests/scope1.v</a>, line:32, parent:work@main
   |vpiDefName:work@main
   |vpiFullName:work@main
   |vpiProcess:
   \_initial: 
     |vpiStmt:
     \_begin: , line:47
       |vpiFullName:work@main
       |vpiStmt:
       \_task_call: (test), line:48
         |vpiName:test
         |vpiTask:
         \_task: (test), line:38
           |vpiName:test
           |vpiFullName:work@main.test
           |vpiStmt:
           \_begin: , line:39, parent:test
             |vpiFullName:work@main.test
             |vpiStmt:
             \_assignment: , line:40
               |vpiBlocking:1
               |vpiLhs:
               \_ref_obj: (U1.var1), line:40
                 |vpiName:U1.var1
                 |vpiFullName:work@main.test.U1.var1
               |vpiRhs:
               \_constant: , line:40
                 |vpiConstType:3
                 |vpiDecompile:&#39;b0
                 |vpiSize:1
                 |BIN:0
             |vpiStmt:
             \_assignment: , line:41
               |vpiBlocking:1
               |vpiLhs:
               \_ref_obj: (U1.var2), line:41
                 |vpiName:U1.var2
                 |vpiFullName:work@main.test.U1.var2
               |vpiRhs:
               \_constant: , line:41
                 |vpiConstType:3
                 |vpiDecompile:&#39;b1
                 |vpiSize:1
                 |BIN:1
       |vpiStmt:
       \_if_stmt: , line:49
         |vpiCondition:
         \_operation: , line:49
           |vpiOpType:17
           |vpiOperand:
           \_ref_obj: (U1.var1), line:49
             |vpiName:U1.var1
             |vpiFullName:work@main.U1.var1
           |vpiOperand:
           \_constant: , line:49
             |vpiConstType:3
             |vpiDecompile:&#39;b0
             |vpiSize:1
             |BIN:0
         |vpiStmt:
         \_begin: , line:49
           |vpiFullName:work@main
           |vpiStmt:
           \_sys_func_call: ($display), line:50
             |vpiName:$display
             |vpiArgument:
             \_constant: , line:50
               |vpiConstType:6
               |vpiDecompile:&#34;FAILED -- globvar1 == %b&#34;
               |vpiSize:26
               |STRING:&#34;FAILED -- globvar1 == %b&#34;
             |vpiArgument:
             \_ref_obj: (U1.var1), line:50
               |vpiName:U1.var1
           |vpiStmt:
           \_sys_func_call: ($finish), line:51
             |vpiName:$finish
       |vpiStmt:
       \_if_stmt: , line:53
         |vpiCondition:
         \_operation: , line:53
           |vpiOpType:17
           |vpiOperand:
           \_ref_obj: (U1.var2), line:53
             |vpiName:U1.var2
             |vpiFullName:work@main.U1.var2
           |vpiOperand:
           \_constant: , line:53
             |vpiConstType:3
             |vpiDecompile:&#39;b1
             |vpiSize:1
             |BIN:1
         |vpiStmt:
         \_begin: , line:53
           |vpiFullName:work@main
           |vpiStmt:
           \_sys_func_call: ($display), line:54
             |vpiName:$display
             |vpiArgument:
             \_constant: , line:54
               |vpiConstType:6
               |vpiDecompile:&#34;FAILED -- globvar2 == %b&#34;
               |vpiSize:26
               |STRING:&#34;FAILED -- globvar2 == %b&#34;
             |vpiArgument:
             \_ref_obj: (U1.var2), line:54
               |vpiName:U1.var2
           |vpiStmt:
           \_sys_func_call: ($finish), line:55
             |vpiName:$finish
       |vpiStmt:
       \_sys_func_call: ($display), line:58
         |vpiName:$display
         |vpiArgument:
         \_constant: , line:58
           |vpiConstType:6
           |vpiDecompile:&#34;PASSED&#34;
           |vpiSize:8
           |STRING:&#34;PASSED&#34;
   |vpiTaskFunc:
   \_task: (test), line:38
 |uhdmtopModules:
 \_module: work@main (work@main), file:<a href="../../../../third_party/tests/ivtest/ivltests/scope1.v.html" target="file-frame">third_party/tests/ivtest/ivltests/scope1.v</a>, line:32
   |vpiDefName:work@main
   |vpiName:work@main
   |vpiModule:
   \_module: work@glob (U1), file:<a href="../../../../third_party/tests/ivtest/ivltests/scope1.v.html" target="file-frame">third_party/tests/ivtest/ivltests/scope1.v</a>, line:45, parent:work@main
     |vpiDefName:work@glob
     |vpiName:U1
     |vpiFullName:work@main.U1
     |vpiPort:
     \_port: (fake), line:25, parent:U1
       |vpiName:fake
       |vpiDirection:1
       |vpiHighConn:
       \_ref_obj: (fake), line:45
         |vpiName:fake
       |vpiLowConn:
       \_ref_obj: 
         |vpiActual:
         \_logic_net: (fake), line:25, parent:U1
           |vpiName:fake
           |vpiFullName:work@main.U1.fake
     |vpiNet:
     \_logic_net: (var1), line:28, parent:U1
       |vpiName:var1
       |vpiFullName:work@main.U1.var1
       |vpiNetType:48
     |vpiNet:
     \_logic_net: (var2), line:29, parent:U1
       |vpiName:var2
       |vpiFullName:work@main.U1.var2
       |vpiNetType:48
     |vpiNet:
     \_logic_net: (fake), line:25, parent:U1
     |vpiInstance:
     \_module: work@main (work@main), file:<a href="../../../../third_party/tests/ivtest/ivltests/scope1.v.html" target="file-frame">third_party/tests/ivtest/ivltests/scope1.v</a>, line:32
Object: \work_main of type 3000
Object: \work_main of type 32
Object: \U1 of type 32
Object: \fake of type 44
Object: \var1 of type 36
Object: \var2 of type 36
Object: \fake of type 36
Object: \work_glob of type 32
Object: \var1 of type 36
Object: \var2 of type 36
Object: \fake of type 36
Object: \work_main of type 32
Object:  of type 24
Object:  of type 4
Object: \test of type 60
ERROR: Encountered unhandled object type: 60

</pre>
</body>