<head>
  <style>
    .log { font-family: "Courier New", Consolas, monospace; font-size: 80%; }
    .test-failed { background-color: #ffaaaa; }
    .test-passed { background-color: #aaffaa; }
  </style>
</head>
<body>
<h3><a href="https://github.com/alainmarcel/uhdm-integration" target="_blank">yosys-uhdm</a></h3>
<pre class="test-failed">
description: Test imported from ivtest
rc: 1 (means success: 0)
tags: ivtest
incdirs: /tmpfs/src/github/sv-tests/third_party/tests/ivtest /tmpfs/src/github/sv-tests/third_party/tests/ivtest/ivltests
top_module: 
type: parsing
mode: parsing
files: <a href="../../../../third_party/tests/ivtest/ivltests/signed2.v.html" target="file-frame">third_party/tests/ivtest/ivltests/signed2.v</a>
defines: 
time_elapsed: 1.308s
ram usage: 39544 KB
</pre>
<pre class="log">

sh /tmpfs/tmp/tmpn6kh7d61/scr.sh
+ surelog-uhdm -nopython -nobuiltin -parse -sverilog -I/tmpfs/src/github/sv-tests/third_party/tests/ivtest -I/tmpfs/src/github/sv-tests/third_party/tests/ivtest/ivltests <a href="../../../../third_party/tests/ivtest/ivltests/signed2.v.html" target="file-frame">third_party/tests/ivtest/ivltests/signed2.v</a>
[INF:CM0023] Creating log file ./slpp_all/surelog.log.

[WRN:PA0205] <a href="../../../../third_party/tests/ivtest/ivltests/signed2.v.html#l-23" target="file-frame">third_party/tests/ivtest/ivltests/signed2.v:23</a>: No timescale set for &#34;test&#34;.

[INF:CP0300] Compilation...

[INF:CP0303] <a href="../../../../third_party/tests/ivtest/ivltests/signed2.v.html#l-23" target="file-frame">third_party/tests/ivtest/ivltests/signed2.v:23</a>: Compile module &#34;work@test&#34;.

[INF:EL0526] Design Elaboration...

[NTE:EL0503] <a href="../../../../third_party/tests/ivtest/ivltests/signed2.v.html#l-23" target="file-frame">third_party/tests/ivtest/ivltests/signed2.v:23</a>: Top level module &#34;work@test&#34;.

[NTE:EL0508] Nb Top level modules: 1.

[NTE:EL0509] Max instance depth: 1.

[NTE:EL0510] Nb instances: 1.

[NTE:EL0511] Nb leaf instances: 0.

[  FATAL] : 0
[ SYNTAX] : 0
[  ERROR] : 0
[WARNING] : 1
[   NOTE] : 5
+ cat /tmpfs/tmp/tmpn6kh7d61/yosys-script
read_uhdm slpp_all/surelog.uhdm
hierarchy -check -top \work_test
proc
check
memory_dff
memory_collect
stat
check
write_json
write_verilog
+ yosys-uhdm -s /tmpfs/tmp/tmpn6kh7d61/yosys-script

 /----------------------------------------------------------------------------\
 |                                                                            |
 |  yosys -- Yosys Open SYnthesis Suite                                       |
 |                                                                            |
 |  Copyright (C) 2012 - 2020  Claire Wolf &lt;claire@symbioticeda.com&gt;          |
 |                                                                            |
 |  Permission to use, copy, modify, and/or distribute this software for any  |
 |  purpose with or without fee is hereby granted, provided that the above    |
 |  copyright notice and this permission notice appear in all copies.         |
 |                                                                            |
 |  THE SOFTWARE IS PROVIDED &#34;AS IS&#34; AND THE AUTHOR DISCLAIMS ALL WARRANTIES  |
 |  WITH REGARD TO THIS SOFTWARE INCLUDING ALL IMPLIED WARRANTIES OF          |
 |  MERCHANTABILITY AND FITNESS. IN NO EVENT SHALL THE AUTHOR BE LIABLE FOR   |
 |  ANY SPECIAL, DIRECT, INDIRECT, OR CONSEQUENTIAL DAMAGES OR ANY DAMAGES    |
 |  WHATSOEVER RESULTING FROM LOSS OF USE, DATA OR PROFITS, WHETHER IN AN     |
 |  ACTION OF CONTRACT, NEGLIGENCE OR OTHER TORTIOUS ACTION, ARISING OUT OF   |
 |  OR IN CONNECTION WITH THE USE OR PERFORMANCE OF THIS SOFTWARE.            |
 |                                                                            |
 \----------------------------------------------------------------------------/

 Yosys 0.9+2406 (git sha1 897adb4e, clang 7.0.0 -fvisibility-inlines-hidden -fmessage-length=0 -march=nocona -mtune=haswell -ftree-vectorize -fPIC -fstack-protector-strong -fno-plt -O2 -ffunction-sections -fdebug-prefix-map=/tmp/really-really-really-really-really-really-really-really-really-really-really-really-really-long-path/conda/conda-bld/uhdm-integration_1594645251277/work=/usr/local/src/conda/uhdm-integration-0.0_0097_gfa6ade0 -fdebug-prefix-map=/home/kbuilder/miniconda/envs/sv-test-env=/usr/local/src/conda-prefix -fPIC -Os)


-- Executing script file `/tmpfs/tmp/tmpn6kh7d61/yosys-script&#39; --

1. Executing UHDM frontend.
design: (work@test)
 |vpiName:work@test
 |uhdmallPackages:
 \_package: builtin, parent:work@test
   |vpiDefName:builtin
   |vpiFullName:builtin
 |uhdmallClasses:
 \_class_defn: (builtin::array)
   |vpiName:builtin::array
   |vpiFullName:builtin::builtin::array
 |uhdmallClasses:
 \_class_defn: (builtin::queue)
   |vpiName:builtin::queue
   |vpiFullName:builtin::builtin::queue
 |uhdmallClasses:
 \_class_defn: (builtin::string)
   |vpiName:builtin::string
   |vpiFullName:builtin::builtin::string
 |uhdmallClasses:
 \_class_defn: (builtin::system)
   |vpiName:builtin::system
   |vpiFullName:builtin::builtin::system
 |uhdmallModules:
 \_module: work@test, file:<a href="../../../../third_party/tests/ivtest/ivltests/signed2.v.html" target="file-frame">third_party/tests/ivtest/ivltests/signed2.v</a>, line:23, parent:work@test
   |vpiDefName:work@test
   |vpiFullName:work@test
   |vpiProcess:
   \_initial: 
     |vpiStmt:
     \_begin: , line:30
       |vpiFullName:work@test
       |vpiStmt:
       \_assignment: , line:31
         |vpiOpType:82
         |vpiBlocking:1
         |vpiLhs:
         \_ref_obj: (error), line:31
           |vpiName:error
           |vpiFullName:work@test.error
         |vpiRhs:
         \_constant: , line:31
           |vpiConstType:7
           |vpiDecompile:0
           |vpiSize:32
           |INT:0
       |vpiStmt:
       \_assignment: , line:32
         |vpiOpType:82
         |vpiBlocking:1
         |vpiLhs:
         \_ref_obj: (I0), line:32
           |vpiName:I0
           |vpiFullName:work@test.I0
         |vpiRhs:
         \_operation: , line:32
           |vpiOpType:1
           |vpiOperand:
           \_constant: , line:32
             |vpiConstType:3
             |vpiDecompile:4&#39;d12
             |BIN:4&#39;d12
       |vpiStmt:
       \_assignment: , line:33
         |vpiOpType:82
         |vpiBlocking:1
         |vpiLhs:
         \_ref_obj: (I1), line:33
           |vpiName:I1
           |vpiFullName:work@test.I1
         |vpiRhs:
         \_operation: , line:33
           |vpiOpType:1
           |vpiOperand:
           \_constant: , line:33
             |vpiConstType:3
             |vpiDecompile:32&#39;d12
             |BIN:32&#39;d12
       |vpiStmt:
       \_if_stmt: , line:34
         |vpiCondition:
         \_operation: , line:34
           |vpiOpType:17
           |vpiOperand:
           \_ref_obj: (I0), line:34
             |vpiName:I0
             |vpiFullName:work@test.I0
           |vpiOperand:
           \_constant: , line:34
             |vpiConstType:5
             |vpiDecompile:32&#39;hfffffff4
             |vpiSize:32
             |HEX:32&#39;hfffffff4
         |vpiStmt:
         \_begin: , line:35
           |vpiFullName:work@test
           |vpiStmt:
           \_sys_func_call: ($display), line:36
             |vpiName:$display
             |vpiArgument:
             \_constant: , line:36
               |vpiConstType:6
               |vpiDecompile:&#34;FAILED - negative decimal assignment failed. I0 s/b fffffff4, is %h&#34;
               |vpiSize:69
               |STRING:&#34;FAILED - negative decimal assignment failed. I0 s/b fffffff4, is %h&#34;
             |vpiArgument:
             \_ref_obj: (I0), line:37
               |vpiName:I0
           |vpiStmt:
           \_assignment: , line:38
             |vpiOpType:82
             |vpiBlocking:1
             |vpiLhs:
             \_ref_obj: (error), line:38
               |vpiName:error
               |vpiFullName:work@test.error
             |vpiRhs:
             \_constant: , line:38
               |vpiConstType:7
               |vpiDecompile:1
               |vpiSize:32
               |INT:1
       |vpiStmt:
       \_if_stmt: , line:40
         |vpiCondition:
         \_operation: , line:40
           |vpiOpType:17
           |vpiOperand:
           \_ref_obj: (I1), line:40
             |vpiName:I1
             |vpiFullName:work@test.I1
           |vpiOperand:
           \_constant: , line:40
             |vpiConstType:5
             |vpiDecompile:32&#39;hfffffff4
             |vpiSize:32
             |HEX:32&#39;hfffffff4
         |vpiStmt:
         \_begin: , line:41
           |vpiFullName:work@test
           |vpiStmt:
           \_sys_func_call: ($display), line:42
             |vpiName:$display
             |vpiArgument:
             \_constant: , line:42
               |vpiConstType:6
               |vpiDecompile:&#34;FAILED - negative decimal assignment failed. I1 s/b fffffff4, is %h&#34;
               |vpiSize:69
               |STRING:&#34;FAILED - negative decimal assignment failed. I1 s/b fffffff4, is %h&#34;
             |vpiArgument:
             \_ref_obj: (I1), line:43
               |vpiName:I1
           |vpiStmt:
           \_assignment: , line:44
             |vpiOpType:82
             |vpiBlocking:1
             |vpiLhs:
             \_ref_obj: (error), line:44
               |vpiName:error
               |vpiFullName:work@test.error
             |vpiRhs:
             \_constant: , line:44
               |vpiConstType:7
               |vpiDecompile:1
               |vpiSize:32
               |INT:1
       |vpiStmt:
       \_if_stmt: , line:46
         |vpiCondition:
         \_operation: , line:46
           |vpiOpType:16
           |vpiOperand:
           \_ref_obj: (error), line:46
             |vpiName:error
             |vpiFullName:work@test.error
           |vpiOperand:
           \_constant: , line:46
             |vpiConstType:7
             |vpiDecompile:0
             |vpiSize:32
             |INT:0
         |vpiStmt:
         \_sys_func_call: ($display), line:47
           |vpiName:$display
           |vpiArgument:
           \_constant: , line:47
             |vpiConstType:6
             |vpiDecompile:&#34;PASSED&#34;
             |vpiSize:8
             |STRING:&#34;PASSED&#34;
   |vpiNet:
   \_logic_net: (I0), line:25
     |vpiName:I0
     |vpiFullName:work@test.I0
   |vpiNet:
   \_logic_net: (I1), line:25
     |vpiName:I1
     |vpiFullName:work@test.I1
   |vpiNet:
   \_logic_net: (R0), line:26
     |vpiName:R0
     |vpiFullName:work@test.R0
     |vpiNetType:48
   |vpiNet:
   \_logic_net: (R1), line:26
     |vpiName:R1
     |vpiFullName:work@test.R1
     |vpiNetType:48
   |vpiNet:
   \_logic_net: (error), line:27
     |vpiName:error
     |vpiFullName:work@test.error
     |vpiNetType:48
 |uhdmtopModules:
 \_module: work@test (work@test), file:<a href="../../../../third_party/tests/ivtest/ivltests/signed2.v.html" target="file-frame">third_party/tests/ivtest/ivltests/signed2.v</a>, line:23
   |vpiDefName:work@test
   |vpiName:work@test
   |vpiNet:
   \_logic_net: (I0), line:25, parent:work@test
     |vpiName:I0
     |vpiFullName:work@test.I0
   |vpiNet:
   \_logic_net: (I1), line:25, parent:work@test
     |vpiName:I1
     |vpiFullName:work@test.I1
   |vpiNet:
   \_logic_net: (R0), line:26, parent:work@test
     |vpiName:R0
     |vpiFullName:work@test.R0
     |vpiNetType:48
     |vpiRange:
     \_range: , line:26
       |vpiLeftRange:
       \_constant: , line:26
         |vpiConstType:7
         |vpiDecompile:15
         |vpiSize:32
         |INT:15
       |vpiRightRange:
       \_constant: , line:26
         |vpiConstType:7
         |vpiDecompile:0
         |vpiSize:32
         |INT:0
   |vpiNet:
   \_logic_net: (R1), line:26, parent:work@test
     |vpiName:R1
     |vpiFullName:work@test.R1
     |vpiNetType:48
     |vpiRange:
     \_range: , line:26
       |vpiLeftRange:
       \_constant: , line:26
         |vpiConstType:7
         |vpiDecompile:15
         |vpiSize:32
         |INT:15
       |vpiRightRange:
       \_constant: , line:26
         |vpiConstType:7
         |vpiDecompile:0
         |vpiSize:32
         |INT:0
   |vpiNet:
   \_logic_net: (error), line:27, parent:work@test
     |vpiName:error
     |vpiFullName:work@test.error
     |vpiNetType:48
     |vpiRange:
     \_range: , line:27
       |vpiLeftRange:
       \_constant: , line:27
         |vpiConstType:7
         |vpiDecompile:3
         |vpiSize:32
         |INT:3
       |vpiRightRange:
       \_constant: , line:27
         |vpiConstType:7
         |vpiDecompile:0
         |vpiSize:32
         |INT:0
Object: \work_test of type 3000
Object: \work_test of type 32
Object: \I0 of type 36
Object: \I1 of type 36
Object: \R0 of type 36
Object:  of type 115
Object:  of type 7
Object:  of type 7
Object: \R1 of type 36
Object:  of type 115
Object:  of type 7
Object:  of type 7
Object: \error of type 36
Object:  of type 115
Object:  of type 7
Object:  of type 7
Object: \work_test of type 32
Object:  of type 24
Object:  of type 4
Object:  of type 3
Object: \error of type 608
Object:  of type 7
Object:  of type 3
Object: \I0 of type 608
Object:  of type 39
Object:  of type 7
Object:  of type 3
Object: \I1 of type 608
Object:  of type 39
Object:  of type 7
Object:  of type 22
Object:  of type 39
Object: \I0 of type 608
Object:  of type 7
ERROR: Failed to parse hexadecimal string: 32&#39;hfffffff4

</pre>
</body>