<head>
  <style>
    .log { font-family: "Courier New", Consolas, monospace; font-size: 80%; }
    .test-failed { background-color: #ffaaaa; }
    .test-passed { background-color: #aaffaa; }
  </style>
</head>
<body>
<h3><a href="https://github.com/alainmarcel/uhdm-integration" target="_blank">yosys-uhdm</a></h3>
<pre class="test-failed">
description: Test imported from ivtest
rc: 1 (means success: 0)
tags: ivtest
incdirs: /tmpfs/src/github/sv-tests/third_party/tests/ivtest /tmpfs/src/github/sv-tests/third_party/tests/ivtest/ivltests
top_module: 
type: parsing
mode: parsing
files: <a href="../../../../third_party/tests/ivtest/ivltests/sv_for_variable.v.html" target="file-frame">third_party/tests/ivtest/ivltests/sv_for_variable.v</a>
defines: 
time_elapsed: 1.328s
ram usage: 40036 KB
</pre>
<pre class="log">

sh /tmpfs/tmp/tmpwhlzdd7d/scr.sh
+ surelog-uhdm -nopython -nobuiltin -parse -sverilog -I/tmpfs/src/github/sv-tests/third_party/tests/ivtest -I/tmpfs/src/github/sv-tests/third_party/tests/ivtest/ivltests <a href="../../../../third_party/tests/ivtest/ivltests/sv_for_variable.v.html" target="file-frame">third_party/tests/ivtest/ivltests/sv_for_variable.v</a>
[INF:CM0023] Creating log file ./slpp_all/surelog.log.

[WRN:PA0205] <a href="../../../../third_party/tests/ivtest/ivltests/sv_for_variable.v.html#l-2" target="file-frame">third_party/tests/ivtest/ivltests/sv_for_variable.v:2</a>: No timescale set for &#34;main&#34;.

[INF:CP0300] Compilation...

[INF:CP0306] <a href="../../../../third_party/tests/ivtest/ivltests/sv_for_variable.v.html#l-2" target="file-frame">third_party/tests/ivtest/ivltests/sv_for_variable.v:2</a>: Compile program &#34;work@main&#34;.

[WRN:CP0314] <a href="../../../../third_party/tests/ivtest/ivltests/sv_for_variable.v.html#l-2" target="file-frame">third_party/tests/ivtest/ivltests/sv_for_variable.v:2</a>: Using programs is discouraged &#34;work@main&#34;, programs are obsoleted by UVM.

[INF:EL0526] Design Elaboration...

[NTE:EL0508] Nb Top level modules: 0.

[NTE:EL0509] Max instance depth: 0.

[NTE:EL0510] Nb instances: 0.

[NTE:EL0511] Nb leaf instances: 0.

[  FATAL] : 0
[ SYNTAX] : 0
[  ERROR] : 0
[WARNING] : 2
[   NOTE] : 4
+ cat /tmpfs/tmp/tmpwhlzdd7d/yosys-script
read_uhdm slpp_all/surelog.uhdm
hierarchy -check -top \work_None
proc
check
memory_dff
memory_collect
stat
check
write_json
write_verilog
+ yosys-uhdm -s /tmpfs/tmp/tmpwhlzdd7d/yosys-script

 /----------------------------------------------------------------------------\
 |                                                                            |
 |  yosys -- Yosys Open SYnthesis Suite                                       |
 |                                                                            |
 |  Copyright (C) 2012 - 2020  Claire Wolf &lt;claire@symbioticeda.com&gt;          |
 |                                                                            |
 |  Permission to use, copy, modify, and/or distribute this software for any  |
 |  purpose with or without fee is hereby granted, provided that the above    |
 |  copyright notice and this permission notice appear in all copies.         |
 |                                                                            |
 |  THE SOFTWARE IS PROVIDED &#34;AS IS&#34; AND THE AUTHOR DISCLAIMS ALL WARRANTIES  |
 |  WITH REGARD TO THIS SOFTWARE INCLUDING ALL IMPLIED WARRANTIES OF          |
 |  MERCHANTABILITY AND FITNESS. IN NO EVENT SHALL THE AUTHOR BE LIABLE FOR   |
 |  ANY SPECIAL, DIRECT, INDIRECT, OR CONSEQUENTIAL DAMAGES OR ANY DAMAGES    |
 |  WHATSOEVER RESULTING FROM LOSS OF USE, DATA OR PROFITS, WHETHER IN AN     |
 |  ACTION OF CONTRACT, NEGLIGENCE OR OTHER TORTIOUS ACTION, ARISING OUT OF   |
 |  OR IN CONNECTION WITH THE USE OR PERFORMANCE OF THIS SOFTWARE.            |
 |                                                                            |
 \----------------------------------------------------------------------------/

 Yosys 0.9+2406 (git sha1 897adb4e, clang 7.0.0 -fvisibility-inlines-hidden -fmessage-length=0 -march=nocona -mtune=haswell -ftree-vectorize -fPIC -fstack-protector-strong -fno-plt -O2 -ffunction-sections -fdebug-prefix-map=/tmp/really-really-really-really-really-really-really-really-really-really-really-really-really-long-path/conda/conda-bld/uhdm-integration_1594645251277/work=/usr/local/src/conda/uhdm-integration-0.0_0097_gfa6ade0 -fdebug-prefix-map=/home/kbuilder/miniconda/envs/sv-test-env=/usr/local/src/conda-prefix -fPIC -Os)


-- Executing script file `/tmpfs/tmp/tmpwhlzdd7d/yosys-script&#39; --

1. Executing UHDM frontend.
design: (unnamed)
 |vpiName:unnamed
 |uhdmallPackages:
 \_package: builtin, parent:unnamed
   |vpiDefName:builtin
   |vpiFullName:builtin
 |uhdmallClasses:
 \_class_defn: (builtin::array)
   |vpiName:builtin::array
   |vpiFullName:builtin::builtin::array
 |uhdmallClasses:
 \_class_defn: (builtin::queue)
   |vpiName:builtin::queue
   |vpiFullName:builtin::builtin::queue
 |uhdmallClasses:
 \_class_defn: (builtin::string)
   |vpiName:builtin::string
   |vpiFullName:builtin::builtin::string
 |uhdmallClasses:
 \_class_defn: (builtin::system)
   |vpiName:builtin::system
   |vpiFullName:builtin::builtin::system
 |uhdmallPrograms:
 \_program: work@main, file:<a href="../../../../third_party/tests/ivtest/ivltests/sv_for_variable.v.html" target="file-frame">third_party/tests/ivtest/ivltests/sv_for_variable.v</a>, line:2, parent:unnamed
   |vpiDefName:work@main
   |vpiFullName:work@main
   |vpiProcess:
   \_initial: 
     |vpiStmt:
     \_begin: , line:6
       |vpiFullName:work@main
       |vpiStmt:
       \_assignment: , line:7
         |vpiOpType:82
         |vpiBlocking:1
         |vpiLhs:
         \_ref_obj: (sum), line:7
           |vpiName:sum
           |vpiFullName:work@main.sum
         |vpiRhs:
         \_constant: , line:7
           |vpiConstType:7
           |vpiDecompile:0
           |vpiSize:32
           |INT:0
       |vpiStmt:
       \_assignment: , line:8
         |vpiOpType:82
         |vpiBlocking:1
         |vpiLhs:
         \_ref_obj: (idx), line:8
           |vpiName:idx
           |vpiFullName:work@main.idx
         |vpiRhs:
         \_constant: , line:8
           |vpiConstType:3
           |vpiDecompile:&#39;bX
           |vpiSize:1
           |BIN:X
       |vpiStmt:
       \_for_stmt: , line:9
         |vpiFullName:work@main
         |vpiCondition:
         \_operation: , line:9
           |vpiOpType:20
           |vpiOperand:
           \_ref_obj: (idx), line:9
             |vpiName:idx
             |vpiFullName:work@main.idx
           |vpiOperand:
           \_constant: , line:9
             |vpiConstType:7
             |vpiDecompile:8
             |vpiSize:32
             |INT:8
         |vpiForInitStmt:
         \_assign_stmt: 
           |vpiRhs:
           \_constant: , line:9
             |vpiConstType:7
             |vpiDecompile:0
             |vpiSize:32
             |INT:0
           |vpiLhs:
           \_int_var: (idx), line:9
             |vpiName:idx
             |vpiFullName:work@main.idx
         |vpiForIncStmt:
         \_operation: , line:9
           |vpiOpType:24
           |vpiOperand:
           \_ref_obj: (idx), line:9
             |vpiName:idx
         |vpiStmt:
         \_begin: , line:9
           |vpiFullName:work@main
           |vpiStmt:
           \_assignment: , line:10
             |vpiOpType:82
             |vpiBlocking:1
             |vpiLhs:
             \_ref_obj: (sum), line:10
               |vpiName:sum
               |vpiFullName:work@main.sum
             |vpiRhs:
             \_ref_obj: (idx), line:10
               |vpiName:idx
               |vpiFullName:work@main.idx
       |vpiStmt:
       \_if_stmt: , line:13
         |vpiCondition:
         \_operation: , line:13
           |vpiOpType:15
           |vpiOperand:
           \_ref_obj: (sum), line:13
             |vpiName:sum
             |vpiFullName:work@main.sum
           |vpiOperand:
           \_constant: , line:13
             |vpiConstType:7
             |vpiDecompile:28
             |vpiSize:32
             |INT:28
         |vpiStmt:
         \_begin: , line:13
           |vpiFullName:work@main
           |vpiStmt:
           \_sys_func_call: ($display), line:14
             |vpiName:$display
             |vpiArgument:
             \_constant: , line:14
               |vpiConstType:6
               |vpiDecompile:&#34;FAILED -- sum=%0d&#34;
               |vpiSize:19
               |STRING:&#34;FAILED -- sum=%0d&#34;
             |vpiArgument:
             \_ref_obj: (sum), line:14
               |vpiName:sum
           |vpiStmt:
           \_sys_func_call: ($finish), line:15
             |vpiName:$finish
       |vpiStmt:
       \_if_stmt: , line:18
         |vpiCondition:
         \_operation: , line:18
           |vpiOpType:17
           |vpiOperand:
           \_ref_obj: (idx), line:18
             |vpiName:idx
             |vpiFullName:work@main.idx
           |vpiOperand:
           \_constant: , line:18
             |vpiConstType:3
             |vpiDecompile:&#39;bX
             |vpiSize:1
             |BIN:X
         |vpiStmt:
         \_begin: , line:18
           |vpiFullName:work@main
           |vpiStmt:
           \_sys_func_call: ($display), line:19
             |vpiName:$display
             |vpiArgument:
             \_constant: , line:19
               |vpiConstType:6
               |vpiDecompile:&#34;FAILED -- idx in upper scope became %b&#34;
               |vpiSize:40
               |STRING:&#34;FAILED -- idx in upper scope became %b&#34;
             |vpiArgument:
             \_ref_obj: (idx), line:19
               |vpiName:idx
           |vpiStmt:
           \_sys_func_call: ($finish), line:20
             |vpiName:$finish
       |vpiStmt:
       \_sys_func_call: ($display), line:23
         |vpiName:$display
         |vpiArgument:
         \_constant: , line:23
           |vpiConstType:6
           |vpiDecompile:&#34;PASSED&#34;
           |vpiSize:8
           |STRING:&#34;PASSED&#34;
   |vpiNet:
   \_logic_net: (sum), line:4
     |vpiName:sum
     |vpiFullName:work@main.sum
   |vpiNet:
   \_logic_net: (idx), line:5
     |vpiName:idx
     |vpiFullName:work@main.idx
     |vpiNetType:36
Object: \unnamed of type 3000
Object: \builtin of type 600

2. Executing HIERARCHY pass (managing design hierarchy).
ERROR: Module `\work_None&#39; not found!

</pre>
</body>