<head>
  <style>
    .log { font-family: "Courier New", Consolas, monospace; font-size: 80%; }
    .test-failed { background-color: #ffaaaa; }
    .test-passed { background-color: #aaffaa; }
  </style>
</head>
<body>
<h3><a href="https://github.com/alainmarcel/uhdm-integration" target="_blank">yosys-uhdm</a></h3>
<pre class="test-failed">
description: Test imported from ivtest
rc: 1 (means success: 0)
tags: ivtest
incdirs: /tmpfs/src/github/sv-tests/third_party/tests/ivtest /tmpfs/src/github/sv-tests/third_party/tests/ivtest/ivltests
top_module: 
type: parsing
mode: parsing
files: <a href="../../../../third_party/tests/ivtest/ivltests/task-scope.v.html" target="file-frame">third_party/tests/ivtest/ivltests/task-scope.v</a>
defines: 
time_elapsed: 1.784s
ram usage: 37760 KB
</pre>
<pre class="log">

sh /tmpfs/tmp/tmpucln9t5_/scr.sh
+ surelog-uhdm -nopython -nobuiltin -parse -sverilog -I/tmpfs/src/github/sv-tests/third_party/tests/ivtest -I/tmpfs/src/github/sv-tests/third_party/tests/ivtest/ivltests <a href="../../../../third_party/tests/ivtest/ivltests/task-scope.v.html" target="file-frame">third_party/tests/ivtest/ivltests/task-scope.v</a>
[INF:CM0023] Creating log file ./slpp_all/surelog.log.

[WRN:PA0205] <a href="../../../../third_party/tests/ivtest/ivltests/task-scope.v.html#l-23" target="file-frame">third_party/tests/ivtest/ivltests/task-scope.v:23</a>: No timescale set for &#34;nest&#34;.

[WRN:PA0205] <a href="../../../../third_party/tests/ivtest/ivltests/task-scope.v.html#l-38" target="file-frame">third_party/tests/ivtest/ivltests/task-scope.v:38</a>: No timescale set for &#34;test&#34;.

[INF:CP0300] Compilation...

[INF:CP0303] <a href="../../../../third_party/tests/ivtest/ivltests/task-scope.v.html#l-23" target="file-frame">third_party/tests/ivtest/ivltests/task-scope.v:23</a>: Compile module &#34;work@nest&#34;.

[INF:CP0303] <a href="../../../../third_party/tests/ivtest/ivltests/task-scope.v.html#l-38" target="file-frame">third_party/tests/ivtest/ivltests/task-scope.v:38</a>: Compile module &#34;work@test&#34;.

[INF:EL0526] Design Elaboration...

[NTE:EL0503] <a href="../../../../third_party/tests/ivtest/ivltests/task-scope.v.html#l-38" target="file-frame">third_party/tests/ivtest/ivltests/task-scope.v:38</a>: Top level module &#34;work@test&#34;.

[NTE:EL0508] Nb Top level modules: 1.

[NTE:EL0509] Max instance depth: 2.

[NTE:EL0510] Nb instances: 2.

[NTE:EL0511] Nb leaf instances: 0.

[  FATAL] : 0
[ SYNTAX] : 0
[  ERROR] : 0
[WARNING] : 2
[   NOTE] : 5
+ cat /tmpfs/tmp/tmpucln9t5_/yosys-script
read_uhdm slpp_all/surelog.uhdm
hierarchy -check -top \work_nest
proc
check
memory_dff
memory_collect
stat
check
write_json
write_verilog
+ yosys-uhdm -s /tmpfs/tmp/tmpucln9t5_/yosys-script

 /----------------------------------------------------------------------------\
 |                                                                            |
 |  yosys -- Yosys Open SYnthesis Suite                                       |
 |                                                                            |
 |  Copyright (C) 2012 - 2020  Claire Wolf &lt;claire@symbioticeda.com&gt;          |
 |                                                                            |
 |  Permission to use, copy, modify, and/or distribute this software for any  |
 |  purpose with or without fee is hereby granted, provided that the above    |
 |  copyright notice and this permission notice appear in all copies.         |
 |                                                                            |
 |  THE SOFTWARE IS PROVIDED &#34;AS IS&#34; AND THE AUTHOR DISCLAIMS ALL WARRANTIES  |
 |  WITH REGARD TO THIS SOFTWARE INCLUDING ALL IMPLIED WARRANTIES OF          |
 |  MERCHANTABILITY AND FITNESS. IN NO EVENT SHALL THE AUTHOR BE LIABLE FOR   |
 |  ANY SPECIAL, DIRECT, INDIRECT, OR CONSEQUENTIAL DAMAGES OR ANY DAMAGES    |
 |  WHATSOEVER RESULTING FROM LOSS OF USE, DATA OR PROFITS, WHETHER IN AN     |
 |  ACTION OF CONTRACT, NEGLIGENCE OR OTHER TORTIOUS ACTION, ARISING OUT OF   |
 |  OR IN CONNECTION WITH THE USE OR PERFORMANCE OF THIS SOFTWARE.            |
 |                                                                            |
 \----------------------------------------------------------------------------/

 Yosys 0.9+2406 (git sha1 410a291f, clang 7.0.0 -fvisibility-inlines-hidden -fmessage-length=0 -march=nocona -mtune=haswell -ftree-vectorize -fPIC -fstack-protector-strong -fno-plt -O2 -ffunction-sections -fdebug-prefix-map=/tmp/really-really-really-really-really-really-really-really-really-really-really-really-really-long-path/conda/conda-bld/uhdm-integration_1594060930077/work=/usr/local/src/conda/uhdm-integration-0.0_0090_g40649a7 -fdebug-prefix-map=/home/kbuilder/miniconda/envs/sv-test-env=/usr/local/src/conda-prefix -fPIC -Os)


-- Executing script file `/tmpfs/tmp/tmpucln9t5_/yosys-script&#39; --

1. Executing UHDM frontend.
design: (work@test)
 |vpiName:work@test
 |uhdmallPackages:
 \_package: builtin, parent:work@test
   |vpiDefName:builtin
   |vpiFullName:builtin
 |uhdmallClasses:
 \_class_defn: (builtin::array)
   |vpiName:builtin::array
   |vpiFullName:builtin.builtin::array
 |uhdmallClasses:
 \_class_defn: (builtin::queue)
   |vpiName:builtin::queue
   |vpiFullName:builtin.builtin::queue
 |uhdmallClasses:
 \_class_defn: (builtin::string)
   |vpiName:builtin::string
   |vpiFullName:builtin.builtin::string
 |uhdmallClasses:
 \_class_defn: (builtin::system)
   |vpiName:builtin::system
   |vpiFullName:builtin.builtin::system
 |uhdmallModules:
 \_module: work@nest, file:<a href="../../../../third_party/tests/ivtest/ivltests/task-scope.v.html" target="file-frame">third_party/tests/ivtest/ivltests/task-scope.v</a>, line:23, parent:work@test
   |vpiDefName:work@nest
   |vpiFullName:work@nest
   |vpiPort:
   \_port: (r), line:23
     |vpiName:r
     |vpiDirection:2
     |vpiLowConn:
     \_ref_obj: 
       |vpiActual:
       \_logic_net: (r), line:26
         |vpiName:r
         |vpiFullName:work@nest.r
         |vpiNetType:48
   |vpiTaskFunc:
   \_task: (incr), line:28
     |vpiName:incr
     |vpiFullName:work@nest.incr
     |vpiStmt:
     \_begin: , parent:incr
       |vpiFullName:work@nest.incr
       |vpiStmt:
       \_begin: , line:30
         |vpiFullName:work@nest.incr
         |vpiStmt:
         \_assignment: , line:31
           |vpiLhs:
           \_ref_obj: (r), line:31
             |vpiName:r
             |vpiFullName:work@nest.incr.r
           |vpiRhs:
           \_operation: , line:31
             |vpiOpType:24
             |vpiOperand:
             \_ref_obj: (r), line:31
               |vpiName:r
               |vpiFullName:work@nest.incr.r
             |vpiOperand:
             \_ref_obj: (a), line:31
               |vpiName:a
               |vpiFullName:work@nest.incr.a
         |vpiStmt:
         \_delay_control: , line:32
           |#1
           |vpiStmt:
           \_sys_func_call: ($display), line:32
             |vpiName:$display
             |vpiArgument:
             \_constant: , line:32
               |vpiConstType:6
               |vpiDecompile:&#34;R=%b&#34;
               |vpiSize:6
               |STRING:&#34;R=%b&#34;
             |vpiArgument:
             \_ref_obj: (r), line:32
               |vpiName:r
   |vpiNet:
   \_logic_net: (r), line:26
 |uhdmallModules:
 \_module: work@test, file:<a href="../../../../third_party/tests/ivtest/ivltests/task-scope.v.html" target="file-frame">third_party/tests/ivtest/ivltests/task-scope.v</a>, line:38, parent:work@test
   |vpiDefName:work@test
   |vpiFullName:work@test
   |vpiProcess:
   \_initial: 
     |vpiStmt:
     \_assignment: , line:44
       |vpiLhs:
       \_ref_obj: (n.r), line:44
         |vpiName:n.r
         |vpiFullName:work@test.n.r
       |vpiRhs:
       \_constant: , line:44
         |vpiConstType:7
         |vpiDecompile:0
         |vpiSize:32
         |INT:0
   |vpiProcess:
   \_initial: 
     |vpiStmt:
     \_begin: , line:55
       |vpiFullName:work@test
       |vpiStmt:
       \_delay_control: , line:57
         |#10
       |vpiStmt:
       \_delay_control: , line:58
         |#10
       |vpiStmt:
       \_delay_control: , line:59
         |#10
       |vpiStmt:
       \_delay_control: , line:63
         |#10
       |vpiStmt:
       \_if_else: , line:64
         |vpiCondition:
         \_operation: , line:64
           |vpiOpType:14
           |vpiOperand:
           \_ref_obj: (acc), line:64
             |vpiName:acc
             |vpiFullName:work@test.acc
           |vpiOperand:
           \_constant: , line:64
             |vpiConstType:7
             |vpiDecompile:3
             |vpiSize:32
             |INT:3
         |vpiStmt:
         \_sys_func_call: ($display), line:65
           |vpiName:$display
           |vpiArgument:
           \_constant: , line:65
             |vpiConstType:6
             |vpiDecompile:&#34;PASSED&#34;
             |vpiSize:8
             |STRING:&#34;PASSED&#34;
         |vpiElseStmt:
         \_sys_func_call: ($display), line:67
           |vpiName:$display
           |vpiArgument:
           \_constant: , line:67
             |vpiConstType:6
             |vpiDecompile:&#34;FAILED&#34;
             |vpiSize:8
             |STRING:&#34;FAILED&#34;
   |vpiTaskFunc:
   \_task: (increment), line:47
     |vpiName:increment
     |vpiFullName:work@test.increment
     |vpiStmt:
     \_begin: , line:48, parent:increment
       |vpiFullName:work@test.increment
       |vpiStmt:
       \_func_call: (n.incr), line:49
         |vpiName:n.incr
         |vpiArgument:
         \_constant: , line:49
           |vpiConstType:7
           |vpiDecompile:1
           |vpiSize:32
           |INT:1
   |vpiNet:
   \_logic_net: (acc), line:40
     |vpiName:acc
     |vpiFullName:work@test.acc
     |vpiNetType:1
 |uhdmtopModules:
 \_module: work@test (work@test), file:<a href="../../../../third_party/tests/ivtest/ivltests/task-scope.v.html" target="file-frame">third_party/tests/ivtest/ivltests/task-scope.v</a>, line:38
   |vpiDefName:work@test
   |vpiName:work@test
   |vpiModule:
   \_module: work@nest (n), file:<a href="../../../../third_party/tests/ivtest/ivltests/task-scope.v.html" target="file-frame">third_party/tests/ivtest/ivltests/task-scope.v</a>, line:42, parent:work@test
     |vpiDefName:work@nest
     |vpiName:n
     |vpiFullName:work@test.n
     |vpiPort:
     \_port: (r), line:23, parent:n
       |vpiName:r
       |vpiDirection:2
       |vpiHighConn:
       \_ref_obj: (acc), line:42
         |vpiName:acc
         |vpiActual:
         \_logic_net: (acc), line:40, parent:work@test
           |vpiName:acc
           |vpiFullName:work@test.acc
           |vpiNetType:1
           |vpiRange:
           \_range: , line:40
             |vpiLeftRange:
             \_constant: , line:40
               |vpiConstType:7
               |vpiDecompile:7
               |vpiSize:32
               |INT:7
             |vpiRightRange:
             \_constant: , line:40
               |vpiConstType:7
               |vpiDecompile:0
               |vpiSize:32
               |INT:0
       |vpiLowConn:
       \_ref_obj: 
         |vpiActual:
         \_logic_net: (r), line:26, parent:n
           |vpiName:r
           |vpiFullName:work@test.n.r
           |vpiNetType:48
           |vpiRange:
           \_range: , line:26
             |vpiLeftRange:
             \_constant: , line:26
               |vpiConstType:7
               |vpiDecompile:7
               |vpiSize:32
               |INT:7
             |vpiRightRange:
             \_constant: , line:26
               |vpiConstType:7
               |vpiDecompile:0
               |vpiSize:32
               |INT:0
     |vpiNet:
     \_logic_net: (r), line:26, parent:n
     |vpiInstance:
     \_module: work@test (work@test), file:<a href="../../../../third_party/tests/ivtest/ivltests/task-scope.v.html" target="file-frame">third_party/tests/ivtest/ivltests/task-scope.v</a>, line:38
   |vpiNet:
   \_logic_net: (acc), line:40, parent:work@test
Object: \work_test of type 3000
Object: \work_test of type 32
Object: \n of type 32
Object: \r of type 44
Object:  of type 115
Object:  of type 7
Object:  of type 7
Object: \r of type 36
Object:  of type 115
Object:  of type 7
Object:  of type 7
Object: \acc of type 36
Object:  of type 115
Object:  of type 7
Object:  of type 7
Object: \work_nest of type 32
Object: \r of type 36
Object: \incr of type 59
ERROR: Encountered unhandled object type: 59

</pre>
</body>