<head>
  <style>
    .log { font-family: "Courier New", Consolas, monospace; font-size: 80%; }
    .test-failed { background-color: #ffaaaa; }
    .test-passed { background-color: #aaffaa; }
  </style>
</head>
<body>
<h3><a href="https://github.com/alainmarcel/uhdm-integration" target="_blank">yosys-uhdm</a></h3>
<pre class="test-failed">
description: Test imported from ivtest
rc: 1 (means success: 0)
tags: ivtest
incdirs: /tmpfs/src/github/sv-tests/third_party/tests/ivtest /tmpfs/src/github/sv-tests/third_party/tests/ivtest/ivltests
top_module: 
type: parsing
mode: parsing
files: <a href="../../../../third_party/tests/ivtest/ivltests/vhdl_delay_assign.v.html" target="file-frame">third_party/tests/ivtest/ivltests/vhdl_delay_assign.v</a>
defines: 
time_elapsed: 1.388s
ram usage: 43184 KB
</pre>
<pre class="log">

sh /tmpfs/tmp/tmpptxo21lo/scr.sh
+ surelog-uhdm -nopython -nobuiltin -parse -sverilog -I/tmpfs/src/github/sv-tests/third_party/tests/ivtest -I/tmpfs/src/github/sv-tests/third_party/tests/ivtest/ivltests <a href="../../../../third_party/tests/ivtest/ivltests/vhdl_delay_assign.v.html" target="file-frame">third_party/tests/ivtest/ivltests/vhdl_delay_assign.v</a>
[INF:CM0023] Creating log file ./slpp_all/surelog.log.

[WRN:PA0205] <a href="../../../../third_party/tests/ivtest/ivltests/vhdl_delay_assign.v.html#l-22" target="file-frame">third_party/tests/ivtest/ivltests/vhdl_delay_assign.v:22</a>: No timescale set for &#34;vhdl_delay_assign_test&#34;.

[INF:CP0300] Compilation...

[INF:CP0303] <a href="../../../../third_party/tests/ivtest/ivltests/vhdl_delay_assign.v.html#l-22" target="file-frame">third_party/tests/ivtest/ivltests/vhdl_delay_assign.v:22</a>: Compile module &#34;work@vhdl_delay_assign_test&#34;.

[INF:EL0526] Design Elaboration...

[NTE:EL0503] <a href="../../../../third_party/tests/ivtest/ivltests/vhdl_delay_assign.v.html#l-22" target="file-frame">third_party/tests/ivtest/ivltests/vhdl_delay_assign.v:22</a>: Top level module &#34;work@vhdl_delay_assign_test&#34;.

[WRN:EL0500] <a href="../../../../third_party/tests/ivtest/ivltests/vhdl_delay_assign.v.html#l-25" target="file-frame">third_party/tests/ivtest/ivltests/vhdl_delay_assign.v:25</a>: Cannot find a module definition for &#34;work@vhdl_delay_assign_test::vhdl_delay_assign&#34;.

[NTE:EL0508] Nb Top level modules: 1.

[NTE:EL0509] Max instance depth: 2.

[NTE:EL0510] Nb instances: 2.

[NTE:EL0511] Nb leaf instances: 1.

[WRN:EL0512] Nb undefined modules: 1.

[WRN:EL0513] Nb undefined instances: 1.

[  FATAL] : 0
[ SYNTAX] : 0
[  ERROR] : 0
[WARNING] : 4
[   NOTE] : 5
+ cat /tmpfs/tmp/tmpptxo21lo/yosys-script
read_uhdm slpp_all/surelog.uhdm
hierarchy -check -top \work_vhdl_delay_assign_test
proc
check
memory_dff
memory_collect
stat
check
write_json
write_verilog
+ yosys-uhdm -s /tmpfs/tmp/tmpptxo21lo/yosys-script

 /----------------------------------------------------------------------------\
 |                                                                            |
 |  yosys -- Yosys Open SYnthesis Suite                                       |
 |                                                                            |
 |  Copyright (C) 2012 - 2020  Claire Wolf &lt;claire@symbioticeda.com&gt;          |
 |                                                                            |
 |  Permission to use, copy, modify, and/or distribute this software for any  |
 |  purpose with or without fee is hereby granted, provided that the above    |
 |  copyright notice and this permission notice appear in all copies.         |
 |                                                                            |
 |  THE SOFTWARE IS PROVIDED &#34;AS IS&#34; AND THE AUTHOR DISCLAIMS ALL WARRANTIES  |
 |  WITH REGARD TO THIS SOFTWARE INCLUDING ALL IMPLIED WARRANTIES OF          |
 |  MERCHANTABILITY AND FITNESS. IN NO EVENT SHALL THE AUTHOR BE LIABLE FOR   |
 |  ANY SPECIAL, DIRECT, INDIRECT, OR CONSEQUENTIAL DAMAGES OR ANY DAMAGES    |
 |  WHATSOEVER RESULTING FROM LOSS OF USE, DATA OR PROFITS, WHETHER IN AN     |
 |  ACTION OF CONTRACT, NEGLIGENCE OR OTHER TORTIOUS ACTION, ARISING OUT OF   |
 |  OR IN CONNECTION WITH THE USE OR PERFORMANCE OF THIS SOFTWARE.            |
 |                                                                            |
 \----------------------------------------------------------------------------/

 Yosys 0.9+2406 (git sha1 410a291f, clang 7.0.0 -fvisibility-inlines-hidden -fmessage-length=0 -march=nocona -mtune=haswell -ftree-vectorize -fPIC -fstack-protector-strong -fno-plt -O2 -ffunction-sections -fdebug-prefix-map=/tmp/really-really-really-really-really-really-really-really-really-really-really-really-really-long-path/conda/conda-bld/uhdm-integration_1594060930077/work=/usr/local/src/conda/uhdm-integration-0.0_0090_g40649a7 -fdebug-prefix-map=/home/kbuilder/miniconda/envs/sv-test-env=/usr/local/src/conda-prefix -fPIC -Os)


-- Executing script file `/tmpfs/tmp/tmpptxo21lo/yosys-script&#39; --

1. Executing UHDM frontend.
design: (work@vhdl_delay_assign_test)
 |vpiName:work@vhdl_delay_assign_test
 |uhdmallPackages:
 \_package: builtin, parent:work@vhdl_delay_assign_test
   |vpiDefName:builtin
   |vpiFullName:builtin
 |uhdmallClasses:
 \_class_defn: (builtin::array)
   |vpiName:builtin::array
   |vpiFullName:builtin.builtin::array
 |uhdmallClasses:
 \_class_defn: (builtin::queue)
   |vpiName:builtin::queue
   |vpiFullName:builtin.builtin::queue
 |uhdmallClasses:
 \_class_defn: (builtin::string)
   |vpiName:builtin::string
   |vpiFullName:builtin.builtin::string
 |uhdmallClasses:
 \_class_defn: (builtin::system)
   |vpiName:builtin::system
   |vpiFullName:builtin.builtin::system
 |uhdmallModules:
 \_module: work@vhdl_delay_assign_test, file:<a href="../../../../third_party/tests/ivtest/ivltests/vhdl_delay_assign.v.html" target="file-frame">third_party/tests/ivtest/ivltests/vhdl_delay_assign.v</a>, line:22, parent:work@vhdl_delay_assign_test
   |vpiDefName:work@vhdl_delay_assign_test
   |vpiFullName:work@vhdl_delay_assign_test
   |vpiProcess:
   \_always: , line:27
     |vpiAlwaysType:1
     |vpiStmt:
     \_event_control: , line:27
       |vpiCondition:
       \_ref_obj: (b), line:27
         |vpiName:b
         |vpiFullName:work@vhdl_delay_assign_test.b
       |vpiStmt:
       \_begin: , line:28
         |vpiFullName:work@vhdl_delay_assign_test
         |vpiStmt:
         \_if_else: , line:29
           |vpiCondition:
           \_operation: , line:29
             |vpiOpType:14
             |vpiOperand:
             \_sys_func_call: ($time), line:29
               |vpiName:$time
             |vpiOperand:
             \_constant: , line:29
               |vpiConstType:7
               |vpiDecompile:10
               |vpiSize:32
               |INT:10
           |vpiStmt:
           \_begin: , line:29
             |vpiFullName:work@vhdl_delay_assign_test
             |vpiStmt:
             \_assignment: , line:30
               |vpiBlocking:1
               |vpiLhs:
               \_ref_obj: (passed), line:30
                 |vpiName:passed
                 |vpiFullName:work@vhdl_delay_assign_test.passed
               |vpiRhs:
               \_operation: , line:30
                 |vpiOpType:24
                 |vpiOperand:
                 \_ref_obj: (passed), line:30
                   |vpiName:passed
                   |vpiFullName:work@vhdl_delay_assign_test.passed
                 |vpiOperand:
                 \_constant: , line:30
                   |vpiConstType:7
                   |vpiDecompile:1
                   |vpiSize:32
                   |INT:1
           |vpiElseStmt:
           \_begin: , line:31
             |vpiFullName:work@vhdl_delay_assign_test
             |vpiStmt:
             \_sys_func_call: ($display), line:32
               |vpiName:$display
               |vpiArgument:
               \_constant: , line:32
                 |vpiConstType:6
                 |vpiDecompile:&#34;FAILED 1&#34;
                 |vpiSize:10
                 |STRING:&#34;FAILED 1&#34;
             |vpiStmt:
             \_sys_func_call: ($finish), line:33
               |vpiName:$finish
   |vpiProcess:
   \_always: , line:37
     |vpiAlwaysType:1
     |vpiStmt:
     \_event_control: , line:37
       |vpiCondition:
       \_ref_obj: (c), line:37
         |vpiName:c
         |vpiFullName:work@vhdl_delay_assign_test.c
       |vpiStmt:
       \_begin: , line:38
         |vpiFullName:work@vhdl_delay_assign_test
         |vpiStmt:
         \_if_else: , line:39
           |vpiCondition:
           \_operation: , line:39
             |vpiOpType:14
             |vpiOperand:
             \_sys_func_call: ($time), line:39
               |vpiName:$time
             |vpiOperand:
             \_constant: , line:39
               |vpiConstType:7
               |vpiDecompile:10
               |vpiSize:32
               |INT:10
           |vpiStmt:
           \_begin: , line:39
             |vpiFullName:work@vhdl_delay_assign_test
             |vpiStmt:
             \_assignment: , line:40
               |vpiBlocking:1
               |vpiLhs:
               \_ref_obj: (passed), line:40
                 |vpiName:passed
                 |vpiFullName:work@vhdl_delay_assign_test.passed
               |vpiRhs:
               \_operation: , line:40
                 |vpiOpType:24
                 |vpiOperand:
                 \_ref_obj: (passed), line:40
                   |vpiName:passed
                   |vpiFullName:work@vhdl_delay_assign_test.passed
                 |vpiOperand:
                 \_constant: , line:40
                   |vpiConstType:7
                   |vpiDecompile:1
                   |vpiSize:32
                   |INT:1
           |vpiElseStmt:
           \_begin: , line:41
             |vpiFullName:work@vhdl_delay_assign_test
             |vpiStmt:
             \_sys_func_call: ($display), line:42
               |vpiName:$display
               |vpiArgument:
               \_constant: , line:42
                 |vpiConstType:6
                 |vpiDecompile:&#34;FAILED 2&#34;
                 |vpiSize:10
                 |STRING:&#34;FAILED 2&#34;
             |vpiStmt:
             \_sys_func_call: ($finish), line:43
               |vpiName:$finish
   |vpiProcess:
   \_initial: 
     |vpiStmt:
     \_begin: , line:47
       |vpiFullName:work@vhdl_delay_assign_test
       |vpiStmt:
       \_assignment: , line:48
         |vpiBlocking:1
         |vpiLhs:
         \_ref_obj: (a), line:48
           |vpiName:a
           |vpiFullName:work@vhdl_delay_assign_test.a
         |vpiRhs:
         \_constant: , line:48
           |vpiConstType:7
           |vpiDecompile:1
           |vpiSize:32
           |INT:1
       |vpiStmt:
       \_delay_control: , line:49
         |#11
       |vpiStmt:
       \_if_stmt: , line:51
         |vpiCondition:
         \_operation: , line:51
           |vpiOpType:17
           |vpiOperand:
           \_ref_obj: (passed), line:51
             |vpiName:passed
             |vpiFullName:work@vhdl_delay_assign_test.passed
           |vpiOperand:
           \_constant: , line:51
             |vpiConstType:7
             |vpiDecompile:2
             |vpiSize:32
             |INT:2
         |vpiStmt:
         \_begin: , line:51
           |vpiFullName:work@vhdl_delay_assign_test
           |vpiStmt:
           \_sys_func_call: ($display), line:52
             |vpiName:$display
             |vpiArgument:
             \_constant: , line:52
               |vpiConstType:6
               |vpiDecompile:&#34;FAILED 3&#34;
               |vpiSize:10
               |STRING:&#34;FAILED 3&#34;
           |vpiStmt:
           \_sys_func_call: ($finish), line:53
             |vpiName:$finish
       |vpiStmt:
       \_sys_func_call: ($display), line:56
         |vpiName:$display
         |vpiArgument:
         \_constant: , line:56
           |vpiConstType:6
           |vpiDecompile:&#34;PASSED&#34;
           |vpiSize:8
           |STRING:&#34;PASSED&#34;
   |vpiNet:
   \_logic_net: (a), line:23
     |vpiName:a
     |vpiFullName:work@vhdl_delay_assign_test.a
     |vpiNetType:36
   |vpiNet:
   \_logic_net: (b), line:23
     |vpiName:b
     |vpiFullName:work@vhdl_delay_assign_test.b
     |vpiNetType:36
   |vpiNet:
   \_logic_net: (c), line:23
     |vpiName:c
     |vpiFullName:work@vhdl_delay_assign_test.c
     |vpiNetType:36
   |vpiNet:
   \_logic_net: (passed), line:24
     |vpiName:passed
     |vpiFullName:work@vhdl_delay_assign_test.passed
 |uhdmtopModules:
 \_module: work@vhdl_delay_assign_test (work@vhdl_delay_assign_test), file:<a href="../../../../third_party/tests/ivtest/ivltests/vhdl_delay_assign.v.html" target="file-frame">third_party/tests/ivtest/ivltests/vhdl_delay_assign.v</a>, line:22
   |vpiDefName:work@vhdl_delay_assign_test
   |vpiName:work@vhdl_delay_assign_test
   |vpiModule:
   \_module: work@vhdl_delay_assign_test::vhdl_delay_assign (dut), file:<a href="../../../../third_party/tests/ivtest/ivltests/vhdl_delay_assign.v.html" target="file-frame">third_party/tests/ivtest/ivltests/vhdl_delay_assign.v</a>, line:25, parent:work@vhdl_delay_assign_test
     |vpiDefName:work@vhdl_delay_assign_test::vhdl_delay_assign
     |vpiName:dut
     |vpiFullName:work@vhdl_delay_assign_test.dut
     |vpiInstance:
     \_module: work@vhdl_delay_assign_test (work@vhdl_delay_assign_test), file:<a href="../../../../third_party/tests/ivtest/ivltests/vhdl_delay_assign.v.html" target="file-frame">third_party/tests/ivtest/ivltests/vhdl_delay_assign.v</a>, line:22
   |vpiNet:
   \_logic_net: (a), line:23, parent:work@vhdl_delay_assign_test
     |vpiName:a
     |vpiFullName:work@vhdl_delay_assign_test.a
     |vpiNetType:36
   |vpiNet:
   \_logic_net: (b), line:23, parent:work@vhdl_delay_assign_test
     |vpiName:b
     |vpiFullName:work@vhdl_delay_assign_test.b
     |vpiNetType:36
   |vpiNet:
   \_logic_net: (c), line:23, parent:work@vhdl_delay_assign_test
     |vpiName:c
     |vpiFullName:work@vhdl_delay_assign_test.c
     |vpiNetType:36
   |vpiNet:
   \_logic_net: (passed), line:24, parent:work@vhdl_delay_assign_test
     |vpiName:passed
     |vpiFullName:work@vhdl_delay_assign_test.passed
Object: \work_vhdl_delay_assign_test of type 3000
Object: \work_vhdl_delay_assign_test of type 32
Object: \dut of type 32
Object: \a of type 36
Object: \b of type 36
Object: \c of type 36
Object: \passed of type 36
Object: \work_vhdl_delay_assign_test of type 32
Object:  of type 1
Object:  of type 13
Object: \b of type 608
Object:  of type 4
Object:  of type 23
Object:  of type 39
Object: \$time of type 56
Object:  of type 7
Object:  of type 4
Object:  of type 3
Object: \passed of type 608
Object:  of type 39
Object: \passed of type 608
Object:  of type 7
Object:  of type 4
Object: \$display of type 56
Object:  of type 7
Object: \$finish of type 56
Object:  of type 1
Object:  of type 13
Object: \c of type 608
Object:  of type 4
Object:  of type 23
Object:  of type 39
Object: \$time of type 56
Object:  of type 7
Object:  of type 4
Object:  of type 3
Object: \passed of type 608
Object:  of type 39
Object: \passed of type 608
Object:  of type 7
Object:  of type 4
Object: \$display of type 56
Object:  of type 7
Object: \$finish of type 56
Object:  of type 24
Object:  of type 4
Object:  of type 3
Object: \a of type 608
Object:  of type 7
Object:  of type 11
ERROR: Encountered unhandled object type: 11

</pre>
</body>