<head>
  <style>
    .log { font-family: "Courier New", Consolas, monospace; font-size: 80%; }
    .test-failed { background-color: #ffaaaa; }
    .test-passed { background-color: #aaffaa; }
  </style>
</head>
<body>
<h3><a href="https://github.com/alainmarcel/uhdm-integration" target="_blank">yosys-uhdm</a></h3>
<pre class="test-failed">
description: Test imported from ivtest
rc: 1 (means success: 0)
tags: ivtest
incdirs: /tmpfs/src/github/sv-tests/third_party/tests/ivtest /tmpfs/src/github/sv-tests/third_party/tests/ivtest/ivltests
top_module: 
type: parsing
mode: parsing
files: <a href="../../../../third_party/tests/ivtest/ivltests/vhdl_subprogram.v.html" target="file-frame">third_party/tests/ivtest/ivltests/vhdl_subprogram.v</a>
defines: 
time_elapsed: 0.840s
ram usage: 32212 KB
</pre>
<pre class="log">

sh /tmpfs/tmp/tmp9odszq8u/scr.sh
+ surelog-uhdm -nopython -nobuiltin -parse -sverilog -I/tmpfs/src/github/sv-tests/third_party/tests/ivtest -I/tmpfs/src/github/sv-tests/third_party/tests/ivtest/ivltests <a href="../../../../third_party/tests/ivtest/ivltests/vhdl_subprogram.v.html" target="file-frame">third_party/tests/ivtest/ivltests/vhdl_subprogram.v</a>
[INF:CM0023] Creating log file ./slpp_all/surelog.log.

[WRN:PA0205] <a href="../../../../third_party/tests/ivtest/ivltests/vhdl_subprogram.v.html#l-22" target="file-frame">third_party/tests/ivtest/ivltests/vhdl_subprogram.v:22</a>: No timescale set for &#34;subprogram_test&#34;.

[INF:CP0300] Compilation...

[INF:CP0303] <a href="../../../../third_party/tests/ivtest/ivltests/vhdl_subprogram.v.html#l-22" target="file-frame">third_party/tests/ivtest/ivltests/vhdl_subprogram.v:22</a>: Compile module &#34;work@subprogram_test&#34;.

[INF:EL0526] Design Elaboration...

[NTE:EL0503] <a href="../../../../third_party/tests/ivtest/ivltests/vhdl_subprogram.v.html#l-22" target="file-frame">third_party/tests/ivtest/ivltests/vhdl_subprogram.v:22</a>: Top level module &#34;work@subprogram_test&#34;.

[WRN:EL0500] <a href="../../../../third_party/tests/ivtest/ivltests/vhdl_subprogram.v.html#l-23" target="file-frame">third_party/tests/ivtest/ivltests/vhdl_subprogram.v:23</a>: Cannot find a module definition for &#34;work@subprogram_test::subprogram&#34;.

[NTE:EL0508] Nb Top level modules: 1.

[NTE:EL0509] Max instance depth: 2.

[NTE:EL0510] Nb instances: 2.

[NTE:EL0511] Nb leaf instances: 1.

[WRN:EL0512] Nb undefined modules: 1.

[WRN:EL0513] Nb undefined instances: 1.

[  FATAL] : 0
[ SYNTAX] : 0
[  ERROR] : 0
[WARNING] : 4
[   NOTE] : 5
+ cat /tmpfs/tmp/tmp9odszq8u/yosys-script
read_uhdm slpp_all/surelog.uhdm
hierarchy -check -top \work_subprogram_test
proc
check
memory_dff
memory_collect
stat
check
write_json
write_verilog
+ yosys-uhdm -s /tmpfs/tmp/tmp9odszq8u/yosys-script

 /----------------------------------------------------------------------------\
 |                                                                            |
 |  yosys -- Yosys Open SYnthesis Suite                                       |
 |                                                                            |
 |  Copyright (C) 2012 - 2020  Claire Wolf &lt;claire@symbioticeda.com&gt;          |
 |                                                                            |
 |  Permission to use, copy, modify, and/or distribute this software for any  |
 |  purpose with or without fee is hereby granted, provided that the above    |
 |  copyright notice and this permission notice appear in all copies.         |
 |                                                                            |
 |  THE SOFTWARE IS PROVIDED &#34;AS IS&#34; AND THE AUTHOR DISCLAIMS ALL WARRANTIES  |
 |  WITH REGARD TO THIS SOFTWARE INCLUDING ALL IMPLIED WARRANTIES OF          |
 |  MERCHANTABILITY AND FITNESS. IN NO EVENT SHALL THE AUTHOR BE LIABLE FOR   |
 |  ANY SPECIAL, DIRECT, INDIRECT, OR CONSEQUENTIAL DAMAGES OR ANY DAMAGES    |
 |  WHATSOEVER RESULTING FROM LOSS OF USE, DATA OR PROFITS, WHETHER IN AN     |
 |  ACTION OF CONTRACT, NEGLIGENCE OR OTHER TORTIOUS ACTION, ARISING OUT OF   |
 |  OR IN CONNECTION WITH THE USE OR PERFORMANCE OF THIS SOFTWARE.            |
 |                                                                            |
 \----------------------------------------------------------------------------/

 Yosys 0.9+2406 (git sha1 897adb4e, clang 7.0.0 -fvisibility-inlines-hidden -fmessage-length=0 -march=nocona -mtune=haswell -ftree-vectorize -fPIC -fstack-protector-strong -fno-plt -O2 -ffunction-sections -fdebug-prefix-map=/tmp/really-really-really-really-really-really-really-really-really-really-really-really-really-long-path/conda/conda-bld/uhdm-integration_1595257298458/work=/usr/local/src/conda/uhdm-integration-0.0_0099_g33391fc -fdebug-prefix-map=/home/kbuilder/miniconda/envs/sv-test-env=/usr/local/src/conda-prefix -fPIC -Os)


-- Executing script file `/tmpfs/tmp/tmp9odszq8u/yosys-script&#39; --

1. Executing UHDM frontend.
design: (work@subprogram_test)
 |vpiName:work@subprogram_test
 |uhdmallPackages:
 \_package: builtin, parent:work@subprogram_test
   |vpiDefName:builtin
   |vpiFullName:builtin
 |uhdmallClasses:
 \_class_defn: (builtin::array)
   |vpiName:builtin::array
   |vpiFullName:builtin::builtin::array
 |uhdmallClasses:
 \_class_defn: (builtin::queue)
   |vpiName:builtin::queue
   |vpiFullName:builtin::builtin::queue
 |uhdmallClasses:
 \_class_defn: (builtin::string)
   |vpiName:builtin::string
   |vpiFullName:builtin::builtin::string
 |uhdmallClasses:
 \_class_defn: (builtin::system)
   |vpiName:builtin::system
   |vpiFullName:builtin::builtin::system
 |uhdmallModules:
 \_module: work@subprogram_test, file:<a href="../../../../third_party/tests/ivtest/ivltests/vhdl_subprogram.v.html" target="file-frame">third_party/tests/ivtest/ivltests/vhdl_subprogram.v</a>, line:22, parent:work@subprogram_test
   |vpiDefName:work@subprogram_test
   |vpiFullName:work@subprogram_test
   |vpiProcess:
   \_initial: 
     |vpiStmt:
     \_begin: , line:25
       |vpiFullName:work@subprogram_test
       |vpiStmt:
       \_delay_control: , line:26
         |#1
       |vpiStmt:
       \_if_stmt: , line:28
         |vpiCondition:
         \_operation: , line:28
           |vpiOpType:17
           |vpiOperand:
           \_ref_obj: (dut.negated), line:28
             |vpiName:dut.negated
             |vpiFullName:work@subprogram_test.dut.negated
           |vpiOperand:
           \_constant: , line:28
             |vpiConstType:3
             |vpiDecompile:&#39;b00111000
             |BIN:&#39;b00111000
         |vpiStmt:
         \_begin: , line:28
           |vpiFullName:work@subprogram_test
           |vpiStmt:
           \_sys_func_call: ($display), line:29
             |vpiName:$display
             |vpiArgument:
             \_constant: , line:29
               |vpiConstType:6
               |vpiDecompile:&#34;FAILED 1&#34;
               |vpiSize:10
               |STRING:&#34;FAILED 1&#34;
           |vpiStmt:
           \_sys_func_call: ($finish), line:30
             |vpiName:$finish
       |vpiStmt:
       \_if_stmt: , line:33
         |vpiCondition:
         \_operation: , line:33
           |vpiOpType:15
           |vpiOperand:
           \_ref_obj: (dut.reversed), line:33
             |vpiName:dut.reversed
             |vpiFullName:work@subprogram_test.dut.reversed
           |vpiOperand:
           \_constant: , line:33
             |vpiConstType:3
             |vpiDecompile:&#39;b11100001
             |BIN:&#39;b11100001
         |vpiStmt:
         \_begin: , line:33
           |vpiFullName:work@subprogram_test
           |vpiStmt:
           \_sys_func_call: ($display), line:34
             |vpiName:$display
             |vpiArgument:
             \_constant: , line:34
               |vpiConstType:6
               |vpiDecompile:&#34;FAILED 2&#34;
               |vpiSize:10
               |STRING:&#34;FAILED 2&#34;
           |vpiStmt:
           \_sys_func_call: ($finish), line:35
             |vpiName:$finish
       |vpiStmt:
       \_sys_func_call: ($display), line:38
         |vpiName:$display
         |vpiArgument:
         \_constant: , line:38
           |vpiConstType:6
           |vpiDecompile:&#34;PASSED&#34;
           |vpiSize:8
           |STRING:&#34;PASSED&#34;
 |uhdmtopModules:
 \_module: work@subprogram_test (work@subprogram_test), file:<a href="../../../../third_party/tests/ivtest/ivltests/vhdl_subprogram.v.html" target="file-frame">third_party/tests/ivtest/ivltests/vhdl_subprogram.v</a>, line:22
   |vpiDefName:work@subprogram_test
   |vpiName:work@subprogram_test
   |vpiModule:
   \_module: work@subprogram_test::subprogram (dut), file:<a href="../../../../third_party/tests/ivtest/ivltests/vhdl_subprogram.v.html" target="file-frame">third_party/tests/ivtest/ivltests/vhdl_subprogram.v</a>, line:23, parent:work@subprogram_test
     |vpiDefName:work@subprogram_test::subprogram
     |vpiName:dut
     |vpiFullName:work@subprogram_test.dut
     |vpiInstance:
     \_module: work@subprogram_test (work@subprogram_test), file:<a href="../../../../third_party/tests/ivtest/ivltests/vhdl_subprogram.v.html" target="file-frame">third_party/tests/ivtest/ivltests/vhdl_subprogram.v</a>, line:22
Object: \work_subprogram_test of type 3000
Object: \work_subprogram_test of type 32
Object: \dut of type 32
Object: \work_subprogram_test of type 32
Object:  of type 24
Object:  of type 4
Object:  of type 11
ERROR: Encountered unhandled object type: 11

</pre>
</body>