<head>
  <style>
    .log { font-family: "Courier New", Consolas, monospace; font-size: 80%; }
    .test-failed { background-color: #ffaaaa; }
    .test-passed { background-color: #aaffaa; }
  </style>
</head>
<body>
<h3><a href="https://github.com/alainmarcel/uhdm-integration" target="_blank">yosys-uhdm</a></h3>
<pre class="test-failed">
description: Test imported from ivtest
rc: 1 (means success: 0)
tags: ivtest
incdirs: /tmpfs/src/github/sv-tests/third_party/tests/ivtest /tmpfs/src/github/sv-tests/third_party/tests/ivtest/ivltests
top_module: 
type: parsing
mode: parsing
files: <a href="../../../../third_party/tests/ivtest/ivltests/vhdl_unary_minus.v.html" target="file-frame">third_party/tests/ivtest/ivltests/vhdl_unary_minus.v</a>
defines: 
time_elapsed: 1.848s
ram usage: 39976 KB
</pre>
<pre class="log">

sh /tmpfs/tmp/tmp269i1nuv/scr.sh
+ surelog-uhdm -nopython -nobuiltin -parse -sverilog -I/tmpfs/src/github/sv-tests/third_party/tests/ivtest -I/tmpfs/src/github/sv-tests/third_party/tests/ivtest/ivltests <a href="../../../../third_party/tests/ivtest/ivltests/vhdl_unary_minus.v.html" target="file-frame">third_party/tests/ivtest/ivltests/vhdl_unary_minus.v</a>
[INF:CM0023] Creating log file ./slpp_all/surelog.log.

[WRN:PA0205] <a href="../../../../third_party/tests/ivtest/ivltests/vhdl_unary_minus.v.html#l-22" target="file-frame">third_party/tests/ivtest/ivltests/vhdl_unary_minus.v:22</a>: No timescale set for &#34;vhdl_unary_minus_test&#34;.

[INF:CP0300] Compilation...

[INF:CP0303] <a href="../../../../third_party/tests/ivtest/ivltests/vhdl_unary_minus.v.html#l-22" target="file-frame">third_party/tests/ivtest/ivltests/vhdl_unary_minus.v:22</a>: Compile module &#34;work@vhdl_unary_minus_test&#34;.

[INF:EL0526] Design Elaboration...

[NTE:EL0503] <a href="../../../../third_party/tests/ivtest/ivltests/vhdl_unary_minus.v.html#l-22" target="file-frame">third_party/tests/ivtest/ivltests/vhdl_unary_minus.v:22</a>: Top level module &#34;work@vhdl_unary_minus_test&#34;.

[WRN:EL0500] <a href="../../../../third_party/tests/ivtest/ivltests/vhdl_unary_minus.v.html#l-27" target="file-frame">third_party/tests/ivtest/ivltests/vhdl_unary_minus.v:27</a>: Cannot find a module definition for &#34;work@vhdl_unary_minus_test::vhdl_unary_minus&#34;.

[NTE:EL0508] Nb Top level modules: 1.

[NTE:EL0509] Max instance depth: 2.

[NTE:EL0510] Nb instances: 2.

[NTE:EL0511] Nb leaf instances: 1.

[WRN:EL0512] Nb undefined modules: 1.

[WRN:EL0513] Nb undefined instances: 1.

[  FATAL] : 0
[ SYNTAX] : 0
[  ERROR] : 0
[WARNING] : 4
[   NOTE] : 5
+ cat /tmpfs/tmp/tmp269i1nuv/yosys-script
read_uhdm slpp_all/surelog.uhdm
hierarchy -check -top \work_vhdl_unary_minus_test
proc
check
memory_dff
memory_collect
stat
check
write_json
write_verilog
+ yosys-uhdm -s /tmpfs/tmp/tmp269i1nuv/yosys-script

 /----------------------------------------------------------------------------\
 |                                                                            |
 |  yosys -- Yosys Open SYnthesis Suite                                       |
 |                                                                            |
 |  Copyright (C) 2012 - 2020  Claire Wolf &lt;claire@symbioticeda.com&gt;          |
 |                                                                            |
 |  Permission to use, copy, modify, and/or distribute this software for any  |
 |  purpose with or without fee is hereby granted, provided that the above    |
 |  copyright notice and this permission notice appear in all copies.         |
 |                                                                            |
 |  THE SOFTWARE IS PROVIDED &#34;AS IS&#34; AND THE AUTHOR DISCLAIMS ALL WARRANTIES  |
 |  WITH REGARD TO THIS SOFTWARE INCLUDING ALL IMPLIED WARRANTIES OF          |
 |  MERCHANTABILITY AND FITNESS. IN NO EVENT SHALL THE AUTHOR BE LIABLE FOR   |
 |  ANY SPECIAL, DIRECT, INDIRECT, OR CONSEQUENTIAL DAMAGES OR ANY DAMAGES    |
 |  WHATSOEVER RESULTING FROM LOSS OF USE, DATA OR PROFITS, WHETHER IN AN     |
 |  ACTION OF CONTRACT, NEGLIGENCE OR OTHER TORTIOUS ACTION, ARISING OUT OF   |
 |  OR IN CONNECTION WITH THE USE OR PERFORMANCE OF THIS SOFTWARE.            |
 |                                                                            |
 \----------------------------------------------------------------------------/

 Yosys 0.9+2406 (git sha1 897adb4e, clang 7.0.0 -fvisibility-inlines-hidden -fmessage-length=0 -march=nocona -mtune=haswell -ftree-vectorize -fPIC -fstack-protector-strong -fno-plt -O2 -ffunction-sections -fdebug-prefix-map=/tmp/really-really-really-really-really-really-really-really-really-really-really-really-really-long-path/conda/conda-bld/uhdm-integration_1595257298458/work=/usr/local/src/conda/uhdm-integration-0.0_0099_g33391fc -fdebug-prefix-map=/home/kbuilder/miniconda/envs/sv-test-env=/usr/local/src/conda-prefix -fPIC -Os)


-- Executing script file `/tmpfs/tmp/tmp269i1nuv/yosys-script&#39; --

1. Executing UHDM frontend.
design: (work@vhdl_unary_minus_test)
 |vpiName:work@vhdl_unary_minus_test
 |uhdmallPackages:
 \_package: builtin, parent:work@vhdl_unary_minus_test
   |vpiDefName:builtin
   |vpiFullName:builtin
 |uhdmallClasses:
 \_class_defn: (builtin::array)
   |vpiName:builtin::array
   |vpiFullName:builtin::builtin::array
 |uhdmallClasses:
 \_class_defn: (builtin::queue)
   |vpiName:builtin::queue
   |vpiFullName:builtin::builtin::queue
 |uhdmallClasses:
 \_class_defn: (builtin::string)
   |vpiName:builtin::string
   |vpiFullName:builtin::builtin::string
 |uhdmallClasses:
 \_class_defn: (builtin::system)
   |vpiName:builtin::system
   |vpiFullName:builtin::builtin::system
 |uhdmallModules:
 \_module: work@vhdl_unary_minus_test, file:<a href="../../../../third_party/tests/ivtest/ivltests/vhdl_unary_minus.v.html" target="file-frame">third_party/tests/ivtest/ivltests/vhdl_unary_minus.v</a>, line:22, parent:work@vhdl_unary_minus_test
   |vpiDefName:work@vhdl_unary_minus_test
   |vpiFullName:work@vhdl_unary_minus_test
   |vpiProcess:
   \_always: , line:29
     |vpiAlwaysType:1
     |vpiStmt:
     \_delay_control: , line:29
       |#10
       |vpiStmt:
       \_assignment: , line:29
         |vpiOpType:82
         |vpiBlocking:1
         |vpiLhs:
         \_ref_obj: (clk), line:29
           |vpiName:clk
           |vpiFullName:work@vhdl_unary_minus_test.clk
         |vpiRhs:
         \_operation: , line:29
           |vpiOpType:4
           |vpiOperand:
           \_ref_obj: (clk), line:29
             |vpiName:clk
             |vpiFullName:work@vhdl_unary_minus_test.clk
   |vpiProcess:
   \_initial: 
     |vpiStmt:
     \_begin: , line:31
       |vpiFullName:work@vhdl_unary_minus_test
       |vpiStmt:
       \_delay_control: , line:32
         |#5
       |vpiStmt:
       \_assignment: , line:34
         |vpiOpType:82
         |vpiBlocking:1
         |vpiLhs:
         \_ref_obj: (data_in), line:34
           |vpiName:data_in
           |vpiFullName:work@vhdl_unary_minus_test.data_in
         |vpiRhs:
         \_operation: , line:34
           |vpiOpType:1
           |vpiOperand:
           \_constant: , line:34
             |vpiConstType:7
             |vpiDecompile:12
             |vpiSize:32
             |INT:12
       |vpiStmt:
       \_delay_control: , line:35
         |#20
       |vpiStmt:
       \_if_stmt: , line:36
         |vpiCondition:
         \_operation: , line:36
           |vpiOpType:17
           |vpiOperand:
           \_ref_obj: (data_out), line:36
             |vpiName:data_out
             |vpiFullName:work@vhdl_unary_minus_test.data_out
           |vpiOperand:
           \_constant: , line:36
             |vpiConstType:7
             |vpiDecompile:12
             |vpiSize:32
             |INT:12
         |vpiStmt:
         \_begin: , line:36
           |vpiFullName:work@vhdl_unary_minus_test
           |vpiStmt:
           \_sys_func_call: ($display), line:37
             |vpiName:$display
             |vpiArgument:
             \_constant: , line:37
               |vpiConstType:6
               |vpiDecompile:&#34;FAILED 1&#34;
               |vpiSize:10
               |STRING:&#34;FAILED 1&#34;
           |vpiStmt:
           \_sys_func_call: ($finish), line:38
             |vpiName:$finish
       |vpiStmt:
       \_assignment: , line:41
         |vpiOpType:82
         |vpiBlocking:1
         |vpiLhs:
         \_ref_obj: (data_in), line:41
           |vpiName:data_in
           |vpiFullName:work@vhdl_unary_minus_test.data_in
         |vpiRhs:
         \_constant: , line:41
           |vpiConstType:7
           |vpiDecompile:33
           |vpiSize:32
           |INT:33
       |vpiStmt:
       \_delay_control: , line:42
         |#20
       |vpiStmt:
       \_if_stmt: , line:43
         |vpiCondition:
         \_operation: , line:43
           |vpiOpType:17
           |vpiOperand:
           \_ref_obj: (data_out), line:43
             |vpiName:data_out
             |vpiFullName:work@vhdl_unary_minus_test.data_out
           |vpiOperand:
           \_operation: , line:43
             |vpiOpType:1
             |vpiOperand:
             \_constant: , line:43
               |vpiConstType:7
               |vpiDecompile:33
               |vpiSize:32
               |INT:33
         |vpiStmt:
         \_begin: , line:43
           |vpiFullName:work@vhdl_unary_minus_test
           |vpiStmt:
           \_sys_func_call: ($display), line:44
             |vpiName:$display
             |vpiArgument:
             \_constant: , line:44
               |vpiConstType:6
               |vpiDecompile:&#34;FAILED 2&#34;
               |vpiSize:10
               |STRING:&#34;FAILED 2&#34;
           |vpiStmt:
           \_sys_func_call: ($finish), line:45
             |vpiName:$finish
       |vpiStmt:
       \_sys_func_call: ($display), line:48
         |vpiName:$display
         |vpiArgument:
         \_constant: , line:48
           |vpiConstType:6
           |vpiDecompile:&#34;PASSED&#34;
           |vpiSize:8
           |STRING:&#34;PASSED&#34;
       |vpiStmt:
       \_sys_func_call: ($finish), line:49
         |vpiName:$finish
   |vpiNet:
   \_logic_net: (data_in), line:23
     |vpiName:data_in
     |vpiFullName:work@vhdl_unary_minus_test.data_in
     |vpiNetType:36
   |vpiNet:
   \_logic_net: (data_out), line:24
     |vpiName:data_out
     |vpiFullName:work@vhdl_unary_minus_test.data_out
     |vpiNetType:36
   |vpiNet:
   \_logic_net: (clk), line:25
     |vpiName:clk
     |vpiFullName:work@vhdl_unary_minus_test.clk
     |vpiNetType:36
 |uhdmtopModules:
 \_module: work@vhdl_unary_minus_test (work@vhdl_unary_minus_test), file:<a href="../../../../third_party/tests/ivtest/ivltests/vhdl_unary_minus.v.html" target="file-frame">third_party/tests/ivtest/ivltests/vhdl_unary_minus.v</a>, line:22
   |vpiDefName:work@vhdl_unary_minus_test
   |vpiName:work@vhdl_unary_minus_test
   |vpiModule:
   \_module: work@vhdl_unary_minus_test::vhdl_unary_minus (dut), file:<a href="../../../../third_party/tests/ivtest/ivltests/vhdl_unary_minus.v.html" target="file-frame">third_party/tests/ivtest/ivltests/vhdl_unary_minus.v</a>, line:27, parent:work@vhdl_unary_minus_test
     |vpiDefName:work@vhdl_unary_minus_test::vhdl_unary_minus
     |vpiName:dut
     |vpiFullName:work@vhdl_unary_minus_test.dut
     |vpiInstance:
     \_module: work@vhdl_unary_minus_test (work@vhdl_unary_minus_test), file:<a href="../../../../third_party/tests/ivtest/ivltests/vhdl_unary_minus.v.html" target="file-frame">third_party/tests/ivtest/ivltests/vhdl_unary_minus.v</a>, line:22
   |vpiNet:
   \_logic_net: (data_in), line:23, parent:work@vhdl_unary_minus_test
     |vpiName:data_in
     |vpiFullName:work@vhdl_unary_minus_test.data_in
     |vpiNetType:36
   |vpiNet:
   \_logic_net: (data_out), line:24, parent:work@vhdl_unary_minus_test
     |vpiName:data_out
     |vpiFullName:work@vhdl_unary_minus_test.data_out
     |vpiNetType:36
   |vpiNet:
   \_logic_net: (clk), line:25, parent:work@vhdl_unary_minus_test
     |vpiName:clk
     |vpiFullName:work@vhdl_unary_minus_test.clk
     |vpiNetType:36
Object: \work_vhdl_unary_minus_test of type 3000
Object: \work_vhdl_unary_minus_test of type 32
Object: \dut of type 32
Object: \data_in of type 36
Object: \data_out of type 36
Object: \clk of type 36
Object: \work_vhdl_unary_minus_test of type 32
Object:  of type 1
Object:  of type 11
ERROR: Encountered unhandled object type: 11

</pre>
</body>