<head>
  <style>
    .log { font-family: "Courier New", Consolas, monospace; font-size: 80%; }
    .test-failed { background-color: #ffaaaa; }
    .test-passed { background-color: #aaffaa; }
  </style>
</head>
<body>
<h3><a href="https://github.com/tree-sitter/tree-sitter-verilog" target="_blank">tree-sitter-verilog</a></h3>
<pre class="test-failed">
description: Test imported from ivtest
rc: 1 (means success: 0)
tags: ivtest
incdirs: /tmpfs/src/github/sv-tests/third_party/tests/ivtest /tmpfs/src/github/sv-tests/third_party/tests/ivtest/ivltests
top_module: 
type: parsing
mode: parsing
files: <a href="../../../../third_party/tests/ivtest/ivltests/generate_case.v.html" target="file-frame">third_party/tests/ivtest/ivltests/generate_case.v</a>
defines: 
time_elapsed: 0.105s
ram usage: 30552 KB
</pre>
<pre class="log">

<a href="../../../../third_party/tests/ivtest/ivltests/generate_case.v.html#l-10" target="file-frame">third_party/tests/ivtest/ivltests/generate_case.v:10</a>:7: error: node type: ERROR
<a href="../../../../third_party/tests/ivtest/ivltests/generate_case.v.html#l-10" target="file-frame">third_party/tests/ivtest/ivltests/generate_case.v:10</a>:18: error: node type: ERROR
<a href="../../../../third_party/tests/ivtest/ivltests/generate_case.v.html#l-13" target="file-frame">third_party/tests/ivtest/ivltests/generate_case.v:13</a>:10: error: node type: ERROR
<a href="../../../../third_party/tests/ivtest/ivltests/generate_case.v.html#l-18" target="file-frame">third_party/tests/ivtest/ivltests/generate_case.v:18</a>:10: error: node type: ERROR
<a href="../../../../third_party/tests/ivtest/ivltests/generate_case.v.html#l-23" target="file-frame">third_party/tests/ivtest/ivltests/generate_case.v:23</a>:10: error: node type: ERROR
<a href="../../../../third_party/tests/ivtest/ivltests/generate_case.v.html#l-25" target="file-frame">third_party/tests/ivtest/ivltests/generate_case.v:25</a>:9: error: node type: )
<a href="../../../../third_party/tests/ivtest/ivltests/generate_case.v.html#l-28" target="file-frame">third_party/tests/ivtest/ivltests/generate_case.v:28</a>:10: error: node type: ERROR
<a href="../../../../third_party/tests/ivtest/ivltests/generate_case.v.html#l-30" target="file-frame">third_party/tests/ivtest/ivltests/generate_case.v:30</a>:9: error: node type: )
<a href="../../../../third_party/tests/ivtest/ivltests/generate_case.v.html#l-33" target="file-frame">third_party/tests/ivtest/ivltests/generate_case.v:33</a>:6: error: node type: ERROR
<a href="../../../../third_party/tests/ivtest/ivltests/generate_case.v.html#l-33" target="file-frame">third_party/tests/ivtest/ivltests/generate_case.v:33</a>:15: error: node type: ERROR
<a href="../../../../third_party/tests/ivtest/ivltests/generate_case.v.html#l-33" target="file-frame">third_party/tests/ivtest/ivltests/generate_case.v:33</a>:22: error: node type: ERROR

</pre>
</body>