<head>
  <style>
    .log { font-family: "Courier New", Consolas, monospace; font-size: 80%; }
    .test-failed { background-color: #ffaaaa; }
    .test-passed { background-color: #aaffaa; }
  </style>
</head>
<body>
<h3><a href="https://github.com/tree-sitter/tree-sitter-verilog" target="_blank">tree-sitter-verilog</a></h3>
<pre class="test-failed">
description: uvm driver + sequencer + env test
rc: 1 (means success: 0)
tags: uvm uvm-classes
incdirs: /tmpfs/src/github/sv-tests/third_party/tests/uvm/src /tmpfs/src/github/sv-tests/tests/testbenches
top_module: 
type: simulation parsing
mode: parsing
files: <a href="../../../third_party/tests/uvm/src/uvm_pkg.sv.html" target="file-frame">third_party/tests/uvm/src/uvm_pkg.sv</a> <a href="../../../tests/testbenches/uvm_driver_sequencer_env.sv.html" target="file-frame">tests/testbenches/uvm_driver_sequencer_env.sv</a>
defines: 
time_elapsed: 0.088s
ram usage: 37152 KB
</pre>
<pre class="log">

<a href="../../../third_party/tests/uvm/src/uvm_pkg.sv.html#l-27" target="file-frame">third_party/tests/uvm/src/uvm_pkg.sv:27</a>:16: error: node type: endpackage
<a href="../../../third_party/tests/uvm/src/uvm_pkg.sv.html#l-38" target="file-frame">third_party/tests/uvm/src/uvm_pkg.sv:38</a>:10: error: node type: ;
<a href="../../../tests/testbenches/uvm_driver_sequencer_env.sv.html#l-14" target="file-frame">tests/testbenches/uvm_driver_sequencer_env.sv:14</a>:27: error: node type: input
<a href="../../../tests/testbenches/uvm_driver_sequencer_env.sv.html#l-49" target="file-frame">tests/testbenches/uvm_driver_sequencer_env.sv:49</a>:26: error: node type: ERROR
<a href="../../../tests/testbenches/uvm_driver_sequencer_env.sv.html#l-50" target="file-frame">tests/testbenches/uvm_driver_sequencer_env.sv:50</a>:18: error: node type: simple_identifier
<a href="../../../tests/testbenches/uvm_driver_sequencer_env.sv.html#l-52" target="file-frame">tests/testbenches/uvm_driver_sequencer_env.sv:52</a>:19: error: node type: simple_identifier
<a href="../../../tests/testbenches/uvm_driver_sequencer_env.sv.html#l-73" target="file-frame">tests/testbenches/uvm_driver_sequencer_env.sv:73</a>:25: error: node type: =
<a href="../../../tests/testbenches/uvm_driver_sequencer_env.sv.html#l-77" target="file-frame">tests/testbenches/uvm_driver_sequencer_env.sv:77</a>:15: error: node type: ERROR
<a href="../../../tests/testbenches/uvm_driver_sequencer_env.sv.html#l-78" target="file-frame">tests/testbenches/uvm_driver_sequencer_env.sv:78</a>:10: error: node type: ERROR
<a href="../../../tests/testbenches/uvm_driver_sequencer_env.sv.html#l-82" target="file-frame">tests/testbenches/uvm_driver_sequencer_env.sv:82</a>:29: error: node type: =
<a href="../../../tests/testbenches/uvm_driver_sequencer_env.sv.html#l-84" target="file-frame">tests/testbenches/uvm_driver_sequencer_env.sv:84</a>:25: error: node type: simple_identifier
<a href="../../../tests/testbenches/uvm_driver_sequencer_env.sv.html#l-86" target="file-frame">tests/testbenches/uvm_driver_sequencer_env.sv:86</a>:28: error: node type: =
<a href="../../../tests/testbenches/uvm_driver_sequencer_env.sv.html#l-90" target="file-frame">tests/testbenches/uvm_driver_sequencer_env.sv:90</a>:25: error: node type: =
<a href="../../../tests/testbenches/uvm_driver_sequencer_env.sv.html#l-91" target="file-frame">tests/testbenches/uvm_driver_sequencer_env.sv:91</a>:22: error: node type: simple_identifier
<a href="../../../tests/testbenches/uvm_driver_sequencer_env.sv.html#l-114" target="file-frame">tests/testbenches/uvm_driver_sequencer_env.sv:114</a>:25: error: node type: =
<a href="../../../tests/testbenches/uvm_driver_sequencer_env.sv.html#l-115" target="file-frame">tests/testbenches/uvm_driver_sequencer_env.sv:115</a>:25: error: node type: ERROR
<a href="../../../tests/testbenches/uvm_driver_sequencer_env.sv.html#l-116" target="file-frame">tests/testbenches/uvm_driver_sequencer_env.sv:116</a>:23: error: node type: ERROR
<a href="../../../tests/testbenches/uvm_driver_sequencer_env.sv.html#l-117" target="file-frame">tests/testbenches/uvm_driver_sequencer_env.sv:117</a>:20: error: node type: ERROR
<a href="../../../tests/testbenches/uvm_driver_sequencer_env.sv.html#l-121" target="file-frame">tests/testbenches/uvm_driver_sequencer_env.sv:121</a>:27: error: node type: =
<a href="../../../tests/testbenches/uvm_driver_sequencer_env.sv.html#l-122" target="file-frame">tests/testbenches/uvm_driver_sequencer_env.sv:122</a>:15: error: node type: ERROR
<a href="../../../tests/testbenches/uvm_driver_sequencer_env.sv.html#l-123" target="file-frame">tests/testbenches/uvm_driver_sequencer_env.sv:123</a>:10: error: node type: ERROR
<a href="../../../tests/testbenches/uvm_driver_sequencer_env.sv.html#l-124" target="file-frame">tests/testbenches/uvm_driver_sequencer_env.sv:124</a>:33: error: node type: =
<a href="../../../tests/testbenches/uvm_driver_sequencer_env.sv.html#l-128" target="file-frame">tests/testbenches/uvm_driver_sequencer_env.sv:128</a>:38: error: node type: =
<a href="../../../tests/testbenches/uvm_driver_sequencer_env.sv.html#l-132" target="file-frame">tests/testbenches/uvm_driver_sequencer_env.sv:132</a>:29: error: node type: =
<a href="../../../tests/testbenches/uvm_driver_sequencer_env.sv.html#l-133" target="file-frame">tests/testbenches/uvm_driver_sequencer_env.sv:133</a>:17: error: node type: =
<a href="../../../tests/testbenches/uvm_driver_sequencer_env.sv.html#l-135" target="file-frame">tests/testbenches/uvm_driver_sequencer_env.sv:135</a>:28: error: node type: =
<a href="../../../tests/testbenches/uvm_driver_sequencer_env.sv.html#l-139" target="file-frame">tests/testbenches/uvm_driver_sequencer_env.sv:139</a>:26: error: node type: =
<a href="../../../tests/testbenches/uvm_driver_sequencer_env.sv.html#l-142" target="file-frame">tests/testbenches/uvm_driver_sequencer_env.sv:142</a>:12: error: node type: ERROR
<a href="../../../tests/testbenches/uvm_driver_sequencer_env.sv.html#l-142" target="file-frame">tests/testbenches/uvm_driver_sequencer_env.sv:142</a>:21: error: node type: simple_identifier
<a href="../../../tests/testbenches/uvm_driver_sequencer_env.sv.html#l-146" target="file-frame">tests/testbenches/uvm_driver_sequencer_env.sv:146</a>:12: error: node type: ERROR
<a href="../../../tests/testbenches/uvm_driver_sequencer_env.sv.html#l-146" target="file-frame">tests/testbenches/uvm_driver_sequencer_env.sv:146</a>:22: error: node type: simple_identifier
<a href="../../../tests/testbenches/uvm_driver_sequencer_env.sv.html#l-164" target="file-frame">tests/testbenches/uvm_driver_sequencer_env.sv:164</a>:47: error: node type: ERROR
<a href="../../../tests/testbenches/uvm_driver_sequencer_env.sv.html#l-165" target="file-frame">tests/testbenches/uvm_driver_sequencer_env.sv:165</a>:48: error: node type: ERROR
<a href="../../../tests/testbenches/uvm_driver_sequencer_env.sv.html#l-167" target="file-frame">tests/testbenches/uvm_driver_sequencer_env.sv:167</a>:16: error: node type: simple_identifier

</pre>
</body>