<head>
  <style>
    .log { font-family: "Courier New", Consolas, monospace; font-size: 80%; }
    .test-failed { background-color: #ffaaaa; }
    .test-passed { background-color: #aaffaa; }
  </style>
</head>
<body>
<h3><a href="http://llhd.io/" target="_blank">moore</a></h3>
<pre class="test-failed">
description: Test imported from ivtest
rc: 101 (means success: 0)
tags: ivtest
incdirs: /tmpfs/src/github/sv-tests/third_party/tests/ivtest /tmpfs/src/github/sv-tests/third_party/tests/ivtest/ivltests
top_module: 
type: parsing
mode: parsing
files: <a href="../../../../third_party/tests/ivtest/ivltests/always3.1.4I.v.html" target="file-frame">third_party/tests/ivtest/ivltests/always3.1.4I.v</a>
defines: 
time_elapsed: 0.008s
ram usage: 11040 KB
</pre>
<pre class="log">

moore -I /tmpfs/src/github/sv-tests/third_party/tests/ivtest -I /tmpfs/src/github/sv-tests/third_party/tests/ivtest/ivltests -e main <a href="../../../../third_party/tests/ivtest/ivltests/always3.1.4I.v.html" target="file-frame">third_party/tests/ivtest/ivltests/always3.1.4I.v</a>
error: unknown system task `$display`
  --&gt; <a href="../../../../third_party/tests/ivtest/ivltests/always3.1.4I.v.html#l-30" target="file-frame">third_party/tests/ivtest/ivltests/always3.1.4I.v:30</a>:14-69:
   | 
   |              $display(&#34;FAILED - 3.1.4I - initial value not xxxx;\n&#34;);
   |              ^^^^^^^^^^^^^^^^^^^^^^^^^^^^^^^^^^^^^^^^^^^^^^^^^^^^^^^ 

error: unknown system task `$display`
  --&gt; <a href="../../../../third_party/tests/ivtest/ivltests/always3.1.4I.v.html#l-34" target="file-frame">third_party/tests/ivtest/ivltests/always3.1.4I.v:34</a>:14-100:
   | 
   |              $display(&#34;FAILED - 3.1.4I - always @ (event_expression) reg_lvalue = boolean_expr;\n&#34;);
   |              ^^^^^^^^^^^^^^^^^^^^^^^^^^^^^^^^^^^^^^^^^^^^^^^^^^^^^^^^^^^^^^^^^^^^^^^^^^^^^^^^^^^^^^ 

error: unknown system task `$display`
  --&gt; <a href="../../../../third_party/tests/ivtest/ivltests/always3.1.4I.v.html#l-38" target="file-frame">third_party/tests/ivtest/ivltests/always3.1.4I.v:38</a>:14-100:
   | 
   |              $display(&#34;FAILED - 3.1.4I - always @ (event_expression) reg_lvalue = boolean_expr;\n&#34;);
   |              ^^^^^^^^^^^^^^^^^^^^^^^^^^^^^^^^^^^^^^^^^^^^^^^^^^^^^^^^^^^^^^^^^^^^^^^^^^^^^^^^^^^^^^ 

error: unknown system task `$display`
  --&gt; <a href="../../../../third_party/tests/ivtest/ivltests/always3.1.4I.v.html#l-41" target="file-frame">third_party/tests/ivtest/ivltests/always3.1.4I.v:41</a>:18-38:
   | 
   |                  $display(&#34;PASSED\n&#34;);
   |                  ^^^^^^^^^^^^^^^^^^^^ 

compiler bug: lowering of Expr #85 to hir not implemented
  --&gt; <a href="../../../../third_party/tests/ivtest/ivltests/always3.1.4I.v.html#l-43" target="file-frame">third_party/tests/ivtest/ivltests/always3.1.4I.v:43</a>:12-19:
   | 
   |            $finish;
   |            ^^^^^^^ 
   = note: Encountered at src/svlog/hir/lowering.rs:1399

You have encountered a compiler bug. Sorry about that! We would appreciate if you open an issue [1] and describe how you triggered the bug, together with a minimal snippet of code to reproduce it. Thanks!
[1]: https://github.com/fabianschuiki/moore

thread &#39;main&#39; panicked at &#39;lowering of Expr #85 to hir not implemented&#39;, /rustc/04488afe34512aa4c33566eb16d8c912a3ae04f9/src/libstd/macros.rs:16:9
note: run with `RUST_BACKTRACE=1` environment variable to display a backtrace

</pre>
</body>