<head>
  <style>
    .log { font-family: "Courier New", Consolas, monospace; font-size: 80%; }
    .test-failed { background-color: #ffaaaa; }
    .test-passed { background-color: #aaffaa; }
  </style>
</head>
<body>
<h3><a href="http://llhd.io/" target="_blank">moore</a></h3>
<pre class="test-failed">
description: Test imported from ivtest
rc: 101 (means success: 0)
tags: ivtest
incdirs: /tmpfs/src/github/sv-tests/third_party/tests/ivtest /tmpfs/src/github/sv-tests/third_party/tests/ivtest/ivltests
top_module: 
type: parsing
mode: parsing
files: <a href="../../../../third_party/tests/ivtest/ivltests/array_packed_sysfunct.v.html" target="file-frame">third_party/tests/ivtest/ivltests/array_packed_sysfunct.v</a>
defines: 
time_elapsed: 0.008s
ram usage: 11628 KB
</pre>
<pre class="log">

moore -I /tmpfs/src/github/sv-tests/third_party/tests/ivtest -I /tmpfs/src/github/sv-tests/third_party/tests/ivtest/ivltests -e test <a href="../../../../third_party/tests/ivtest/ivltests/array_packed_sysfunct.v.html" target="file-frame">third_party/tests/ivtest/ivltests/array_packed_sysfunct.v</a>
warning: `$dimensions` not supported; ignored
  --&gt; <a href="../../../../third_party/tests/ivtest/ivltests/array_packed_sysfunct.v.html#l-31" target="file-frame">third_party/tests/ivtest/ivltests/array_packed_sysfunct.v:31</a>:11-27:
   | 
   |       if ($dimensions(abg) != 3)        begin $display(&#34;FAILED -- $dimensions(abg) = %0d&#34;, $dimensions(abg)); err=1; end;
   |           ^^^^^^^^^^^^^^^^                                                                                               

warning: `$display` not supported; ignored
  --&gt; <a href="../../../../third_party/tests/ivtest/ivltests/array_packed_sysfunct.v.html#l-31" target="file-frame">third_party/tests/ivtest/ivltests/array_packed_sysfunct.v:31</a>:47-109:
   | 
   |       if ($dimensions(abg) != 3)        begin $display(&#34;FAILED -- $dimensions(abg) = %0d&#34;, $dimensions(abg)); err=1; end;
   |                                               ^^^^^^^^^^^^^^^^^^^^^^^^^^^^^^^^^^^^^^^^^^^^^^^^^^^^^^^^^^^^^^             

warning: `$display` not supported; ignored
  --&gt; <a href="../../../../third_party/tests/ivtest/ivltests/array_packed_sysfunct.v.html#l-32" target="file-frame">third_party/tests/ivtest/ivltests/array_packed_sysfunct.v:32</a>:47-109:
   | 
   |       if ($bits      (abg) != WA*WB*WC) begin $display(&#34;FAILED -- $bits      (abg) = %0d&#34;, $bits      (abg)); err=1; end;
   |                                               ^^^^^^^^^^^^^^^^^^^^^^^^^^^^^^^^^^^^^^^^^^^^^^^^^^^^^^^^^^^^^^             

warning: `$left` not supported; ignored
  --&gt; <a href="../../../../third_party/tests/ivtest/ivltests/array_packed_sysfunct.v.html#l-34" target="file-frame">third_party/tests/ivtest/ivltests/array_packed_sysfunct.v:34</a>:14-37:
   | 
   |          if ($left     (abg     , i) != wdt(i  )-1) begin $display(&#34;FAILED -- $left     (abg     , %0d) = %0d&#34;, i, $left     (abg     , i)); err=1; end;
   |              ^^^^^^^^^^^^^^^^^^^^^^^                                                                                                                    

compiler bug: lowering of expression `wdt(i  )` to mir not yet supported
  --&gt; <a href="../../../../third_party/tests/ivtest/ivltests/array_packed_sysfunct.v.html#l-34" target="file-frame">third_party/tests/ivtest/ivltests/array_packed_sysfunct.v:34</a>:41-49:
   | 
   |          if ($left     (abg     , i) != wdt(i  )-1) begin $display(&#34;FAILED -- $left     (abg     , %0d) = %0d&#34;, i, $left     (abg     , i)); err=1; end;
   |                                         ^^^^^^^^                                                                                                        
   = note: Encountered at src/svlog/mir/lower/rvalue.rs:409

You have encountered a compiler bug. Sorry about that! We would appreciate if you open an issue [1] and describe how you triggered the bug, together with a minimal snippet of code to reproduce it. Thanks!
[1]: https://github.com/fabianschuiki/moore

thread &#39;main&#39; panicked at &#39;lowering of expression `wdt(i  )` to mir not yet supported&#39;, /rustc/5c1f21c3b82297671ad3ae1e8c942d2ca92e84f2/src/libstd/macros.rs:16:9
note: run with `RUST_BACKTRACE=1` environment variable to display a backtrace

</pre>
</body>