<head>
  <style>
    .log { font-family: "Courier New", Consolas, monospace; font-size: 80%; }
    .test-failed { background-color: #ffaaaa; }
    .test-passed { background-color: #aaffaa; }
  </style>
</head>
<body>
<h3><a href="http://llhd.io/" target="_blank">moore</a></h3>
<pre class="test-failed">
description: Test imported from ivtest
rc: 101 (means success: 0)
tags: ivtest
incdirs: /tmpfs/src/github/sv-tests/third_party/tests/ivtest /tmpfs/src/github/sv-tests/third_party/tests/ivtest/ivltests
top_module: 
type: parsing
mode: parsing
files: <a href="../../../../third_party/tests/ivtest/ivltests/enum_values.v.html" target="file-frame">third_party/tests/ivtest/ivltests/enum_values.v</a>
defines: 
time_elapsed: 0.004s
ram usage: 10444 KB
</pre>
<pre class="log">

moore -I /tmpfs/src/github/sv-tests/third_party/tests/ivtest -I /tmpfs/src/github/sv-tests/third_party/tests/ivtest/ivltests -e main <a href="../../../../third_party/tests/ivtest/ivltests/enum_values.v.html" target="file-frame">third_party/tests/ivtest/ivltests/enum_values.v</a>
warning: `$display` not supported; ignored
  --&gt; <a href="../../../../third_party/tests/ivtest/ivltests/enum_values.v.html#l-16" target="file-frame">third_party/tests/ivtest/ivltests/enum_values.v:16</a>:7-57:
   | 
   |       $display(&#34;color1 = %0d, var1 = %0d&#34;, color1, var1);
   |       ^^^^^^^^^^^^^^^^^^^^^^^^^^^^^^^^^^^^^^^^^^^^^^^^^^ 

warning: `$display` not supported; ignored
  --&gt; <a href="../../../../third_party/tests/ivtest/ivltests/enum_values.v.html#l-18" target="file-frame">third_party/tests/ivtest/ivltests/enum_values.v:18</a>:3-21:
   | 
   |      $display(&#34;FAILED&#34;);
   |      ^^^^^^^^^^^^^^^^^^ 

compiler bug: lowering of Expr #77 to hir not implemented
  --&gt; <a href="../../../../third_party/tests/ivtest/ivltests/enum_values.v.html#l-19" target="file-frame">third_party/tests/ivtest/ivltests/enum_values.v:19</a>:3-10:
   | 
   |      $finish;
   |      ^^^^^^^ 
   = note: Encountered at src/svlog/hir/lowering.rs:1399

You have encountered a compiler bug. Sorry about that! We would appreciate if you open an issue [1] and describe how you triggered the bug, together with a minimal snippet of code to reproduce it. Thanks!
[1]: https://github.com/fabianschuiki/moore

thread &#39;main&#39; panicked at &#39;lowering of Expr #77 to hir not implemented&#39;, /rustc/5c1f21c3b82297671ad3ae1e8c942d2ca92e84f2/src/libstd/macros.rs:16:9
note: run with `RUST_BACKTRACE=1` environment variable to display a backtrace

</pre>
</body>