<head>
  <style>
    .log { font-family: "Courier New", Consolas, monospace; font-size: 80%; }
    .test-failed { background-color: #ffaaaa; }
    .test-passed { background-color: #aaffaa; }
  </style>
</head>
<body>
<h3><a href="http://llhd.io/" target="_blank">moore</a></h3>
<pre class="test-failed">
description: Test imported from ivtest
rc: 1 (means success: 0)
tags: ivtest
incdirs: /tmpfs/src/github/sv-tests/third_party/tests/ivtest /tmpfs/src/github/sv-tests/third_party/tests/ivtest/ivltests
top_module: 
type: parsing
mode: parsing
files: <a href="../../../../third_party/tests/ivtest/ivltests/function3.11F.v.html" target="file-frame">third_party/tests/ivtest/ivltests/function3.11F.v</a>
defines: 
time_elapsed: 0.004s
ram usage: 10204 KB
</pre>
<pre class="log">

moore -I /tmpfs/src/github/sv-tests/third_party/tests/ivtest -I /tmpfs/src/github/sv-tests/third_party/tests/ivtest/ivltests -e main <a href="../../../../third_party/tests/ivtest/ivltests/function3.11F.v.html" target="file-frame">third_party/tests/ivtest/ivltests/function3.11F.v</a>
error: cannot infer implicit type
  --&gt; <a href="../../../../third_party/tests/ivtest/ivltests/function3.11F.v.html#l-31" target="file-frame">third_party/tests/ivtest/ivltests/function3.11F.v:31</a>:1-10:
   | 
   | function bar;
   | ^^^^^^^^^    
   = note: This usually indicates that a declaration is missing a default value.
   = note: Needed to compute the type of the expression:
  --&gt; <a href="../../../../third_party/tests/ivtest/ivltests/function3.11F.v.html#l-43" target="file-frame">third_party/tests/ivtest/ivltests/function3.11F.v:43</a>:13-23:
   | 
   |     val2  = bar(2&#39;b01);
   |             ^^^^^^^^^^ 

warning: `$display` not supported; ignored
  --&gt; <a href="../../../../third_party/tests/ivtest/ivltests/function3.11F.v.html#l-46" target="file-frame">third_party/tests/ivtest/ivltests/function3.11F.v:46</a>:9-74:
   | 
   |         $display(&#34;FAILED function 3.11F - register within a function(1)&#34;);
   |         ^^^^^^^^^^^^^^^^^^^^^^^^^^^^^^^^^^^^^^^^^^^^^^^^^^^^^^^^^^^^^^^^^ 

warning: `$display` not supported; ignored
  --&gt; <a href="../../../../third_party/tests/ivtest/ivltests/function3.11F.v.html#l-53" target="file-frame">third_party/tests/ivtest/ivltests/function3.11F.v:53</a>:9-74:
   | 
   |         $display(&#34;FAILED function 3.11F - register within a function(2)&#34;);
   |         ^^^^^^^^^^^^^^^^^^^^^^^^^^^^^^^^^^^^^^^^^^^^^^^^^^^^^^^^^^^^^^^^^ 

warning: `$display` not supported; ignored
  --&gt; <a href="../../../../third_party/tests/ivtest/ivltests/function3.11F.v.html#l-59" target="file-frame">third_party/tests/ivtest/ivltests/function3.11F.v:59</a>:9-74:
   | 
   |         $display(&#34;FAILED function 3.11F - register within a function(2)&#34;);
   |         ^^^^^^^^^^^^^^^^^^^^^^^^^^^^^^^^^^^^^^^^^^^^^^^^^^^^^^^^^^^^^^^^^ 

warning: `$display` not supported; ignored
  --&gt; <a href="../../../../third_party/tests/ivtest/ivltests/function3.11F.v.html#l-63" target="file-frame">third_party/tests/ivtest/ivltests/function3.11F.v:63</a>:7-25:
   | 
   |       $display(&#34;PASSED&#34;);
   |       ^^^^^^^^^^^^^^^^^^ 


</pre>
</body>