<head>
  <style>
    .log { font-family: "Courier New", Consolas, monospace; font-size: 80%; }
    .test-failed { background-color: #ffaaaa; }
    .test-passed { background-color: #aaffaa; }
  </style>
</head>
<body>
<h3><a href="http://llhd.io/" target="_blank">moore</a></h3>
<pre class="test-failed">
description: Test imported from ivtest
rc: 101 (means success: 0)
tags: ivtest
incdirs: /tmpfs/src/github/sv-tests/third_party/tests/ivtest /tmpfs/src/github/sv-tests/third_party/tests/ivtest/ivltests
top_module: 
type: parsing
mode: parsing
files: <a href="../../../../third_party/tests/ivtest/ivltests/tri1.v.html" target="file-frame">third_party/tests/ivtest/ivltests/tri1.v</a>
defines: 
time_elapsed: 0.007s
ram usage: 10756 KB
</pre>
<pre class="log">

moore -I /tmpfs/src/github/sv-tests/third_party/tests/ivtest -I /tmpfs/src/github/sv-tests/third_party/tests/ivtest/ivltests -e main <a href="../../../../third_party/tests/ivtest/ivltests/tri1.v.html" target="file-frame">third_party/tests/ivtest/ivltests/tri1.v</a>
error: value is not constant
  --&gt; <a href="../../../../third_party/tests/ivtest/ivltests/tri1.v.html#l-29" target="file-frame">third_party/tests/ivtest/ivltests/tri1.v:29</a>:14-20:
   | 
   |    tri1 t1 = enable ? val : 1&#39;bz;
   |              ^^^^^^              

error: value is not constant
  --&gt; <a href="../../../../third_party/tests/ivtest/ivltests/tri1.v.html#l-29" target="file-frame">third_party/tests/ivtest/ivltests/tri1.v:29</a>:23-26:
   | 
   |    tri1 t1 = enable ? val : 1&#39;bz;
   |                       ^^^        

error: unknown system task `$display`
  --&gt; <a href="../../../../third_party/tests/ivtest/ivltests/tri1.v.html#l-36" target="file-frame">third_party/tests/ivtest/ivltests/tri1.v:36</a>:3-46:
   | 
   |      $display(&#34;FAILED -- undriven t1 == %b&#34;, t1);
   |      ^^^^^^^^^^^^^^^^^^^^^^^^^^^^^^^^^^^^^^^^^^^ 

compiler bug: lowering of Expr #61 to hir not implemented
  --&gt; <a href="../../../../third_party/tests/ivtest/ivltests/tri1.v.html#l-37" target="file-frame">third_party/tests/ivtest/ivltests/tri1.v:37</a>:3-10:
   | 
   |      $finish;
   |      ^^^^^^^ 
   = note: Encountered at src/svlog/hir/lowering.rs:1399

You have encountered a compiler bug. Sorry about that! We would appreciate if you open an issue [1] and describe how you triggered the bug, together with a minimal snippet of code to reproduce it. Thanks!
[1]: https://github.com/fabianschuiki/moore

thread &#39;main&#39; panicked at &#39;lowering of Expr #61 to hir not implemented&#39;, /rustc/04488afe34512aa4c33566eb16d8c912a3ae04f9/src/libstd/macros.rs:16:9
note: run with `RUST_BACKTRACE=1` environment variable to display a backtrace

</pre>
</body>